[0.006s] Invoking command in '/home/emily/sa-mrbt_ws/build/simulator': AMENT_PREFIX_PATH=/home/emily/sa-mrbt_ws/install/behaviortree_cpp:${AMENT_PREFIX_PATH} CMAKE_PREFIX_PATH=/home/emily/sa-mrbt_ws/install/behaviortree_cpp:/opt/ros/iron LD_LIBRARY_PATH=/home/emily/sa-mrbt_ws/install/behaviortree_cpp/lib:${LD_LIBRARY_PATH} PATH=/home/emily/sa-mrbt_ws/install/behaviortree_cpp/bin:${PATH} /usr/bin/cmake --build /home/emily/sa-mrbt_ws/build/simulator -- -j12 -l12
[0.050s] [35m[1mConsolidate compiler generated dependencies of target sim[0m
[0.075s] [ 15%] [32mBuilding CXX object CMakeFiles/sim.dir/src/CBBA.cpp.o[0m
[0.075s] [ 15%] [32mBuilding CXX object CMakeFiles/sim.dir/src/sim.cpp.o[0m
[0.075s] [ 23%] [32mBuilding CXX object CMakeFiles/sim.dir/src/message.cpp.o[0m
[0.075s] [ 30%] [32mBuilding CXX object CMakeFiles/sim.dir/src/distance.cpp.o[0m
[0.076s] [ 38%] [32mBuilding CXX object CMakeFiles/sim.dir/src/CBGA.cpp.o[0m
[0.077s] [ 46%] [32mBuilding CXX object CMakeFiles/sim.dir/src/sensor_model.cpp.o[0m
[0.077s] [ 53%] [32mBuilding CXX object CMakeFiles/sim.dir/src/world.cpp.o[0m
[0.078s] [ 61%] [32mBuilding CXX object CMakeFiles/sim.dir/src/planners.cpp.o[0m
[0.091s] [ 76%] [32mBuilding CXX object CMakeFiles/sim.dir/src/behavior_tree.cpp.o[0m
[0.091s] [ 76%] [32mBuilding CXX object CMakeFiles/sim.dir/src/robot.cpp.o[0m
[0.091s] [ 84%] [32mBuilding CXX object CMakeFiles/sim.dir/src/parser.cpp.o[0m
[0.092s] [ 92%] [32mBuilding CXX object CMakeFiles/sim.dir/src/greedy.cpp.o[0m
[3.517s] [01m[K/home/emily/sa-mrbt_ws/src/simplified_marine_sim/src/behavior_tree.cpp:1138:1:[m[K [01;31m[Kerror: [m[Kâ€˜[01m[KExtractSample[m[Kâ€™ does not name a type
[3.517s]  1138 | [01;31m[KExtractSample[m[K::ExtractSample(const std::string& name, const NodeConfig& config,
[3.518s]       | [01;31m[K^~~~~~~~~~~~~[m[K
[3.518s] [01m[K/home/emily/sa-mrbt_ws/src/simplified_marine_sim/src/behavior_tree.cpp:1144:12:[m[K [01;31m[Kerror: [m[Kâ€˜[01m[KExtractSample[m[Kâ€™ has not been declared
[3.518s]  1144 | NodeStatus [01;31m[KExtractSample[m[K::onStart()
[3.518s]       |            [01;31m[K^~~~~~~~~~~~~[m[K
[3.522s] [01m[K/home/emily/sa-mrbt_ws/src/simplified_marine_sim/src/behavior_tree.cpp:[m[K In function â€˜[01m[KBT::NodeStatus onStart()[m[Kâ€™:
[3.522s] [01m[K/home/emily/sa-mrbt_ws/src/simplified_marine_sim/src/behavior_tree.cpp:1147:82:[m[K [01;31m[Kerror: [m[Kâ€˜[01m[K_robot[m[Kâ€™ was not declared in this scope; did you mean â€˜[01m[KRobot[m[Kâ€™?
[3.522s]  1147 |         std::string strt = "Starting extract sample for robot " + std::to_string([01;31m[K_robot[m[K.getID()) + "...";
[3.522s]       |                                                                                  [01;31m[K^~~~~~[m[K
[3.523s]       |                                                                                  [32m[KRobot[m[K
[3.527s] [01m[K/home/emily/sa-mrbt_ws/src/simplified_marine_sim/src/behavior_tree.cpp:1148:9:[m[K [01;31m[Kerror: [m[Kâ€˜[01m[K_world[m[Kâ€™ was not declared in this scope; did you mean â€˜[01m[KWorld[m[Kâ€™?
[3.528s]  1148 |         [01;31m[K_world[m[K.log_info(strt);
[3.528s]       |         [01;31m[K^~~~~~[m[K
[3.528s]       |         [32m[KWorld[m[K
[3.528s] [01m[K/home/emily/sa-mrbt_ws/src/simplified_marine_sim/src/behavior_tree.cpp:[m[K At global scope:
[3.528s] [01m[K/home/emily/sa-mrbt_ws/src/simplified_marine_sim/src/behavior_tree.cpp:1158:12:[m[K [01;31m[Kerror: [m[Kâ€˜[01m[KExtractSample[m[Kâ€™ has not been declared
[3.528s]  1158 | NodeStatus [01;31m[KExtractSample[m[K::onRunning()
[3.528s]       |            [01;31m[K^~~~~~~~~~~~~[m[K
[3.533s] [01m[K/home/emily/sa-mrbt_ws/src/simplified_marine_sim/src/behavior_tree.cpp:[m[K In function â€˜[01m[KBT::NodeStatus onRunning()[m[Kâ€™:
[3.534s] [01m[K/home/emily/sa-mrbt_ws/src/simplified_marine_sim/src/behavior_tree.cpp:1169:39:[m[K [01;31m[Kerror: [m[Kâ€˜[01m[K_robot[m[Kâ€™ was not declared in this scope; did you mean â€˜[01m[KRobot[m[Kâ€™?
[3.534s]  1169 |          std::vector<int> task_path = [01;31m[K_robot[m[K.getPath(); // Order tasks should be executed, by ID
[3.534s]       |                                       [01;31m[K^~~~~~[m[K
[3.534s]       |                                       [32m[KRobot[m[K
[3.540s] [01m[K/home/emily/sa-mrbt_ws/src/simplified_marine_sim/src/behavior_tree.cpp:1186:33:[m[K [01;31m[Kerror: [m[Kâ€˜[01m[K_world[m[Kâ€™ was not declared in this scope; did you mean â€˜[01m[KWorld[m[Kâ€™?
[3.540s]  1186 |         int failure_threshold = [01;31m[K_world[m[K.getPrerequisiteFailureThreshold("Extract_Sample");
[3.540s]       |                                 [01;31m[K^~~~~~[m[K
[3.541s]       |                                 [32m[KWorld[m[K
[3.547s] [01m[K/home/emily/sa-mrbt_ws/src/simplified_marine_sim/src/behavior_tree.cpp:1188:9:[m[K [01;31m[Kerror: [m[Kâ€˜[01m[KsetOutput[m[Kâ€™ was not declared in this scope
[3.547s]  1188 |         [01;31m[KsetOutput[m[K("failure_threshold", failure_threshold);
[3.551s]       |         [01;31m[K^~~~~~~~~[m[K
[3.551s] [01m[K/home/emily/sa-mrbt_ws/src/simplified_marine_sim/src/world.cpp:[m[K In member function â€˜[01m[Kint World::getPrerequisiteFailureThreshold(std::string)[m[Kâ€™:
[3.551s] [01m[K/home/emily/sa-mrbt_ws/src/simplified_marine_sim/src/world.cpp:935:18:[m[K [01;31m[Kerror: [m[Kâ€˜[01m[Kconst struct std::pair<const int, TaskInfo>[m[Kâ€™ has no member named â€˜[01m[Kname[m[Kâ€™
[3.552s]   935 |         if (task.[01;31m[Kname[m[K == subtask_name) {
[3.552s]       |                  [01;31m[K^~~~[m[K
[3.552s] [01m[K/home/emily/sa-mrbt_ws/src/simplified_marine_sim/src/world.cpp:936:25:[m[K [01;31m[Kerror: [m[Kâ€˜[01m[Kconst struct std::pair<const int, TaskInfo>[m[Kâ€™ has no member named â€˜[01m[Kprerequisite_failures[m[Kâ€™
[3.552s]   936 |             return task.[01;31m[Kprerequisite_failures[m[K;
[3.552s]       |                         [01;31m[K^~~~~~~~~~~~~~~~~~~~~[m[K
[3.553s] [01m[K/home/emily/sa-mrbt_ws/src/simplified_marine_sim/src/behavior_tree.cpp:1189:24:[m[K [01;31m[Kerror: [m[Kâ€˜[01m[KgetInput[m[Kâ€™ was not declared in this scope; did you mean â€˜[01m[Kgetpt[m[Kâ€™?
[3.553s]  1189 |         auto do_cbga = [01;31m[KgetInput[m[K<bool>("cooperate"); // Denotes whether pre (solo task) or post fault (co-op between helper and helpee)
[3.554s]       |                        [01;31m[K^~~~~~~~[m[K
[3.554s]       |                        [32m[Kgetpt[m[K
[3.554s] [01m[K/home/emily/sa-mrbt_ws/src/simplified_marine_sim/src/behavior_tree.cpp:1189:33:[m[K [01;31m[Kerror: [m[Kexpected primary-expression before â€˜[01m[Kbool[m[Kâ€™
[3.554s]  1189 |         auto do_cbga = getInput<[01;31m[Kbool[m[K>("cooperate"); // Denotes whether pre (solo task) or post fault (co-op between helper and helpee)
[3.554s]       |                                 [01;31m[K^~~~[m[K
[3.555s] [01m[K/home/emily/sa-mrbt_ws/src/simplified_marine_sim/src/behavior_tree.cpp:1288:21:[m[K [01;31m[Kerror: [m[Kredeclaration of â€˜[01m[Kstd::string strt[m[Kâ€™
[3.556s]  1288 |         std::string [01;31m[Kstrt[m[K = "Running extract sample for robot " + std::to_string(_robot.getID()) + "...";
[3.556s]       |                     [01;31m[K^~~~[m[K
[3.556s] [01m[K/home/emily/sa-mrbt_ws/src/simplified_marine_sim/src/behavior_tree.cpp:1236:21:[m[K [01;36m[Knote: [m[Kâ€˜[01m[Kstd::string strt[m[Kâ€™ previously declared here
[3.556s]  1236 |         std::string [01;36m[Kstrt[m[K = "Running extract sample for robot " + std::to_string(_robot.getID()) + "...";
[3.556s]       |                     [01;36m[K^~~~[m[K
[3.557s] [01m[K/home/emily/sa-mrbt_ws/src/simplified_marine_sim/src/behavior_tree.cpp:[m[K At global scope:
[3.557s] [01m[K/home/emily/sa-mrbt_ws/src/simplified_marine_sim/src/behavior_tree.cpp:1299:6:[m[K [01;31m[Kerror: [m[Kâ€˜[01m[KExtractSample[m[Kâ€™ has not been declared
[3.557s]  1299 | void [01;31m[KExtractSample[m[K::onHalted()
[3.557s]       |      [01;31m[K^~~~~~~~~~~~~[m[K
[3.557s] [01m[K/home/emily/sa-mrbt_ws/src/simplified_marine_sim/src/behavior_tree.cpp:1304:11:[m[K [01;31m[Kerror: [m[Kâ€˜[01m[KExtractSample[m[Kâ€™ has not been declared
[3.557s]  1304 | PortsList [01;31m[KExtractSample[m[K::providedPorts()
[3.557s]       |           [01;31m[K^~~~~~~~~~~~~[m[K
[3.564s] [01m[K/home/emily/sa-mrbt_ws/src/simplified_marine_sim/src/world.cpp:940:12:[m[K [01;31m[Kerror: [m[Kâ€˜[01m[Kfailure_threshold[m[Kâ€™ was not declared in this scope
[3.564s]   940 |     return [01;31m[Kfailure_threshold[m[K;
[3.564s]       |            [01;31m[K^~~~~~~~~~~~~~~~~[m[K
[5.078s] gmake[2]: *** [CMakeFiles/sim.dir/build.make:160: CMakeFiles/sim.dir/src/world.cpp.o] Error 1
[5.078s] gmake[2]: *** Waiting for unfinished jobs....
[5.384s] gmake[2]: *** [CMakeFiles/sim.dir/build.make:202: CMakeFiles/sim.dir/src/behavior_tree.cpp.o] Error 1
[5.729s] [01m[K/home/emily/sa-mrbt_ws/src/simplified_marine_sim/src/robot.cpp:[m[K In member function â€˜[01m[Kstd::unordered_map<int, std::unordered_map<int, bool> > Robot::initSubtaskFailures()[m[Kâ€™:
[5.729s] [01m[K/home/emily/sa-mrbt_ws/src/simplified_marine_sim/src/robot.cpp:263:58:[m[K [01;31m[Kerror: [m[Kâ€˜[01m[Kstd::unordered_map<int, TaskInfo> World::all_subtasks_info[m[Kâ€™ is protected within this context
[5.729s]   263 |     for (const auto& [subtask_id, subtask_info] : world->[01;31m[Kall_subtasks_info[m[K) {
[5.729s]       |                                                          [01;31m[K^~~~~~~~~~~~~~~~~[m[K
[5.729s] In file included from [01m[K/home/emily/sa-mrbt_ws/src/simplified_marine_sim/src/robot.cpp:4[m[K:
[5.729s] [01m[K/home/emily/sa-mrbt_ws/src/simplified_marine_sim/include/world.hpp:41:38:[m[K [01;36m[Knote: [m[Kdeclared protected here
[5.729s]    41 |     std::unordered_map<int,TaskInfo> [01;36m[Kall_subtasks_info[m[K; // not initially available for assignment, each one triggered to be available by a certain fault
[5.729s]       |                                      [01;36m[K^~~~~~~~~~~~~~~~~[m[K
[5.730s] [01m[K/home/emily/sa-mrbt_ws/src/simplified_marine_sim/src/robot.cpp:[m[K At global scope:
[5.730s] [01m[K/home/emily/sa-mrbt_ws/src/simplified_marine_sim/src/robot.cpp:274:6:[m[K [01;31m[Kerror: [m[Kno declaration matches â€˜[01m[Kvoid Robot::setSubtaskFailure(int, int, bool)[m[Kâ€™
[5.730s]   274 | void [01;31m[KRobot[m[K::setSubtaskFailure(int subtask_id, int agent_id, bool failed) {
[5.730s]       |      [01;31m[K^~~~~[m[K
[5.730s] In file included from [01m[K/home/emily/sa-mrbt_ws/src/simplified_marine_sim/include/world.hpp:8[m[K,
[5.730s]                  from [01m[K/home/emily/sa-mrbt_ws/src/simplified_marine_sim/src/robot.cpp:4[m[K:
[5.730s] [01m[K/home/emily/sa-mrbt_ws/src/simplified_marine_sim/include/robot.hpp:96:10:[m[K [01;36m[Knote: [m[Kcandidate is: â€˜[01m[Kbool Robot::setSubtaskFailure(int, int, bool)[m[Kâ€™
[5.730s]    96 |     bool [01;36m[KsetSubtaskFailure[m[K(int subtask_id, int agent_id, bool failed);
[5.730s]       |          [01;36m[K^~~~~~~~~~~~~~~~~[m[K
[5.730s] In file included from [01m[K/home/emily/sa-mrbt_ws/src/simplified_marine_sim/include/world.hpp:8[m[K,
[5.730s]                  from [01m[K/home/emily/sa-mrbt_ws/src/simplified_marine_sim/src/robot.cpp:4[m[K:
[5.730s] [01m[K/home/emily/sa-mrbt_ws/src/simplified_marine_sim/include/robot.hpp:19:7:[m[K [01;36m[Knote: [m[Kâ€˜[01m[Kclass Robot[m[Kâ€™ defined here
[5.731s]    19 | class [01;36m[KRobot[m[K {
[5.731s]       |       [01;36m[K^~~~~[m[K
[7.074s] gmake[2]: *** [CMakeFiles/sim.dir/build.make:188: CMakeFiles/sim.dir/src/robot.cpp.o] Error 1
[7.074s] gmake[1]: *** [CMakeFiles/Makefile2:137: CMakeFiles/sim.dir/all] Error 2
[7.075s] gmake: *** [Makefile:146: all] Error 2
[7.076s] Invoked command in '/home/emily/sa-mrbt_ws/build/simulator' returned '2': AMENT_PREFIX_PATH=/home/emily/sa-mrbt_ws/install/behaviortree_cpp:${AMENT_PREFIX_PATH} CMAKE_PREFIX_PATH=/home/emily/sa-mrbt_ws/install/behaviortree_cpp:/opt/ros/iron LD_LIBRARY_PATH=/home/emily/sa-mrbt_ws/install/behaviortree_cpp/lib:${LD_LIBRARY_PATH} PATH=/home/emily/sa-mrbt_ws/install/behaviortree_cpp/bin:${PATH} /usr/bin/cmake --build /home/emily/sa-mrbt_ws/build/simulator -- -j12 -l12
