[0.008s] Invoking command in '/home/emily/sa-mrbt_ws/build/behaviortree_cpp': CMAKE_PREFIX_PATH=${CMAKE_PREFIX_PATH}:/opt/ros/iron /usr/bin/cmake --build /home/emily/sa-mrbt_ws/build/behaviortree_cpp -- -j12 -l12
[0.043s] [  2%] Built target lexy_file
[0.043s] [  3%] Built target minitrace
[0.043s] [  4%] Built target gtest_main
[0.043s] [  6%] Built target gtest
[0.062s] [35m[1mConsolidate compiler generated dependencies of target behaviortree_cpp[0m
[0.101s] [  7%] [32mBuilding CXX object CMakeFiles/behaviortree_cpp.dir/src/controls/counter_sequence.cpp.o[0m
[1.182s] [01m[K/home/emily/sa-mrbt_ws/src/BehaviorTree.CPP/src/controls/counter_sequence.cpp:[m[K In constructor â€˜[01m[KBT::CounterSequence::CounterSequence(const string&, const BT::NodeConfig&)[m[Kâ€™:
[1.182s] [01m[K/home/emily/sa-mrbt_ws/src/BehaviorTree.CPP/src/controls/counter_sequence.cpp:25:35:[m[K [01;31m[Kerror: [m[Kâ€˜[01m[Ktask_is_main[m[Kâ€™ was not declared in this scope; did you mean â€˜[01m[Ktask_is_main_[m[Kâ€™?
[1.183s]    25 |     if (!getInput("task_is_main", [01;31m[Ktask_is_main[m[K)) {
[1.183s]       |                                   [01;31m[K^~~~~~~~~~~~[m[K
[1.183s]       |                                   [32m[Ktask_is_main_[m[K
[1.185s] [01m[K/home/emily/sa-mrbt_ws/src/BehaviorTree.CPP/src/controls/counter_sequence.cpp:29:38:[m[K [01;31m[Kerror: [m[Kâ€˜[01m[Kcurrent_task_id[m[Kâ€™ was not declared in this scope; did you mean â€˜[01m[Kcurrent_task_id_[m[Kâ€™?
[1.185s]    29 |     if (!getInput("current_task_id", [01;31m[Kcurrent_task_id[m[K)) {
[1.185s]       |                                      [01;31m[K^~~~~~~~~~~~~~~[m[K
[1.185s]       |                                      [32m[Kcurrent_task_id_[m[K
[1.188s] [01m[K/home/emily/sa-mrbt_ws/src/BehaviorTree.CPP/src/controls/counter_sequence.cpp:33:49:[m[K [01;31m[Kerror: [m[Kâ€˜[01m[Ksubtask_failure_thresholds[m[Kâ€™ was not declared in this scope; did you mean â€˜[01m[Ksubtask_failure_thresholds_[m[Kâ€™?
[1.188s]    33 |     if (!getInput("subtask_failure_thresholds", [01;31m[Ksubtask_failure_thresholds[m[K)) {
[1.188s]       |                                                 [01;31m[K^~~~~~~~~~~~~~~~~~~~~~~~~~[m[K
[1.188s]       |                                                 [32m[Ksubtask_failure_thresholds_[m[K
[1.190s] [01m[K/home/emily/sa-mrbt_ws/src/BehaviorTree.CPP/src/controls/counter_sequence.cpp:[m[K In member function â€˜[01m[Kvirtual BT::NodeStatus BT::CounterSequence::tick()[m[Kâ€™:
[1.190s] [01m[K/home/emily/sa-mrbt_ws/src/BehaviorTree.CPP/src/controls/counter_sequence.cpp:50:9:[m[K [01;31m[Kerror: [m[Kâ€˜[01m[Ktask_is_main[m[Kâ€™ was not declared in this scope; did you mean â€˜[01m[Ktask_is_main_[m[Kâ€™?
[1.190s]    50 |     if ([01;31m[Ktask_is_main[m[K) {
[1.190s]       |         [01;31m[K^~~~~~~~~~~~[m[K
[1.191s]       |         [32m[Ktask_is_main_[m[K
[1.675s] gmake[2]: *** [CMakeFiles/behaviortree_cpp.dir/build.make:482: CMakeFiles/behaviortree_cpp.dir/src/controls/counter_sequence.cpp.o] Error 1
[1.675s] gmake[1]: *** [CMakeFiles/Makefile2:340: CMakeFiles/behaviortree_cpp.dir/all] Error 2
[1.676s] gmake: *** [Makefile:146: all] Error 2
[1.678s] Invoked command in '/home/emily/sa-mrbt_ws/build/behaviortree_cpp' returned '2': CMAKE_PREFIX_PATH=${CMAKE_PREFIX_PATH}:/opt/ros/iron /usr/bin/cmake --build /home/emily/sa-mrbt_ws/build/behaviortree_cpp -- -j12 -l12
