[0.006s] Invoking command in '/home/emily/sa-mrbt_ws/build/simulator': CMAKE_PREFIX_PATH=/home/emily/sa-mrbt_ws/install/behaviortree_cpp:/home/emily/sa-mrbt_ws/install/simulator:/opt/ros/iron /usr/bin/cmake --build /home/emily/sa-mrbt_ws/build/simulator -- -j12 -l12
[0.037s] [35m[1mConsolidate compiler generated dependencies of target sim[0m
[0.062s] [  7%] [32mBuilding CXX object CMakeFiles/sim.dir/src/CBBA.cpp.o[0m
[0.062s] [ 30%] [32mBuilding CXX object CMakeFiles/sim.dir/src/message.cpp.o[0m
[0.062s] [ 30%] [32mBuilding CXX object CMakeFiles/sim.dir/src/CBGA.cpp.o[0m
[0.062s] [ 30%] [32mBuilding CXX object CMakeFiles/sim.dir/src/sim.cpp.o[0m
[0.064s] [ 38%] [32mBuilding CXX object CMakeFiles/sim.dir/src/world.cpp.o[0m
[0.064s] [ 46%] [32mBuilding CXX object CMakeFiles/sim.dir/src/planners.cpp.o[0m
[0.065s] [ 53%] [32mBuilding CXX object CMakeFiles/sim.dir/src/behavior_tree.cpp.o[0m
[0.065s] [ 61%] [32mBuilding CXX object CMakeFiles/sim.dir/src/robot.cpp.o[0m
[0.066s] [ 69%] [32mBuilding CXX object CMakeFiles/sim.dir/src/parser.cpp.o[0m
[0.066s] [ 76%] [32mBuilding CXX object CMakeFiles/sim.dir/src/greedy.cpp.o[0m
[2.337s] In file included from [01m[K/home/emily/sa-mrbt_ws/src/simplified_marine_sim/src/robot.cpp:4[m[K:
[2.337s] [01m[K/home/emily/sa-mrbt_ws/src/simplified_marine_sim/include/world.hpp:162:37:[m[K [01;31m[Kerror: [m[Kexpected â€˜[01m[K;[m[Kâ€™ at end of member declaration
[2.337s]   162 |     void debugTaskAccess(int task_id[01;31m[K)[m[K
[2.337s]       |                                     [01;31m[K^[m[K
[2.337s]       |                                      [32m[K;[m[K
[2.402s] In file included from [01m[K/home/emily/sa-mrbt_ws/src/simplified_marine_sim/include/behavior_tree.hpp:7[m[K,
[2.402s]                  from [01m[K/home/emily/sa-mrbt_ws/src/simplified_marine_sim/src/behavior_tree.cpp:1[m[K:
[2.402s] [01m[K/home/emily/sa-mrbt_ws/src/simplified_marine_sim/include/world.hpp:162:37:[m[K [01;31m[Kerror: [m[Kexpected â€˜[01m[K;[m[Kâ€™ at end of member declaration
[2.402s]   162 |     void debugTaskAccess(int task_id[01;31m[K)[m[K
[2.402s]       |                                     [01;31m[K^[m[K
[2.402s]       |                                      [32m[K;[m[K
[2.442s] [01m[K/home/emily/sa-mrbt_ws/src/simplified_marine_sim/src/behavior_tree.cpp:[m[K In member function â€˜[01m[Kvirtual BT::NodeStatus GreedyTaskAllocator::onRunning()[m[Kâ€™:
[2.442s] [01m[K/home/emily/sa-mrbt_ws/src/simplified_marine_sim/src/behavior_tree.cpp:488:9:[m[K [01;31m[Kerror: [m[Kâ€˜[01m[Kworld[m[Kâ€™ was not declared in this scope; did you mean â€˜[01m[KWorld[m[Kâ€™?
[2.442s]   488 |         [01;31m[Kworld[m[K.debugTaskAccess(1);
[2.442s]       |         [01;31m[K^~~~~[m[K
[2.443s]       |         [32m[KWorld[m[K
[2.756s] In file included from [01m[K/home/emily/sa-mrbt_ws/src/simplified_marine_sim/src/greedy.cpp:6[m[K:
[2.756s] [01m[K/home/emily/sa-mrbt_ws/src/simplified_marine_sim/include/world.hpp:162:37:[m[K [01;31m[Kerror: [m[Kexpected â€˜[01m[K;[m[Kâ€™ at end of member declaration
[2.756s]   162 |     void debugTaskAccess(int task_id[01;31m[K)[m[K
[2.756s]       |                                     [01;31m[K^[m[K
[2.756s]       |                                      [32m[K;[m[K
[2.819s] In file included from [01m[K/home/emily/sa-mrbt_ws/src/simplified_marine_sim/src/sim.cpp:8[m[K:
[2.819s] [01m[K/home/emily/sa-mrbt_ws/src/simplified_marine_sim/include/world.hpp:162:37:[m[K [01;31m[Kerror: [m[Kexpected â€˜[01m[K;[m[Kâ€™ at end of member declaration
[2.819s]   162 |     void debugTaskAccess(int task_id[01;31m[K)[m[K
[2.819s]       |                                     [01;31m[K^[m[K
[2.820s]       |                                      [32m[K;[m[K
[3.058s] In file included from [01m[K/home/emily/sa-mrbt_ws/src/simplified_marine_sim/include/robot.hpp:8[m[K,
[3.058s]                  from [01m[K/home/emily/sa-mrbt_ws/src/simplified_marine_sim/include/utils.hpp:7[m[K,
[3.058s]                  from [01m[K/home/emily/sa-mrbt_ws/src/simplified_marine_sim/src/parser.cpp:7[m[K:
[3.059s] [01m[K/home/emily/sa-mrbt_ws/src/simplified_marine_sim/include/world.hpp:162:37:[m[K [01;31m[Kerror: [m[Kexpected â€˜[01m[K;[m[Kâ€™ at end of member declaration
[3.059s]   162 |     void debugTaskAccess(int task_id[01;31m[K)[m[K
[3.059s]       |                                     [01;31m[K^[m[K
[3.059s]       |                                      [32m[K;[m[K
[3.085s] In file included from [01m[K/home/emily/sa-mrbt_ws/src/simplified_marine_sim/include/message.hpp:6[m[K,
[3.085s]                  from [01m[K/home/emily/sa-mrbt_ws/src/simplified_marine_sim/src/message.cpp:2[m[K:
[3.085s] [01m[K/home/emily/sa-mrbt_ws/src/simplified_marine_sim/include/world.hpp:162:37:[m[K [01;31m[Kerror: [m[Kexpected â€˜[01m[K;[m[Kâ€™ at end of member declaration
[3.085s]   162 |     void debugTaskAccess(int task_id[01;31m[K)[m[K
[3.085s]       |                                     [01;31m[K^[m[K
[3.085s]       |                                      [32m[K;[m[K
[3.087s] In file included from [01m[K/home/emily/sa-mrbt_ws/src/simplified_marine_sim/src/CBBA.cpp:6[m[K:
[3.087s] [01m[K/home/emily/sa-mrbt_ws/src/simplified_marine_sim/include/world.hpp:162:37:[m[K [01;31m[Kerror: [m[Kexpected â€˜[01m[K;[m[Kâ€™ at end of member declaration
[3.087s]   162 |     void debugTaskAccess(int task_id[01;31m[K)[m[K
[3.088s]       |                                     [01;31m[K^[m[K
[3.090s]       |                                      [32m[K;[m[K
[3.110s] In file included from [01m[K/home/emily/sa-mrbt_ws/src/simplified_marine_sim/src/world.cpp:4[m[K:
[3.110s] [01m[K/home/emily/sa-mrbt_ws/src/simplified_marine_sim/include/world.hpp:162:37:[m[K [01;31m[Kerror: [m[Kexpected â€˜[01m[K;[m[Kâ€™ at end of member declaration
[3.110s]   162 |     void debugTaskAccess(int task_id[01;31m[K)[m[K
[3.110s]       |                                     [01;31m[K^[m[K
[3.111s]       |                                      [32m[K;[m[K
[3.117s] In file included from [01m[K/home/emily/sa-mrbt_ws/src/simplified_marine_sim/src/CBGA.cpp:6[m[K:
[3.117s] [01m[K/home/emily/sa-mrbt_ws/src/simplified_marine_sim/include/world.hpp:162:37:[m[K [01;31m[Kerror: [m[Kexpected â€˜[01m[K;[m[Kâ€™ at end of member declaration
[3.118s]   162 |     void debugTaskAccess(int task_id[01;31m[K)[m[K
[3.118s]       |                                     [01;31m[K^[m[K
[3.118s]       |                                      [32m[K;[m[K
[3.133s] In file included from [01m[K/home/emily/sa-mrbt_ws/src/simplified_marine_sim/src/planners.cpp:4[m[K:
[3.133s] [01m[K/home/emily/sa-mrbt_ws/src/simplified_marine_sim/include/world.hpp:162:37:[m[K [01;31m[Kerror: [m[Kexpected â€˜[01m[K;[m[Kâ€™ at end of member declaration
[3.133s]   162 |     void debugTaskAccess(int task_id[01;31m[K)[m[K
[3.133s]       |                                     [01;31m[K^[m[K
[3.133s]       |                                      [32m[K;[m[K
[4.009s] gmake[2]: *** [CMakeFiles/sim.dir/build.make:202: CMakeFiles/sim.dir/src/behavior_tree.cpp.o] Error 1
[4.009s] gmake[2]: *** Waiting for unfinished jobs....
[4.065s] gmake[2]: *** [CMakeFiles/sim.dir/build.make:230: CMakeFiles/sim.dir/src/greedy.cpp.o] Error 1
[4.468s] gmake[2]: *** [CMakeFiles/sim.dir/build.make:104: CMakeFiles/sim.dir/src/CBGA.cpp.o] Error 1
[4.484s] gmake[2]: *** [CMakeFiles/sim.dir/build.make:132: CMakeFiles/sim.dir/src/message.cpp.o] Error 1
[4.529s] gmake[2]: *** [CMakeFiles/sim.dir/build.make:174: CMakeFiles/sim.dir/src/planners.cpp.o] Error 1
[4.560s] gmake[2]: *** [CMakeFiles/sim.dir/build.make:90: CMakeFiles/sim.dir/src/CBBA.cpp.o] Error 1
[4.574s] gmake[2]: *** [CMakeFiles/sim.dir/build.make:216: CMakeFiles/sim.dir/src/parser.cpp.o] Error 1
[4.581s] gmake[2]: *** [CMakeFiles/sim.dir/build.make:160: CMakeFiles/sim.dir/src/world.cpp.o] Error 1
[5.199s] gmake[2]: *** [CMakeFiles/sim.dir/build.make:76: CMakeFiles/sim.dir/src/sim.cpp.o] Error 1
[5.472s] gmake[2]: *** [CMakeFiles/sim.dir/build.make:188: CMakeFiles/sim.dir/src/robot.cpp.o] Error 1
[5.472s] gmake[1]: *** [CMakeFiles/Makefile2:137: CMakeFiles/sim.dir/all] Error 2
[5.473s] gmake: *** [Makefile:146: all] Error 2
[5.474s] Invoked command in '/home/emily/sa-mrbt_ws/build/simulator' returned '2': CMAKE_PREFIX_PATH=/home/emily/sa-mrbt_ws/install/behaviortree_cpp:/home/emily/sa-mrbt_ws/install/simulator:/opt/ros/iron /usr/bin/cmake --build /home/emily/sa-mrbt_ws/build/simulator -- -j12 -l12
