[35m[1mConsolidate compiler generated dependencies of target sim[0m
[  7%] [32mBuilding CXX object CMakeFiles/sim.dir/src/CBGA.cpp.o[0m
[01m[K/home/emily/sa-mrbt_ws/src/simplified_marine_sim/src/CBGA.cpp:[m[K In member function â€˜[01m[Kvoid CBGA::bundleAdd(std::vector<int>&, std::vector<int>&, std::map<int, double>&, std::vector<std::vector<double, std::allocator<double> > >&)[m[Kâ€™:
[01m[K/home/emily/sa-mrbt_ws/src/simplified_marine_sim/src/CBGA.cpp:1044:17:[m[K [01;31m[Kerror: [m[Kâ€˜[01m[Ktask_is_solo[m[Kâ€™ was not declared in this scope
 1044 |             if ([01;31m[Ktask_is_solo[m[K) {
      |                 [01;31m[K^~~~~~~~~~~~[m[K
[01m[K/home/emily/sa-mrbt_ws/src/simplified_marine_sim/src/CBGA.cpp:1054:21:[m[K [01;31m[Kerror: [m[Kâ€˜[01m[Kcoop_group_full_and_new_winner[m[Kâ€™ was not declared in this scope
 1054 |                 if ([01;31m[Kcoop_group_full_and_new_winner[m[K) {
      |                     [01;31m[K^~~~~~~~~~~~~~~~~~~~~~~~~~~~~~[m[K
[01m[K/home/emily/sa-mrbt_ws/src/simplified_marine_sim/src/CBGA.cpp:1056:46:[m[K [01;31m[Kerror: [m[Kâ€˜[01m[Kwinning_agent_idx_to_clear[m[Kâ€™ was not declared in this scope
 1056 |                     winning_bids_matrix[J-1][[01;31m[Kwinning_agent_idx_to_clear[m[K] = 0.0;
      |                                              [01;31m[K^~~~~~~~~~~~~~~~~~~~~~~~~~[m[K
gmake[2]: *** [CMakeFiles/sim.dir/build.make:104: CMakeFiles/sim.dir/src/CBGA.cpp.o] Error 1
gmake[1]: *** [CMakeFiles/Makefile2:137: CMakeFiles/sim.dir/all] Error 2
gmake: *** [Makefile:146: all] Error 2
