[0.006s] Invoking command in '/home/emily/sa-mrbt_ws/build/simulator': CMAKE_PREFIX_PATH=/home/emily/sa-mrbt_ws/install/behaviortree_cpp:/home/emily/sa-mrbt_ws/install/simulator:/opt/ros/iron /usr/bin/cmake --build /home/emily/sa-mrbt_ws/build/simulator -- -j12 -l12
[0.037s] [35m[1mConsolidate compiler generated dependencies of target sim[0m
[0.061s] [  7%] [32mBuilding CXX object CMakeFiles/sim.dir/src/CBGA.cpp.o[0m
[1.592s] [01m[K/home/emily/sa-mrbt_ws/src/simplified_marine_sim/src/CBGA.cpp:[m[K In member function â€˜[01m[Kvoid CBGA::bundleAdd(std::vector<int>&, std::vector<int>&, std::map<int, double>&, std::vector<std::vector<double, std::allocator<double> > >&)[m[Kâ€™:
[1.592s] [01m[K/home/emily/sa-mrbt_ws/src/simplified_marine_sim/src/CBGA.cpp:1044:17:[m[K [01;31m[Kerror: [m[Kâ€˜[01m[Ktask_is_solo[m[Kâ€™ was not declared in this scope
[1.592s]  1044 |             if ([01;31m[Ktask_is_solo[m[K) {
[1.593s]       |                 [01;31m[K^~~~~~~~~~~~[m[K
[1.598s] [01m[K/home/emily/sa-mrbt_ws/src/simplified_marine_sim/src/CBGA.cpp:1054:21:[m[K [01;31m[Kerror: [m[Kâ€˜[01m[Kcoop_group_full_and_new_winner[m[Kâ€™ was not declared in this scope
[1.598s]  1054 |                 if ([01;31m[Kcoop_group_full_and_new_winner[m[K) {
[1.598s]       |                     [01;31m[K^~~~~~~~~~~~~~~~~~~~~~~~~~~~~~[m[K
[1.603s] [01m[K/home/emily/sa-mrbt_ws/src/simplified_marine_sim/src/CBGA.cpp:1056:46:[m[K [01;31m[Kerror: [m[Kâ€˜[01m[Kwinning_agent_idx_to_clear[m[Kâ€™ was not declared in this scope
[1.604s]  1056 |                     winning_bids_matrix[J-1][[01;31m[Kwinning_agent_idx_to_clear[m[K] = 0.0;
[1.604s]       |                                              [01;31m[K^~~~~~~~~~~~~~~~~~~~~~~~~~[m[K
[2.394s] gmake[2]: *** [CMakeFiles/sim.dir/build.make:104: CMakeFiles/sim.dir/src/CBGA.cpp.o] Error 1
[2.394s] gmake[1]: *** [CMakeFiles/Makefile2:137: CMakeFiles/sim.dir/all] Error 2
[2.394s] gmake: *** [Makefile:146: all] Error 2
[2.395s] Invoked command in '/home/emily/sa-mrbt_ws/build/simulator' returned '2': CMAKE_PREFIX_PATH=/home/emily/sa-mrbt_ws/install/behaviortree_cpp:/home/emily/sa-mrbt_ws/install/simulator:/opt/ros/iron /usr/bin/cmake --build /home/emily/sa-mrbt_ws/build/simulator -- -j12 -l12
