[0.006s] Invoking command in '/home/emily/sa-mrbt_ws/build/simulator': CMAKE_PREFIX_PATH=/home/emily/sa-mrbt_ws/install/behaviortree_cpp:/home/emily/sa-mrbt_ws/install/simulator:/opt/ros/iron /usr/bin/cmake --build /home/emily/sa-mrbt_ws/build/simulator -- -j12 -l12
[0.039s] [35m[1mConsolidate compiler generated dependencies of target sim[0m
[0.063s] [  7%] [32mBuilding CXX object CMakeFiles/sim.dir/src/robot.cpp.o[0m
[3.119s] [01m[K/home/emily/sa-mrbt_ws/src/simplified_marine_sim/src/robot.cpp:[m[K In member function â€˜[01m[Kvoid Robot::updateLocations()[m[Kâ€™:
[3.119s] [01m[K/home/emily/sa-mrbt_ws/src/simplified_marine_sim/src/robot.cpp:510:40:[m[K [01;31m[Kerror: [m[Kexpected initializer before â€˜[01m[K<<[m[Kâ€™ token
[3.119s]   510 |             std::ostringstream log_msg [01;31m[K<<[m[K "Defer to own location: " << " : (" << pose.x << ","
[3.119s]       |                                        [01;31m[K^~[m[K
[3.125s] [01m[K/home/emily/sa-mrbt_ws/src/simplified_marine_sim/src/robot.cpp:512:22:[m[K [01;31m[Kerror: [m[Kâ€˜[01m[Klog_msg[m[Kâ€™ was not declared in this scope
[3.125s]   512 |             log_info([01;31m[Klog_msg[m[K.str());
[3.125s]       |                      [01;31m[K^~~~~~~[m[K
[3.125s] [01m[K/home/emily/sa-mrbt_ws/src/simplified_marine_sim/src/robot.cpp:520:41:[m[K [01;31m[Kerror: [m[Kexpected initializer before â€˜[01m[K<<[m[Kâ€™ token
[3.125s]   520 |             std::ostringstream log_msg2 [01;31m[K<<[m[K "best id m: " << id_m << "k_loc_from_m: " << most_recent_k_location_from_m << ")\n";
[3.125s]       |                                         [01;31m[K^~[m[K
[3.131s] [01m[K/home/emily/sa-mrbt_ws/src/simplified_marine_sim/src/robot.cpp:521:22:[m[K [01;31m[Kerror: [m[Kâ€˜[01m[Klog_msg2[m[Kâ€™ was not declared in this scope
[3.131s]   521 |             log_info([01;31m[Klog_msg2[m[K.str());
[3.131s]       |                      [01;31m[K^~~~~~~~[m[K
[4.226s] gmake[2]: *** [CMakeFiles/sim.dir/build.make:188: CMakeFiles/sim.dir/src/robot.cpp.o] Error 1
[4.226s] gmake[1]: *** [CMakeFiles/Makefile2:137: CMakeFiles/sim.dir/all] Error 2
[4.227s] gmake: *** [Makefile:146: all] Error 2
[4.228s] Invoked command in '/home/emily/sa-mrbt_ws/build/simulator' returned '2': CMAKE_PREFIX_PATH=/home/emily/sa-mrbt_ws/install/behaviortree_cpp:/home/emily/sa-mrbt_ws/install/simulator:/opt/ros/iron /usr/bin/cmake --build /home/emily/sa-mrbt_ws/build/simulator -- -j12 -l12
