[0.006s] Invoking command in '/home/emily/sa-mrbt_ws/build/simulator': CMAKE_PREFIX_PATH=/home/emily/sa-mrbt_ws/install/behaviortree_cpp:/home/emily/sa-mrbt_ws/install/simulator:/opt/ros/iron /usr/bin/cmake --build /home/emily/sa-mrbt_ws/build/simulator -- -j12 -l12
[0.037s] [35m[1mConsolidate compiler generated dependencies of target sim[0m
[0.061s] [  7%] [32mBuilding CXX object CMakeFiles/sim.dir/src/sim.cpp.o[0m
[0.061s] [ 15%] [32mBuilding CXX object CMakeFiles/sim.dir/src/CBBA.cpp.o[0m
[0.061s] [ 23%] [32mBuilding CXX object CMakeFiles/sim.dir/src/CBGA.cpp.o[0m
[0.061s] [ 30%] [32mBuilding CXX object CMakeFiles/sim.dir/src/world.cpp.o[0m
[0.063s] [ 38%] [32mBuilding CXX object CMakeFiles/sim.dir/src/message.cpp.o[0m
[0.065s] [ 46%] [32mBuilding CXX object CMakeFiles/sim.dir/src/behavior_tree.cpp.o[0m
[0.065s] [ 53%] [32mBuilding CXX object CMakeFiles/sim.dir/src/robot.cpp.o[0m
[0.065s] [ 61%] [32mBuilding CXX object CMakeFiles/sim.dir/src/parser.cpp.o[0m
[0.066s] [ 69%] [32mBuilding CXX object CMakeFiles/sim.dir/src/greedy.cpp.o[0m
[2.189s] [01m[K/home/emily/sa-mrbt_ws/src/simplified_marine_sim/src/world.cpp:77:6:[m[K [01;31m[Kerror: [m[Kno declaration matches â€˜[01m[Kvoid World::logCurrentTeamAssignment()[m[Kâ€™
[2.189s]    77 | void [01;31m[KWorld[m[K::logCurrentTeamAssignment() {
[2.189s]       |      [01;31m[K^~~~~[m[K
[2.189s] [01m[K/home/emily/sa-mrbt_ws/src/simplified_marine_sim/src/world.cpp:77:6:[m[K [01;36m[Knote: [m[Kno functions named â€˜[01m[Kvoid World::logCurrentTeamAssignment()[m[Kâ€™
[2.189s] In file included from [01m[K/home/emily/sa-mrbt_ws/src/simplified_marine_sim/src/world.cpp:4[m[K:
[2.189s] [01m[K/home/emily/sa-mrbt_ws/src/simplified_marine_sim/include/world.hpp:20:7:[m[K [01;36m[Knote: [m[Kâ€˜[01m[Kclass World[m[Kâ€™ defined here
[2.190s]    20 | class [01;36m[KWorld[m[K {
[2.190s]       |       [01;36m[K^~~~~[m[K
[3.217s] [01m[K/home/emily/sa-mrbt_ws/src/simplified_marine_sim/src/behavior_tree.cpp:[m[K In member function â€˜[01m[Kvirtual BT::NodeStatus CheckConvergence::tick()[m[Kâ€™:
[3.217s] [01m[K/home/emily/sa-mrbt_ws/src/simplified_marine_sim/src/behavior_tree.cpp:471:20:[m[K [01;31m[Kerror: [m[Kâ€˜[01m[Kclass World[m[Kâ€™ has no member named â€˜[01m[KlogCurrentTeamAssignment[m[Kâ€™
[3.217s]   471 |             _world.[01;31m[KlogCurrentTeamAssignment[m[K(); // Save current paths of all robots on team
[3.217s]       |                    [01;31m[K^~~~~~~~~~~~~~~~~~~~~~~~[m[K
[3.335s] gmake[2]: *** [CMakeFiles/sim.dir/build.make:160: CMakeFiles/sim.dir/src/world.cpp.o] Error 1
[3.336s] gmake[2]: *** Waiting for unfinished jobs....
[4.744s] gmake[2]: *** [CMakeFiles/sim.dir/build.make:202: CMakeFiles/sim.dir/src/behavior_tree.cpp.o] Error 1
[6.340s] gmake[1]: *** [CMakeFiles/Makefile2:137: CMakeFiles/sim.dir/all] Error 2
[6.340s] gmake: *** [Makefile:146: all] Error 2
[6.342s] Invoked command in '/home/emily/sa-mrbt_ws/build/simulator' returned '2': CMAKE_PREFIX_PATH=/home/emily/sa-mrbt_ws/install/behaviortree_cpp:/home/emily/sa-mrbt_ws/install/simulator:/opt/ros/iron /usr/bin/cmake --build /home/emily/sa-mrbt_ws/build/simulator -- -j12 -l12
