[0.006s] Invoking command in '/home/emily/sa-mrbt_ws/build/simulator': CMAKE_PREFIX_PATH=/home/emily/sa-mrbt_ws/install/behaviortree_cpp:/home/emily/sa-mrbt_ws/install/simulator:/opt/ros/iron /usr/bin/cmake --build /home/emily/sa-mrbt_ws/build/simulator -- -j12 -l12
[0.050s] [  7%] [32mBuilding CXX object CMakeFiles/sim.dir/src/sim.cpp.o[0m
[0.050s] [ 15%] [32mBuilding CXX object CMakeFiles/sim.dir/src/behavior_tree.cpp.o[0m
[1.882s] [01m[K/home/emily/sa-mrbt_ws/src/simplified_marine_sim/src/behavior_tree.cpp:1727:1:[m[K [01;31m[Kerror: [m[Kâ€˜[01m[KTestShortPath[m[Kâ€™ does not name a type
[1.882s]  1727 | [01;31m[KTestShortPath[m[K::TestShortPath(const std::string& name, const NodeConfig& config, Robot& robot, World& world)
[1.882s]       | [01;31m[K^~~~~~~~~~~~~[m[K
[1.882s] [01m[K/home/emily/sa-mrbt_ws/src/simplified_marine_sim/src/behavior_tree.cpp:1731:12:[m[K [01;31m[Kerror: [m[Kâ€˜[01m[KTestShortPath[m[Kâ€™ has not been declared
[1.882s]  1731 | NodeStatus [01;31m[KTestShortPath[m[K::tick()
[1.882s]       |            [01;31m[K^~~~~~~~~~~~~[m[K
[1.885s] [01m[K/home/emily/sa-mrbt_ws/src/simplified_marine_sim/src/behavior_tree.cpp:[m[K In function â€˜[01m[KBT::NodeStatus tick()[m[Kâ€™:
[1.885s] [01m[K/home/emily/sa-mrbt_ws/src/simplified_marine_sim/src/behavior_tree.cpp:1735:9:[m[K [01;31m[Kerror: [m[Kâ€˜[01m[K_robot[m[Kâ€™ was not declared in this scope; did you mean â€˜[01m[KRobot[m[Kâ€™?
[1.885s]  1735 |         [01;31m[K_robot[m[K.log_info("in TestShortPath before check");
[1.885s]       |         [01;31m[K^~~~~~[m[K
[1.885s]       |         [32m[KRobot[m[K
[1.886s] [01m[K/home/emily/sa-mrbt_ws/src/simplified_marine_sim/src/behavior_tree.cpp:1738:9:[m[K [01;31m[Kerror: [m[Kexpected â€˜[01m[K,[m[Kâ€™ or â€˜[01m[K;[m[Kâ€™ before â€˜[01m[Kstd[m[Kâ€™
[1.886s]  1738 |         [01;31m[Kstd[m[K::string bla = "task_loc in TestShortPath tick (x, y): " + std::to_string(start_loc.first) + ", " + std::to_string(start_loc.second);
[1.886s]       |         [01;31m[K^~~[m[K
[1.888s] [01m[K/home/emily/sa-mrbt_ws/src/simplified_marine_sim/src/behavior_tree.cpp:1739:25:[m[K [01;31m[Kerror: [m[Kâ€˜[01m[Kbla[m[Kâ€™ was not declared in this scope
[1.889s]  1739 |         _robot.log_info([01;31m[Kbla[m[K);
[1.889s]       |                         [01;31m[K^~~[m[K
[1.891s] [01m[K/home/emily/sa-mrbt_ws/src/simplified_marine_sim/src/behavior_tree.cpp:1740:9:[m[K [01;31m[Kerror: [m[Kâ€˜[01m[KsetOutput[m[Kâ€™ was not declared in this scope
[1.891s]  1740 |         [01;31m[KsetOutput[m[K("task_loc", task_loc);
[1.891s]       |         [01;31m[K^~~~~~~~~[m[K
[1.892s] [01m[K/home/emily/sa-mrbt_ws/src/simplified_marine_sim/src/behavior_tree.cpp:[m[K At global scope:
[1.892s] [01m[K/home/emily/sa-mrbt_ws/src/simplified_marine_sim/src/behavior_tree.cpp:1750:11:[m[K [01;31m[Kerror: [m[Kâ€˜[01m[KTestShortPath[m[Kâ€™ has not been declared
[1.892s]  1750 | PortsList [01;31m[KTestShortPath[m[K::providedPorts()
[1.892s]       |           [01;31m[K^~~~~~~~~~~~~[m[K
[3.197s] gmake[2]: *** [CMakeFiles/sim.dir/build.make:202: CMakeFiles/sim.dir/src/behavior_tree.cpp.o] Error 1
[3.197s] gmake[2]: *** Waiting for unfinished jobs....
[4.773s] gmake[1]: *** [CMakeFiles/Makefile2:137: CMakeFiles/sim.dir/all] Error 2
[4.773s] gmake: *** [Makefile:146: all] Error 2
[4.775s] Invoked command in '/home/emily/sa-mrbt_ws/build/simulator' returned '2': CMAKE_PREFIX_PATH=/home/emily/sa-mrbt_ws/install/behaviortree_cpp:/home/emily/sa-mrbt_ws/install/simulator:/opt/ros/iron /usr/bin/cmake --build /home/emily/sa-mrbt_ws/build/simulator -- -j12 -l12
