[0.006s] Invoking command in '/home/emily/sa-mrbt_ws/build/simulator': CMAKE_PREFIX_PATH=/home/emily/sa-mrbt_ws/install/behaviortree_cpp:/home/emily/sa-mrbt_ws/install/simulator:/opt/ros/iron /usr/bin/cmake --build /home/emily/sa-mrbt_ws/build/simulator -- -j12 -l12
[0.037s] [35m[1mConsolidate compiler generated dependencies of target sim[0m
[0.061s] [  7%] [32mBuilding CXX object CMakeFiles/sim.dir/src/world.cpp.o[0m
[1.774s] [01m[K/home/emily/sa-mrbt_ws/src/simplified_marine_sim/src/world.cpp:[m[K In member function â€˜[01m[Kbool World::inComms(int, int)[m[Kâ€™:
[1.774s] [01m[K/home/emily/sa-mrbt_ws/src/simplified_marine_sim/src/world.cpp:764:57:[m[K [01;31m[Kerror: [m[Kâ€˜[01m[Krandom_num[m[Kâ€™ was not declared in this scope; did you mean â€˜[01m[Krandom_r[m[Kâ€™?
[1.774s]   764 |         std::string s2 = "random_num:" + std::to_string([01;31m[Krandom_num[m[K);
[1.774s]       |                                                         [01;31m[K^~~~~~~~~~[m[K
[1.774s]       |                                                         [32m[Krandom_r[m[K
[2.938s] gmake[2]: *** [CMakeFiles/sim.dir/build.make:160: CMakeFiles/sim.dir/src/world.cpp.o] Error 1
[2.938s] gmake[1]: *** [CMakeFiles/Makefile2:137: CMakeFiles/sim.dir/all] Error 2
[2.938s] gmake: *** [Makefile:146: all] Error 2
[2.940s] Invoked command in '/home/emily/sa-mrbt_ws/build/simulator' returned '2': CMAKE_PREFIX_PATH=/home/emily/sa-mrbt_ws/install/behaviortree_cpp:/home/emily/sa-mrbt_ws/install/simulator:/opt/ros/iron /usr/bin/cmake --build /home/emily/sa-mrbt_ws/build/simulator -- -j12 -l12
