[0.006s] Invoking command in '/home/emily/sa-mrbt_ws/build/simulator': CMAKE_PREFIX_PATH=/home/emily/sa-mrbt_ws/install/behaviortree_cpp:/home/emily/sa-mrbt_ws/install/simulator:/opt/ros/iron /usr/bin/cmake --build /home/emily/sa-mrbt_ws/build/simulator -- -j12 -l12
[0.036s] [35m[1mConsolidate compiler generated dependencies of target sim[0m
[0.059s] [  7%] [32mBuilding CXX object CMakeFiles/sim.dir/src/CBGA.cpp.o[0m
[1.590s] [01m[K/home/emily/sa-mrbt_ws/src/simplified_marine_sim/src/CBGA.cpp:[m[K In member function â€˜[01m[Kvoid CBGA::resolveConflicts(bool)[m[Kâ€™:
[1.591s] [01m[K/home/emily/sa-mrbt_ws/src/simplified_marine_sim/src/CBGA.cpp:1496:36:[m[K [01;31m[Kerror: [m[Kâ€˜[01m[Km[m[Kâ€™ was not declared in this scope; did you mean â€˜[01m[Ktm[m[Kâ€™?
[1.591s]  1496 |                         if (ts_k_m([01;31m[Km[m[K) > ts_i_m(m)) { // k timestamp more recent, so deferring to k per the following logic
[1.591s]       |                                    [01;31m[K^[m[K
[1.591s]       |                                    [32m[Ktm[m[K
[1.594s] [01m[K/home/emily/sa-mrbt_ws/src/simplified_marine_sim/src/CBGA.cpp:1496:29:[m[K [01;31m[Kerror: [m[Kâ€˜[01m[Kts_k_m[m[Kâ€™ was not declared in this scope
[1.594s]  1496 |                         if ([01;31m[Kts_k_m[m[K(m) > ts_i_m(m)) { // k timestamp more recent, so deferring to k per the following logic
[1.594s]       |                             [01;31m[K^~~~~~[m[K
[1.597s] [01m[K/home/emily/sa-mrbt_ws/src/simplified_marine_sim/src/CBGA.cpp:1496:41:[m[K [01;31m[Kerror: [m[Kâ€˜[01m[Kts_i_m[m[Kâ€™ was not declared in this scope
[1.597s]  1496 |                         if (ts_k_m(m) > [01;31m[Kts_i_m[m[K(m)) { // k timestamp more recent, so deferring to k per the following logic
[1.597s]       |                                         [01;31m[K^~~~~~[m[K
[2.373s] gmake[2]: *** [CMakeFiles/sim.dir/build.make:104: CMakeFiles/sim.dir/src/CBGA.cpp.o] Error 1
[2.374s] gmake[1]: *** [CMakeFiles/Makefile2:137: CMakeFiles/sim.dir/all] Error 2
[2.374s] gmake: *** [Makefile:146: all] Error 2
[2.375s] Invoked command in '/home/emily/sa-mrbt_ws/build/simulator' returned '2': CMAKE_PREFIX_PATH=/home/emily/sa-mrbt_ws/install/behaviortree_cpp:/home/emily/sa-mrbt_ws/install/simulator:/opt/ros/iron /usr/bin/cmake --build /home/emily/sa-mrbt_ws/build/simulator -- -j12 -l12
