[0.006s] Invoking command in '/home/emily/sa-mrbt_ws/build/simulator': CMAKE_PREFIX_PATH=/home/emily/sa-mrbt_ws/install/behaviortree_cpp:/home/emily/sa-mrbt_ws/install/simulator:/opt/ros/iron /usr/bin/cmake --build /home/emily/sa-mrbt_ws/build/simulator -- -j12 -l12
[0.041s] [35m[1mConsolidate compiler generated dependencies of target sim[0m
[0.064s] [ 15%] [32mBuilding CXX object CMakeFiles/sim.dir/src/robot.cpp.o[0m
[0.064s] [ 15%] [32mBuilding CXX object CMakeFiles/sim.dir/src/behavior_tree.cpp.o[0m
[3.312s] [01m[K/home/emily/sa-mrbt_ws/src/simplified_marine_sim/src/robot.cpp:907:6:[m[K [01;31m[Kerror: [m[Kno declaration matches â€˜[01m[Kvoid Robot::printWorldPingTracker(std::unordered_map<int, std::vector<std::tuple<int, double, bool> > >&)[m[Kâ€™
[3.312s]   907 | void [01;31m[KRobot[m[K::printWorldPingTracker(std::unordered_map<int, std::vector<std::tuple<int,double,bool>>>& world_ping_tracker) {
[3.312s]       |      [01;31m[K^~~~~[m[K
[3.312s] In file included from [01m[K/home/emily/sa-mrbt_ws/src/simplified_marine_sim/include/world.hpp:8[m[K,
[3.312s]                  from [01m[K/home/emily/sa-mrbt_ws/src/simplified_marine_sim/src/robot.cpp:5[m[K:
[3.312s] [01m[K/home/emily/sa-mrbt_ws/src/simplified_marine_sim/include/robot.hpp:130:10:[m[K [01;36m[Knote: [m[Kcandidate is: â€˜[01m[Kvoid Robot::printWorldPingTracker(std::unordered_map<int, std::vector<std::pair<int, double> > >&)[m[Kâ€™
[3.312s]   130 |     void [01;36m[KprintWorldPingTracker[m[K(std::unordered_map<int, std::vector<std::pair<int,double>>>& world_ping_tracker);
[3.312s]       |          [01;36m[K^~~~~~~~~~~~~~~~~~~~~[m[K
[3.313s] In file included from [01m[K/home/emily/sa-mrbt_ws/src/simplified_marine_sim/include/world.hpp:8[m[K,
[3.313s]                  from [01m[K/home/emily/sa-mrbt_ws/src/simplified_marine_sim/src/robot.cpp:5[m[K:
[3.313s] [01m[K/home/emily/sa-mrbt_ws/src/simplified_marine_sim/include/robot.hpp:19:7:[m[K [01;36m[Knote: [m[Kâ€˜[01m[Kclass Robot[m[Kâ€™ defined here
[3.313s]    19 | class [01;36m[KRobot[m[K {
[3.313s]       |       [01;36m[K^~~~~[m[K
[4.970s] gmake[2]: *** [CMakeFiles/sim.dir/build.make:188: CMakeFiles/sim.dir/src/robot.cpp.o] Error 1
[4.970s] gmake[1]: *** [CMakeFiles/Makefile2:137: CMakeFiles/sim.dir/all] Error 2
[4.970s] gmake: *** [Makefile:146: all] Error 2
[4.972s] Invoked command in '/home/emily/sa-mrbt_ws/build/simulator' returned '2': CMAKE_PREFIX_PATH=/home/emily/sa-mrbt_ws/install/behaviortree_cpp:/home/emily/sa-mrbt_ws/install/simulator:/opt/ros/iron /usr/bin/cmake --build /home/emily/sa-mrbt_ws/build/simulator -- -j12 -l12
