[0.006s] Invoking command in '/home/emily/sa-mrbt_ws/build/simulator': CMAKE_PREFIX_PATH=/home/emily/sa-mrbt_ws/install/behaviortree_cpp:/home/emily/sa-mrbt_ws/install/simulator:/opt/ros/iron /usr/bin/cmake --build /home/emily/sa-mrbt_ws/build/simulator -- -j12 -l12
[0.040s] [35m[1mConsolidate compiler generated dependencies of target sim[0m
[0.064s] [  7%] [32mBuilding CXX object CMakeFiles/sim.dir/src/robot.cpp.o[0m
[3.149s] [01m[K/home/emily/sa-mrbt_ws/src/simplified_marine_sim/src/robot.cpp:[m[K In member function â€˜[01m[Kvoid Robot::updateLocations()[m[Kâ€™:
[3.149s] [01m[K/home/emily/sa-mrbt_ws/src/simplified_marine_sim/src/robot.cpp:510:13:[m[K [01;31m[Kerror: [m[Kâ€˜[01m[Klog_msg[m[Kâ€™ was not declared in this scope
[3.149s]   510 |             [01;31m[Klog_msg[m[K << "Defer to own location: " << " : (" << pose.x << ","
[3.149s]       |             [01;31m[K^~~~~~~[m[K
[3.155s] [01m[K/home/emily/sa-mrbt_ws/src/simplified_marine_sim/src/robot.cpp:520:13:[m[K [01;31m[Kerror: [m[Kâ€˜[01m[Klog_msg[m[Kâ€™ was not declared in this scope
[3.155s]   520 |             [01;31m[Klog_msg[m[K << "best id m: " << id_m << ","
[3.155s]       |             [01;31m[K^~~~~~~[m[K
[4.254s] gmake[2]: *** [CMakeFiles/sim.dir/build.make:188: CMakeFiles/sim.dir/src/robot.cpp.o] Error 1
[4.254s] gmake[1]: *** [CMakeFiles/Makefile2:137: CMakeFiles/sim.dir/all] Error 2
[4.254s] gmake: *** [Makefile:146: all] Error 2
[4.256s] Invoked command in '/home/emily/sa-mrbt_ws/build/simulator' returned '2': CMAKE_PREFIX_PATH=/home/emily/sa-mrbt_ws/install/behaviortree_cpp:/home/emily/sa-mrbt_ws/install/simulator:/opt/ros/iron /usr/bin/cmake --build /home/emily/sa-mrbt_ws/build/simulator -- -j12 -l12
