[01m[K/home/emily/sa-mrbt_ws/src/simplified_marine_sim/src/sim.cpp:[m[K In function â€˜[01m[Kint main(int, char**)[m[Kâ€™:
[01m[K/home/emily/sa-mrbt_ws/src/simplified_marine_sim/src/sim.cpp:672:16:[m[K [01;31m[Kerror: [m[Kâ€˜[01m[KSIGINT[m[Kâ€™ was not declared in this scope
  672 |         signal([01;31m[KSIGINT[m[K, signalHandler);  // Ctrl+C
      |                [01;31m[K^~~~~~[m[K
[01m[K/home/emily/sa-mrbt_ws/src/simplified_marine_sim/src/sim.cpp:672:9:[m[K [01;31m[Kerror: [m[Kâ€˜[01m[Ksignal[m[Kâ€™ was not declared in this scope; did you mean â€˜[01m[Ksinl[m[Kâ€™?
  672 |         [01;31m[Ksignal[m[K(SIGINT, signalHandler);  // Ctrl+C
      |         [01;31m[K^~~~~~[m[K
      |         [32m[Ksinl[m[K
gmake[2]: *** [CMakeFiles/sim.dir/build.make:76: CMakeFiles/sim.dir/src/sim.cpp.o] Error 1
gmake[1]: *** [CMakeFiles/Makefile2:137: CMakeFiles/sim.dir/all] Error 2
gmake: *** [Makefile:146: all] Error 2
