[0.006s] Invoking command in '/home/emily/sa-mrbt_ws/build/simulator': CMAKE_PREFIX_PATH=/home/emily/sa-mrbt_ws/install/behaviortree_cpp:/home/emily/sa-mrbt_ws/install/simulator:/opt/ros/iron /usr/bin/cmake --build /home/emily/sa-mrbt_ws/build/simulator -- -j12 -l12
[0.043s] [35m[1mConsolidate compiler generated dependencies of target sim[0m
[0.069s] [  7%] [32mBuilding CXX object CMakeFiles/sim.dir/src/sim.cpp.o[0m
[2.094s] [01m[K/home/emily/sa-mrbt_ws/src/simplified_marine_sim/src/sim.cpp:[m[K In function â€˜[01m[Kint main(int, char**)[m[Kâ€™:
[2.094s] [01m[K/home/emily/sa-mrbt_ws/src/simplified_marine_sim/src/sim.cpp:672:16:[m[K [01;31m[Kerror: [m[Kâ€˜[01m[KSIGINT[m[Kâ€™ was not declared in this scope
[2.094s]   672 |         signal([01;31m[KSIGINT[m[K, signalHandler);  // Ctrl+C
[2.094s]       |                [01;31m[K^~~~~~[m[K
[2.097s] [01m[K/home/emily/sa-mrbt_ws/src/simplified_marine_sim/src/sim.cpp:672:9:[m[K [01;31m[Kerror: [m[Kâ€˜[01m[Ksignal[m[Kâ€™ was not declared in this scope; did you mean â€˜[01m[Ksinl[m[Kâ€™?
[2.097s]   672 |         [01;31m[Ksignal[m[K(SIGINT, signalHandler);  // Ctrl+C
[2.097s]       |         [01;31m[K^~~~~~[m[K
[2.097s]       |         [32m[Ksinl[m[K
[3.964s] gmake[2]: *** [CMakeFiles/sim.dir/build.make:76: CMakeFiles/sim.dir/src/sim.cpp.o] Error 1
[3.965s] gmake[1]: *** [CMakeFiles/Makefile2:137: CMakeFiles/sim.dir/all] Error 2
[3.965s] gmake: *** [Makefile:146: all] Error 2
[3.966s] Invoked command in '/home/emily/sa-mrbt_ws/build/simulator' returned '2': CMAKE_PREFIX_PATH=/home/emily/sa-mrbt_ws/install/behaviortree_cpp:/home/emily/sa-mrbt_ws/install/simulator:/opt/ros/iron /usr/bin/cmake --build /home/emily/sa-mrbt_ws/build/simulator -- -j12 -l12
