[01m[K/home/emily/sa-mrbt_ws/src/simplified_marine_sim/src/robot.cpp:[m[K In member function â€˜[01m[Kvoid Robot::removeCompletedTaskFromPathAndBundle()[m[Kâ€™:
[01m[K/home/emily/sa-mrbt_ws/src/simplified_marine_sim/src/robot.cpp:939:55:[m[K [01;31m[Kerror: [m[Kâ€˜[01m[Kcompleted_task_id[m[Kâ€™ was not declared in this scope
  939 |     auto it = std::find(bundle.begin(), bundle.end(), [01;31m[Kcompleted_task_id[m[K);
      |                                                       [01;31m[K^~~~~~~~~~~~~~~~~[m[K
gmake[2]: *** [CMakeFiles/sim.dir/build.make:188: CMakeFiles/sim.dir/src/robot.cpp.o] Error 1
gmake[1]: *** [CMakeFiles/Makefile2:137: CMakeFiles/sim.dir/all] Error 2
gmake: *** [Makefile:146: all] Error 2
