[0.007s] Invoking command in '/home/emily/sa-mrbt_ws/build/simulator': CMAKE_PREFIX_PATH=/home/emily/sa-mrbt_ws/install/behaviortree_cpp:/home/emily/sa-mrbt_ws/install/simulator:/opt/ros/iron /usr/bin/cmake --build /home/emily/sa-mrbt_ws/build/simulator -- -j12 -l12
[0.039s] [35m[1mConsolidate compiler generated dependencies of target sim[0m
[0.063s] [ 15%] [32mBuilding CXX object CMakeFiles/sim.dir/src/CBBA.cpp.o[0m
[0.063s] [ 15%] [32mBuilding CXX object CMakeFiles/sim.dir/src/sim.cpp.o[0m
[0.063s] [ 23%] [32mBuilding CXX object CMakeFiles/sim.dir/src/message.cpp.o[0m
[0.064s] [ 30%] [32mBuilding CXX object CMakeFiles/sim.dir/src/world.cpp.o[0m
[0.064s] [ 38%] [32mBuilding CXX object CMakeFiles/sim.dir/src/CBGA.cpp.o[0m
[0.064s] [ 46%] [32mBuilding CXX object CMakeFiles/sim.dir/src/planners.cpp.o[0m
[0.067s] [ 61%] [32mBuilding CXX object CMakeFiles/sim.dir/src/robot.cpp.o[0m
[0.067s] [ 61%] [32mBuilding CXX object CMakeFiles/sim.dir/src/behavior_tree.cpp.o[0m
[0.068s] [ 69%] [32mBuilding CXX object CMakeFiles/sim.dir/src/parser.cpp.o[0m
[0.068s] [ 76%] [32mBuilding CXX object CMakeFiles/sim.dir/src/greedy.cpp.o[0m
[2.071s] In file included from [01m[K/home/emily/sa-mrbt_ws/src/simplified_marine_sim/include/message.hpp:6[m[K,
[2.071s]                  from [01m[K/home/emily/sa-mrbt_ws/src/simplified_marine_sim/src/message.cpp:2[m[K:
[2.071s] [01m[K/home/emily/sa-mrbt_ws/src/simplified_marine_sim/include/world.hpp:174:5:[m[K [01;31m[Kerror: [m[KISO C++ forbids declaration of â€˜[01m[KupdateTaskCompletionLog[m[Kâ€™ with no type [[01;31m[K]8;;https://gcc.gnu.org/onlinedocs/gcc/Warning-Options.html#index-fpermissive-fpermissive]8;;[m[K]
[2.071s]   174 |     [01;31m[KupdateTaskCompletionLog[m[K(int robot_id, int completed_task_id);
[2.072s]       |     [01;31m[K^~~~~~~~~~~~~~~~~~~~~~~[m[K
[2.236s] In file included from [01m[K/home/emily/sa-mrbt_ws/src/simplified_marine_sim/include/robot.hpp:8[m[K,
[2.236s]                  from [01m[K/home/emily/sa-mrbt_ws/src/simplified_marine_sim/include/utils.hpp:7[m[K,
[2.236s]                  from [01m[K/home/emily/sa-mrbt_ws/src/simplified_marine_sim/src/parser.cpp:7[m[K:
[2.236s] [01m[K/home/emily/sa-mrbt_ws/src/simplified_marine_sim/include/world.hpp:174:5:[m[K [01;31m[Kerror: [m[KISO C++ forbids declaration of â€˜[01m[KupdateTaskCompletionLog[m[Kâ€™ with no type [[01;31m[K]8;;https://gcc.gnu.org/onlinedocs/gcc/Warning-Options.html#index-fpermissive-fpermissive]8;;[m[K]
[2.236s]   174 |     [01;31m[KupdateTaskCompletionLog[m[K(int robot_id, int completed_task_id);
[2.236s]       |     [01;31m[K^~~~~~~~~~~~~~~~~~~~~~~[m[K
[2.938s] In file included from [01m[K/home/emily/sa-mrbt_ws/src/simplified_marine_sim/include/behavior_tree.hpp:7[m[K,
[2.938s]                  from [01m[K/home/emily/sa-mrbt_ws/src/simplified_marine_sim/src/behavior_tree.cpp:1[m[K:
[2.938s] [01m[K/home/emily/sa-mrbt_ws/src/simplified_marine_sim/include/world.hpp:174:5:[m[K [01;31m[Kerror: [m[KISO C++ forbids declaration of â€˜[01m[KupdateTaskCompletionLog[m[Kâ€™ with no type [[01;31m[K]8;;https://gcc.gnu.org/onlinedocs/gcc/Warning-Options.html#index-fpermissive-fpermissive]8;;[m[K]
[2.938s]   174 |     [01;31m[KupdateTaskCompletionLog[m[K(int robot_id, int completed_task_id);
[2.938s]       |     [01;31m[K^~~~~~~~~~~~~~~~~~~~~~~[m[K
[3.037s] gmake[2]: *** [CMakeFiles/sim.dir/build.make:132: CMakeFiles/sim.dir/src/message.cpp.o] Error 1
[3.037s] gmake[2]: *** Waiting for unfinished jobs....
[3.038s] In file included from [01m[K/home/emily/sa-mrbt_ws/src/simplified_marine_sim/src/CBGA.cpp:6[m[K:
[3.038s] [01m[K/home/emily/sa-mrbt_ws/src/simplified_marine_sim/include/world.hpp:174:5:[m[K [01;31m[Kerror: [m[KISO C++ forbids declaration of â€˜[01m[KupdateTaskCompletionLog[m[Kâ€™ with no type [[01;31m[K]8;;https://gcc.gnu.org/onlinedocs/gcc/Warning-Options.html#index-fpermissive-fpermissive]8;;[m[K]
[3.038s]   174 |     [01;31m[KupdateTaskCompletionLog[m[K(int robot_id, int completed_task_id);
[3.038s]       |     [01;31m[K^~~~~~~~~~~~~~~~~~~~~~~[m[K
[3.045s] In file included from [01m[K/home/emily/sa-mrbt_ws/src/simplified_marine_sim/src/world.cpp:4[m[K:
[3.045s] [01m[K/home/emily/sa-mrbt_ws/src/simplified_marine_sim/include/world.hpp:174:5:[m[K [01;31m[Kerror: [m[KISO C++ forbids declaration of â€˜[01m[KupdateTaskCompletionLog[m[Kâ€™ with no type [[01;31m[K]8;;https://gcc.gnu.org/onlinedocs/gcc/Warning-Options.html#index-fpermissive-fpermissive]8;;[m[K]
[3.045s]   174 |     [01;31m[KupdateTaskCompletionLog[m[K(int robot_id, int completed_task_id);
[3.045s]       |     [01;31m[K^~~~~~~~~~~~~~~~~~~~~~~[m[K
[3.072s] In file included from [01m[K/home/emily/sa-mrbt_ws/src/simplified_marine_sim/src/CBBA.cpp:6[m[K:
[3.072s] [01m[K/home/emily/sa-mrbt_ws/src/simplified_marine_sim/include/world.hpp:174:5:[m[K [01;31m[Kerror: [m[KISO C++ forbids declaration of â€˜[01m[KupdateTaskCompletionLog[m[Kâ€™ with no type [[01;31m[K]8;;https://gcc.gnu.org/onlinedocs/gcc/Warning-Options.html#index-fpermissive-fpermissive]8;;[m[K]
[3.073s]   174 |     [01;31m[KupdateTaskCompletionLog[m[K(int robot_id, int completed_task_id);
[3.073s]       |     [01;31m[K^~~~~~~~~~~~~~~~~~~~~~~[m[K
[3.083s] In file included from [01m[K/home/emily/sa-mrbt_ws/src/simplified_marine_sim/src/greedy.cpp:6[m[K:
[3.083s] [01m[K/home/emily/sa-mrbt_ws/src/simplified_marine_sim/include/world.hpp:174:5:[m[K [01;31m[Kerror: [m[KISO C++ forbids declaration of â€˜[01m[KupdateTaskCompletionLog[m[Kâ€™ with no type [[01;31m[K]8;;https://gcc.gnu.org/onlinedocs/gcc/Warning-Options.html#index-fpermissive-fpermissive]8;;[m[K]
[3.083s]   174 |     [01;31m[KupdateTaskCompletionLog[m[K(int robot_id, int completed_task_id);
[3.083s]       |     [01;31m[K^~~~~~~~~~~~~~~~~~~~~~~[m[K
[3.095s] In file included from [01m[K/home/emily/sa-mrbt_ws/src/simplified_marine_sim/src/sim.cpp:8[m[K:
[3.095s] [01m[K/home/emily/sa-mrbt_ws/src/simplified_marine_sim/include/world.hpp:174:5:[m[K [01;31m[Kerror: [m[KISO C++ forbids declaration of â€˜[01m[KupdateTaskCompletionLog[m[Kâ€™ with no type [[01;31m[K]8;;https://gcc.gnu.org/onlinedocs/gcc/Warning-Options.html#index-fpermissive-fpermissive]8;;[m[K]
[3.096s]   174 |     [01;31m[KupdateTaskCompletionLog[m[K(int robot_id, int completed_task_id);
[3.096s]       |     [01;31m[K^~~~~~~~~~~~~~~~~~~~~~~[m[K
[3.112s] In file included from [01m[K/home/emily/sa-mrbt_ws/src/simplified_marine_sim/src/planners.cpp:4[m[K:
[3.112s] [01m[K/home/emily/sa-mrbt_ws/src/simplified_marine_sim/include/world.hpp:174:5:[m[K [01;31m[Kerror: [m[KISO C++ forbids declaration of â€˜[01m[KupdateTaskCompletionLog[m[Kâ€™ with no type [[01;31m[K]8;;https://gcc.gnu.org/onlinedocs/gcc/Warning-Options.html#index-fpermissive-fpermissive]8;;[m[K]
[3.112s]   174 |     [01;31m[KupdateTaskCompletionLog[m[K(int robot_id, int completed_task_id);
[3.112s]       |     [01;31m[K^~~~~~~~~~~~~~~~~~~~~~~[m[K
[3.222s] [01m[K/home/emily/sa-mrbt_ws/src/simplified_marine_sim/src/world.cpp:725:6:[m[K [01;31m[Kerror: [m[Kno declaration matches â€˜[01m[Kvoid World::updateTaskCompletionLog(int, int)[m[Kâ€™
[3.222s]   725 | void [01;31m[KWorld[m[K::updateTaskCompletionLog(int robot_id, int completed_task_id) {
[3.222s]       |      [01;31m[K^~~~~[m[K
[3.222s] In file included from [01m[K/home/emily/sa-mrbt_ws/src/simplified_marine_sim/src/world.cpp:4[m[K:
[3.222s] [01m[K/home/emily/sa-mrbt_ws/src/simplified_marine_sim/include/world.hpp:174:5:[m[K [01;36m[Knote: [m[Kcandidate is: â€˜[01m[Kint World::updateTaskCompletionLog(int, int)[m[Kâ€™
[3.222s]   174 |     [01;36m[KupdateTaskCompletionLog[m[K(int robot_id, int completed_task_id);
[3.222s]       |     [01;36m[K^~~~~~~~~~~~~~~~~~~~~~~[m[K
[3.222s] In file included from [01m[K/home/emily/sa-mrbt_ws/src/simplified_marine_sim/src/world.cpp:4[m[K:
[3.222s] [01m[K/home/emily/sa-mrbt_ws/src/simplified_marine_sim/include/world.hpp:20:7:[m[K [01;36m[Knote: [m[Kâ€˜[01m[Kclass World[m[Kâ€™ defined here
[3.222s]    20 | class [01;36m[KWorld[m[K {
[3.223s]       |       [01;36m[K^~~~~[m[K
[3.223s] In file included from [01m[K/home/emily/sa-mrbt_ws/src/simplified_marine_sim/src/robot.cpp:4[m[K:
[3.223s] [01m[K/home/emily/sa-mrbt_ws/src/simplified_marine_sim/include/world.hpp:174:5:[m[K [01;31m[Kerror: [m[KISO C++ forbids declaration of â€˜[01m[KupdateTaskCompletionLog[m[Kâ€™ with no type [[01;31m[K]8;;https://gcc.gnu.org/onlinedocs/gcc/Warning-Options.html#index-fpermissive-fpermissive]8;;[m[K]
[3.223s]   174 |     [01;31m[KupdateTaskCompletionLog[m[K(int robot_id, int completed_task_id);
[3.224s]       |     [01;31m[K^~~~~~~~~~~~~~~~~~~~~~~[m[K
[3.419s] gmake[2]: *** [CMakeFiles/sim.dir/build.make:216: CMakeFiles/sim.dir/src/parser.cpp.o] Error 1
[4.070s] gmake[2]: *** [CMakeFiles/sim.dir/build.make:174: CMakeFiles/sim.dir/src/planners.cpp.o] Error 1
[4.186s] gmake[2]: *** [CMakeFiles/sim.dir/build.make:90: CMakeFiles/sim.dir/src/CBBA.cpp.o] Error 1
[4.287s] gmake[2]: *** [CMakeFiles/sim.dir/build.make:230: CMakeFiles/sim.dir/src/greedy.cpp.o] Error 1
[4.366s] gmake[2]: *** [CMakeFiles/sim.dir/build.make:160: CMakeFiles/sim.dir/src/world.cpp.o] Error 1
[4.453s] gmake[2]: *** [CMakeFiles/sim.dir/build.make:104: CMakeFiles/sim.dir/src/CBGA.cpp.o] Error 1
[4.822s] gmake[2]: *** [CMakeFiles/sim.dir/build.make:202: CMakeFiles/sim.dir/src/behavior_tree.cpp.o] Error 1
[4.998s] gmake[2]: *** [CMakeFiles/sim.dir/build.make:76: CMakeFiles/sim.dir/src/sim.cpp.o] Error 1
[6.427s] gmake[2]: *** [CMakeFiles/sim.dir/build.make:188: CMakeFiles/sim.dir/src/robot.cpp.o] Error 1
[6.427s] gmake[1]: *** [CMakeFiles/Makefile2:137: CMakeFiles/sim.dir/all] Error 2
[6.428s] gmake: *** [Makefile:146: all] Error 2
[6.430s] Invoked command in '/home/emily/sa-mrbt_ws/build/simulator' returned '2': CMAKE_PREFIX_PATH=/home/emily/sa-mrbt_ws/install/behaviortree_cpp:/home/emily/sa-mrbt_ws/install/simulator:/opt/ros/iron /usr/bin/cmake --build /home/emily/sa-mrbt_ws/build/simulator -- -j12 -l12
