[0.006s] Invoking command in '/home/emily/sa-mrbt_ws/build/simulator': AMENT_PREFIX_PATH=/home/emily/sa-mrbt_ws/install/behaviortree_cpp:${AMENT_PREFIX_PATH} CMAKE_PREFIX_PATH=/home/emily/sa-mrbt_ws/install/behaviortree_cpp:/opt/ros/iron LD_LIBRARY_PATH=/home/emily/sa-mrbt_ws/install/behaviortree_cpp/lib:${LD_LIBRARY_PATH} PATH=/home/emily/sa-mrbt_ws/install/behaviortree_cpp/bin:${PATH} /usr/bin/cmake --build /home/emily/sa-mrbt_ws/build/simulator -- -j12 -l12
[0.036s] [35m[1mConsolidate compiler generated dependencies of target sim[0m
[0.060s] [  7%] [32mBuilding CXX object CMakeFiles/sim.dir/src/robot.cpp.o[0m
[3.026s] [01m[K/home/emily/sa-mrbt_ws/src/simplified_marine_sim/src/robot.cpp:313:34:[m[K [01;31m[Kerror: [m[Kno declaration matches â€˜[01m[Kstd::pair<bool, std::vector<int> > Robot::newNeighborSubtaskFailures()[m[Kâ€™
[3.026s]   313 | std::pair<bool,std::vector<int>> [01;31m[KRobot[m[K::newNeighborSubtaskFailures() {
[3.026s]       |                                  [01;31m[K^~~~~[m[K
[3.026s] [01m[K/home/emily/sa-mrbt_ws/src/simplified_marine_sim/src/robot.cpp:313:34:[m[K [01;36m[Knote: [m[Kno functions named â€˜[01m[Kstd::pair<bool, std::vector<int> > Robot::newNeighborSubtaskFailures()[m[Kâ€™
[3.026s] In file included from [01m[K/home/emily/sa-mrbt_ws/src/simplified_marine_sim/include/world.hpp:8[m[K,
[3.026s]                  from [01m[K/home/emily/sa-mrbt_ws/src/simplified_marine_sim/src/robot.cpp:4[m[K:
[3.026s] [01m[K/home/emily/sa-mrbt_ws/src/simplified_marine_sim/include/robot.hpp:19:7:[m[K [01;36m[Knote: [m[Kâ€˜[01m[Kclass Robot[m[Kâ€™ defined here
[3.026s]    19 | class [01;36m[KRobot[m[K {
[3.027s]       |       [01;36m[K^~~~~[m[K
[3.033s] [01m[K/home/emily/sa-mrbt_ws/src/simplified_marine_sim/src/robot.cpp:[m[K In function â€˜[01m[Kvoid updateDoableTasks()[m[Kâ€™:
[3.034s] [01m[K/home/emily/sa-mrbt_ws/src/simplified_marine_sim/src/robot.cpp:348:9:[m[K [01;31m[Kerror: [m[Kâ€˜[01m[Kprev_subtask_failures[m[Kâ€™ was not declared in this scope
[3.034s]   348 |     if ([01;31m[Kprev_subtask_failures[m[K != subtask_failures for all agents except self (given by id)) {
[3.034s]       |         [01;31m[K^~~~~~~~~~~~~~~~~~~~~[m[K
[3.039s] [01m[K/home/emily/sa-mrbt_ws/src/simplified_marine_sim/src/robot.cpp:348:34:[m[K [01;31m[Kerror: [m[Kâ€˜[01m[Ksubtask_failures[m[Kâ€™ was not declared in this scope
[3.039s]   348 |     if (prev_subtask_failures != [01;31m[Ksubtask_failures[m[K for all agents except self (given by id)) {
[3.039s]       |                                  [01;31m[K^~~~~~~~~~~~~~~~[m[K
[3.039s] [01m[K/home/emily/sa-mrbt_ws/src/simplified_marine_sim/src/robot.cpp:348:50:[m[K [01;31m[Kerror: [m[Kexpected â€˜[01m[K)[m[Kâ€™ before â€˜[01m[Kfor[m[Kâ€™
[3.039s]   348 |     if [34m[K([m[Kprev_subtask_failures != subtask_failures[01;31m[K [m[K[32m[Kfor[m[K all agents except self (given by id)) {
[3.039s]       |        [34m[K~[m[K                                         [01;31m[K^[m[K[32m[K~~~[m[K
[3.039s]       |                                                  [32m[K)[m[K
[3.039s] [01m[K/home/emily/sa-mrbt_ws/src/simplified_marine_sim/src/robot.cpp:349:9:[m[K [01;31m[Kerror: [m[Kâ€˜[01m[Kget[m[Kâ€™ was not declared in this scope; did you mean â€˜[01m[Kstd::get[m[Kâ€™?
[3.039s]   349 |         [01;31m[Kget[m[K vector of subtasks that have changes (failures) by robots other than self (should just be 1 each since each subtask is for single task instance)
[3.040s]       |         [01;31m[K^~~[m[K
[3.040s]       |         [32m[Kstd::get[m[K
[3.040s] In file included from [01m[K/home/emily/sa-mrbt_ws/install/behaviortree_cpp/include/behaviortree_cpp/basic_types.h:10[m[K,
[3.040s]                  from [01m[K/home/emily/sa-mrbt_ws/install/behaviortree_cpp/include/behaviortree_cpp/tree_node.h:21[m[K,
[3.040s]                  from [01m[K/home/emily/sa-mrbt_ws/install/behaviortree_cpp/include/behaviortree_cpp/leaf_node.h:17[m[K,
[3.040s]                  from [01m[K/home/emily/sa-mrbt_ws/install/behaviortree_cpp/include/behaviortree_cpp/action_node.h:22[m[K,
[3.040s]                  from [01m[K/home/emily/sa-mrbt_ws/install/behaviortree_cpp/include/behaviortree_cpp/actions/pop_from_queue.hpp:17[m[K,
[3.040s]                  from [01m[K/home/emily/sa-mrbt_ws/src/simplified_marine_sim/include/planners.hpp:8[m[K,
[3.040s]                  from [01m[K/home/emily/sa-mrbt_ws/src/simplified_marine_sim/src/robot.cpp:3[m[K:
[3.040s] [01m[K/usr/include/c++/11/variant:1145:27:[m[K [01;36m[Knote: [m[Kâ€˜[01m[Kstd::get[m[Kâ€™ declared here
[3.040s]  1145 |     constexpr const _Tp&& [01;36m[Kget[m[K(const variant<_Types...>&& __v)
[3.040s]       |                           [01;36m[K^~~[m[K
[3.040s] [01m[K/home/emily/sa-mrbt_ws/src/simplified_marine_sim/src/robot.cpp:352:9:[m[K [01;31m[Kerror: [m[Kexpected â€˜[01m[K([m[Kâ€™ before â€˜[01m[Keach[m[Kâ€™
[3.040s]   352 |     for [01;31m[Ke[m[K[32m[Kach[m[K subtask that another neighboring robot has failed
[3.040s]       |         [01;31m[K^[m[K[32m[K~~~[m[K
[3.040s]       |         [32m[K([m[K
[3.042s] [01m[K/home/emily/sa-mrbt_ws/src/simplified_marine_sim/src/robot.cpp:352:9:[m[K [01;31m[Kerror: [m[Kâ€˜[01m[Keach[m[Kâ€™ was not declared in this scope
[3.042s]   352 |     for [01;31m[Keach[m[K subtask that another neighboring robot has failed
[3.042s]       |         [01;31m[K^~~~[m[K
[3.042s] [01m[K/home/emily/sa-mrbt_ws/src/simplified_marine_sim/src/robot.cpp:359:1:[m[K [01;31m[Kerror: [m[Kexpected primary-expression before â€˜[01m[K}[m[Kâ€™ token
[3.042s]   359 | [01;31m[K}[m[K
[3.042s]       | [01;31m[K^[m[K
[3.043s] [01m[K/home/emily/sa-mrbt_ws/src/simplified_marine_sim/src/robot.cpp:354:132:[m[K [01;31m[Kerror: [m[Kexpected â€˜[01m[K;[m[Kâ€™ before â€˜[01m[K}[m[Kâ€™ token
[3.043s]   354 |         (for now can leave doable_subtask_ids unchanged - other option is to fully move from doable_subtask_ids to doable_task_ids)
[3.043s]       |                                                                                                                                    [01;31m[K^[m[K
[3.043s]       |                                                                                                                                    [32m[K;[m[K
[3.043s] ......
[3.043s]   359 | [32m[K}[m[K
[3.043s]       | [32m[K~[m[K                                                                                                                                   
[3.043s] [01m[K/home/emily/sa-mrbt_ws/src/simplified_marine_sim/src/robot.cpp:359:1:[m[K [01;31m[Kerror: [m[Kexpected primary-expression before â€˜[01m[K}[m[Kâ€™ token
[3.043s]   359 | [01;31m[K}[m[K
[3.043s]       | [01;31m[K^[m[K
[3.043s] [01m[K/home/emily/sa-mrbt_ws/src/simplified_marine_sim/src/robot.cpp:354:132:[m[K [01;31m[Kerror: [m[Kexpected â€˜[01m[K)[m[Kâ€™ before â€˜[01m[K}[m[Kâ€™ token
[3.043s]   354 |         (for now can leave doable_subtask_ids unchanged - other option is to fully move from doable_subtask_ids to doable_task_ids)
[3.043s]       |                                                                                                                                    [01;31m[K^[m[K
[3.043s]       |                                                                                                                                    [32m[K)[m[K
[3.043s] ......
[3.043s]   359 | [32m[K}[m[K
[3.043s]       | [32m[K~[m[K                                                                                                                                   
[3.043s] [01m[K/home/emily/sa-mrbt_ws/src/simplified_marine_sim/src/robot.cpp:352:9:[m[K [01;36m[Knote: [m[Kto match this â€˜[01m[K([m[Kâ€™
[3.043s]   352 |     for [01;36m[Keach[m[K subtask that another neighboring robot has failed
[3.043s]       |         [01;36m[K^~~~[m[K
[3.043s] [01m[K/home/emily/sa-mrbt_ws/src/simplified_marine_sim/src/robot.cpp:359:1:[m[K [01;31m[Kerror: [m[Kexpected primary-expression before â€˜[01m[K}[m[Kâ€™ token
[3.043s]   359 | [01;31m[K}[m[K
[3.044s]       | [01;31m[K^[m[K
[4.192s] gmake[2]: *** [CMakeFiles/sim.dir/build.make:188: CMakeFiles/sim.dir/src/robot.cpp.o] Error 1
[4.192s] gmake[1]: *** [CMakeFiles/Makefile2:137: CMakeFiles/sim.dir/all] Error 2
[4.192s] gmake: *** [Makefile:146: all] Error 2
[4.194s] Invoked command in '/home/emily/sa-mrbt_ws/build/simulator' returned '2': AMENT_PREFIX_PATH=/home/emily/sa-mrbt_ws/install/behaviortree_cpp:${AMENT_PREFIX_PATH} CMAKE_PREFIX_PATH=/home/emily/sa-mrbt_ws/install/behaviortree_cpp:/opt/ros/iron LD_LIBRARY_PATH=/home/emily/sa-mrbt_ws/install/behaviortree_cpp/lib:${LD_LIBRARY_PATH} PATH=/home/emily/sa-mrbt_ws/install/behaviortree_cpp/bin:${PATH} /usr/bin/cmake --build /home/emily/sa-mrbt_ws/build/simulator -- -j12 -l12
