[01m[K/home/emily/sa-mrbt_ws/src/simplified_marine_sim/src/sim.cpp:[m[K In function â€˜[01m[Kvoid run_robot(int, std::string, Pose2D, cv::Scalar, int, World&)[m[Kâ€™:
[01m[K/home/emily/sa-mrbt_ws/src/simplified_marine_sim/src/sim.cpp:522:127:[m[K [01;31m[Kerror: [m[Kâ€˜[01m[Kshortest_path[m[Kâ€™ was not declared in this scope; did you mean â€˜[01m[KShortestPath[m[Kâ€™?
  522 |                 factory.registerNodeType<FollowShortestPath>("FollowShortestPath", std::ref(robot), std::ref(world), std::ref([01;31m[Kshortest_path[m[K));
      |                                                                                                                               [01;31m[K^~~~~~~~~~~~~[m[K
      |                                                                                                                               [32m[KShortestPath[m[K
[01m[K/home/emily/sa-mrbt_ws/src/simplified_marine_sim/src/sim.cpp:527:127:[m[K [01;31m[Kerror: [m[Kâ€˜[01m[Kcoverage_path[m[Kâ€™ was not declared in this scope; did you mean â€˜[01m[KCoveragePath[m[Kâ€™?
  527 |                 factory.registerNodeType<FollowCoveragePath>("FollowCoveragePath", std::ref(robot), std::ref(world), std::ref([01;31m[Kcoverage_path[m[K));
      |                                                                                                                               [01;31m[K^~~~~~~~~~~~~[m[K
      |                                                                                                                               [32m[KCoveragePath[m[K
gmake[2]: *** [CMakeFiles/sim.dir/build.make:76: CMakeFiles/sim.dir/src/sim.cpp.o] Error 1
gmake[2]: *** Waiting for unfinished jobs....
gmake[1]: *** [CMakeFiles/Makefile2:137: CMakeFiles/sim.dir/all] Error 2
gmake: *** [Makefile:146: all] Error 2
