[0.006s] Invoking command in '/home/emily/sa-mrbt_ws/build/simulator': CMAKE_PREFIX_PATH=/home/emily/sa-mrbt_ws/install/behaviortree_cpp:/home/emily/sa-mrbt_ws/install/simulator:/opt/ros/iron /usr/bin/cmake --build /home/emily/sa-mrbt_ws/build/simulator -- -j12 -l12
[0.040s] [35m[1mConsolidate compiler generated dependencies of target sim[0m
[0.063s] [ 15%] [32mBuilding CXX object CMakeFiles/sim.dir/src/planners.cpp.o[0m
[0.063s] [ 15%] [32mBuilding CXX object CMakeFiles/sim.dir/src/sim.cpp.o[0m
[1.682s] [01m[K/home/emily/sa-mrbt_ws/src/simplified_marine_sim/src/planners.cpp:[m[K In constructor â€˜[01m[KShortestPath::ShortestPath(int)[m[Kâ€™:
[1.682s] [01m[K/home/emily/sa-mrbt_ws/src/simplified_marine_sim/src/planners.cpp:153:62:[m[K [01;31m[Kerror: [m[Kno matching function for call to â€˜[01m[KPlanner::Planner(int&)[m[Kâ€™
[1.682s]   153 | ShortestPath::ShortestPath(int step_size) : Planner(step_size[01;31m[K)[m[K {
[1.682s]       |                                                              [01;31m[K^[m[K
[1.682s] [01m[K/home/emily/sa-mrbt_ws/src/simplified_marine_sim/src/planners.cpp:9:1:[m[K [01;36m[Knote: [m[Kcandidate: â€˜[01m[KPlanner::Planner(int, World*)[m[Kâ€™
[1.682s]     9 | [01;36m[KPlanner[m[K::Planner(int step_size, World* w) : step_size(step_size), current_plan(std::make_shared<BT::ProtectedQueue<Pose2D>>()), world(w)
[1.683s]       | [01;36m[K^~~~~~~[m[K
[1.683s] [01m[K/home/emily/sa-mrbt_ws/src/simplified_marine_sim/src/planners.cpp:9:1:[m[K [01;36m[Knote: [m[K  candidate expects 2 arguments, 1 provided
[1.683s] In file included from [01m[K/home/emily/sa-mrbt_ws/src/simplified_marine_sim/src/planners.cpp:3[m[K:
[1.683s] [01m[K/home/emily/sa-mrbt_ws/src/simplified_marine_sim/include/planners.hpp:23:7:[m[K [01;36m[Knote: [m[Kcandidate: â€˜[01m[KPlanner::Planner(const Planner&)[m[Kâ€™
[1.683s]    23 | class [01;36m[KPlanner[m[K {
[1.683s]       |       [01;36m[K^~~~~~~[m[K
[1.683s] [01m[K/home/emily/sa-mrbt_ws/src/simplified_marine_sim/include/planners.hpp:23:7:[m[K [01;36m[Knote: [m[K  no known conversion for argument 1 from â€˜[01m[Kint[m[Kâ€™ to â€˜[01m[Kconst Planner&[m[Kâ€™
[1.683s] [01m[K/home/emily/sa-mrbt_ws/src/simplified_marine_sim/include/planners.hpp:23:7:[m[K [01;36m[Knote: [m[Kcandidate: â€˜[01m[KPlanner::Planner(Planner&&)[m[Kâ€™
[1.683s] [01m[K/home/emily/sa-mrbt_ws/src/simplified_marine_sim/include/planners.hpp:23:7:[m[K [01;36m[Knote: [m[K  no known conversion for argument 1 from â€˜[01m[Kint[m[Kâ€™ to â€˜[01m[KPlanner&&[m[Kâ€™
[1.834s] [01m[K/home/emily/sa-mrbt_ws/src/simplified_marine_sim/src/sim.cpp:[m[K In function â€˜[01m[Kvoid run_robot(int, std::string, Pose2D, cv::Scalar, int, World&)[m[Kâ€™:
[1.834s] [01m[K/home/emily/sa-mrbt_ws/src/simplified_marine_sim/src/sim.cpp:478:38:[m[K [01;31m[Kerror: [m[Kno matching function for call to â€˜[01m[KPlanner::Planner(int&)[m[Kâ€™
[1.834s]   478 |             Planner planner(step_size[01;31m[K)[m[K;
[1.834s]       |                                      [01;31m[K^[m[K
[1.834s] In file included from [01m[K/home/emily/sa-mrbt_ws/src/simplified_marine_sim/include/robot.hpp:7[m[K,
[1.834s]                  from [01m[K/home/emily/sa-mrbt_ws/src/simplified_marine_sim/include/world.hpp:8[m[K,
[1.834s]                  from [01m[K/home/emily/sa-mrbt_ws/src/simplified_marine_sim/src/sim.cpp:8[m[K:
[1.834s] [01m[K/home/emily/sa-mrbt_ws/src/simplified_marine_sim/include/planners.hpp:30:5:[m[K [01;36m[Knote: [m[Kcandidate: â€˜[01m[KPlanner::Planner(int, World*)[m[Kâ€™
[1.834s]    30 |     [01;36m[KPlanner[m[K(int step_size, World* w);
[1.834s]       |     [01;36m[K^~~~~~~[m[K
[1.835s] [01m[K/home/emily/sa-mrbt_ws/src/simplified_marine_sim/include/planners.hpp:30:5:[m[K [01;36m[Knote: [m[K  candidate expects 2 arguments, 1 provided
[1.835s] [01m[K/home/emily/sa-mrbt_ws/src/simplified_marine_sim/include/planners.hpp:23:7:[m[K [01;36m[Knote: [m[Kcandidate: â€˜[01m[KPlanner::Planner(const Planner&)[m[Kâ€™
[1.835s]    23 | class [01;36m[KPlanner[m[K {
[1.835s]       |       [01;36m[K^~~~~~~[m[K
[1.835s] [01m[K/home/emily/sa-mrbt_ws/src/simplified_marine_sim/include/planners.hpp:23:7:[m[K [01;36m[Knote: [m[K  no known conversion for argument 1 from â€˜[01m[Kint[m[Kâ€™ to â€˜[01m[Kconst Planner&[m[Kâ€™
[1.835s] [01m[K/home/emily/sa-mrbt_ws/src/simplified_marine_sim/include/planners.hpp:23:7:[m[K [01;36m[Knote: [m[Kcandidate: â€˜[01m[KPlanner::Planner(Planner&&)[m[Kâ€™
[1.835s] [01m[K/home/emily/sa-mrbt_ws/src/simplified_marine_sim/include/planners.hpp:23:7:[m[K [01;36m[Knote: [m[K  no known conversion for argument 1 from â€˜[01m[Kint[m[Kâ€™ to â€˜[01m[KPlanner&&[m[Kâ€™
[2.489s] gmake[2]: *** [CMakeFiles/sim.dir/build.make:174: CMakeFiles/sim.dir/src/planners.cpp.o] Error 1
[2.489s] gmake[2]: *** Waiting for unfinished jobs....
[3.445s] gmake[2]: *** [CMakeFiles/sim.dir/build.make:76: CMakeFiles/sim.dir/src/sim.cpp.o] Error 1
[3.445s] gmake[1]: *** [CMakeFiles/Makefile2:137: CMakeFiles/sim.dir/all] Error 2
[3.445s] gmake: *** [Makefile:146: all] Error 2
[3.447s] Invoked command in '/home/emily/sa-mrbt_ws/build/simulator' returned '2': CMAKE_PREFIX_PATH=/home/emily/sa-mrbt_ws/install/behaviortree_cpp:/home/emily/sa-mrbt_ws/install/simulator:/opt/ros/iron /usr/bin/cmake --build /home/emily/sa-mrbt_ws/build/simulator -- -j12 -l12
