[0.006s] Invoking command in '/home/emily/sa-mrbt_ws/build/simulator': CMAKE_PREFIX_PATH=/home/emily/sa-mrbt_ws/install/behaviortree_cpp:/home/emily/sa-mrbt_ws/install/simulator:/opt/ros/iron /usr/bin/cmake --build /home/emily/sa-mrbt_ws/build/simulator -- -j12 -l12
[0.049s] [  7%] [32mBuilding CXX object CMakeFiles/sim.dir/src/CBGA.cpp.o[0m
[0.237s] [01m[K/home/emily/sa-mrbt_ws/src/simplified_marine_sim/src/CBGA.cpp:1702:4:[m[K [01;31m[Kerror: [m[Kunterminated comment
[0.238s]  1702 |    [01;31m[K/[m[K* winning_bids_matrix_i = {
[0.238s]       |    [01;31m[K^[m[K
[1.631s] [01m[K/home/emily/sa-mrbt_ws/src/simplified_marine_sim/src/CBGA.cpp:[m[K In member function â€˜[01m[Kvoid CBGA::testResolveConflicts(int, std::vector<Msg>&, std::vector<std::vector<double, std::allocator<double> > >&, std::unordered_map<int, double>&, int, std::vector<std::vector<double, std::allocator<double> > >&, std::unordered_map<int, double>&)[m[Kâ€™:
[1.631s] [01m[K/home/emily/sa-mrbt_ws/src/simplified_marine_sim/src/CBGA.cpp:1663:51:[m[K [01;31m[Kerror: [m[Kexpected â€˜[01m[K}[m[Kâ€™ at end of input
[1.631s]  1663 |     winning_bids_matrix_k[task_j-1][id_k-1] = 4.0;[01;31m[K [m[K// relevant, defer to k knowledge of self, lower than current lowest (which happens to be k)
[1.631s]       |                                                   [01;31m[K^[m[K
[1.631s] [01m[K/home/emily/sa-mrbt_ws/src/simplified_marine_sim/src/CBGA.cpp:1571:118:[m[K [01;36m[Knote: [m[Kto match this â€˜[01m[K{[m[Kâ€™
[1.631s]  1571 | std::vector<double>>& winning_bids_matrix_k, std::unordered_map<int,double>& timestamps_k) [01;36m[K{[m[K
[1.631s]       |                                                                                            [01;36m[K^[m[K
[1.631s] 
[2.425s] gmake[2]: *** [CMakeFiles/sim.dir/build.make:104: CMakeFiles/sim.dir/src/CBGA.cpp.o] Error 1
[2.425s] gmake[1]: *** [CMakeFiles/Makefile2:137: CMakeFiles/sim.dir/all] Error 2
[2.426s] gmake: *** [Makefile:146: all] Error 2
[2.427s] Invoked command in '/home/emily/sa-mrbt_ws/build/simulator' returned '2': CMAKE_PREFIX_PATH=/home/emily/sa-mrbt_ws/install/behaviortree_cpp:/home/emily/sa-mrbt_ws/install/simulator:/opt/ros/iron /usr/bin/cmake --build /home/emily/sa-mrbt_ws/build/simulator -- -j12 -l12
