[0.006s] Invoking command in '/home/emily/sa-mrbt_ws/build/simulator': CMAKE_PREFIX_PATH=/home/emily/sa-mrbt_ws/install/behaviortree_cpp:/home/emily/sa-mrbt_ws/install/simulator:/opt/ros/iron /usr/bin/cmake --build /home/emily/sa-mrbt_ws/build/simulator -- -j12 -l12
[0.040s] [35m[1mConsolidate compiler generated dependencies of target sim[0m
[0.063s] [  7%] [32mBuilding CXX object CMakeFiles/sim.dir/src/world.cpp.o[0m
[1.626s] [01m[K/home/emily/sa-mrbt_ws/src/simplified_marine_sim/src/world.cpp:[m[K In member function â€˜[01m[Kstd::vector<int> World::getRobotCapabilities(Robot*)[m[Kâ€™:
[1.626s] [01m[K/home/emily/sa-mrbt_ws/src/simplified_marine_sim/src/world.cpp:305:127:[m[K [01;31m[Kerror: [m[Kâ€˜[01m[Kseems[m[Kâ€™ was not declared in this scope
[1.626s]   305 | ==1 || robot_capabilities_by_type[i] == 2) && task_types[i]==local_task.type) { [01;31m[Kseems[m[K redundant since task_types created from local tasks via parser
[1.626s]       |                                                                                 [01;31m[K^~~~~[m[K
[1.626s] 
[2.455s] gmake[2]: *** [CMakeFiles/sim.dir/build.make:160: CMakeFiles/sim.dir/src/world.cpp.o] Error 1
[2.455s] gmake[1]: *** [CMakeFiles/Makefile2:137: CMakeFiles/sim.dir/all] Error 2
[2.456s] gmake: *** [Makefile:146: all] Error 2
[2.457s] Invoked command in '/home/emily/sa-mrbt_ws/build/simulator' returned '2': CMAKE_PREFIX_PATH=/home/emily/sa-mrbt_ws/install/behaviortree_cpp:/home/emily/sa-mrbt_ws/install/simulator:/opt/ros/iron /usr/bin/cmake --build /home/emily/sa-mrbt_ws/build/simulator -- -j12 -l12
