[0.006s] Invoking command in '/home/emily/sa-mrbt_ws/build/simulator': CMAKE_PREFIX_PATH=/home/emily/sa-mrbt_ws/install/behaviortree_cpp:/home/emily/sa-mrbt_ws/install/simulator:/opt/ros/iron /usr/bin/cmake --build /home/emily/sa-mrbt_ws/build/simulator -- -j12 -l12
[0.040s] [35m[1mConsolidate compiler generated dependencies of target sim[0m
[0.065s] [  7%] [32mBuilding CXX object CMakeFiles/sim.dir/src/CBGA.cpp.o[0m
[0.065s] [ 23%] [32mBuilding CXX object CMakeFiles/sim.dir/src/message.cpp.o[0m
[0.066s] [ 23%] [32mBuilding CXX object CMakeFiles/sim.dir/src/sim.cpp.o[0m
[0.066s] [ 30%] [32mBuilding CXX object CMakeFiles/sim.dir/src/CBBA.cpp.o[0m
[0.066s] [ 38%] [32mBuilding CXX object CMakeFiles/sim.dir/src/world.cpp.o[0m
[0.071s] [ 53%] [32mBuilding CXX object CMakeFiles/sim.dir/src/planners.cpp.o[0m
[0.071s] [ 53%] [32mBuilding CXX object CMakeFiles/sim.dir/src/robot.cpp.o[0m
[0.071s] [ 61%] [32mBuilding CXX object CMakeFiles/sim.dir/src/behavior_tree.cpp.o[0m
[0.071s] [ 69%] [32mBuilding CXX object CMakeFiles/sim.dir/src/parser.cpp.o[0m
[0.071s] [ 76%] [32mBuilding CXX object CMakeFiles/sim.dir/src/greedy.cpp.o[0m
[3.545s] [01m[K/home/emily/sa-mrbt_ws/src/simplified_marine_sim/src/sim.cpp:[m[K In function â€˜[01m[Kint main(int, char**)[m[Kâ€™:
[3.546s] [01m[K/home/emily/sa-mrbt_ws/src/simplified_marine_sim/src/sim.cpp:626:21:[m[K [01;31m[Kerror: [m[Kredeclaration of â€˜[01m[Kstd::string filename[m[Kâ€™
[3.546s]   626 |         std::string [01;31m[Kfilename[m[K = "discounted_reward_data.csv";
[3.546s]       |                     [01;31m[K^~~~~~~~[m[K
[3.546s] [01m[K/home/emily/sa-mrbt_ws/src/simplified_marine_sim/src/sim.cpp:621:21:[m[K [01;36m[Knote: [m[Kâ€˜[01m[Kstd::string filename[m[Kâ€™ previously declared here
[3.546s]   621 |         std::string [01;36m[Kfilename[m[K = "reward_data.csv";
[3.546s]       |                     [01;36m[K^~~~~~~~[m[K
[3.546s] [01m[K/home/emily/sa-mrbt_ws/src/simplified_marine_sim/src/sim.cpp:627:23:[m[K [01;31m[Kerror: [m[Kredeclaration of â€˜[01m[Kstd::ofstream file[m[Kâ€™
[3.546s]   627 |         std::ofstream [01;31m[Kfile[m[K(filename);  // overwrites existing file
[3.546s]       |                       [01;31m[K^~~~[m[K
[3.546s] [01m[K/home/emily/sa-mrbt_ws/src/simplified_marine_sim/src/sim.cpp:622:23:[m[K [01;36m[Knote: [m[Kâ€˜[01m[Kstd::ofstream file[m[Kâ€™ previously declared here
[3.546s]   622 |         std::ofstream [01;36m[Kfile[m[K(filename);  // overwrites existing file
[3.546s]       |                       [01;36m[K^~~~[m[K
[3.561s] [01m[K/home/emily/sa-mrbt_ws/src/simplified_marine_sim/src/sim.cpp:679:19:[m[K [01;31m[Kerror: [m[Kâ€˜[01m[Kclass World[m[Kâ€™ has no member named â€˜[01m[KgetDoRecording[m[Kâ€™; did you mean â€˜[01m[KgetDoRecordingFlag[m[Kâ€™?
[3.561s]   679 |         if (world.[01;31m[KgetDoRecording[m[K()) {
[3.561s]       |                   [01;31m[K^~~~~~~~~~~~~~[m[K
[3.561s]       |                   [32m[KgetDoRecordingFlag[m[K
[5.674s] gmake[2]: *** [CMakeFiles/sim.dir/build.make:76: CMakeFiles/sim.dir/src/sim.cpp.o] Error 1
[5.674s] gmake[2]: *** Waiting for unfinished jobs....
[8.107s] gmake[1]: *** [CMakeFiles/Makefile2:137: CMakeFiles/sim.dir/all] Error 2
[8.107s] gmake: *** [Makefile:146: all] Error 2
[8.108s] Invoked command in '/home/emily/sa-mrbt_ws/build/simulator' returned '2': CMAKE_PREFIX_PATH=/home/emily/sa-mrbt_ws/install/behaviortree_cpp:/home/emily/sa-mrbt_ws/install/simulator:/opt/ros/iron /usr/bin/cmake --build /home/emily/sa-mrbt_ws/build/simulator -- -j12 -l12
