[0.006s] Invoking command in '/home/emily/sa-mrbt_ws/build/simulator': AMENT_PREFIX_PATH=/home/emily/sa-mrbt_ws/install/behaviortree_cpp:${AMENT_PREFIX_PATH} CMAKE_PREFIX_PATH=/home/emily/sa-mrbt_ws/install/behaviortree_cpp:/opt/ros/iron LD_LIBRARY_PATH=/home/emily/sa-mrbt_ws/install/behaviortree_cpp/lib:${LD_LIBRARY_PATH} PATH=/home/emily/sa-mrbt_ws/install/behaviortree_cpp/bin:${PATH} /usr/bin/cmake --build /home/emily/sa-mrbt_ws/build/simulator -- -j12 -l12
[0.041s] [35m[1mConsolidate compiler generated dependencies of target sim[0m
[0.063s] [  7%] [32mBuilding CXX object CMakeFiles/sim.dir/src/world.cpp.o[0m
[0.064s] [ 15%] [32mBuilding CXX object CMakeFiles/sim.dir/src/robot.cpp.o[0m
[0.064s] [ 23%] [32mBuilding CXX object CMakeFiles/sim.dir/src/behavior_tree.cpp.o[0m
[1.897s] [01m[K/home/emily/sa-mrbt_ws/src/simplified_marine_sim/src/world.cpp:[m[K In member function â€˜[01m[Kint World::getPrerequisiteFailureThreshold(std::string)[m[Kâ€™:
[1.897s] [01m[K/home/emily/sa-mrbt_ws/src/simplified_marine_sim/src/world.cpp:935:18:[m[K [01;31m[Kerror: [m[Kâ€˜[01m[Kconst struct std::pair<const int, TaskInfo>[m[Kâ€™ has no member named â€˜[01m[Kname[m[Kâ€™
[1.897s]   935 |         if (task.[01;31m[Kname[m[K == subtask_name) {
[1.897s]       |                  [01;31m[K^~~~[m[K
[1.898s] [01m[K/home/emily/sa-mrbt_ws/src/simplified_marine_sim/src/world.cpp:936:25:[m[K [01;31m[Kerror: [m[Kâ€˜[01m[Kconst struct std::pair<const int, TaskInfo>[m[Kâ€™ has no member named â€˜[01m[Kprerequisite_failures[m[Kâ€™
[1.898s]   936 |             return task.[01;31m[Kprerequisite_failures[m[K;
[1.898s]       |                         [01;31m[K^~~~~~~~~~~~~~~~~~~~~[m[K
[1.903s] [01m[K/home/emily/sa-mrbt_ws/src/simplified_marine_sim/src/world.cpp:940:12:[m[K [01;31m[Kerror: [m[Kâ€˜[01m[Kfailure_threshold[m[Kâ€™ was not declared in this scope
[1.903s]   940 |     return [01;31m[Kfailure_threshold[m[K;
[1.903s]       |            [01;31m[K^~~~~~~~~~~~~~~~~[m[K
[2.918s] gmake[2]: *** [CMakeFiles/sim.dir/build.make:160: CMakeFiles/sim.dir/src/world.cpp.o] Error 1
[2.918s] gmake[2]: *** Waiting for unfinished jobs....
[3.353s] [01m[K/home/emily/sa-mrbt_ws/src/simplified_marine_sim/src/robot.cpp:[m[K In member function â€˜[01m[Kstd::unordered_map<int, std::unordered_map<int, bool> > Robot::initSubtaskFailures()[m[Kâ€™:
[3.353s] [01m[K/home/emily/sa-mrbt_ws/src/simplified_marine_sim/src/robot.cpp:263:58:[m[K [01;31m[Kerror: [m[Kâ€˜[01m[Kstd::unordered_map<int, TaskInfo> World::all_subtasks_info[m[Kâ€™ is protected within this context
[3.353s]   263 |     for (const auto& [subtask_id, subtask_info] : world->[01;31m[Kall_subtasks_info[m[K) {
[3.353s]       |                                                          [01;31m[K^~~~~~~~~~~~~~~~~[m[K
[3.353s] In file included from [01m[K/home/emily/sa-mrbt_ws/src/simplified_marine_sim/src/robot.cpp:4[m[K:
[3.353s] [01m[K/home/emily/sa-mrbt_ws/src/simplified_marine_sim/include/world.hpp:41:38:[m[K [01;36m[Knote: [m[Kdeclared protected here
[3.353s]    41 |     std::unordered_map<int,TaskInfo> [01;36m[Kall_subtasks_info[m[K; // not initially available for assignment, each one triggered to be available by a certain fault
[3.353s]       |                                      [01;36m[K^~~~~~~~~~~~~~~~~[m[K
[3.353s] [01m[K/home/emily/sa-mrbt_ws/src/simplified_marine_sim/src/robot.cpp:[m[K At global scope:
[3.354s] [01m[K/home/emily/sa-mrbt_ws/src/simplified_marine_sim/src/robot.cpp:274:6:[m[K [01;31m[Kerror: [m[Kno declaration matches â€˜[01m[Kvoid Robot::setSubtaskFailure(int, int, bool)[m[Kâ€™
[3.354s]   274 | void [01;31m[KRobot[m[K::setSubtaskFailure(int subtask_id, int agent_id, bool failed) {
[3.354s]       |      [01;31m[K^~~~~[m[K
[3.354s] In file included from [01m[K/home/emily/sa-mrbt_ws/src/simplified_marine_sim/include/world.hpp:8[m[K,
[3.354s]                  from [01m[K/home/emily/sa-mrbt_ws/src/simplified_marine_sim/src/robot.cpp:4[m[K:
[3.354s] [01m[K/home/emily/sa-mrbt_ws/src/simplified_marine_sim/include/robot.hpp:96:10:[m[K [01;36m[Knote: [m[Kcandidate is: â€˜[01m[Kbool Robot::setSubtaskFailure(int, int, bool)[m[Kâ€™
[3.354s]    96 |     bool [01;36m[KsetSubtaskFailure[m[K(int subtask_id, int agent_id, bool failed);
[3.354s]       |          [01;36m[K^~~~~~~~~~~~~~~~~[m[K
[3.354s] In file included from [01m[K/home/emily/sa-mrbt_ws/src/simplified_marine_sim/include/world.hpp:8[m[K,
[3.354s]                  from [01m[K/home/emily/sa-mrbt_ws/src/simplified_marine_sim/src/robot.cpp:4[m[K:
[3.354s] [01m[K/home/emily/sa-mrbt_ws/src/simplified_marine_sim/include/robot.hpp:19:7:[m[K [01;36m[Knote: [m[Kâ€˜[01m[Kclass Robot[m[Kâ€™ defined here
[3.354s]    19 | class [01;36m[KRobot[m[K {
[3.354s]       |       [01;36m[K^~~~~[m[K
[4.544s] gmake[2]: *** [CMakeFiles/sim.dir/build.make:188: CMakeFiles/sim.dir/src/robot.cpp.o] Error 1
[4.544s] gmake[1]: *** [CMakeFiles/Makefile2:137: CMakeFiles/sim.dir/all] Error 2
[4.544s] gmake: *** [Makefile:146: all] Error 2
[4.545s] Invoked command in '/home/emily/sa-mrbt_ws/build/simulator' returned '2': AMENT_PREFIX_PATH=/home/emily/sa-mrbt_ws/install/behaviortree_cpp:${AMENT_PREFIX_PATH} CMAKE_PREFIX_PATH=/home/emily/sa-mrbt_ws/install/behaviortree_cpp:/opt/ros/iron LD_LIBRARY_PATH=/home/emily/sa-mrbt_ws/install/behaviortree_cpp/lib:${LD_LIBRARY_PATH} PATH=/home/emily/sa-mrbt_ws/install/behaviortree_cpp/bin:${PATH} /usr/bin/cmake --build /home/emily/sa-mrbt_ws/build/simulator -- -j12 -l12
