[0.007s] Invoking command in '/home/emily/sa-mrbt_ws/build/behaviortree_cpp': CMAKE_PREFIX_PATH=${CMAKE_PREFIX_PATH}:/opt/ros/iron /usr/bin/cmake --build /home/emily/sa-mrbt_ws/build/behaviortree_cpp -- -j12 -l12
[0.042s] [  3%] Built target lexy_file
[0.042s] [  3%] Built target minitrace
[0.042s] [  5%] Built target gtest
[0.043s] [  6%] Built target gtest_main
[0.058s] [35m[1mConsolidate compiler generated dependencies of target behaviortree_cpp[0m
[0.098s] [  7%] [32mBuilding CXX object CMakeFiles/behaviortree_cpp.dir/src/controls/counter_sequence.cpp.o[0m
[1.173s] [01m[K/home/emily/sa-mrbt_ws/src/BehaviorTree.CPP/src/controls/counter_sequence.cpp:[m[K In member function â€˜[01m[Kvirtual BT::NodeStatus BT::CounterSequence::tick()[m[Kâ€™:
[1.173s] [01m[K/home/emily/sa-mrbt_ws/src/BehaviorTree.CPP/src/controls/counter_sequence.cpp:48:25:[m[K [01;31m[Kerror: [m[Kâ€˜[01m[Ktask_is_main[m[Kâ€™ was not declared in this scope; did you mean â€˜[01m[Ktask_is_main_[m[Kâ€™?
[1.173s]    48 |         task_is_main_ = [01;31m[Ktask_is_main[m[K.value();
[1.173s]       |                         [01;31m[K^~~~~~~~~~~~[m[K
[1.173s]       |                         [32m[Ktask_is_main_[m[K
[1.810s] gmake[2]: *** [CMakeFiles/behaviortree_cpp.dir/build.make:482: CMakeFiles/behaviortree_cpp.dir/src/controls/counter_sequence.cpp.o] Error 1
[1.810s] gmake[1]: *** [CMakeFiles/Makefile2:340: CMakeFiles/behaviortree_cpp.dir/all] Error 2
[1.810s] gmake: *** [Makefile:146: all] Error 2
[1.812s] Invoked command in '/home/emily/sa-mrbt_ws/build/behaviortree_cpp' returned '2': CMAKE_PREFIX_PATH=${CMAKE_PREFIX_PATH}:/opt/ros/iron /usr/bin/cmake --build /home/emily/sa-mrbt_ws/build/behaviortree_cpp -- -j12 -l12
