[01m[K/home/emily/sa-mrbt_ws/src/simplified_marine_sim/src/CBGA.cpp:[m[K In member function â€˜[01m[Kvoid CBGA::bundleAdd(std::vector<int>&, std::vector<int>&, std::map<int, double>&, std::vector<std::vector<double, std::allocator<double> > >&)[m[Kâ€™:
[01m[K/home/emily/sa-mrbt_ws/src/simplified_marine_sim/src/CBGA.cpp:943:39:[m[K [01;31m[Kerror: [m[Kno matching function for call to â€˜[01m[KlogUnorderedMap(std::unordered_map<std::__cxx11::basic_string<char>, int>&)[m[Kâ€™
  943 |                 [01;31m[Kutils::logUnorderedMap(task_group_max_size)[m[K;
      |                 [01;31m[K~~~~~~~~~~~~~~~~~~~~~~^~~~~~~~~~~~~~~~~~~~~[m[K
In file included from [01m[K/home/emily/sa-mrbt_ws/src/simplified_marine_sim/src/CBGA.cpp:11[m[K:
[01m[K/home/emily/sa-mrbt_ws/src/simplified_marine_sim/include/utils.hpp:83:6:[m[K [01;36m[Knote: [m[Kcandidate: â€˜[01m[Ktemplate<class K, class V> void utils::logUnorderedMap(const std::unordered_map<K, V>&, Robot&)[m[Kâ€™
   83 | void [01;36m[KlogUnorderedMap[m[K(const std::unordered_map<K, V>& my_map, Robot& robot) {
      |      [01;36m[K^~~~~~~~~~~~~~~[m[K
[01m[K/home/emily/sa-mrbt_ws/src/simplified_marine_sim/include/utils.hpp:83:6:[m[K [01;36m[Knote: [m[K  template argument deduction/substitution failed:
[01m[K/home/emily/sa-mrbt_ws/src/simplified_marine_sim/src/CBGA.cpp:943:39:[m[K [01;36m[Knote: [m[K  candidate expects 2 arguments, 1 provided
  943 |                 [01;36m[Kutils::logUnorderedMap(task_group_max_size)[m[K;
      |                 [01;36m[K~~~~~~~~~~~~~~~~~~~~~~^~~~~~~~~~~~~~~~~~~~~[m[K
gmake[2]: *** [CMakeFiles/sim.dir/build.make:104: CMakeFiles/sim.dir/src/CBGA.cpp.o] Error 1
gmake[1]: *** [CMakeFiles/Makefile2:137: CMakeFiles/sim.dir/all] Error 2
gmake: *** [Makefile:146: all] Error 2
