[0.006s] Invoking command in '/home/emily/sa-mrbt_ws/build/simulator': CMAKE_PREFIX_PATH=/home/emily/sa-mrbt_ws/install/behaviortree_cpp:/home/emily/sa-mrbt_ws/install/simulator:/opt/ros/iron /usr/bin/cmake --build /home/emily/sa-mrbt_ws/build/simulator -- -j12 -l12
[0.048s] [  7%] [32mBuilding CXX object CMakeFiles/sim.dir/src/CBGA.cpp.o[0m
[1.591s] [01m[K/home/emily/sa-mrbt_ws/src/simplified_marine_sim/src/CBGA.cpp:[m[K In member function â€˜[01m[Kvoid CBGA::bundleAdd(std::vector<int>&, std::vector<int>&, std::map<int, double>&, std::vector<std::vector<double, std::allocator<double> > >&)[m[Kâ€™:
[1.591s] [01m[K/home/emily/sa-mrbt_ws/src/simplified_marine_sim/src/CBGA.cpp:1060:41:[m[K [01;31m[Kerror: [m[Kâ€˜[01m[Klocal_win_indicator_h[m[Kâ€™ was not declared in this scope
[1.591s]  1060 |             int J = getBestTaskID(bids, [01;31m[Klocal_win_indicator_h[m[K, bundle);
[1.591s]       |                                         [01;31m[K^~~~~~~~~~~~~~~~~~~~~[m[K
[1.591s] [01m[K/home/emily/sa-mrbt_ws/src/simplified_marine_sim/src/CBGA.cpp:1064:17:[m[K [01;31m[Kerror: [m[Kbreak statement not within loop or switch
[1.591s]  1064 |                 [01;31m[Kbreak[m[K;
[1.591s]       |                 [01;31m[K^~~~~[m[K
[1.597s] [01m[K/home/emily/sa-mrbt_ws/src/simplified_marine_sim/src/CBGA.cpp:1069:21:[m[K [01;31m[Kerror: [m[Kâ€˜[01m[Kbest_position_n_tracker[m[Kâ€™ was not declared in this scope
[1.597s]  1069 |             int n = [01;31m[Kbest_position_n_tracker[m[K[J];
[1.597s]       |                     [01;31m[K^~~~~~~~~~~~~~~~~~~~~~~[m[K
[1.597s] [01m[K/home/emily/sa-mrbt_ws/src/simplified_marine_sim/src/CBGA.cpp:1092:9:[m[K [01;31m[Kerror: [m[Kexpected â€˜[01m[Kcatch[m[Kâ€™ before â€˜[01m[Krobot[m[Kâ€™
[1.597s]  1092 |         [01;31m[Krobot[m[K.log_info("==========in bundleAdd END==========");
[1.597s]       |         [01;31m[K^~~~~[m[K
[1.597s] [01m[K/home/emily/sa-mrbt_ws/src/simplified_marine_sim/src/CBGA.cpp:1092:9:[m[K [01;31m[Kerror: [m[Kexpected â€˜[01m[K([m[Kâ€™ before â€˜[01m[Krobot[m[Kâ€™
[1.597s]  1092 |         [01;31m[Kr[m[K[32m[Kobot[m[K.log_info("==========in bundleAdd END==========");
[1.597s]       |         [01;31m[K^[m[K[32m[K~~~~[m[K
[1.597s]       |         [32m[K([m[K
[1.598s] [01m[K/home/emily/sa-mrbt_ws/src/simplified_marine_sim/src/CBGA.cpp:1092:9:[m[K [01;31m[Kerror: [m[Kâ€˜[01m[Krobot[m[Kâ€™ does not name a type; did you mean â€˜[01m[KRobot[m[Kâ€™?
[1.598s]  1092 |         [01;31m[Krobot[m[K.log_info("==========in bundleAdd END==========");
[1.598s]       |         [01;31m[K^~~~~[m[K
[1.598s]       |         [32m[KRobot[m[K
[1.598s] [01m[K/home/emily/sa-mrbt_ws/src/simplified_marine_sim/src/CBGA.cpp:1092:14:[m[K [01;31m[Kerror: [m[Kexpected â€˜[01m[K)[m[Kâ€™ before â€˜[01m[K.[m[Kâ€™ token
[1.598s]  1092 |         [34m[Krobot[m[K[01;31m[K.[m[Klog_info("==========in bundleAdd END==========");
[1.598s]       |         [34m[K~~~~~[m[K[01;31m[K^[m[K
[1.598s]       |              [32m[K)[m[K
[1.598s] [01m[K/home/emily/sa-mrbt_ws/src/simplified_marine_sim/src/CBGA.cpp:1092:14:[m[K [01;31m[Kerror: [m[Kexpected â€˜[01m[K{[m[Kâ€™ before â€˜[01m[K.[m[Kâ€™ token
[1.598s] [01m[K/home/emily/sa-mrbt_ws/src/simplified_marine_sim/src/CBGA.cpp:1092:14:[m[K [01;31m[Kerror: [m[Kexpected primary-expression before â€˜[01m[K.[m[Kâ€™ token
[1.598s] [01m[K/home/emily/sa-mrbt_ws/src/simplified_marine_sim/src/CBGA.cpp:[m[K At global scope:
[1.599s] [01m[K/home/emily/sa-mrbt_ws/src/simplified_marine_sim/src/CBGA.cpp:1101:7:[m[K [01;31m[Kerror: [m[Kexpected unqualified-id before â€˜[01m[Kcatch[m[Kâ€™
[1.599s]  1101 |     } [01;31m[Kcatch[m[K (const std::exception& e) {
[1.599s]       |       [01;31m[K^~~~~[m[K
[1.599s] [01m[K/home/emily/sa-mrbt_ws/src/simplified_marine_sim/src/CBGA.cpp:1104:1:[m[K [01;31m[Kerror: [m[Kexpected declaration before â€˜[01m[K}[m[Kâ€™ token
[1.599s]  1104 | [01;31m[K}[m[K
[1.599s]       | [01;31m[K^[m[K
[2.372s] gmake[2]: *** [CMakeFiles/sim.dir/build.make:104: CMakeFiles/sim.dir/src/CBGA.cpp.o] Error 1
[2.372s] gmake[1]: *** [CMakeFiles/Makefile2:137: CMakeFiles/sim.dir/all] Error 2
[2.372s] gmake: *** [Makefile:146: all] Error 2
[2.374s] Invoked command in '/home/emily/sa-mrbt_ws/build/simulator' returned '2': CMAKE_PREFIX_PATH=/home/emily/sa-mrbt_ws/install/behaviortree_cpp:/home/emily/sa-mrbt_ws/install/simulator:/opt/ros/iron /usr/bin/cmake --build /home/emily/sa-mrbt_ws/build/simulator -- -j12 -l12
