[0.006s] Invoking command in '/home/emily/sa-mrbt_ws/build/simulator': CMAKE_PREFIX_PATH=/home/emily/sa-mrbt_ws/install/behaviortree_cpp:/home/emily/sa-mrbt_ws/install/simulator:/opt/ros/iron /usr/bin/cmake --build /home/emily/sa-mrbt_ws/build/simulator -- -j12 -l12
[0.038s] [35m[1mConsolidate compiler generated dependencies of target sim[0m
[0.063s] [ 38%] [32mBuilding CXX object CMakeFiles/sim.dir/src/sim.cpp.o[0m
[0.064s] [ 38%] [32mBuilding CXX object CMakeFiles/sim.dir/src/CBGA.cpp.o[0m
[0.064s] [ 38%] [32mBuilding CXX object CMakeFiles/sim.dir/src/CBBA.cpp.o[0m
[0.064s] [ 38%] [32mBuilding CXX object CMakeFiles/sim.dir/src/message.cpp.o[0m
[0.064s] [ 38%] [32mBuilding CXX object CMakeFiles/sim.dir/src/world.cpp.o[0m
[0.064s] [ 46%] [32mBuilding CXX object CMakeFiles/sim.dir/src/robot.cpp.o[0m
[0.064s] [ 53%] [32mBuilding CXX object CMakeFiles/sim.dir/src/planners.cpp.o[0m
[0.067s] [ 69%] [32mBuilding CXX object CMakeFiles/sim.dir/src/behavior_tree.cpp.o[0m
[0.067s] [ 69%] [32mBuilding CXX object CMakeFiles/sim.dir/src/parser.cpp.o[0m
[0.068s] [ 76%] [32mBuilding CXX object CMakeFiles/sim.dir/src/greedy.cpp.o[0m
[5.485s] [01m[K/home/emily/sa-mrbt_ws/src/simplified_marine_sim/src/robot.cpp:[m[K In member function â€˜[01m[Kvoid Robot::testNewSelfSubtaskFailures()[m[Kâ€™:
[5.485s] [01m[K/home/emily/sa-mrbt_ws/src/simplified_marine_sim/src/robot.cpp:468:47:[m[K [01;31m[Kerror: [m[Kâ€˜[01m[KnewSelfSubtaskFailures[m[Kâ€™ was not declared in this scope; did you mean â€˜[01m[KnewSelfSubtaskFailure[m[Kâ€™?
[5.485s]   468 |     std::pair<bool,std::vector<int>> result = [01;31m[KnewSelfSubtaskFailures[m[K();
[5.485s]       |                                               [01;31m[K^~~~~~~~~~~~~~~~~~~~~~[m[K
[5.485s]       |                                               [32m[KnewSelfSubtaskFailure[m[K
[5.486s] [01m[K/home/emily/sa-mrbt_ws/src/simplified_marine_sim/src/robot.cpp:[m[K At global scope:
[5.486s] [01m[K/home/emily/sa-mrbt_ws/src/simplified_marine_sim/src/robot.cpp:479:6:[m[K [01;31m[Kerror: [m[Kno declaration matches â€˜[01m[Kvoid Robot::updateSubtaskFailuresPerSelf()[m[Kâ€™
[5.486s]   479 | void [01;31m[KRobot[m[K::updateSubtaskFailuresPerSelf() {
[5.486s]       |      [01;31m[K^~~~~[m[K
[5.486s] [01m[K/home/emily/sa-mrbt_ws/src/simplified_marine_sim/src/robot.cpp:479:6:[m[K [01;36m[Knote: [m[Kno functions named â€˜[01m[Kvoid Robot::updateSubtaskFailuresPerSelf()[m[Kâ€™
[5.486s] In file included from [01m[K/home/emily/sa-mrbt_ws/src/simplified_marine_sim/include/world.hpp:8[m[K,
[5.486s]                  from [01m[K/home/emily/sa-mrbt_ws/src/simplified_marine_sim/src/robot.cpp:5[m[K:
[5.486s] [01m[K/home/emily/sa-mrbt_ws/src/simplified_marine_sim/include/robot.hpp:19:7:[m[K [01;36m[Knote: [m[Kâ€˜[01m[Kclass Robot[m[Kâ€™ defined here
[5.486s]    19 | class [01;36m[KRobot[m[K {
[5.486s]       |       [01;36m[K^~~~~[m[K
[5.486s] [01m[K/home/emily/sa-mrbt_ws/src/simplified_marine_sim/src/robot.cpp:485:6:[m[K [01;31m[Kerror: [m[Kno declaration matches â€˜[01m[Kvoid Robot::updateWinningBidsMatrixPostFailure()[m[Kâ€™
[5.487s]   485 | void [01;31m[KRobot[m[K::updateWinningBidsMatrixPostFailure() {
[5.487s]       |      [01;31m[K^~~~~[m[K
[5.487s] [01m[K/home/emily/sa-mrbt_ws/src/simplified_marine_sim/src/robot.cpp:485:6:[m[K [01;36m[Knote: [m[Kno functions named â€˜[01m[Kvoid Robot::updateWinningBidsMatrixPostFailure()[m[Kâ€™
[5.487s] In file included from [01m[K/home/emily/sa-mrbt_ws/src/simplified_marine_sim/include/world.hpp:8[m[K,
[5.487s]                  from [01m[K/home/emily/sa-mrbt_ws/src/simplified_marine_sim/src/robot.cpp:5[m[K:
[5.487s] [01m[K/home/emily/sa-mrbt_ws/src/simplified_marine_sim/include/robot.hpp:19:7:[m[K [01;36m[Knote: [m[Kâ€˜[01m[Kclass Robot[m[Kâ€™ defined here
[5.487s]    19 | class [01;36m[KRobot[m[K {
[5.487s]       |       [01;36m[K^~~~~[m[K
[6.826s] gmake[2]: *** [CMakeFiles/sim.dir/build.make:188: CMakeFiles/sim.dir/src/robot.cpp.o] Error 1
[6.826s] gmake[1]: *** [CMakeFiles/Makefile2:137: CMakeFiles/sim.dir/all] Error 2
[6.827s] gmake: *** [Makefile:146: all] Error 2
[6.828s] Invoked command in '/home/emily/sa-mrbt_ws/build/simulator' returned '2': CMAKE_PREFIX_PATH=/home/emily/sa-mrbt_ws/install/behaviortree_cpp:/home/emily/sa-mrbt_ws/install/simulator:/opt/ros/iron /usr/bin/cmake --build /home/emily/sa-mrbt_ws/build/simulator -- -j12 -l12
