[35m[1mConsolidate compiler generated dependencies of target sim[0m
[  7%] [32mBuilding CXX object CMakeFiles/sim.dir/src/CBGA.cpp.o[0m
[01m[K/home/emily/sa-mrbt_ws/src/simplified_marine_sim/src/CBGA.cpp:[m[K In member function â€˜[01m[Kvoid CBGA::buildBundle()[m[Kâ€™:
[01m[K/home/emily/sa-mrbt_ws/src/simplified_marine_sim/src/CBGA.cpp:109:32:[m[K [01;31m[Kerror: [m[Kâ€˜[01m[K_robot[m[Kâ€™ was not declared in this scope; did you mean â€˜[01m[Krobot[m[Kâ€™?
  109 |         utils::logUnorderedMap([01;31m[K_robot[m[K.getTaskProgress(), robot);
      |                                [01;31m[K^~~~~~[m[K
      |                                [32m[Krobot[m[K
gmake[2]: *** [CMakeFiles/sim.dir/build.make:104: CMakeFiles/sim.dir/src/CBGA.cpp.o] Error 1
gmake[1]: *** [CMakeFiles/Makefile2:137: CMakeFiles/sim.dir/all] Error 2
gmake: *** [Makefile:146: all] Error 2
