[01m[K/home/emily/sa-mrbt_ws/src/simplified_marine_sim/src/world.cpp:[m[K In member function â€˜[01m[Kbool World::inComms(int, int)[m[Kâ€™:
[01m[K/home/emily/sa-mrbt_ws/src/simplified_marine_sim/src/world.cpp:779:26:[m[K [01;31m[Kerror: [m[Kâ€˜[01m[Ks3[m[Kâ€™ was not declared in this scope; did you mean â€˜[01m[Ks2[m[Kâ€™?
  779 |         robot1->log_info([01;31m[Ks3[m[K); robot2->log_info(s3);
      |                          [01;31m[K^~[m[K
      |                          [32m[Ks2[m[K
gmake[2]: *** [CMakeFiles/sim.dir/build.make:160: CMakeFiles/sim.dir/src/world.cpp.o] Error 1
gmake[1]: *** [CMakeFiles/Makefile2:137: CMakeFiles/sim.dir/all] Error 2
gmake: *** [Makefile:146: all] Error 2
