[0.006s] Invoking command in '/home/emily/sa-mrbt_ws/build/simulator': CMAKE_PREFIX_PATH=/home/emily/sa-mrbt_ws/install/behaviortree_cpp:/home/emily/sa-mrbt_ws/install/simulator:/opt/ros/iron /usr/bin/cmake --build /home/emily/sa-mrbt_ws/build/simulator -- -j12 -l12
[0.049s] [  7%] [32mBuilding CXX object CMakeFiles/sim.dir/src/world.cpp.o[0m
[1.715s] [01m[K/home/emily/sa-mrbt_ws/src/simplified_marine_sim/src/world.cpp:[m[K In member function â€˜[01m[Kbool World::inComms(int, int)[m[Kâ€™:
[1.716s] [01m[K/home/emily/sa-mrbt_ws/src/simplified_marine_sim/src/world.cpp:779:26:[m[K [01;31m[Kerror: [m[Kâ€˜[01m[Ks3[m[Kâ€™ was not declared in this scope; did you mean â€˜[01m[Ks2[m[Kâ€™?
[1.716s]   779 |         robot1->log_info([01;31m[Ks3[m[K); robot2->log_info(s3);
[1.716s]       |                          [01;31m[K^~[m[K
[1.716s]       |                          [32m[Ks2[m[K
[2.900s] gmake[2]: *** [CMakeFiles/sim.dir/build.make:160: CMakeFiles/sim.dir/src/world.cpp.o] Error 1
[2.900s] gmake[1]: *** [CMakeFiles/Makefile2:137: CMakeFiles/sim.dir/all] Error 2
[2.900s] gmake: *** [Makefile:146: all] Error 2
[2.902s] Invoked command in '/home/emily/sa-mrbt_ws/build/simulator' returned '2': CMAKE_PREFIX_PATH=/home/emily/sa-mrbt_ws/install/behaviortree_cpp:/home/emily/sa-mrbt_ws/install/simulator:/opt/ros/iron /usr/bin/cmake --build /home/emily/sa-mrbt_ws/build/simulator -- -j12 -l12
