[0.006s] Invoking command in '/home/emily/sa-mrbt_ws/build/simulator': CMAKE_PREFIX_PATH=/home/emily/sa-mrbt_ws/install/behaviortree_cpp:/home/emily/sa-mrbt_ws/install/simulator:/opt/ros/iron /usr/bin/cmake --build /home/emily/sa-mrbt_ws/build/simulator -- -j12 -l12
[0.038s] [35m[1mConsolidate compiler generated dependencies of target sim[0m
[0.062s] [  7%] [32mBuilding CXX object CMakeFiles/sim.dir/src/world.cpp.o[0m
[1.669s] [01m[K/home/emily/sa-mrbt_ws/src/simplified_marine_sim/src/world.cpp:[m[K In member function â€˜[01m[Kstd::unordered_map<int, TaskInfo> World::initAllTasksInfo()[m[Kâ€™:
[1.669s] [01m[K/home/emily/sa-mrbt_ws/src/simplified_marine_sim/src/world.cpp:228:13:[m[K [01;31m[Kerror: [m[Kâ€˜[01m[Kprerequisute_failures[m[Kâ€™ was not declared in this scope
[1.669s]   228 |             [01;31m[Kprerequisute_failures[m[K, // int
[1.670s]       |             [01;31m[K^~~~~~~~~~~~~~~~~~~~~[m[K
[1.679s] [01m[K/home/emily/sa-mrbt_ws/src/simplified_marine_sim/src/world.cpp:[m[K In member function â€˜[01m[Kstd::unordered_map<int, TaskInfo> World::initAllSubTasksInfo()[m[Kâ€™:
[1.679s] [01m[K/home/emily/sa-mrbt_ws/src/simplified_marine_sim/src/world.cpp:277:13:[m[K [01;31m[Kerror: [m[Kâ€˜[01m[Ksub_tasks[m[Kâ€™ was not declared in this scope; did you mean â€˜[01m[Knum_tasks[m[Kâ€™?
[1.679s]   277 |             [01;31m[Ksub_tasks[m[K, // std::vector<std::string>
[1.679s]       |             [01;31m[K^~~~~~~~~[m[K
[1.679s]       |             [32m[Knum_tasks[m[K
[1.680s] [01m[K/home/emily/sa-mrbt_ws/src/simplified_marine_sim/src/world.cpp:[m[K In member function â€˜[01m[Kint& World::getTaskGroupSize(int)[m[Kâ€™:
[1.680s] [01m[K/home/emily/sa-mrbt_ws/src/simplified_marine_sim/src/world.cpp:336:22:[m[K [01;31m[Kerror: [m[Kâ€˜[01m[Kstruct TaskInfo[m[Kâ€™ has no member named â€˜[01m[Kgroup_size[m[Kâ€™
[1.680s]   336 |     return task_info.[01;31m[Kgroup_size[m[K;
[1.680s]       |                      [01;31m[K^~~~~~~~~~[m[K
[1.696s] [01m[K/home/emily/sa-mrbt_ws/src/simplified_marine_sim/src/world.cpp:[m[K In member function â€˜[01m[Kbool World::clearPathFullGroupPresent(int)[m[Kâ€™:
[1.696s] [01m[K/home/emily/sa-mrbt_ws/src/simplified_marine_sim/src/world.cpp:777:50:[m[K [01;31m[Kerror: [m[Kâ€˜[01m[Kstruct TaskInfo[m[Kâ€™ has no member named â€˜[01m[Kgroup_size[m[Kâ€™
[1.696s]   777 |     if (count_robots_at_location == current_task.[01;31m[Kgroup_size[m[K) {
[1.696s]       |                                                  [01;31m[K^~~~~~~~~~[m[K
[2.578s] gmake[2]: *** [CMakeFiles/sim.dir/build.make:160: CMakeFiles/sim.dir/src/world.cpp.o] Error 1
[2.579s] gmake[1]: *** [CMakeFiles/Makefile2:137: CMakeFiles/sim.dir/all] Error 2
[2.579s] gmake: *** [Makefile:146: all] Error 2
[2.580s] Invoked command in '/home/emily/sa-mrbt_ws/build/simulator' returned '2': CMAKE_PREFIX_PATH=/home/emily/sa-mrbt_ws/install/behaviortree_cpp:/home/emily/sa-mrbt_ws/install/simulator:/opt/ros/iron /usr/bin/cmake --build /home/emily/sa-mrbt_ws/build/simulator -- -j12 -l12
