[0.007s] Invoking command in '/home/emily/sa-mrbt_ws/build/simulator': CMAKE_PREFIX_PATH=/home/emily/sa-mrbt_ws/install/behaviortree_cpp:/home/emily/sa-mrbt_ws/install/simulator:/opt/ros/iron /usr/bin/cmake --build /home/emily/sa-mrbt_ws/build/simulator -- -j12 -l12
[0.036s] [35m[1mConsolidate compiler generated dependencies of target sim[0m
[0.059s] [  7%] [32mBuilding CXX object CMakeFiles/sim.dir/src/CBGA.cpp.o[0m
[1.556s] [01m[K/home/emily/sa-mrbt_ws/src/simplified_marine_sim/src/CBGA.cpp:[m[K In member function â€˜[01m[Kvoid CBGA::testBundleAdd(std::map<int, double>&)[m[Kâ€™:
[1.556s] [01m[K/home/emily/sa-mrbt_ws/src/simplified_marine_sim/src/CBGA.cpp:65:24:[m[K [01;31m[Kerror: [m[Kâ€˜[01m[Kbundle[m[Kâ€™ was not declared in this scope; did you mean â€˜[01m[KbundleAdd[m[Kâ€™?
[1.556s]    65 |     utils::log1DVector([01;31m[Kbundle[m[K,robot);
[1.556s]       |                        [01;31m[K^~~~~~[m[K
[1.556s]       |                        [32m[KbundleAdd[m[K
[1.557s] [01m[K/home/emily/sa-mrbt_ws/src/simplified_marine_sim/src/CBGA.cpp:66:24:[m[K [01;31m[Kerror: [m[Kâ€˜[01m[Kpath[m[Kâ€™ was not declared in this scope; did you mean â€˜[01m[Kstd::filesystem::__cxx11::path[m[Kâ€™?
[1.557s]    66 |     utils::log1DVector([01;31m[Kpath[m[K,robot);
[1.557s]       |                        [01;31m[K^~~~[m[K
[1.557s]       |                        [32m[Kstd::filesystem::__cxx11::path[m[K
[1.557s] In file included from [01m[K/usr/include/c++/11/filesystem:45[m[K,
[1.557s]                  from [01m[K/home/emily/sa-mrbt_ws/install/behaviortree_cpp/include/behaviortree_cpp/contrib/json.hpp:4643[m[K,
[1.557s]                  from [01m[K/home/emily/sa-mrbt_ws/install/behaviortree_cpp/include/behaviortree_cpp/blackboard.h:9[m[K,
[1.557s]                  from [01m[K/home/emily/sa-mrbt_ws/install/behaviortree_cpp/include/behaviortree_cpp/tree_node.h:22[m[K,
[1.557s]                  from [01m[K/home/emily/sa-mrbt_ws/install/behaviortree_cpp/include/behaviortree_cpp/leaf_node.h:17[m[K,
[1.557s]                  from [01m[K/home/emily/sa-mrbt_ws/install/behaviortree_cpp/include/behaviortree_cpp/action_node.h:22[m[K,
[1.557s]                  from [01m[K/home/emily/sa-mrbt_ws/install/behaviortree_cpp/include/behaviortree_cpp/actions/pop_from_queue.hpp:17[m[K,
[1.557s]                  from [01m[K/home/emily/sa-mrbt_ws/src/simplified_marine_sim/include/planners.hpp:8[m[K,
[1.557s]                  from [01m[K/home/emily/sa-mrbt_ws/src/simplified_marine_sim/include/robot.hpp:7[m[K,
[1.557s]                  from [01m[K/home/emily/sa-mrbt_ws/src/simplified_marine_sim/include/world.hpp:8[m[K,
[1.557s]                  from [01m[K/home/emily/sa-mrbt_ws/src/simplified_marine_sim/src/CBGA.cpp:6[m[K:
[1.557s] [01m[K/usr/include/c++/11/bits/fs_path.h:248:9:[m[K [01;36m[Knote: [m[Kâ€˜[01m[Kstd::filesystem::__cxx11::path[m[Kâ€™ declared here
[1.557s]   248 |   class [01;36m[Kpath[m[K
[1.557s]       |         [01;36m[K^~~~[m[K
[1.562s] [01m[K/home/emily/sa-mrbt_ws/src/simplified_marine_sim/src/CBGA.cpp:67:24:[m[K [01;31m[Kerror: [m[Kâ€˜[01m[Kwinning_bids_matrix[m[Kâ€™ was not declared in this scope
[1.562s]    67 |     utils::log2DVector([01;31m[Kwinning_bids_matrix[m[K, robot);
[1.562s]       |                        [01;31m[K^~~~~~~~~~~~~~~~~~~[m[K
[2.360s] gmake[2]: *** [CMakeFiles/sim.dir/build.make:104: CMakeFiles/sim.dir/src/CBGA.cpp.o] Error 1
[2.360s] gmake[1]: *** [CMakeFiles/Makefile2:137: CMakeFiles/sim.dir/all] Error 2
[2.361s] gmake: *** [Makefile:146: all] Error 2
[2.362s] Invoked command in '/home/emily/sa-mrbt_ws/build/simulator' returned '2': CMAKE_PREFIX_PATH=/home/emily/sa-mrbt_ws/install/behaviortree_cpp:/home/emily/sa-mrbt_ws/install/simulator:/opt/ros/iron /usr/bin/cmake --build /home/emily/sa-mrbt_ws/build/simulator -- -j12 -l12
