[35m[1mConsolidate compiler generated dependencies of target sim[0m
[  7%] [32mBuilding CXX object CMakeFiles/sim.dir/src/CBGA.cpp.o[0m
[01m[K/home/emily/sa-mrbt_ws/src/simplified_marine_sim/src/CBGA.cpp:[m[K In member function â€˜[01m[Kvoid CBGA::bundleAdd(std::vector<int>&, std::vector<int>&, std::map<int, double>&, std::vector<std::vector<double, std::allocator<double> > >&)[m[Kâ€™:
[01m[K/home/emily/sa-mrbt_ws/src/simplified_marine_sim/src/CBGA.cpp:1164:37:[m[K [01;31m[Kerror: [m[Kâ€˜[01m[Kprev_lowest_winning_bid[m[Kâ€™ was not declared in this scope; did you mean â€˜[01m[Klowest_winning_bid[m[Kâ€™?
 1164 |                                     [01;31m[Kprev_lowest_winning_bid[m[K = winning_bid;
      |                                     [01;31m[K^~~~~~~~~~~~~~~~~~~~~~~[m[K
      |                                     [32m[Klowest_winning_bid[m[K
[01m[K/home/emily/sa-mrbt_ws/src/simplified_marine_sim/src/CBGA.cpp:1165:37:[m[K [01;31m[Kerror: [m[Kâ€˜[01m[Kprev_lowest_bid_winner_idx[m[Kâ€™ was not declared in this scope
 1165 |                                     [01;31m[Kprev_lowest_bid_winner_idx[m[K = assigned_agent_idx;
      |                                     [01;31m[K^~~~~~~~~~~~~~~~~~~~~~~~~~[m[K
[01m[K/home/emily/sa-mrbt_ws/src/simplified_marine_sim/src/CBGA.cpp:1169:85:[m[K [01;31m[Kerror: [m[Kâ€˜[01m[Kprev_lowest_winning_bid[m[Kâ€™ was not declared in this scope; did you mean â€˜[01m[Klowest_winning_bid[m[Kâ€™?
 1169 |                          robot.log_info("Lowest assigned bid: " + std::to_string([01;31m[Kprev_lowest_winning_bid[m[K) +
      |                                                                                  [01;31m[K^~~~~~~~~~~~~~~~~~~~~~~[m[K
      |                                                                                  [32m[Klowest_winning_bid[m[K
[01m[K/home/emily/sa-mrbt_ws/src/simplified_marine_sim/src/CBGA.cpp:1170:76:[m[K [01;31m[Kerror: [m[Kâ€˜[01m[Kprev_lowest_bid_winner_idx[m[Kâ€™ was not declared in this scope
 1170 |                                            " from agent " + std::to_string([01;31m[Kprev_lowest_bid_winner_idx[m[K + 1));
      |                                                                            [01;31m[K^~~~~~~~~~~~~~~~~~~~~~~~~~[m[K
[01m[K/home/emily/sa-mrbt_ws/src/simplified_marine_sim/src/CBGA.cpp:1247:42:[m[K [01;31m[Kerror: [m[Kâ€˜[01m[Kprev_lowest_bid_winner_idx[m[Kâ€™ was not declared in this scope
 1247 |                 winning_bids_matrix[J-1][[01;31m[Kprev_lowest_bid_winner_idx[m[K] = 0.0;
      |                                          [01;31m[K^~~~~~~~~~~~~~~~~~~~~~~~~~[m[K
gmake[2]: *** [CMakeFiles/sim.dir/build.make:104: CMakeFiles/sim.dir/src/CBGA.cpp.o] Error 1
gmake[1]: *** [CMakeFiles/Makefile2:137: CMakeFiles/sim.dir/all] Error 2
gmake: *** [Makefile:146: all] Error 2
