[0.007s] Invoking command in '/home/emily/sa-mrbt_ws/build/simulator': CMAKE_PREFIX_PATH=/home/emily/sa-mrbt_ws/install/behaviortree_cpp:/home/emily/sa-mrbt_ws/install/simulator:/opt/ros/iron /usr/bin/cmake --build /home/emily/sa-mrbt_ws/build/simulator -- -j12 -l12
[0.037s] [35m[1mConsolidate compiler generated dependencies of target sim[0m
[0.061s] [  7%] [32mBuilding CXX object CMakeFiles/sim.dir/src/world.cpp.o[0m
[1.649s] [01m[K/home/emily/sa-mrbt_ws/src/simplified_marine_sim/src/world.cpp:[m[K In member function â€˜[01m[Kstd::unordered_map<int, TaskInfo> World::initAllTasksInfo()[m[Kâ€™:
[1.649s] [01m[K/home/emily/sa-mrbt_ws/src/simplified_marine_sim/src/world.cpp:228:13:[m[K [01;31m[Kerror: [m[Kcannot convert â€˜[01m[Kstd::vector<std::__cxx11::basic_string<char> >[m[Kâ€™ to â€˜[01m[Kint[m[Kâ€™ in initialization
[1.649s]   228 |             [01;31m[Ksub_tasks[m[K, // std::vector<std::string>
[1.650s]       |             [01;31m[K^~~~~~~~~[m[K
[1.650s]       |             [01;31m[K|[m[K
[1.650s]       |             [01;31m[Kstd::vector<std::__cxx11::basic_string<char> >[m[K
[1.654s] [01m[K/home/emily/sa-mrbt_ws/src/simplified_marine_sim/src/world.cpp:[m[K In member function â€˜[01m[Kstd::unordered_map<int, TaskInfo> World::initAllSubTasksInfo()[m[Kâ€™:
[1.654s] [01m[K/home/emily/sa-mrbt_ws/src/simplified_marine_sim/src/world.cpp:275:13:[m[K [01;31m[Kerror: [m[Kcannot convert â€˜[01m[Kstd::unordered_map<std::__cxx11::basic_string<char>, int>[m[Kâ€™ to â€˜[01m[Kint[m[Kâ€™ in initialization
[1.654s]   275 |             [01;31m[Kgroup_info[m[K, // <std::unordered_map<std::string, int>>
[1.655s]       |             [01;31m[K^~~~~~~~~~[m[K
[1.655s]       |             [01;31m[K|[m[K
[1.655s]       |             [01;31m[Kstd::unordered_map<std::__cxx11::basic_string<char>, int>[m[K
[1.655s] [01m[K/home/emily/sa-mrbt_ws/src/simplified_marine_sim/src/world.cpp:[m[K In member function â€˜[01m[Kint& World::getTaskGroupSize(int)[m[Kâ€™:
[1.655s] [01m[K/home/emily/sa-mrbt_ws/src/simplified_marine_sim/src/world.cpp:334:22:[m[K [01;31m[Kerror: [m[Kâ€˜[01m[Kstruct TaskInfo[m[Kâ€™ has no member named â€˜[01m[Kgroup_size[m[Kâ€™
[1.655s]   334 |     return task_info.[01;31m[Kgroup_size[m[K;
[1.655s]       |                      [01;31m[K^~~~~~~~~~[m[K
[1.671s] [01m[K/home/emily/sa-mrbt_ws/src/simplified_marine_sim/src/world.cpp:[m[K In member function â€˜[01m[Kbool World::clearPathFullGroupPresent(int)[m[Kâ€™:
[1.671s] [01m[K/home/emily/sa-mrbt_ws/src/simplified_marine_sim/src/world.cpp:775:50:[m[K [01;31m[Kerror: [m[Kâ€˜[01m[Kstruct TaskInfo[m[Kâ€™ has no member named â€˜[01m[Kgroup_size[m[Kâ€™
[1.671s]   775 |     if (count_robots_at_location == current_task.[01;31m[Kgroup_size[m[K) {
[1.671s]       |                                                  [01;31m[K^~~~~~~~~~[m[K
[2.554s] gmake[2]: *** [CMakeFiles/sim.dir/build.make:160: CMakeFiles/sim.dir/src/world.cpp.o] Error 1
[2.554s] gmake[1]: *** [CMakeFiles/Makefile2:137: CMakeFiles/sim.dir/all] Error 2
[2.554s] gmake: *** [Makefile:146: all] Error 2
[2.556s] Invoked command in '/home/emily/sa-mrbt_ws/build/simulator' returned '2': CMAKE_PREFIX_PATH=/home/emily/sa-mrbt_ws/install/behaviortree_cpp:/home/emily/sa-mrbt_ws/install/simulator:/opt/ros/iron /usr/bin/cmake --build /home/emily/sa-mrbt_ws/build/simulator -- -j12 -l12
