[35m[1mConsolidate compiler generated dependencies of target sim[0m
[  7%] [32mBuilding CXX object CMakeFiles/sim.dir/src/CBGA.cpp.o[0m
[01m[K/home/emily/sa-mrbt_ws/src/simplified_marine_sim/src/CBGA.cpp:[m[K In member function â€˜[01m[Kstd::vector<int> CBGA::getAssignedAgents(int)[m[Kâ€™:
[01m[K/home/emily/sa-mrbt_ws/src/simplified_marine_sim/src/CBGA.cpp:368:27:[m[K [01;31m[Kerror: [m[Kno matching function for call to â€˜[01m[Klog2DVector(std::vector<std::vector<double, std::allocator<double> > >&)[m[Kâ€™
  368 |         [01;31m[Kutils::log2DVector(winning_bids_matrix)[m[K;
      |         [01;31m[K~~~~~~~~~~~~~~~~~~^~~~~~~~~~~~~~~~~~~~~[m[K
In file included from [01m[K/home/emily/sa-mrbt_ws/src/simplified_marine_sim/src/CBGA.cpp:11[m[K:
[01m[K/home/emily/sa-mrbt_ws/src/simplified_marine_sim/include/utils.hpp:116:6:[m[K [01;36m[Knote: [m[Kcandidate: â€˜[01m[Ktemplate<class T> void utils::log2DVector(const std::vector<std::vector<_Tp> >&, Robot&)[m[Kâ€™
  116 | void [01;36m[Klog2DVector[m[K(const std::vector<std::vector<T>>& vec, Robot& robot) {
      |      [01;36m[K^~~~~~~~~~~[m[K
[01m[K/home/emily/sa-mrbt_ws/src/simplified_marine_sim/include/utils.hpp:116:6:[m[K [01;36m[Knote: [m[K  template argument deduction/substitution failed:
[01m[K/home/emily/sa-mrbt_ws/src/simplified_marine_sim/src/CBGA.cpp:368:27:[m[K [01;36m[Knote: [m[K  candidate expects 2 arguments, 1 provided
  368 |         [01;36m[Kutils::log2DVector(winning_bids_matrix)[m[K;
      |         [01;36m[K~~~~~~~~~~~~~~~~~~^~~~~~~~~~~~~~~~~~~~~[m[K
gmake[2]: *** [CMakeFiles/sim.dir/build.make:104: CMakeFiles/sim.dir/src/CBGA.cpp.o] Error 1
gmake[1]: *** [CMakeFiles/Makefile2:137: CMakeFiles/sim.dir/all] Error 2
gmake: *** [Makefile:146: all] Error 2
