[0.006s] Invoking command in '/home/emily/sa-mrbt_ws/build/simulator': CMAKE_PREFIX_PATH=/home/emily/sa-mrbt_ws/install/behaviortree_cpp:/home/emily/sa-mrbt_ws/install/simulator:/opt/ros/iron /usr/bin/cmake --build /home/emily/sa-mrbt_ws/build/simulator -- -j12 -l12
[0.038s] [35m[1mConsolidate compiler generated dependencies of target sim[0m
[0.062s] [  7%] [32mBuilding CXX object CMakeFiles/sim.dir/src/sim.cpp.o[0m
[0.063s] [ 15%] [32mBuilding CXX object CMakeFiles/sim.dir/src/CBBA.cpp.o[0m
[0.063s] [ 23%] [32mBuilding CXX object CMakeFiles/sim.dir/src/message.cpp.o[0m
[0.063s] [ 30%] [32mBuilding CXX object CMakeFiles/sim.dir/src/CBGA.cpp.o[0m
[0.064s] [ 46%] [32mBuilding CXX object CMakeFiles/sim.dir/src/world.cpp.o[0m
[0.064s] [ 46%] [32mBuilding CXX object CMakeFiles/sim.dir/src/planners.cpp.o[0m
[0.067s] [ 53%] [32mBuilding CXX object CMakeFiles/sim.dir/src/behavior_tree.cpp.o[0m
[0.067s] [ 69%] [32mBuilding CXX object CMakeFiles/sim.dir/src/robot.cpp.o[0m
[0.067s] [ 69%] [32mBuilding CXX object CMakeFiles/sim.dir/src/parser.cpp.o[0m
[0.067s] [ 76%] [32mBuilding CXX object CMakeFiles/sim.dir/src/greedy.cpp.o[0m
[3.098s] [01m[K/home/emily/sa-mrbt_ws/src/simplified_marine_sim/src/world.cpp:705:6:[m[K [01;31m[Kerror: [m[Kno declaration matches â€˜[01m[Kvoid World::startRecording(const string&, double)[m[Kâ€™
[3.098s]   705 | void [01;31m[KWorld[m[K::startRecording(const std::string& filename, double fps = 10.0) {
[3.098s]       |      [01;31m[K^~~~~[m[K
[3.098s] [01m[K/home/emily/sa-mrbt_ws/src/simplified_marine_sim/src/world.cpp:705:6:[m[K [01;36m[Knote: [m[Kno functions named â€˜[01m[Kvoid World::startRecording(const string&, double)[m[Kâ€™
[3.098s] In file included from [01m[K/home/emily/sa-mrbt_ws/src/simplified_marine_sim/src/world.cpp:4[m[K:
[3.098s] [01m[K/home/emily/sa-mrbt_ws/src/simplified_marine_sim/include/world.hpp:20:7:[m[K [01;36m[Knote: [m[Kâ€˜[01m[Kclass World[m[Kâ€™ defined here
[3.098s]    20 | class [01;36m[KWorld[m[K {
[3.099s]       |       [01;36m[K^~~~~[m[K
[3.099s] [01m[K/home/emily/sa-mrbt_ws/src/simplified_marine_sim/src/world.cpp:720:6:[m[K [01;31m[Kerror: [m[Kno declaration matches â€˜[01m[Kvoid World::stopRecording()[m[Kâ€™
[3.099s]   720 | void [01;31m[KWorld[m[K::stopRecording() {
[3.099s]       |      [01;31m[K^~~~~[m[K
[3.099s] [01m[K/home/emily/sa-mrbt_ws/src/simplified_marine_sim/src/world.cpp:720:6:[m[K [01;36m[Knote: [m[Kno functions named â€˜[01m[Kvoid World::stopRecording()[m[Kâ€™
[3.099s] In file included from [01m[K/home/emily/sa-mrbt_ws/src/simplified_marine_sim/src/world.cpp:4[m[K:
[3.099s] [01m[K/home/emily/sa-mrbt_ws/src/simplified_marine_sim/include/world.hpp:20:7:[m[K [01;36m[Knote: [m[Kâ€˜[01m[Kclass World[m[Kâ€™ defined here
[3.099s]    20 | class [01;36m[KWorld[m[K {
[3.099s]       |       [01;36m[K^~~~~[m[K
[5.000s] gmake[2]: *** [CMakeFiles/sim.dir/build.make:160: CMakeFiles/sim.dir/src/world.cpp.o] Error 1
[5.000s] gmake[2]: *** Waiting for unfinished jobs....
[8.019s] gmake[1]: *** [CMakeFiles/Makefile2:137: CMakeFiles/sim.dir/all] Error 2
[8.019s] gmake: *** [Makefile:146: all] Error 2
[8.021s] Invoked command in '/home/emily/sa-mrbt_ws/build/simulator' returned '2': CMAKE_PREFIX_PATH=/home/emily/sa-mrbt_ws/install/behaviortree_cpp:/home/emily/sa-mrbt_ws/install/simulator:/opt/ros/iron /usr/bin/cmake --build /home/emily/sa-mrbt_ws/build/simulator -- -j12 -l12
