[01m[K/home/emily/sa-mrbt_ws/src/simplified_marine_sim/src/CBGA.cpp:[m[K In member function â€˜[01m[Kvoid CBGA::resolveConflicts(bool)[m[Kâ€™:
[01m[K/home/emily/sa-mrbt_ws/src/simplified_marine_sim/src/CBGA.cpp:1343:124:[m[K [01;31m[Kerror: [m[Kâ€˜[01m[Kcurrent_robot_type[m[Kâ€™ was not declared in this scope; did you mean â€˜[01m[Kfull_wrt_current_robot_type[m[Kâ€™?
 1343 | t_type = isGroupEffectivelyFull(task_sub_group_assignments, task_group_max_size, [01;31m[Kcurrent_robot_type[m[K);
      |                                                                                  [01;31m[K^~~~~~~~~~~~~~~~~~[m[K
      |                                                                                  [32m[Kfull_wrt_current_robot_type[m[K
gmake[2]: *** [CMakeFiles/sim.dir/build.make:104: CMakeFiles/sim.dir/src/CBGA.cpp.o] Error 1
gmake[1]: *** [CMakeFiles/Makefile2:137: CMakeFiles/sim.dir/all] Error 2
gmake: *** [Makefile:146: all] Error 2
