[0.006s] Invoking command in '/home/emily/sa-mrbt_ws/build/simulator': CMAKE_PREFIX_PATH=/home/emily/sa-mrbt_ws/install/behaviortree_cpp:/home/emily/sa-mrbt_ws/install/simulator:/opt/ros/iron /usr/bin/cmake --build /home/emily/sa-mrbt_ws/build/simulator -- -j12 -l12
[0.038s] [35m[1mConsolidate compiler generated dependencies of target sim[0m
[0.063s] [  7%] [32mBuilding CXX object CMakeFiles/sim.dir/src/behavior_tree.cpp.o[0m
[1.744s] [01m[K/home/emily/sa-mrbt_ws/src/simplified_marine_sim/src/behavior_tree.cpp:[m[K In member function â€˜[01m[Kvirtual BT::NodeStatus HandleFailures::onRunning()[m[Kâ€™:
[1.745s] [01m[K/home/emily/sa-mrbt_ws/src/simplified_marine_sim/src/behavior_tree.cpp:1460:21:[m[K [01;31m[Kerror: [m[Kredeclaration of â€˜[01m[Kstd::string a[m[Kâ€™
[1.745s]  1460 |         std::string [01;31m[Ka[m[K = "task_is_main in HandleFailures node: " + std::to_string(task_is_main);
[1.745s]       |                     [01;31m[K^[m[K
[1.745s] [01m[K/home/emily/sa-mrbt_ws/src/simplified_marine_sim/src/behavior_tree.cpp:1432:21:[m[K [01;36m[Knote: [m[Kâ€˜[01m[Kstd::string a[m[Kâ€™ previously declared here
[1.745s]  1432 |         std::string [01;36m[Ka[m[K = "Robot " + std::to_string(_robot.getID()) + " in HandleFailures...";
[1.745s]       |                     [01;36m[K^[m[K
[1.745s] [01m[K/home/emily/sa-mrbt_ws/src/simplified_marine_sim/src/behavior_tree.cpp:1463:68:[m[K [01;31m[Kerror: [m[Kexpected â€˜[01m[K,[m[Kâ€™ or â€˜[01m[K;[m[Kâ€™ before â€˜[01m[Kstd[m[Kâ€™
[1.745s]  1463 |         std::string b = "current_task_id in HandleFailures node: " [01;31m[Kstd[m[K::to_string(current_task_id);
[1.745s]       |                                                                    [01;31m[K^~~[m[K
[2.948s] gmake[2]: *** [CMakeFiles/sim.dir/build.make:202: CMakeFiles/sim.dir/src/behavior_tree.cpp.o] Error 1
[2.949s] gmake[1]: *** [CMakeFiles/Makefile2:137: CMakeFiles/sim.dir/all] Error 2
[2.949s] gmake: *** [Makefile:146: all] Error 2
[2.950s] Invoked command in '/home/emily/sa-mrbt_ws/build/simulator' returned '2': CMAKE_PREFIX_PATH=/home/emily/sa-mrbt_ws/install/behaviortree_cpp:/home/emily/sa-mrbt_ws/install/simulator:/opt/ros/iron /usr/bin/cmake --build /home/emily/sa-mrbt_ws/build/simulator -- -j12 -l12
