[0.006s] Invoking command in '/home/emily/sa-mrbt_ws/build/simulator': CMAKE_PREFIX_PATH=/home/emily/sa-mrbt_ws/install/behaviortree_cpp:/home/emily/sa-mrbt_ws/install/simulator:/opt/ros/iron /usr/bin/cmake --build /home/emily/sa-mrbt_ws/build/simulator -- -j12 -l12
[0.036s] [35m[1mConsolidate compiler generated dependencies of target sim[0m
[0.059s] [  7%] [32mBuilding CXX object CMakeFiles/sim.dir/src/world.cpp.o[0m
[1.643s] [01m[K/home/emily/sa-mrbt_ws/src/simplified_marine_sim/src/world.cpp:[m[K In member function â€˜[01m[Kstd::unordered_map<int, TaskInfo> World::initAllTasksInfo()[m[Kâ€™:
[1.643s] [01m[K/home/emily/sa-mrbt_ws/src/simplified_marine_sim/src/world.cpp:228:13:[m[K [01;31m[Kerror: [m[Kâ€˜[01m[Kprerequisute_failures[m[Kâ€™ was not declared in this scope
[1.643s]   228 |             [01;31m[Kprerequisute_failures[m[K, // int
[1.643s]       |             [01;31m[K^~~~~~~~~~~~~~~~~~~~~[m[K
[1.652s] [01m[K/home/emily/sa-mrbt_ws/src/simplified_marine_sim/src/world.cpp:[m[K In member function â€˜[01m[Kstd::unordered_map<int, TaskInfo> World::initAllSubTasksInfo()[m[Kâ€™:
[1.653s] [01m[K/home/emily/sa-mrbt_ws/src/simplified_marine_sim/src/world.cpp:278:13:[m[K [01;31m[Kerror: [m[Kâ€˜[01m[Ksub_tasks[m[Kâ€™ was not declared in this scope; did you mean â€˜[01m[Knum_tasks[m[Kâ€™?
[1.653s]   278 |             [01;31m[Ksub_tasks[m[K, // std::vector<std::string>
[1.653s]       |             [01;31m[K^~~~~~~~~[m[K
[1.653s]       |             [32m[Knum_tasks[m[K
[1.653s] [01m[K/home/emily/sa-mrbt_ws/src/simplified_marine_sim/src/world.cpp:[m[K In member function â€˜[01m[Kint& World::getTaskGroupSize(int)[m[Kâ€™:
[1.653s] [01m[K/home/emily/sa-mrbt_ws/src/simplified_marine_sim/src/world.cpp:338:22:[m[K [01;31m[Kerror: [m[Kâ€˜[01m[Kstruct TaskInfo[m[Kâ€™ has no member named â€˜[01m[Kgroup_size[m[Kâ€™
[1.653s]   338 |     return task_info.[01;31m[Kgroup_size[m[K;
[1.653s]       |                      [01;31m[K^~~~~~~~~~[m[K
[1.670s] [01m[K/home/emily/sa-mrbt_ws/src/simplified_marine_sim/src/world.cpp:[m[K In member function â€˜[01m[Kbool World::clearPathFullGroupPresent(int)[m[Kâ€™:
[1.670s] [01m[K/home/emily/sa-mrbt_ws/src/simplified_marine_sim/src/world.cpp:779:50:[m[K [01;31m[Kerror: [m[Kâ€˜[01m[Kstruct TaskInfo[m[Kâ€™ has no member named â€˜[01m[Kgroup_size[m[Kâ€™
[1.671s]   779 |     if (count_robots_at_location == current_task.[01;31m[Kgroup_size[m[K) {
[1.671s]       |                                                  [01;31m[K^~~~~~~~~~[m[K
[2.572s] gmake[2]: *** [CMakeFiles/sim.dir/build.make:160: CMakeFiles/sim.dir/src/world.cpp.o] Error 1
[2.572s] gmake[1]: *** [CMakeFiles/Makefile2:137: CMakeFiles/sim.dir/all] Error 2
[2.573s] gmake: *** [Makefile:146: all] Error 2
[2.574s] Invoked command in '/home/emily/sa-mrbt_ws/build/simulator' returned '2': CMAKE_PREFIX_PATH=/home/emily/sa-mrbt_ws/install/behaviortree_cpp:/home/emily/sa-mrbt_ws/install/simulator:/opt/ros/iron /usr/bin/cmake --build /home/emily/sa-mrbt_ws/build/simulator -- -j12 -l12
