[0.006s] Invoking command in '/home/emily/sa-mrbt_ws/build/simulator': AMENT_PREFIX_PATH=/home/emily/sa-mrbt_ws/install/behaviortree_cpp:${AMENT_PREFIX_PATH} CMAKE_PREFIX_PATH=/home/emily/sa-mrbt_ws/install/behaviortree_cpp:/opt/ros/iron LD_LIBRARY_PATH=/home/emily/sa-mrbt_ws/install/behaviortree_cpp/lib:${LD_LIBRARY_PATH} PATH=/home/emily/sa-mrbt_ws/install/behaviortree_cpp/bin:${PATH} /usr/bin/cmake --build /home/emily/sa-mrbt_ws/build/simulator -- -j12 -l12
[0.039s] [35m[1mConsolidate compiler generated dependencies of target sim[0m
[0.063s] [ 23%] [32mBuilding CXX object CMakeFiles/sim.dir/src/message.cpp.o[0m
[0.063s] [ 23%] [32mBuilding CXX object CMakeFiles/sim.dir/src/CBBA.cpp.o[0m
[0.063s] [ 23%] [32mBuilding CXX object CMakeFiles/sim.dir/src/world.cpp.o[0m
[0.063s] [ 30%] [32mBuilding CXX object CMakeFiles/sim.dir/src/CBGA.cpp.o[0m
[0.063s] [ 38%] [32mBuilding CXX object CMakeFiles/sim.dir/src/sim.cpp.o[0m
[0.066s] [ 46%] [32mBuilding CXX object CMakeFiles/sim.dir/src/planners.cpp.o[0m
[0.066s] [ 53%] [32mBuilding CXX object CMakeFiles/sim.dir/src/robot.cpp.o[0m
[0.067s] [ 61%] [32mBuilding CXX object CMakeFiles/sim.dir/src/behavior_tree.cpp.o[0m
[0.067s] [ 69%] [32mBuilding CXX object CMakeFiles/sim.dir/src/parser.cpp.o[0m
[0.068s] [ 76%] [32mBuilding CXX object CMakeFiles/sim.dir/src/greedy.cpp.o[0m
[5.495s] [01m[K/home/emily/sa-mrbt_ws/src/simplified_marine_sim/src/robot.cpp:485:6:[m[K [01;31m[Kerror: [m[Kno declaration matches â€˜[01m[Kvoid Robot::updateSubtaskFailuresPerSelf(std::unordered_map<int, int>)[m[Kâ€™
[5.495s]   485 | void [01;31m[KRobot[m[K::updateSubtaskFailuresPerSelf(std::unordered_map<int,int> new_self_subtask_failures) {
[5.496s]       |      [01;31m[K^~~~~[m[K
[5.496s] In file included from [01m[K/home/emily/sa-mrbt_ws/src/simplified_marine_sim/include/world.hpp:8[m[K,
[5.496s]                  from [01m[K/home/emily/sa-mrbt_ws/src/simplified_marine_sim/src/robot.cpp:5[m[K:
[5.496s] [01m[K/home/emily/sa-mrbt_ws/src/simplified_marine_sim/include/robot.hpp:99:10:[m[K [01;36m[Knote: [m[Kcandidate is: â€˜[01m[Kvoid Robot::updateSubtaskFailuresPerSelf(std::unordered_map<int, bool>)[m[Kâ€™
[5.496s]    99 |     void [01;36m[KupdateSubtaskFailuresPerSelf[m[K(std::unordered_map<int,bool> new_self_subtask_failures);
[5.496s]       |          [01;36m[K^~~~~~~~~~~~~~~~~~~~~~~~~~~~[m[K
[5.496s] In file included from [01m[K/home/emily/sa-mrbt_ws/src/simplified_marine_sim/include/world.hpp:8[m[K,
[5.496s]                  from [01m[K/home/emily/sa-mrbt_ws/src/simplified_marine_sim/src/robot.cpp:5[m[K:
[5.496s] [01m[K/home/emily/sa-mrbt_ws/src/simplified_marine_sim/include/robot.hpp:19:7:[m[K [01;36m[Knote: [m[Kâ€˜[01m[Kclass Robot[m[Kâ€™ defined here
[5.496s]    19 | class [01;36m[KRobot[m[K {
[5.496s]       |       [01;36m[K^~~~~[m[K
[5.523s] [01m[K/home/emily/sa-mrbt_ws/src/simplified_marine_sim/src/robot.cpp:[m[K In member function â€˜[01m[Kstd::pair<std::pair<int, bool>, std::unordered_map<int, int> > Robot::HandleFailures(std::unordered_map<int, bool>)[m[Kâ€™:
[5.524s] [01m[K/home/emily/sa-mrbt_ws/src/simplified_marine_sim/src/robot.cpp:1700:38:[m[K [01;31m[Kerror: [m[Kcannot convert â€˜[01m[Kstd::pair<int, bool>[m[Kâ€™ to â€˜[01m[Kbool[m[Kâ€™ in assignment
[5.524s]  1700 |     scope_and_threshold_info.first = [01;31m[Kcurrent_task_id_scope[m[K;
[5.524s]       |                                      [01;31m[K^~~~~~~~~~~~~~~~~~~~~[m[K
[5.524s]       |                                      [01;31m[K|[m[K
[5.524s]       |                                      [01;31m[Kstd::pair<int, bool>[m[K
[5.524s] [01m[K/home/emily/sa-mrbt_ws/src/simplified_marine_sim/src/robot.cpp:1702:12:[m[K [01;31m[Kerror: [m[Kcould not convert â€˜[01m[Kscope_and_threshold_info[m[Kâ€™ from â€˜[01m[Kpair<[01;32m[Kbool[m[K,[...]>[m[Kâ€™ to â€˜[01m[Kpair<[01;32m[Kstd::pair<int, bool>[m[K,[...]>[m[Kâ€™
[5.524s]  1702 |     return [01;31m[Kscope_and_threshold_info[m[K;
[5.524s]       |            [01;31m[K^~~~~~~~~~~~~~~~~~~~~~~~[m[K
[5.525s]       |            [01;31m[K|[m[K
[5.525s]       |            [01;31m[Kpair<bool,[...]>[m[K
[6.801s] gmake[2]: *** [CMakeFiles/sim.dir/build.make:188: CMakeFiles/sim.dir/src/robot.cpp.o] Error 1
[6.801s] gmake[2]: *** Waiting for unfinished jobs....
[6.839s] gmake[1]: *** [CMakeFiles/Makefile2:137: CMakeFiles/sim.dir/all] Error 2
[6.839s] gmake: *** [Makefile:146: all] Error 2
[6.841s] Invoked command in '/home/emily/sa-mrbt_ws/build/simulator' returned '2': AMENT_PREFIX_PATH=/home/emily/sa-mrbt_ws/install/behaviortree_cpp:${AMENT_PREFIX_PATH} CMAKE_PREFIX_PATH=/home/emily/sa-mrbt_ws/install/behaviortree_cpp:/opt/ros/iron LD_LIBRARY_PATH=/home/emily/sa-mrbt_ws/install/behaviortree_cpp/lib:${LD_LIBRARY_PATH} PATH=/home/emily/sa-mrbt_ws/install/behaviortree_cpp/bin:${PATH} /usr/bin/cmake --build /home/emily/sa-mrbt_ws/build/simulator -- -j12 -l12
