[0.007s] Invoking command in '/home/emily/sa-mrbt_ws/build/simulator': CMAKE_PREFIX_PATH=/home/emily/sa-mrbt_ws/install/behaviortree_cpp:/home/emily/sa-mrbt_ws/install/simulator:/opt/ros/iron /usr/bin/cmake --build /home/emily/sa-mrbt_ws/build/simulator -- -j12 -l12
[0.037s] [35m[1mConsolidate compiler generated dependencies of target sim[0m
[0.060s] [  7%] [32mBuilding CXX object CMakeFiles/sim.dir/src/world.cpp.o[0m
[1.722s] [01m[K/home/emily/sa-mrbt_ws/src/simplified_marine_sim/src/world.cpp:[m[K In member function â€˜[01m[Kvoid World::initializeBackground()[m[Kâ€™:
[1.723s] [01m[K/home/emily/sa-mrbt_ws/src/simplified_marine_sim/src/world.cpp:1216:61:[m[K [01;31m[Kerror: [m[Kâ€˜[01m[Kclass std::unordered_map<std::__cxx11::basic_string<char>, std::vector<std::vector<cv::Point_<int> > > >[m[Kâ€™ has no member named â€˜[01m[Kkeys[m[Kâ€™
[1.723s]  1216 |     for (const auto& blocked_robot_type : unknown_obstacles.[01;31m[Kkeys[m[K()) {
[1.723s]       |                                                             [01;31m[K^~~~[m[K
[2.898s] gmake[2]: *** [CMakeFiles/sim.dir/build.make:160: CMakeFiles/sim.dir/src/world.cpp.o] Error 1
[2.898s] gmake[1]: *** [CMakeFiles/Makefile2:137: CMakeFiles/sim.dir/all] Error 2
[2.899s] gmake: *** [Makefile:146: all] Error 2
[2.900s] Invoked command in '/home/emily/sa-mrbt_ws/build/simulator' returned '2': CMAKE_PREFIX_PATH=/home/emily/sa-mrbt_ws/install/behaviortree_cpp:/home/emily/sa-mrbt_ws/install/simulator:/opt/ros/iron /usr/bin/cmake --build /home/emily/sa-mrbt_ws/build/simulator -- -j12 -l12
