[0.006s] Invoking command in '/home/emily/sa-mrbt_ws/build/simulator': CMAKE_PREFIX_PATH=/home/emily/sa-mrbt_ws/install/behaviortree_cpp:/home/emily/sa-mrbt_ws/install/simulator:/opt/ros/iron /usr/bin/cmake --build /home/emily/sa-mrbt_ws/build/simulator -- -j12 -l12
[0.037s] [35m[1mConsolidate compiler generated dependencies of target sim[0m
[0.060s] [  7%] [32mBuilding CXX object CMakeFiles/sim.dir/src/robot.cpp.o[0m
[3.078s] [01m[K/home/emily/sa-mrbt_ws/src/simplified_marine_sim/src/robot.cpp:[m[K In constructor â€˜[01m[KRobot::Robot(Planner*, ShortestPath*, CoveragePath*, World*, JSONParser*, const Pose2D&, int, std::string, cv::Scalar)[m[Kâ€™:
[3.079s] [01m[K/home/emily/sa-mrbt_ws/src/simplified_marine_sim/src/robot.cpp:116:23:[m[K [01;31m[Kerror: [m[Kno matching function for call to â€˜[01m[Klog1DVector(std::vector<int>&)[m[Kâ€™
[3.079s]   116 |     [01;31m[Kutils::log1DVector(path)[m[K;
[3.079s]       |     [01;31m[K~~~~~~~~~~~~~~~~~~^~~~~~[m[K
[3.079s] In file included from [01m[K/home/emily/sa-mrbt_ws/src/simplified_marine_sim/src/robot.cpp:10[m[K:
[3.079s] [01m[K/home/emily/sa-mrbt_ws/src/simplified_marine_sim/include/utils.hpp:176:6:[m[K [01;36m[Knote: [m[Kcandidate: â€˜[01m[Ktemplate<class T> void utils::log1DVector(const std::vector<_Tp>&, Robot&)[m[Kâ€™
[3.079s]   176 | void [01;36m[Klog1DVector[m[K(const std::vector<T>& vec, Robot& robot) {
[3.079s]       |      [01;36m[K^~~~~~~~~~~[m[K
[3.079s] [01m[K/home/emily/sa-mrbt_ws/src/simplified_marine_sim/include/utils.hpp:176:6:[m[K [01;36m[Knote: [m[K  template argument deduction/substitution failed:
[3.079s] [01m[K/home/emily/sa-mrbt_ws/src/simplified_marine_sim/src/robot.cpp:116:23:[m[K [01;36m[Knote: [m[K  candidate expects 2 arguments, 1 provided
[3.079s]   116 |     [01;36m[Kutils::log1DVector(path)[m[K;
[3.079s]       |     [01;36m[K~~~~~~~~~~~~~~~~~~^~~~~~[m[K
[3.079s] [01m[K/home/emily/sa-mrbt_ws/src/simplified_marine_sim/src/robot.cpp:119:23:[m[K [01;31m[Kerror: [m[Kno matching function for call to â€˜[01m[Klog1DVector(std::vector<int>&)[m[Kâ€™
[3.079s]   119 |     [01;31m[Kutils::log1DVector(path)[m[K;
[3.079s]       |     [01;31m[K~~~~~~~~~~~~~~~~~~^~~~~~[m[K
[3.079s] In file included from [01m[K/home/emily/sa-mrbt_ws/src/simplified_marine_sim/src/robot.cpp:10[m[K:
[3.079s] [01m[K/home/emily/sa-mrbt_ws/src/simplified_marine_sim/include/utils.hpp:176:6:[m[K [01;36m[Knote: [m[Kcandidate: â€˜[01m[Ktemplate<class T> void utils::log1DVector(const std::vector<_Tp>&, Robot&)[m[Kâ€™
[3.080s]   176 | void [01;36m[Klog1DVector[m[K(const std::vector<T>& vec, Robot& robot) {
[3.080s]       |      [01;36m[K^~~~~~~~~~~[m[K
[3.080s] [01m[K/home/emily/sa-mrbt_ws/src/simplified_marine_sim/include/utils.hpp:176:6:[m[K [01;36m[Knote: [m[K  template argument deduction/substitution failed:
[3.080s] [01m[K/home/emily/sa-mrbt_ws/src/simplified_marine_sim/src/robot.cpp:119:23:[m[K [01;36m[Knote: [m[K  candidate expects 2 arguments, 1 provided
[3.080s]   119 |     [01;36m[Kutils::log1DVector(path)[m[K;
[3.080s]       |     [01;36m[K~~~~~~~~~~~~~~~~~~^~~~~~[m[K
[4.686s] gmake[2]: *** [CMakeFiles/sim.dir/build.make:188: CMakeFiles/sim.dir/src/robot.cpp.o] Error 1
[4.686s] gmake[1]: *** [CMakeFiles/Makefile2:137: CMakeFiles/sim.dir/all] Error 2
[4.686s] gmake: *** [Makefile:146: all] Error 2
[4.688s] Invoked command in '/home/emily/sa-mrbt_ws/build/simulator' returned '2': CMAKE_PREFIX_PATH=/home/emily/sa-mrbt_ws/install/behaviortree_cpp:/home/emily/sa-mrbt_ws/install/simulator:/opt/ros/iron /usr/bin/cmake --build /home/emily/sa-mrbt_ws/build/simulator -- -j12 -l12
