[0.006s] Invoking command in '/home/emily/sa-mrbt_ws/build/simulator': AMENT_PREFIX_PATH=/home/emily/sa-mrbt_ws/install/behaviortree_cpp:${AMENT_PREFIX_PATH} CMAKE_PREFIX_PATH=/home/emily/sa-mrbt_ws/install/behaviortree_cpp:/opt/ros/iron LD_LIBRARY_PATH=/home/emily/sa-mrbt_ws/install/behaviortree_cpp/lib:${LD_LIBRARY_PATH} PATH=/home/emily/sa-mrbt_ws/install/behaviortree_cpp/bin:${PATH} /usr/bin/cmake --build /home/emily/sa-mrbt_ws/build/simulator -- -j12 -l12
[0.040s] [35m[1mConsolidate compiler generated dependencies of target sim[0m
[0.061s] [  7%] [32mBuilding CXX object CMakeFiles/sim.dir/src/world.cpp.o[0m
[0.062s] [ 15%] [32mBuilding CXX object CMakeFiles/sim.dir/src/robot.cpp.o[0m
[1.651s] [01m[K/home/emily/sa-mrbt_ws/src/simplified_marine_sim/src/world.cpp:[m[K In constructor â€˜[01m[KWorld::World(int, int, Distance*, SensorModel*, JSONParser*, double)[m[Kâ€™:
[1.651s] [01m[K/home/emily/sa-mrbt_ws/src/simplified_marine_sim/src/world.cpp:40:21:[m[K [01;31m[Kerror: [m[Kâ€˜[01m[KgetAgentIDs[m[Kâ€™ was not declared in this scope; did you mean â€˜[01m[KgetAgentInfo[m[Kâ€™?
[1.651s]    40 |         agent_ids = [01;31m[KgetAgentIDs[m[K();
[1.651s]       |                     [01;31m[K^~~~~~~~~~~[m[K
[1.651s]       |                     [32m[KgetAgentInfo[m[K
[1.655s] [01m[K/home/emily/sa-mrbt_ws/src/simplified_marine_sim/src/world.cpp:41:23:[m[K [01;31m[Kerror: [m[Kâ€˜[01m[KgetSubtaskIDs[m[Kâ€™ was not declared in this scope; did you mean â€˜[01m[KgetSubTaskInfo[m[Kâ€™?
[1.656s]    41 |         subtask_ids = [01;31m[KgetSubtaskIDs[m[K();
[1.656s]       |                       [01;31m[K^~~~~~~~~~~~~[m[K
[1.656s]       |                       [32m[KgetSubTaskInfo[m[K
[1.657s] [01m[K/home/emily/sa-mrbt_ws/src/simplified_marine_sim/src/world.cpp:[m[K At global scope:
[1.658s] [01m[K/home/emily/sa-mrbt_ws/src/simplified_marine_sim/src/world.cpp:77:18:[m[K [01;31m[Kerror: [m[Kno declaration matches â€˜[01m[Kstd::vector<int> World::getAgentIDs()[m[Kâ€™
[1.658s]    77 | std::vector<int> [01;31m[KWorld[m[K::getAgentIDs() {
[1.658s]       |                  [01;31m[K^~~~~[m[K
[1.658s] [01m[K/home/emily/sa-mrbt_ws/src/simplified_marine_sim/src/world.cpp:77:18:[m[K [01;36m[Knote: [m[Kno functions named â€˜[01m[Kstd::vector<int> World::getAgentIDs()[m[Kâ€™
[1.658s] In file included from [01m[K/home/emily/sa-mrbt_ws/src/simplified_marine_sim/src/world.cpp:4[m[K:
[1.658s] [01m[K/home/emily/sa-mrbt_ws/src/simplified_marine_sim/include/world.hpp:20:7:[m[K [01;36m[Knote: [m[Kâ€˜[01m[Kclass World[m[Kâ€™ defined here
[1.658s]    20 | class [01;36m[KWorld[m[K {
[1.658s]       |       [01;36m[K^~~~~[m[K
[1.658s] [01m[K/home/emily/sa-mrbt_ws/src/simplified_marine_sim/src/world.cpp:89:18:[m[K [01;31m[Kerror: [m[Kno declaration matches â€˜[01m[Kstd::vector<int> World::getSubtaskIDs()[m[Kâ€™
[1.658s]    89 | std::vector<int> [01;31m[KWorld[m[K::getSubtaskIDs() {
[1.658s]       |                  [01;31m[K^~~~~[m[K
[1.658s] [01m[K/home/emily/sa-mrbt_ws/src/simplified_marine_sim/src/world.cpp:89:18:[m[K [01;36m[Knote: [m[Kno functions named â€˜[01m[Kstd::vector<int> World::getSubtaskIDs()[m[Kâ€™
[1.659s] In file included from [01m[K/home/emily/sa-mrbt_ws/src/simplified_marine_sim/src/world.cpp:4[m[K:
[1.659s] [01m[K/home/emily/sa-mrbt_ws/src/simplified_marine_sim/include/world.hpp:20:7:[m[K [01;36m[Knote: [m[Kâ€˜[01m[Kclass World[m[Kâ€™ defined here
[1.659s]    20 | class [01;36m[KWorld[m[K {
[1.659s]       |       [01;36m[K^~~~~[m[K
[2.708s] gmake[2]: *** [CMakeFiles/sim.dir/build.make:160: CMakeFiles/sim.dir/src/world.cpp.o] Error 1
[2.708s] gmake[2]: *** Waiting for unfinished jobs....
[3.230s] [01m[K/home/emily/sa-mrbt_ws/src/simplified_marine_sim/src/robot.cpp:[m[K In member function â€˜[01m[Kvoid Robot::updateSubtaskFailures()[m[Kâ€™:
[3.230s] [01m[K/home/emily/sa-mrbt_ws/src/simplified_marine_sim/src/robot.cpp:294:36:[m[K [01;31m[Kerror: [m[Kâ€˜[01m[Kall_subtasks_info[m[Kâ€™ was not declared in this scope
[3.230s]   294 |         for (const auto& subtask : [01;31m[Kall_subtasks_info[m[K) {
[3.230s]       |                                    [01;31m[K^~~~~~~~~~~~~~~~~[m[K
[3.231s] [01m[K/home/emily/sa-mrbt_ws/src/simplified_marine_sim/src/robot.cpp:295:53:[m[K [01;31m[Kerror: [m[Kâ€˜[01m[Kbegin[m[Kâ€™ was not declared in this scope
[3.231s]   295 |             for (int agent_id : world->getNumAgents([01;31m[K)[m[K) {
[3.231s]       |                                                     [01;31m[K^[m[K
[3.231s] [01m[K/home/emily/sa-mrbt_ws/src/simplified_marine_sim/src/robot.cpp:295:53:[m[K [01;36m[Knote: [m[Ksuggested alternatives:
[3.232s] In file included from [01m[K/home/emily/sa-mrbt_ws/install/behaviortree_cpp/include/behaviortree_cpp/contrib/json.hpp:170[m[K,
[3.232s]                  from [01m[K/home/emily/sa-mrbt_ws/install/behaviortree_cpp/include/behaviortree_cpp/blackboard.h:9[m[K,
[3.232s]                  from [01m[K/home/emily/sa-mrbt_ws/install/behaviortree_cpp/include/behaviortree_cpp/tree_node.h:22[m[K,
[3.232s]                  from [01m[K/home/emily/sa-mrbt_ws/install/behaviortree_cpp/include/behaviortree_cpp/leaf_node.h:17[m[K,
[3.232s]                  from [01m[K/home/emily/sa-mrbt_ws/install/behaviortree_cpp/include/behaviortree_cpp/action_node.h:22[m[K,
[3.232s]                  from [01m[K/home/emily/sa-mrbt_ws/install/behaviortree_cpp/include/behaviortree_cpp/actions/pop_from_queue.hpp:17[m[K,
[3.232s]                  from [01m[K/home/emily/sa-mrbt_ws/src/simplified_marine_sim/include/planners.hpp:8[m[K,
[3.232s]                  from [01m[K/home/emily/sa-mrbt_ws/src/simplified_marine_sim/src/robot.cpp:3[m[K:
[3.232s] [01m[K/usr/include/c++/11/valarray:1228:5:[m[K [01;36m[Knote: [m[K  â€˜[01m[Kstd::begin[m[Kâ€™
[3.232s]  1228 |     [01;36m[Kbegin[m[K(const valarray<_Tp>& __va) noexcept
[3.232s]       |     [01;36m[K^~~~~[m[K
[3.232s] In file included from [01m[K/usr/include/c++/11/filesystem:46[m[K,
[3.232s]                  from [01m[K/home/emily/sa-mrbt_ws/install/behaviortree_cpp/include/behaviortree_cpp/contrib/json.hpp:4643[m[K,
[3.232s]                  from [01m[K/home/emily/sa-mrbt_ws/install/behaviortree_cpp/include/behaviortree_cpp/blackboard.h:9[m[K,
[3.232s]                  from [01m[K/home/emily/sa-mrbt_ws/install/behaviortree_cpp/include/behaviortree_cpp/tree_node.h:22[m[K,
[3.232s]                  from [01m[K/home/emily/sa-mrbt_ws/install/behaviortree_cpp/include/behaviortree_cpp/leaf_node.h:17[m[K,
[3.232s]                  from [01m[K/home/emily/sa-mrbt_ws/install/behaviortree_cpp/include/behaviortree_cpp/action_node.h:22[m[K,
[3.233s]                  from [01m[K/home/emily/sa-mrbt_ws/install/behaviortree_cpp/include/behaviortree_cpp/actions/pop_from_queue.hpp:17[m[K,
[3.233s]                  from [01m[K/home/emily/sa-mrbt_ws/src/simplified_marine_sim/include/planners.hpp:8[m[K,
[3.233s]                  from [01m[K/home/emily/sa-mrbt_ws/src/simplified_marine_sim/src/robot.cpp:3[m[K:
[3.233s] [01m[K/usr/include/c++/11/bits/fs_dir.h:549:3:[m[K [01;36m[Knote: [m[K  â€˜[01m[Kstd::filesystem::__cxx11::begin[m[Kâ€™
[3.233s]   549 |   [01;36m[Kbegin[m[K(recursive_directory_iterator __iter) noexcept
[3.233s]       |   [01;36m[K^~~~~[m[K
[3.233s] [01m[K/home/emily/sa-mrbt_ws/src/simplified_marine_sim/src/robot.cpp:295:53:[m[K [01;31m[Kerror: [m[Kâ€˜[01m[Kend[m[Kâ€™ was not declared in this scope
[3.233s]   295 |             for (int agent_id : world->getNumAgents([01;31m[K)[m[K) {
[3.233s]       |                                                     [01;31m[K^[m[K
[3.233s] [01m[K/home/emily/sa-mrbt_ws/src/simplified_marine_sim/src/robot.cpp:295:53:[m[K [01;36m[Knote: [m[Ksuggested alternatives:
[3.233s] In file included from [01m[K/home/emily/sa-mrbt_ws/install/behaviortree_cpp/include/behaviortree_cpp/contrib/json.hpp:170[m[K,
[3.233s]                  from [01m[K/home/emily/sa-mrbt_ws/install/behaviortree_cpp/include/behaviortree_cpp/blackboard.h:9[m[K,
[3.233s]                  from [01m[K/home/emily/sa-mrbt_ws/install/behaviortree_cpp/include/behaviortree_cpp/tree_node.h:22[m[K,
[3.233s]                  from [01m[K/home/emily/sa-mrbt_ws/install/behaviortree_cpp/include/behaviortree_cpp/leaf_node.h:17[m[K,
[3.233s]                  from [01m[K/home/emily/sa-mrbt_ws/install/behaviortree_cpp/include/behaviortree_cpp/action_node.h:22[m[K,
[3.233s]                  from [01m[K/home/emily/sa-mrbt_ws/install/behaviortree_cpp/include/behaviortree_cpp/actions/pop_from_queue.hpp:17[m[K,
[3.233s]                  from [01m[K/home/emily/sa-mrbt_ws/src/simplified_marine_sim/include/planners.hpp:8[m[K,
[3.233s]                  from [01m[K/home/emily/sa-mrbt_ws/src/simplified_marine_sim/src/robot.cpp:3[m[K:
[3.233s] [01m[K/usr/include/c++/11/valarray:1255:5:[m[K [01;36m[Knote: [m[K  â€˜[01m[Kstd::end[m[Kâ€™
[3.233s]  1255 |     [01;36m[Kend[m[K(const valarray<_Tp>& __va) noexcept
[3.233s]       |     [01;36m[K^~~[m[K
[3.234s] In file included from [01m[K/usr/include/c++/11/filesystem:46[m[K,
[3.234s]                  from [01m[K/home/emily/sa-mrbt_ws/install/behaviortree_cpp/include/behaviortree_cpp/contrib/json.hpp:4643[m[K,
[3.234s]                  from [01m[K/home/emily/sa-mrbt_ws/install/behaviortree_cpp/include/behaviortree_cpp/blackboard.h:9[m[K,
[3.234s]                  from [01m[K/home/emily/sa-mrbt_ws/install/behaviortree_cpp/include/behaviortree_cpp/tree_node.h:22[m[K,
[3.234s]                  from [01m[K/home/emily/sa-mrbt_ws/install/behaviortree_cpp/include/behaviortree_cpp/leaf_node.h:17[m[K,
[3.234s]                  from [01m[K/home/emily/sa-mrbt_ws/install/behaviortree_cpp/include/behaviortree_cpp/action_node.h:22[m[K,
[3.234s]                  from [01m[K/home/emily/sa-mrbt_ws/install/behaviortree_cpp/include/behaviortree_cpp/actions/pop_from_queue.hpp:17[m[K,
[3.234s]                  from [01m[K/home/emily/sa-mrbt_ws/src/simplified_marine_sim/include/planners.hpp:8[m[K,
[3.234s]                  from [01m[K/home/emily/sa-mrbt_ws/src/simplified_marine_sim/src/robot.cpp:3[m[K:
[3.234s] [01m[K/usr/include/c++/11/bits/fs_dir.h:554:3:[m[K [01;36m[Knote: [m[K  â€˜[01m[Kstd::filesystem::__cxx11::end[m[Kâ€™
[3.234s]   554 |   [01;36m[Kend[m[K(recursive_directory_iterator) noexcept
[3.234s]       |   [01;36m[K^~~[m[K
[4.404s] gmake[2]: *** [CMakeFiles/sim.dir/build.make:188: CMakeFiles/sim.dir/src/robot.cpp.o] Error 1
[4.404s] gmake[1]: *** [CMakeFiles/Makefile2:137: CMakeFiles/sim.dir/all] Error 2
[4.405s] gmake: *** [Makefile:146: all] Error 2
[4.406s] Invoked command in '/home/emily/sa-mrbt_ws/build/simulator' returned '2': AMENT_PREFIX_PATH=/home/emily/sa-mrbt_ws/install/behaviortree_cpp:${AMENT_PREFIX_PATH} CMAKE_PREFIX_PATH=/home/emily/sa-mrbt_ws/install/behaviortree_cpp:/opt/ros/iron LD_LIBRARY_PATH=/home/emily/sa-mrbt_ws/install/behaviortree_cpp/lib:${LD_LIBRARY_PATH} PATH=/home/emily/sa-mrbt_ws/install/behaviortree_cpp/bin:${PATH} /usr/bin/cmake --build /home/emily/sa-mrbt_ws/build/simulator -- -j12 -l12
