[0.006s] Invoking command in '/home/emily/sa-mrbt_ws/build/simulator': CMAKE_PREFIX_PATH=/home/emily/sa-mrbt_ws/install/behaviortree_cpp:/home/emily/sa-mrbt_ws/install/simulator:/opt/ros/iron /usr/bin/cmake --build /home/emily/sa-mrbt_ws/build/simulator -- -j12 -l12
[0.038s] [35m[1mConsolidate compiler generated dependencies of target sim[0m
[0.062s] [  7%] [32mBuilding CXX object CMakeFiles/sim.dir/src/CBGA.cpp.o[0m
[1.585s] [01m[K/home/emily/sa-mrbt_ws/src/simplified_marine_sim/src/CBGA.cpp:[m[K In member function â€˜[01m[Kvoid CBGA::buildBundle()[m[Kâ€™:
[1.585s] [01m[K/home/emily/sa-mrbt_ws/src/simplified_marine_sim/src/CBGA.cpp:107:23:[m[K [01;31m[Kerror: [m[Kexpected â€˜[01m[K;[m[Kâ€™ before â€˜[01m[Krobot[m[Kâ€™
[1.585s]   107 |         robot.log_info
[1.585s]       |                       [01;31m[K^[m[K
[1.585s]       |                       [32m[K;[m[K
[1.585s]   108 | 
[1.585s]   109 |         [32m[Krobot[m[K.log_info("Task progress tracker at start of buildBundle: ");
[1.585s]       |         [32m[K~~~~~[m[K          
[1.585s] [01m[K/home/emily/sa-mrbt_ws/src/simplified_marine_sim/src/CBGA.cpp:107:15:[m[K [01;31m[Kerror: [m[Kinvalid use of non-static member function â€˜[01m[Kvoid Robot::log_info(std::string)[m[Kâ€™
[1.585s]   107 |         [01;31m[Krobot.log_info[m[K
[1.585s]       |         [01;31m[K~~~~~~^~~~~~~~[m[K
[1.586s] In file included from [01m[K/home/emily/sa-mrbt_ws/src/simplified_marine_sim/include/world.hpp:8[m[K,
[1.586s]                  from [01m[K/home/emily/sa-mrbt_ws/src/simplified_marine_sim/src/CBGA.cpp:6[m[K:
[1.586s] [01m[K/home/emily/sa-mrbt_ws/src/simplified_marine_sim/include/robot.hpp:145:10:[m[K [01;36m[Knote: [m[Kdeclared here
[1.586s]   145 |     void [01;36m[Klog_info[m[K(std::string log_msg);
[1.586s]       |          [01;36m[K^~~~~~~~[m[K
[2.412s] gmake[2]: *** [CMakeFiles/sim.dir/build.make:104: CMakeFiles/sim.dir/src/CBGA.cpp.o] Error 1
[2.412s] gmake[1]: *** [CMakeFiles/Makefile2:137: CMakeFiles/sim.dir/all] Error 2
[2.412s] gmake: *** [Makefile:146: all] Error 2
[2.414s] Invoked command in '/home/emily/sa-mrbt_ws/build/simulator' returned '2': CMAKE_PREFIX_PATH=/home/emily/sa-mrbt_ws/install/behaviortree_cpp:/home/emily/sa-mrbt_ws/install/simulator:/opt/ros/iron /usr/bin/cmake --build /home/emily/sa-mrbt_ws/build/simulator -- -j12 -l12
