[0.007s] Invoking command in '/home/emily/sa-mrbt_ws/build/simulator': CMAKE_PREFIX_PATH=/home/emily/sa-mrbt_ws/install/behaviortree_cpp:/home/emily/sa-mrbt_ws/install/simulator:/opt/ros/iron /usr/bin/cmake --build /home/emily/sa-mrbt_ws/build/simulator -- -j12 -l12
[0.037s] [35m[1mConsolidate compiler generated dependencies of target sim[0m
[0.059s] [  7%] [32mBuilding CXX object CMakeFiles/sim.dir/src/CBGA.cpp.o[0m
[0.060s] [ 15%] [32mBuilding CXX object CMakeFiles/sim.dir/src/behavior_tree.cpp.o[0m
[1.681s] [01m[K/home/emily/sa-mrbt_ws/src/simplified_marine_sim/src/CBGA.cpp:[m[K In member function â€˜[01m[Kvoid CBGA::resolveGroupConflicts(int, int, std::vector<std::vector<double, std::allocator<double> > >&, std::vector<std::vector<double, std::allocator<double> > >&, bool)[m[Kâ€™:
[1.681s] [01m[K/home/emily/sa-mrbt_ws/src/simplified_marine_sim/src/CBGA.cpp:1236:41:[m[K [01;31m[Kerror: [m[Kâ€˜[01m[Kagent_idx_m[m[Kâ€™ was not declared in this scope; did you mean â€˜[01m[Kagent_id_m[m[Kâ€™?
[1.681s]  1236 |     if (winning_bids_matrix_i[task_idx][[01;31m[Kagent_idx_m[m[K] > 0) { // if Y_ijm > 0, if agent i has positive winning bid for agent k for task j
[1.681s]       |                                         [01;31m[K^~~~~~~~~~~[m[K
[1.681s]       |                                         [32m[Kagent_id_m[m[K
[1.686s] [01m[K/home/emily/sa-mrbt_ws/src/simplified_marine_sim/src/CBGA.cpp:1269:108:[m[K [01;31m[Kerror: [m[Kâ€˜[01m[Knum_agents[m[Kâ€™ was not declared in this scope
[1.686s]  1269 |             std::pair<int, double> current_min = getMinExistingWinningBid(winning_bids_matrix_i[task_idx], [01;31m[Knum_agents[m[K);
[1.686s]       |                                                                                                            [01;31m[K^~~~~~~~~~[m[K
[1.693s] [01m[K/home/emily/sa-mrbt_ws/src/simplified_marine_sim/src/CBGA.cpp:[m[K In member function â€˜[01m[Kvoid CBGA::testResolveConflicts(int, std::vector<Msg>&, std::vector<std::vector<double, std::allocator<double> > >&, std::unordered_map<int, double>&, int, std::vector<std::vector<double, std::allocator<double> > >&, std::unordered_map<int, double>&)[m[Kâ€™:
[1.693s] [01m[K/home/emily/sa-mrbt_ws/src/simplified_marine_sim/src/CBGA.cpp:1732:5:[m[K [01;31m[Kerror: [m[Kâ€˜[01m[Ki[m[Kâ€™ was not declared in this scope
[1.693s]  1732 |     [01;31m[Ki[m[K thinks group empty, k thinks group is partially full, not including i, including k - should result in no change, trusting i knowlege of self - PASSED
[1.693s]       |     [01;31m[K^[m[K
[2.512s] gmake[2]: *** [CMakeFiles/sim.dir/build.make:104: CMakeFiles/sim.dir/src/CBGA.cpp.o] Error 1
[2.512s] gmake[2]: *** Waiting for unfinished jobs....
[3.669s] gmake[1]: *** [CMakeFiles/Makefile2:137: CMakeFiles/sim.dir/all] Error 2
[3.669s] gmake: *** [Makefile:146: all] Error 2
[3.671s] Invoked command in '/home/emily/sa-mrbt_ws/build/simulator' returned '2': CMAKE_PREFIX_PATH=/home/emily/sa-mrbt_ws/install/behaviortree_cpp:/home/emily/sa-mrbt_ws/install/simulator:/opt/ros/iron /usr/bin/cmake --build /home/emily/sa-mrbt_ws/build/simulator -- -j12 -l12
