[0.006s] Invoking command in '/home/emily/sa-mrbt_ws/build/simulator': CMAKE_PREFIX_PATH=/home/emily/sa-mrbt_ws/install/behaviortree_cpp:/home/emily/sa-mrbt_ws/install/simulator:/opt/ros/iron /usr/bin/cmake --build /home/emily/sa-mrbt_ws/build/simulator -- -j12 -l12
[0.037s] [35m[1mConsolidate compiler generated dependencies of target sim[0m
[0.065s] [  7%] [32mBuilding CXX object CMakeFiles/sim.dir/src/planners.cpp.o[0m
[1.655s] [01m[K/home/emily/sa-mrbt_ws/src/simplified_marine_sim/src/planners.cpp:[m[K In member function â€˜[01m[Kstd::vector<std::pair<double, int> > Planner::getNeighbors(int, int, int, int)[m[Kâ€™:
[1.655s] [01m[K/home/emily/sa-mrbt_ws/src/simplified_marine_sim/src/planners.cpp:88:51:[m[K [01;31m[Kerror: [m[Kâ€˜[01m[Kworld[m[Kâ€™ was not declared in this scope; did you mean â€˜[01m[KWorld[m[Kâ€™?
[1.655s]    88 |                 if (inBounds(new_x,new_y,X,Y) && ![01;31m[Kworld[m[K->isObstacle(new_x, new_y)) { // added check for obstacle
[1.655s]       |                                                   [01;31m[K^~~~~[m[K
[1.655s]       |                                                   [32m[KWorld[m[K
[2.414s] gmake[2]: *** [CMakeFiles/sim.dir/build.make:174: CMakeFiles/sim.dir/src/planners.cpp.o] Error 1
[2.415s] gmake[1]: *** [CMakeFiles/Makefile2:137: CMakeFiles/sim.dir/all] Error 2
[2.415s] gmake: *** [Makefile:146: all] Error 2
[2.417s] Invoked command in '/home/emily/sa-mrbt_ws/build/simulator' returned '2': CMAKE_PREFIX_PATH=/home/emily/sa-mrbt_ws/install/behaviortree_cpp:/home/emily/sa-mrbt_ws/install/simulator:/opt/ros/iron /usr/bin/cmake --build /home/emily/sa-mrbt_ws/build/simulator -- -j12 -l12
