[0.006s] Invoking command in '/home/emily/sa-mrbt_ws/build/simulator': CMAKE_PREFIX_PATH=/home/emily/sa-mrbt_ws/install/behaviortree_cpp:/home/emily/sa-mrbt_ws/install/simulator:/opt/ros/iron /usr/bin/cmake --build /home/emily/sa-mrbt_ws/build/simulator -- -j12 -l12
[0.037s] [35m[1mConsolidate compiler generated dependencies of target sim[0m
[0.059s] [  7%] [32mBuilding CXX object CMakeFiles/sim.dir/src/CBGA.cpp.o[0m
[0.059s] [ 15%] [32mBuilding CXX object CMakeFiles/sim.dir/src/CBBA.cpp.o[0m
[1.668s] [01m[K/home/emily/sa-mrbt_ws/src/simplified_marine_sim/src/CBGA.cpp:[m[K In member function â€˜[01m[Kdouble CBGA::getDistanceAlongPathToTask(std::vector<int>, int)[m[Kâ€™:
[1.668s] [01m[K/home/emily/sa-mrbt_ws/src/simplified_marine_sim/src/CBGA.cpp:456:30:[m[K [01;31m[Kerror: [m[Kno matching function for call to â€˜[01m[KlogUnorderedMap(std::unordered_map<int, Pose2D>&)[m[Kâ€™
[1.668s]   456 |        [01;31m[Kutils::logUnorderedMap(new_locations)[m[K;
[1.668s]       |        [01;31m[K~~~~~~~~~~~~~~~~~~~~~~^~~~~~~~~~~~~~~[m[K
[1.668s] In file included from [01m[K/home/emily/sa-mrbt_ws/src/simplified_marine_sim/src/CBGA.cpp:11[m[K:
[1.668s] [01m[K/home/emily/sa-mrbt_ws/src/simplified_marine_sim/include/utils.hpp:65:6:[m[K [01;36m[Knote: [m[Kcandidate: â€˜[01m[Ktemplate<class K, class V> void utils::logUnorderedMap(const std::unordered_map<K, V>&, Robot&)[m[Kâ€™
[1.668s]    65 | void [01;36m[KlogUnorderedMap[m[K(const std::unordered_map<K, V>& my_map, Robot& robot) {
[1.668s]       |      [01;36m[K^~~~~~~~~~~~~~~[m[K
[1.668s] [01m[K/home/emily/sa-mrbt_ws/src/simplified_marine_sim/include/utils.hpp:65:6:[m[K [01;36m[Knote: [m[K  template argument deduction/substitution failed:
[1.668s] [01m[K/home/emily/sa-mrbt_ws/src/simplified_marine_sim/src/CBGA.cpp:456:30:[m[K [01;36m[Knote: [m[K  candidate expects 2 arguments, 1 provided
[1.668s]   456 |        [01;36m[Kutils::logUnorderedMap(new_locations)[m[K;
[1.668s]       |        [01;36m[K~~~~~~~~~~~~~~~~~~~~~~^~~~~~~~~~~~~~~[m[K
[2.496s] gmake[2]: *** [CMakeFiles/sim.dir/build.make:104: CMakeFiles/sim.dir/src/CBGA.cpp.o] Error 1
[2.497s] gmake[2]: *** Waiting for unfinished jobs....
[2.793s] gmake[1]: *** [CMakeFiles/Makefile2:137: CMakeFiles/sim.dir/all] Error 2
[2.793s] gmake: *** [Makefile:146: all] Error 2
[2.794s] Invoked command in '/home/emily/sa-mrbt_ws/build/simulator' returned '2': CMAKE_PREFIX_PATH=/home/emily/sa-mrbt_ws/install/behaviortree_cpp:/home/emily/sa-mrbt_ws/install/simulator:/opt/ros/iron /usr/bin/cmake --build /home/emily/sa-mrbt_ws/build/simulator -- -j12 -l12
