[0.006s] Invoking command in '/home/emily/sa-mrbt_ws/build/simulator': CMAKE_PREFIX_PATH=/home/emily/sa-mrbt_ws/install/behaviortree_cpp:/home/emily/sa-mrbt_ws/install/simulator:/opt/ros/iron /usr/bin/cmake --build /home/emily/sa-mrbt_ws/build/simulator -- -j12 -l12
[0.051s] [  7%] [32mBuilding CXX object CMakeFiles/sim.dir/src/sim.cpp.o[0m
[0.051s] [ 15%] [32mBuilding CXX object CMakeFiles/sim.dir/src/CBBA.cpp.o[0m
[0.051s] [ 23%] [32mBuilding CXX object CMakeFiles/sim.dir/src/CBGA.cpp.o[0m
[0.052s] [ 30%] [32mBuilding CXX object CMakeFiles/sim.dir/src/world.cpp.o[0m
[0.053s] [ 38%] [32mBuilding CXX object CMakeFiles/sim.dir/src/message.cpp.o[0m
[0.054s] [ 46%] [32mBuilding CXX object CMakeFiles/sim.dir/src/planners.cpp.o[0m
[0.054s] [ 53%] [32mBuilding CXX object CMakeFiles/sim.dir/src/robot.cpp.o[0m
[0.055s] [ 61%] [32mBuilding CXX object CMakeFiles/sim.dir/src/behavior_tree.cpp.o[0m
[0.057s] [ 69%] [32mBuilding CXX object CMakeFiles/sim.dir/src/parser.cpp.o[0m
[0.057s] [ 76%] [32mBuilding CXX object CMakeFiles/sim.dir/src/greedy.cpp.o[0m
[3.402s] [01m[K/home/emily/sa-mrbt_ws/src/simplified_marine_sim/src/sim.cpp:[m[K In function â€˜[01m[Kvoid run_robot(int, std::string, Pose2D, cv::Scalar, int, World&)[m[Kâ€™:
[3.402s] [01m[K/home/emily/sa-mrbt_ws/src/simplified_marine_sim/src/sim.cpp:485:83:[m[K [01;31m[Kerror: [m[Kno matching function for call to â€˜[01m[KRobot::Robot(World*, JSONParser*, Pose2D&, int&, std::string&, cv::Scalar&)[m[Kâ€™
[3.402s]   485 |             Robot robot(&world, &parser, initial_pose, robot_id, robot_type, color[01;31m[K)[m[K;
[3.403s]       |                                                                                   [01;31m[K^[m[K
[3.403s] In file included from [01m[K/home/emily/sa-mrbt_ws/src/simplified_marine_sim/include/world.hpp:8[m[K,
[3.403s]                  from [01m[K/home/emily/sa-mrbt_ws/src/simplified_marine_sim/src/sim.cpp:8[m[K:
[3.403s] [01m[K/home/emily/sa-mrbt_ws/src/simplified_marine_sim/include/robot.hpp:82:5:[m[K [01;36m[Knote: [m[Kcandidate: â€˜[01m[KRobot::Robot(Planner*, ShortestPath*, CoveragePath*, World*, JSONParser*, const Pose2D&, int, std::string, cv::Scalar)[m[Kâ€™
[3.403s]    82 |     [01;36m[KRobot[m[K(Planner* planner, ShortestPath* shortest_path, CoveragePath* coverage_path, World* world, JSONParser* parser, const Pose2D& initial_pose, int robot_id, std::string robot_type, cv::Scalar color); // Is this right with planners?
[3.404s]       |     [01;36m[K^~~~~[m[K
[3.404s] [01m[K/home/emily/sa-mrbt_ws/src/simplified_marine_sim/include/robot.hpp:82:5:[m[K [01;36m[Knote: [m[K  candidate expects 9 arguments, 6 provided
[3.404s] In file included from [01m[K/home/emily/sa-mrbt_ws/src/simplified_marine_sim/include/world.hpp:8[m[K,
[3.404s]                  from [01m[K/home/emily/sa-mrbt_ws/src/simplified_marine_sim/src/sim.cpp:8[m[K:
[3.404s] [01m[K/home/emily/sa-mrbt_ws/src/simplified_marine_sim/include/robot.hpp:19:7:[m[K [01;36m[Knote: [m[Kcandidate: â€˜[01m[KRobot::Robot(Robot&&)[m[Kâ€™
[3.404s]    19 | class [01;36m[KRobot[m[K {
[3.405s]       |       [01;36m[K^~~~~[m[K
[3.405s] [01m[K/home/emily/sa-mrbt_ws/src/simplified_marine_sim/include/robot.hpp:19:7:[m[K [01;36m[Knote: [m[K  candidate expects 1 argument, 6 provided
[3.414s] [01m[K/home/emily/sa-mrbt_ws/src/simplified_marine_sim/src/sim.cpp:522:127:[m[K [01;31m[Kerror: [m[Kâ€˜[01m[Kshortest_path[m[Kâ€™ was not declared in this scope; did you mean â€˜[01m[KShortestPath[m[Kâ€™?
[3.414s]   522 |                 factory.registerNodeType<FollowShortestPath>("FollowShortestPath", std::ref(robot), std::ref(world), std::ref([01;31m[Kshortest_path[m[K));
[3.415s]       |                                                                                                                               [01;31m[K^~~~~~~~~~~~~[m[K
[3.415s]       |                                                                                                                               [32m[KShortestPath[m[K
[3.421s] [01m[K/home/emily/sa-mrbt_ws/src/simplified_marine_sim/src/sim.cpp:527:127:[m[K [01;31m[Kerror: [m[Kâ€˜[01m[Kcoverage_path[m[Kâ€™ was not declared in this scope; did you mean â€˜[01m[KCoveragePath[m[Kâ€™?
[3.421s]   527 |                 factory.registerNodeType<FollowCoveragePath>("FollowCoveragePath", std::ref(robot), std::ref(world), std::ref([01;31m[Kcoverage_path[m[K));
[3.421s]       |                                                                                                                               [01;31m[K^~~~~~~~~~~~~[m[K
[3.421s]       |                                                                                                                               [32m[KCoveragePath[m[K
[4.309s] [01m[K/home/emily/sa-mrbt_ws/src/simplified_marine_sim/src/robot.cpp:16:1:[m[K [01;31m[Kerror: [m[Kno declaration matches â€˜[01m[KRobot::Robot(World*, JSONParser*, const Pose2D&, int, std::string, cv::Scalar)[m[Kâ€™
[4.309s]    16 | [01;31m[KRobot[m[K::Robot( World* w, JSONParser* psr, const Pose2D& initial_pose, int robot_id, std::string robot_type, cv::Scalar dot_color)
[4.310s]       | [01;31m[K^~~~~[m[K
[4.310s] In file included from [01m[K/home/emily/sa-mrbt_ws/src/simplified_marine_sim/include/world.hpp:8[m[K,
[4.310s]                  from [01m[K/home/emily/sa-mrbt_ws/src/simplified_marine_sim/src/robot.cpp:5[m[K:
[4.310s] [01m[K/home/emily/sa-mrbt_ws/src/simplified_marine_sim/include/robot.hpp:19:7:[m[K [01;36m[Knote: [m[Kcandidates are: â€˜[01m[KRobot::Robot(Robot&&)[m[Kâ€™
[4.310s]    19 | class [01;36m[KRobot[m[K {
[4.310s]       |       [01;36m[K^~~~~[m[K
[4.310s] [01m[K/home/emily/sa-mrbt_ws/src/simplified_marine_sim/include/robot.hpp:19:7:[m[K [01;36m[Knote: [m[K                â€˜[01m[KRobot::Robot(const Robot&)[m[Kâ€™
[4.310s] In file included from [01m[K/home/emily/sa-mrbt_ws/src/simplified_marine_sim/include/world.hpp:8[m[K,
[4.310s]                  from [01m[K/home/emily/sa-mrbt_ws/src/simplified_marine_sim/src/robot.cpp:5[m[K:
[4.310s] [01m[K/home/emily/sa-mrbt_ws/src/simplified_marine_sim/include/robot.hpp:82:5:[m[K [01;36m[Knote: [m[K                â€˜[01m[KRobot::Robot(Planner*, ShortestPath*, CoveragePath*, World*, JSONParser*, const Pose2D&, int, std::string, cv::Scalar)[m[Kâ€™
[4.310s]    82 |     [01;36m[KRobot[m[K(Planner* planner, ShortestPath* shortest_path, CoveragePath* coverage_path, World* world, JSONParser* parser, const Pose2D& initial_pose, int robot_id, std::string robot_type, cv::Scalar color); // Is this right with planners?
[4.310s]       |     [01;36m[K^~~~~[m[K
[4.310s] In file included from [01m[K/home/emily/sa-mrbt_ws/src/simplified_marine_sim/include/world.hpp:8[m[K,
[4.310s]                  from [01m[K/home/emily/sa-mrbt_ws/src/simplified_marine_sim/src/robot.cpp:5[m[K:
[4.311s] [01m[K/home/emily/sa-mrbt_ws/src/simplified_marine_sim/include/robot.hpp:19:7:[m[K [01;36m[Knote: [m[Kâ€˜[01m[Kclass Robot[m[Kâ€™ defined here
[4.311s]    19 | class [01;36m[KRobot[m[K {
[4.311s]       |       [01;36m[K^~~~~[m[K
[5.937s] gmake[2]: *** [CMakeFiles/sim.dir/build.make:76: CMakeFiles/sim.dir/src/sim.cpp.o] Error 1
[5.937s] gmake[2]: *** Waiting for unfinished jobs....
[6.317s] gmake[2]: *** [CMakeFiles/sim.dir/build.make:188: CMakeFiles/sim.dir/src/robot.cpp.o] Error 1
[6.722s] gmake[1]: *** [CMakeFiles/Makefile2:137: CMakeFiles/sim.dir/all] Error 2
[6.722s] gmake: *** [Makefile:146: all] Error 2
[6.723s] Invoked command in '/home/emily/sa-mrbt_ws/build/simulator' returned '2': CMAKE_PREFIX_PATH=/home/emily/sa-mrbt_ws/install/behaviortree_cpp:/home/emily/sa-mrbt_ws/install/simulator:/opt/ros/iron /usr/bin/cmake --build /home/emily/sa-mrbt_ws/build/simulator -- -j12 -l12
