[01m[K/home/emily/sa-mrbt_ws/src/BehaviorTree.CPP/src/controls/counter_sequence.cpp:[m[K In member function â€˜[01m[Kvirtual int BT::CounterSequence::getSubtaskID(int)[m[Kâ€™:
[01m[K/home/emily/sa-mrbt_ws/src/BehaviorTree.CPP/src/controls/counter_sequence.cpp:58:19:[m[K [01;31m[Kerror: [m[Kâ€˜[01m[Ksubtask_failure_thresholds[m[Kâ€™ was not declared in this scope; did you mean â€˜[01m[Ksubtask_failure_thresholds_[m[Kâ€™?
   58 |         auto it = [01;31m[Ksubtask_failure_thresholds[m[K.begin();
      |                   [01;31m[K^~~~~~~~~~~~~~~~~~~~~~~~~~[m[K
      |                   [32m[Ksubtask_failure_thresholds_[m[K
[01m[K/home/emily/sa-mrbt_ws/src/BehaviorTree.CPP/src/controls/counter_sequence.cpp:62:26:[m[K [01;31m[Kerror: [m[Kexpected â€˜[01m[K;[m[Kâ€™ before â€˜[01m[K}[m[Kâ€™ token
   62 |         return subtask_id
      |                          [01;31m[K^[m[K
      |                          [32m[K;[m[K
   63 | [32m[K}[m[K
      | [32m[K~[m[K                         
[01m[K/home/emily/sa-mrbt_ws/src/BehaviorTree.CPP/src/controls/counter_sequence.cpp:[m[K In member function â€˜[01m[Kvirtual BT::NodeStatus BT::CounterSequence::tick()[m[Kâ€™:
[01m[K/home/emily/sa-mrbt_ws/src/BehaviorTree.CPP/src/controls/counter_sequence.cpp:151:37:[m[K [01;35m[Kwarning: [m[Kunused variable â€˜[01m[Kcurrent_subtask_id_[m[Kâ€™ [[01;35m[K]8;;https://gcc.gnu.org/onlinedocs/gcc/Warning-Options.html#index-Wunused-variable-Wunused-variable]8;;[m[K]
  151 |                                 int [01;35m[Kcurrent_subtask_id_[m[K = getSubtaskID(current_child_idx_);
      |                                     [01;35m[K^~~~~~~~~~~~~~~~~~~[m[K
gmake[2]: *** [CMakeFiles/behaviortree_cpp.dir/build.make:482: CMakeFiles/behaviortree_cpp.dir/src/controls/counter_sequence.cpp.o] Error 1
gmake[2]: *** Waiting for unfinished jobs....
gmake[1]: *** [CMakeFiles/Makefile2:340: CMakeFiles/behaviortree_cpp.dir/all] Error 2
gmake: *** [Makefile:146: all] Error 2
