[0.006s] Invoking command in '/home/emily/sa-mrbt_ws/build/simulator': CMAKE_PREFIX_PATH=/home/emily/sa-mrbt_ws/install/behaviortree_cpp:/home/emily/sa-mrbt_ws/install/simulator:/opt/ros/iron /usr/bin/cmake --build /home/emily/sa-mrbt_ws/build/simulator -- -j12 -l12
[0.040s] [35m[1mConsolidate compiler generated dependencies of target sim[0m
[0.063s] [  7%] [32mBuilding CXX object CMakeFiles/sim.dir/src/robot.cpp.o[0m
[3.106s] [01m[K/home/emily/sa-mrbt_ws/src/simplified_marine_sim/src/robot.cpp:[m[K In member function â€˜[01m[Kstd::pair<std::pair<int, bool>, std::unordered_map<int, int> > Robot::HandleFailures(std::unordered_map<int, bool>)[m[Kâ€™:
[3.106s] [01m[K/home/emily/sa-mrbt_ws/src/simplified_marine_sim/src/robot.cpp:1757:12:[m[K [01;31m[Kerror: [m[Kcould not convert â€˜[01m[Kscope_and_threshold_info[m[Kâ€™ from â€˜[01m[Kpair<[...],[01;32m[Kstd::map<int, int>[m[K>[m[Kâ€™ to â€˜[01m[Kpair<[...],[01;32m[Kstd::unordered_map<int, int>[m[K>[m[Kâ€™
[3.106s]  1757 |     return [01;31m[Kscope_and_threshold_info[m[K;
[3.106s]       |            [01;31m[K^~~~~~~~~~~~~~~~~~~~~~~~[m[K
[3.106s]       |            [01;31m[K|[m[K
[3.106s]       |            [01;31m[Kpair<[...],std::map<int, int>>[m[K
[4.651s] gmake[2]: *** [CMakeFiles/sim.dir/build.make:188: CMakeFiles/sim.dir/src/robot.cpp.o] Error 1
[4.651s] gmake[1]: *** [CMakeFiles/Makefile2:137: CMakeFiles/sim.dir/all] Error 2
[4.651s] gmake: *** [Makefile:146: all] Error 2
[4.653s] Invoked command in '/home/emily/sa-mrbt_ws/build/simulator' returned '2': CMAKE_PREFIX_PATH=/home/emily/sa-mrbt_ws/install/behaviortree_cpp:/home/emily/sa-mrbt_ws/install/simulator:/opt/ros/iron /usr/bin/cmake --build /home/emily/sa-mrbt_ws/build/simulator -- -j12 -l12
