[0.006s] Invoking command in '/home/emily/sa-mrbt_ws/build/simulator': CMAKE_PREFIX_PATH=/home/emily/sa-mrbt_ws/install/behaviortree_cpp:/home/emily/sa-mrbt_ws/install/simulator:/opt/ros/iron /usr/bin/cmake --build /home/emily/sa-mrbt_ws/build/simulator -- -j12 -l12
[0.038s] [35m[1mConsolidate compiler generated dependencies of target sim[0m
[0.061s] [  7%] [32mBuilding CXX object CMakeFiles/sim.dir/src/robot.cpp.o[0m
[3.133s] [01m[K/home/emily/sa-mrbt_ws/src/simplified_marine_sim/src/robot.cpp:[m[K In member function â€˜[01m[Kstd::map<int, int> Robot::initFailureThresholdsDict(TaskInfo&, bool)[m[Kâ€™:
[3.133s] [01m[K/home/emily/sa-mrbt_ws/src/simplified_marine_sim/src/robot.cpp:1685:27:[m[K [01;31m[Kerror: [m[Kâ€˜[01m[Ksubtasks[m[Kâ€™ was not declared in this scope; did you mean â€˜[01m[Ksubtask_id[m[Kâ€™?
[3.133s]  1685 |     for (int subtask_id : [01;31m[Ksubtasks[m[K) {
[3.133s]       |                           [01;31m[K^~~~~~~~[m[K
[3.133s]       |                           [32m[Ksubtask_id[m[K
[4.692s] gmake[2]: *** [CMakeFiles/sim.dir/build.make:188: CMakeFiles/sim.dir/src/robot.cpp.o] Error 1
[4.692s] gmake[1]: *** [CMakeFiles/Makefile2:137: CMakeFiles/sim.dir/all] Error 2
[4.692s] gmake: *** [Makefile:146: all] Error 2
[4.694s] Invoked command in '/home/emily/sa-mrbt_ws/build/simulator' returned '2': CMAKE_PREFIX_PATH=/home/emily/sa-mrbt_ws/install/behaviortree_cpp:/home/emily/sa-mrbt_ws/install/simulator:/opt/ros/iron /usr/bin/cmake --build /home/emily/sa-mrbt_ws/build/simulator -- -j12 -l12
