[01m[K/home/emily/sa-mrbt_ws/src/simplified_marine_sim/src/robot.cpp:972:22:[m[K [01;31m[Kerror: [m[Kâ€˜[01m[Kworld[m[Kâ€™ was not declared in this scope; did you mean â€˜[01m[KWorld[m[Kâ€™?
  972 |     int num_agents = [01;31m[Kworld[m[K->getNumAgents();
      |                      [01;31m[K^~~~~[m[K
      |                      [32m[KWorld[m[K
[01m[K/home/emily/sa-mrbt_ws/src/simplified_marine_sim/src/robot.cpp:973:5:[m[K [01;31m[Kerror: [m[Kexpected unqualified-id before â€˜[01m[Kfor[m[Kâ€™
  973 |     [01;31m[Kfor[m[K (int a = 0; a < num_agents; a++) {
      |     [01;31m[K^~~[m[K
[01m[K/home/emily/sa-mrbt_ws/src/simplified_marine_sim/src/robot.cpp:973:21:[m[K [01;31m[Kerror: [m[Kâ€˜[01m[Ka[m[Kâ€™ does not name a type
  973 |     for (int a = 0; [01;31m[Ka[m[K < num_agents; a++) {
      |                     [01;31m[K^[m[K
[01m[K/home/emily/sa-mrbt_ws/src/simplified_marine_sim/src/robot.cpp:973:37:[m[K [01;31m[Kerror: [m[Kâ€˜[01m[Ka[m[Kâ€™ does not name a type
  973 |     for (int a = 0; a < num_agents; [01;31m[Ka[m[K++) {
      |                                     [01;31m[K^[m[K
[01m[K/home/emily/sa-mrbt_ws/src/simplified_marine_sim/src/robot.cpp:987:13:[m[K [01;31m[Kerror: [m[Kexpected constructor, destructor, or type conversion before â€˜[01m[K([m[Kâ€™ token
  987 |     log_info[01;31m[K([m[K"end getAssignedAgents()");
      |             [01;31m[K^[m[K
[01m[K/home/emily/sa-mrbt_ws/src/simplified_marine_sim/src/robot.cpp:988:5:[m[K [01;31m[Kerror: [m[Kexpected unqualified-id before â€˜[01m[Kreturn[m[Kâ€™
  988 |     [01;31m[Kreturn[m[K assigned_agent_ids;
      |     [01;31m[K^~~~~~[m[K
gmake[2]: *** [CMakeFiles/sim.dir/build.make:188: CMakeFiles/sim.dir/src/robot.cpp.o] Error 1
gmake[1]: *** [CMakeFiles/Makefile2:137: CMakeFiles/sim.dir/all] Error 2
gmake: *** [Makefile:146: all] Error 2
