[0.006s] Invoking command in '/home/emily/sa-mrbt_ws/build/simulator': CMAKE_PREFIX_PATH=/home/emily/sa-mrbt_ws/install/behaviortree_cpp:/home/emily/sa-mrbt_ws/install/simulator:/opt/ros/iron /usr/bin/cmake --build /home/emily/sa-mrbt_ws/build/simulator -- -j12 -l12
[0.037s] [35m[1mConsolidate compiler generated dependencies of target sim[0m
[0.060s] [  7%] [32mBuilding CXX object CMakeFiles/sim.dir/src/robot.cpp.o[0m
[3.124s] [01m[K/home/emily/sa-mrbt_ws/src/simplified_marine_sim/src/robot.cpp:972:22:[m[K [01;31m[Kerror: [m[Kâ€˜[01m[Kworld[m[Kâ€™ was not declared in this scope; did you mean â€˜[01m[KWorld[m[Kâ€™?
[3.124s]   972 |     int num_agents = [01;31m[Kworld[m[K->getNumAgents();
[3.124s]       |                      [01;31m[K^~~~~[m[K
[3.124s]       |                      [32m[KWorld[m[K
[3.124s] [01m[K/home/emily/sa-mrbt_ws/src/simplified_marine_sim/src/robot.cpp:973:5:[m[K [01;31m[Kerror: [m[Kexpected unqualified-id before â€˜[01m[Kfor[m[Kâ€™
[3.124s]   973 |     [01;31m[Kfor[m[K (int a = 0; a < num_agents; a++) {
[3.125s]       |     [01;31m[K^~~[m[K
[3.125s] [01m[K/home/emily/sa-mrbt_ws/src/simplified_marine_sim/src/robot.cpp:973:21:[m[K [01;31m[Kerror: [m[Kâ€˜[01m[Ka[m[Kâ€™ does not name a type
[3.125s]   973 |     for (int a = 0; [01;31m[Ka[m[K < num_agents; a++) {
[3.125s]       |                     [01;31m[K^[m[K
[3.126s] [01m[K/home/emily/sa-mrbt_ws/src/simplified_marine_sim/src/robot.cpp:973:37:[m[K [01;31m[Kerror: [m[Kâ€˜[01m[Ka[m[Kâ€™ does not name a type
[3.126s]   973 |     for (int a = 0; a < num_agents; [01;31m[Ka[m[K++) {
[3.126s]       |                                     [01;31m[K^[m[K
[3.126s] [01m[K/home/emily/sa-mrbt_ws/src/simplified_marine_sim/src/robot.cpp:987:13:[m[K [01;31m[Kerror: [m[Kexpected constructor, destructor, or type conversion before â€˜[01m[K([m[Kâ€™ token
[3.126s]   987 |     log_info[01;31m[K([m[K"end getAssignedAgents()");
[3.126s]       |             [01;31m[K^[m[K
[3.126s] [01m[K/home/emily/sa-mrbt_ws/src/simplified_marine_sim/src/robot.cpp:988:5:[m[K [01;31m[Kerror: [m[Kexpected unqualified-id before â€˜[01m[Kreturn[m[Kâ€™
[3.126s]   988 |     [01;31m[Kreturn[m[K assigned_agent_ids;
[3.126s]       |     [01;31m[K^~~~~~[m[K
[4.229s] gmake[2]: *** [CMakeFiles/sim.dir/build.make:188: CMakeFiles/sim.dir/src/robot.cpp.o] Error 1
[4.229s] gmake[1]: *** [CMakeFiles/Makefile2:137: CMakeFiles/sim.dir/all] Error 2
[4.230s] gmake: *** [Makefile:146: all] Error 2
[4.232s] Invoked command in '/home/emily/sa-mrbt_ws/build/simulator' returned '2': CMAKE_PREFIX_PATH=/home/emily/sa-mrbt_ws/install/behaviortree_cpp:/home/emily/sa-mrbt_ws/install/simulator:/opt/ros/iron /usr/bin/cmake --build /home/emily/sa-mrbt_ws/build/simulator -- -j12 -l12
