[0.007s] Invoking command in '/home/emily/sa-mrbt_ws/build/simulator': CMAKE_PREFIX_PATH=/home/emily/sa-mrbt_ws/install/behaviortree_cpp:/home/emily/sa-mrbt_ws/install/simulator:/opt/ros/iron /usr/bin/cmake --build /home/emily/sa-mrbt_ws/build/simulator -- -j12 -l12
[0.039s] [35m[1mConsolidate compiler generated dependencies of target sim[0m
[0.066s] [  7%] [32mBuilding CXX object CMakeFiles/sim.dir/src/behavior_tree.cpp.o[0m
[1.741s] [01m[K/home/emily/sa-mrbt_ws/src/simplified_marine_sim/src/behavior_tree.cpp:[m[K In member function â€˜[01m[Kvirtual BT::NodeStatus Communicate::onRunning()[m[Kâ€™:
[1.741s] [01m[K/home/emily/sa-mrbt_ws/src/simplified_marine_sim/src/behavior_tree.cpp:162:55:[m[K [01;31m[Kerror: [m[Kâ€˜[01m[Kclass Message[m[Kâ€™ has no member named â€˜[01m[Kid[m[Kâ€™
[1.741s]   162 |         std::string bla = "ID: " + std::to_string(msg.[01;31m[Kid[m[K);
[1.741s]       |                                                       [01;31m[K^~[m[K
[1.741s] [01m[K/home/emily/sa-mrbt_ws/src/simplified_marine_sim/src/behavior_tree.cpp:165:36:[m[K [01;31m[Kerror: [m[Kâ€˜[01m[Kclass Message[m[Kâ€™ has no member named â€˜[01m[Kwinners[m[Kâ€™
[1.741s]   165 |         utils::logUnorderedMap(msg.[01;31m[Kwinners[m[K,_robot);
[1.742s]       |                                    [01;31m[K^~~~~~~[m[K
[1.742s] [01m[K/home/emily/sa-mrbt_ws/src/simplified_marine_sim/src/behavior_tree.cpp:167:36:[m[K [01;31m[Kerror: [m[Kâ€˜[01m[Kclass Message[m[Kâ€™ has no member named â€˜[01m[Kwinning_bids[m[Kâ€™
[1.742s]   167 |         utils::logUnorderedMap(msg.[01;31m[Kwinning_bids[m[K,_robot);
[1.742s]       |                                    [01;31m[K^~~~~~~~~~~~[m[K
[1.742s] [01m[K/home/emily/sa-mrbt_ws/src/simplified_marine_sim/src/behavior_tree.cpp:169:32:[m[K [01;31m[Kerror: [m[Kâ€˜[01m[Kclass Message[m[Kâ€™ has no member named â€˜[01m[Kwinning_bids_matrix[m[Kâ€™
[1.742s]   169 |         utils::log2DVector(msg.[01;31m[Kwinning_bids_matrix[m[K, _robot);
[1.742s]       |                                [01;31m[K^~~~~~~~~~~~~~~~~~~[m[K
[1.742s] [01m[K/home/emily/sa-mrbt_ws/src/simplified_marine_sim/src/behavior_tree.cpp:171:36:[m[K [01;31m[Kerror: [m[Kâ€˜[01m[Kclass Message[m[Kâ€™ has no member named â€˜[01m[Ktimestamps[m[Kâ€™
[1.742s]   171 |         utils::logUnorderedMap(msg.[01;31m[Ktimestamps[m[K,_robot);
[1.742s]       |                                    [01;31m[K^~~~~~~~~~[m[K
[1.742s] [01m[K/home/emily/sa-mrbt_ws/src/simplified_marine_sim/src/behavior_tree.cpp:173:36:[m[K [01;31m[Kerror: [m[Kâ€˜[01m[Kclass Message[m[Kâ€™ has no member named â€˜[01m[Ktask_progress[m[Kâ€™
[1.742s]   173 |         utils::logUnorderedMap(msg.[01;31m[Ktask_progress[m[K, _robot);
[1.742s]       |                                    [01;31m[K^~~~~~~~~~~~~[m[K
[1.742s] [01m[K/home/emily/sa-mrbt_ws/src/simplified_marine_sim/src/behavior_tree.cpp:175:36:[m[K [01;31m[Kerror: [m[Kâ€˜[01m[Kclass Message[m[Kâ€™ has no member named â€˜[01m[Ksubtask_failures[m[Kâ€™
[1.742s]   175 |         utils::logUnorderedMap(msg.[01;31m[Ksubtask_failures[m[K, _robot);
[1.742s]       |                                    [01;31m[K^~~~~~~~~~~~~~~~[m[K
[3.059s] gmake[2]: *** [CMakeFiles/sim.dir/build.make:202: CMakeFiles/sim.dir/src/behavior_tree.cpp.o] Error 1
[3.059s] gmake[1]: *** [CMakeFiles/Makefile2:137: CMakeFiles/sim.dir/all] Error 2
[3.059s] gmake: *** [Makefile:146: all] Error 2
[3.061s] Invoked command in '/home/emily/sa-mrbt_ws/build/simulator' returned '2': CMAKE_PREFIX_PATH=/home/emily/sa-mrbt_ws/install/behaviortree_cpp:/home/emily/sa-mrbt_ws/install/simulator:/opt/ros/iron /usr/bin/cmake --build /home/emily/sa-mrbt_ws/build/simulator -- -j12 -l12
