[01m[K/home/emily/sa-mrbt_ws/src/simplified_marine_sim/src/CBGA.cpp:[m[K In member function â€˜[01m[Kvoid CBGA::testResolveConflicts(int, std::vector<Msg>&, std::vector<std::vector<double, std::allocator<double> > >&, std::unordered_map<int, double>&, int, std::vector<std::vector<double, std::allocator<double> > >&, std::unordered_map<int, double>&)[m[Kâ€™:
[01m[K/home/emily/sa-mrbt_ws/src/simplified_marine_sim/src/CBGA.cpp:1307:28:[m[K [01;31m[Kerror: [m[Kâ€˜[01m[Kwinners_i[m[Kâ€™ was not declared in this scope
 1307 |     utils::logUnorderedMap([01;31m[Kwinners_i[m[K, robot);
      |                            [01;31m[K^~~~~~~~~[m[K
[01m[K/home/emily/sa-mrbt_ws/src/simplified_marine_sim/src/CBGA.cpp:1308:28:[m[K [01;31m[Kerror: [m[Kâ€˜[01m[Kwinning_bids_i[m[Kâ€™ was not declared in this scope; did you mean â€˜[01m[Kwinning_bids_matrix_i[m[Kâ€™?
 1308 |     utils::logUnorderedMap([01;31m[Kwinning_bids_i[m[K, robot);
      |                            [01;31m[K^~~~~~~~~~~~~~[m[K
      |                            [32m[Kwinning_bids_matrix_i[m[K
[01m[K/home/emily/sa-mrbt_ws/src/simplified_marine_sim/src/CBGA.cpp:1312:28:[m[K [01;31m[Kerror: [m[Kâ€˜[01m[Kwinners_k[m[Kâ€™ was not declared in this scope
 1312 |     utils::logUnorderedMap([01;31m[Kwinners_k[m[K, robot);
      |                            [01;31m[K^~~~~~~~~[m[K
[01m[K/home/emily/sa-mrbt_ws/src/simplified_marine_sim/src/CBGA.cpp:1313:28:[m[K [01;31m[Kerror: [m[Kâ€˜[01m[Kwinning_bids_k[m[Kâ€™ was not declared in this scope; did you mean â€˜[01m[Kwinning_bids_matrix_k[m[Kâ€™?
 1313 |     utils::logUnorderedMap([01;31m[Kwinning_bids_k[m[K, robot);
      |                            [01;31m[K^~~~~~~~~~~~~~[m[K
      |                            [32m[Kwinning_bids_matrix_k[m[K
gmake[2]: *** [CMakeFiles/sim.dir/build.make:104: CMakeFiles/sim.dir/src/CBGA.cpp.o] Error 1
gmake[2]: *** Waiting for unfinished jobs....
gmake[1]: *** [CMakeFiles/Makefile2:137: CMakeFiles/sim.dir/all] Error 2
gmake: *** [Makefile:146: all] Error 2
