[35m[1mConsolidate compiler generated dependencies of target sim[0m
[  7%] [32mBuilding CXX object CMakeFiles/sim.dir/src/robot.cpp.o[0m
[01m[K/home/emily/sa-mrbt_ws/src/simplified_marine_sim/src/robot.cpp:[m[K In member function â€˜[01m[Kvoid Robot::updateLocations()[m[Kâ€™:
[01m[K/home/emily/sa-mrbt_ws/src/simplified_marine_sim/src/robot.cpp:510:13:[m[K [01;31m[Kerror: [m[Kâ€˜[01m[Klog_msg[m[Kâ€™ was not declared in this scope
  510 |             [01;31m[Klog_msg[m[K << "Defer to own location: " << " : (" << pose.x << ","
      |             [01;31m[K^~~~~~~[m[K
[01m[K/home/emily/sa-mrbt_ws/src/simplified_marine_sim/src/robot.cpp:520:13:[m[K [01;31m[Kerror: [m[Kâ€˜[01m[Klog_msg[m[Kâ€™ was not declared in this scope
  520 |             [01;31m[Klog_msg[m[K << "best id m: " << id_m << ","
      |             [01;31m[K^~~~~~~[m[K
[01m[K/home/emily/sa-mrbt_ws/src/simplified_marine_sim/src/robot.cpp:521:20:[m[K [01;31m[Kerror: [m[Kâ€˜[01m[Kk_loc_from_m[m[Kâ€™ was not declared in this scope
  521 |                 << [01;31m[Kk_loc_from_m[m[K << ": " << most_recent_k_location_from_m << ")\n";
      |                    [01;31m[K^~~~~~~~~~~~[m[K
gmake[2]: *** [CMakeFiles/sim.dir/build.make:188: CMakeFiles/sim.dir/src/robot.cpp.o] Error 1
gmake[1]: *** [CMakeFiles/Makefile2:137: CMakeFiles/sim.dir/all] Error 2
gmake: *** [Makefile:146: all] Error 2
