[35m[1mConsolidate compiler generated dependencies of target sim[0m
[  7%] [32mBuilding CXX object CMakeFiles/sim.dir/src/sim.cpp.o[0m
[ 15%] [32mBuilding CXX object CMakeFiles/sim.dir/src/behavior_tree.cpp.o[0m
[01m[K/home/emily/sa-mrbt_ws/src/simplified_marine_sim/src/sim.cpp:[m[K In function â€˜[01m[Kvoid run_robot(int, std::string, Pose2D, cv::Scalar, int, World&)[m[Kâ€™:
[01m[K/home/emily/sa-mrbt_ws/src/simplified_marine_sim/src/sim.cpp:533:42:[m[K [01;31m[Kerror: [m[Kâ€˜[01m[KTestShortPath[m[Kâ€™ was not declared in this scope
  533 |                 factory.registerNodeType<[01;31m[KTestShortPath[m[K>("TestShortPath", std::ref(robot), std::ref(world));
      |                                          [01;31m[K^~~~~~~~~~~~~[m[K
[01m[K/home/emily/sa-mrbt_ws/src/simplified_marine_sim/src/sim.cpp:533:56:[m[K [01;31m[Kerror: [m[Kno matching function for call to â€˜[01m[KBT::BehaviorTreeFactory::registerNodeType<<expression error> >(const char [14], std::reference_wrapper<Robot>, std::reference_wrapper<World>)[m[Kâ€™
  533 |                 [01;31m[Kfactory.registerNodeType<TestShortPath>("TestShortPath", std::ref(robot), std::ref(world))[m[K;
      |                 [01;31m[K~~~~~~~~~~~~~~~~~~~~~~~~~~~~~~~~~~~~~~~^~~~~~~~~~~~~~~~~~~~~~~~~~~~~~~~~~~~~~~~~~~~~~~~~~~[m[K
In file included from [01m[K/home/emily/sa-mrbt_ws/src/simplified_marine_sim/include/behavior_tree.hpp:6[m[K,
                 from [01m[K/home/emily/sa-mrbt_ws/src/simplified_marine_sim/src/sim.cpp:11[m[K:
[01m[K/home/emily/sa-mrbt_ws/install/behaviortree_cpp/include/behaviortree_cpp/bt_factory.h:322:8:[m[K [01;36m[Knote: [m[Kcandidate: â€˜[01m[Ktemplate<class T, class ... ExtraArgs> void BT::BehaviorTreeFactory::registerNodeType(const string&, const PortsList&, ExtraArgs ...)[m[Kâ€™
  322 |   void [01;36m[KregisterNodeType[m[K(const std::string& ID, const PortsList& ports, ExtraArgs... args)
      |        [01;36m[K^~~~~~~~~~~~~~~~[m[K
[01m[K/home/emily/sa-mrbt_ws/install/behaviortree_cpp/include/behaviortree_cpp/bt_factory.h:322:8:[m[K [01;36m[Knote: [m[K  template argument deduction/substitution failed:
[01m[K/home/emily/sa-mrbt_ws/src/simplified_marine_sim/src/sim.cpp:533:56:[m[K [01;31m[Kerror: [m[Ktemplate argument 1 is invalid
  533 |                 [01;31m[Kfactory.registerNodeType<TestShortPath>("TestShortPath", std::ref(robot), std::ref(world))[m[K;
      |                 [01;31m[K~~~~~~~~~~~~~~~~~~~~~~~~~~~~~~~~~~~~~~~^~~~~~~~~~~~~~~~~~~~~~~~~~~~~~~~~~~~~~~~~~~~~~~~~~~[m[K
In file included from [01m[K/home/emily/sa-mrbt_ws/src/simplified_marine_sim/include/behavior_tree.hpp:6[m[K,
                 from [01m[K/home/emily/sa-mrbt_ws/src/simplified_marine_sim/src/sim.cpp:11[m[K:
[01m[K/home/emily/sa-mrbt_ws/install/behaviortree_cpp/include/behaviortree_cpp/bt_factory.h:358:8:[m[K [01;36m[Knote: [m[Kcandidate: â€˜[01m[Ktemplate<class T, class ... ExtraArgs> void BT::BehaviorTreeFactory::registerNodeType(const string&, ExtraArgs ...)[m[Kâ€™
  358 |   void [01;36m[KregisterNodeType[m[K(const std::string& ID, ExtraArgs... args)
      |        [01;36m[K^~~~~~~~~~~~~~~~[m[K
[01m[K/home/emily/sa-mrbt_ws/install/behaviortree_cpp/include/behaviortree_cpp/bt_factory.h:358:8:[m[K [01;36m[Knote: [m[K  template argument deduction/substitution failed:
[01m[K/home/emily/sa-mrbt_ws/src/simplified_marine_sim/src/sim.cpp:533:56:[m[K [01;31m[Kerror: [m[Ktemplate argument 1 is invalid
  533 |                 [01;31m[Kfactory.registerNodeType<TestShortPath>("TestShortPath", std::ref(robot), std::ref(world))[m[K;
      |                 [01;31m[K~~~~~~~~~~~~~~~~~~~~~~~~~~~~~~~~~~~~~~~^~~~~~~~~~~~~~~~~~~~~~~~~~~~~~~~~~~~~~~~~~~~~~~~~~~[m[K
[01m[K/home/emily/sa-mrbt_ws/src/simplified_marine_sim/src/behavior_tree.cpp:1727:1:[m[K [01;31m[Kerror: [m[Kâ€˜[01m[KTestShortPath[m[Kâ€™ does not name a type
 1727 | [01;31m[KTestShortPath[m[K::TestShortPath(const std::string& name, const NodeConfig& config, Robot& robot, World& world)
      | [01;31m[K^~~~~~~~~~~~~[m[K
[01m[K/home/emily/sa-mrbt_ws/src/simplified_marine_sim/src/behavior_tree.cpp:1731:12:[m[K [01;31m[Kerror: [m[Kâ€˜[01m[KTestShortPath[m[Kâ€™ has not been declared
 1731 | NodeStatus [01;31m[KTestShortPath[m[K::tick()
      |            [01;31m[K^~~~~~~~~~~~~[m[K
[01m[K/home/emily/sa-mrbt_ws/src/simplified_marine_sim/src/behavior_tree.cpp:[m[K In function â€˜[01m[KBT::NodeStatus tick()[m[Kâ€™:
[01m[K/home/emily/sa-mrbt_ws/src/simplified_marine_sim/src/behavior_tree.cpp:1735:9:[m[K [01;31m[Kerror: [m[Kâ€˜[01m[K_robot[m[Kâ€™ was not declared in this scope; did you mean â€˜[01m[KRobot[m[Kâ€™?
 1735 |         [01;31m[K_robot[m[K.log_info("in TestShortPath before check");
      |         [01;31m[K^~~~~~[m[K
      |         [32m[KRobot[m[K
[01m[K/home/emily/sa-mrbt_ws/src/simplified_marine_sim/src/behavior_tree.cpp:1738:9:[m[K [01;31m[Kerror: [m[Kexpected â€˜[01m[K,[m[Kâ€™ or â€˜[01m[K;[m[Kâ€™ before â€˜[01m[Kstd[m[Kâ€™
 1738 |         [01;31m[Kstd[m[K::string bla = "task_loc in TestShortPath tick (x, y): " + std::to_string(start_loc.first) + ", " + std::to_string(start_loc.second);
      |         [01;31m[K^~~[m[K
[01m[K/home/emily/sa-mrbt_ws/src/simplified_marine_sim/src/behavior_tree.cpp:1739:25:[m[K [01;31m[Kerror: [m[Kâ€˜[01m[Kbla[m[Kâ€™ was not declared in this scope
 1739 |         _robot.log_info([01;31m[Kbla[m[K);
      |                         [01;31m[K^~~[m[K
[01m[K/home/emily/sa-mrbt_ws/src/simplified_marine_sim/src/behavior_tree.cpp:1740:9:[m[K [01;31m[Kerror: [m[Kâ€˜[01m[KsetOutput[m[Kâ€™ was not declared in this scope
 1740 |         [01;31m[KsetOutput[m[K("task_loc", task_loc);
      |         [01;31m[K^~~~~~~~~[m[K
[01m[K/home/emily/sa-mrbt_ws/src/simplified_marine_sim/src/behavior_tree.cpp:[m[K At global scope:
[01m[K/home/emily/sa-mrbt_ws/src/simplified_marine_sim/src/behavior_tree.cpp:1750:11:[m[K [01;31m[Kerror: [m[Kâ€˜[01m[KTestShortPath[m[Kâ€™ has not been declared
 1750 | PortsList [01;31m[KTestShortPath[m[K::providedPorts()
      |           [01;31m[K^~~~~~~~~~~~~[m[K
gmake[2]: *** [CMakeFiles/sim.dir/build.make:202: CMakeFiles/sim.dir/src/behavior_tree.cpp.o] Error 1
gmake[2]: *** Waiting for unfinished jobs....
gmake[2]: *** [CMakeFiles/sim.dir/build.make:76: CMakeFiles/sim.dir/src/sim.cpp.o] Error 1
gmake[1]: *** [CMakeFiles/Makefile2:137: CMakeFiles/sim.dir/all] Error 2
gmake: *** [Makefile:146: all] Error 2
