[01m[K/home/emily/sa-mrbt_ws/src/simplified_marine_sim/src/world.cpp:610:6:[m[K [01;31m[Kerror: [m[Kno declaration matches â€˜[01m[Kvoid World::debugTaskAccess(int, Robot&)[m[Kâ€™
  610 | void [01;31m[KWorld[m[K::debugTaskAccess(int task_id, Robot& robot) {
      |      [01;31m[K^~~~~[m[K
[01m[K/home/emily/sa-mrbt_ws/src/simplified_marine_sim/src/world.cpp:610:6:[m[K [01;36m[Knote: [m[Kno functions named â€˜[01m[Kvoid World::debugTaskAccess(int, Robot&)[m[Kâ€™
In file included from [01m[K/home/emily/sa-mrbt_ws/src/simplified_marine_sim/src/world.cpp:4[m[K:
[01m[K/home/emily/sa-mrbt_ws/src/simplified_marine_sim/include/world.hpp:20:7:[m[K [01;36m[Knote: [m[Kâ€˜[01m[Kclass World[m[Kâ€™ defined here
   20 | class [01;36m[KWorld[m[K {
      |       [01;36m[K^~~~~[m[K
[01m[K/home/emily/sa-mrbt_ws/src/simplified_marine_sim/src/behavior_tree.cpp:[m[K In member function â€˜[01m[Kvirtual BT::NodeStatus GreedyTaskAllocator::onRunning()[m[Kâ€™:
[01m[K/home/emily/sa-mrbt_ws/src/simplified_marine_sim/src/behavior_tree.cpp:488:16:[m[K [01;31m[Kerror: [m[Kâ€˜[01m[Kclass World[m[Kâ€™ has no member named â€˜[01m[KdebugTaskAccess[m[Kâ€™
  488 |         _world.[01;31m[KdebugTaskAccess[m[K(1, _robot);
      |                [01;31m[K^~~~~~~~~~~~~~~[m[K
gmake[2]: *** [CMakeFiles/sim.dir/build.make:160: CMakeFiles/sim.dir/src/world.cpp.o] Error 1
gmake[2]: *** Waiting for unfinished jobs....
gmake[2]: *** [CMakeFiles/sim.dir/build.make:202: CMakeFiles/sim.dir/src/behavior_tree.cpp.o] Error 1
gmake[1]: *** [CMakeFiles/Makefile2:137: CMakeFiles/sim.dir/all] Error 2
gmake: *** [Makefile:146: all] Error 2
