[01m[K/home/emily/sa-mrbt_ws/src/BehaviorTree.CPP/src/controls/counter_sequence.cpp:[m[K In member function â€˜[01m[Kvirtual BT::NodeStatus BT::CounterSequence::tick()[m[Kâ€™:
[01m[K/home/emily/sa-mrbt_ws/src/BehaviorTree.CPP/src/controls/counter_sequence.cpp:215:49:[m[K [01;31m[Kerror: [m[Kâ€˜[01m[Kcurrent_subtask_id_[m[Kâ€™ was not declared in this scope; did you mean â€˜[01m[Kcurrent_task_id_[m[Kâ€™?
  215 |         int current_child_idx_ = getChildNodeID([01;31m[Kcurrent_subtask_id_[m[K);
      |                                                 [01;31m[K^~~~~~~~~~~~~~~~~~~[m[K
      |                                                 [32m[Kcurrent_task_id_[m[K
[01m[K/home/emily/sa-mrbt_ws/src/BehaviorTree.CPP/src/controls/counter_sequence.cpp:218:24:[m[K [01;35m[Kwarning: [m[Kunused variable â€˜[01m[Kchild_status[m[Kâ€™ [[01;35m[K]8;;https://gcc.gnu.org/onlinedocs/gcc/Warning-Options.html#index-Wunused-variable-Wunused-variable]8;;[m[K]
  218 |             NodeStatus [01;35m[Kchild_status[m[K = current_child->executeTick(); // Tick subtask
      |                        [01;35m[K^~~~~~~~~~~~[m[K
gmake[2]: *** [CMakeFiles/behaviortree_cpp.dir/build.make:482: CMakeFiles/behaviortree_cpp.dir/src/controls/counter_sequence.cpp.o] Error 1
gmake[1]: *** [CMakeFiles/Makefile2:340: CMakeFiles/behaviortree_cpp.dir/all] Error 2
gmake: *** [Makefile:146: all] Error 2
