[35m[1mConsolidate compiler generated dependencies of target sim[0m
[  7%] [32mBuilding CXX object CMakeFiles/sim.dir/src/CBBA.cpp.o[0m
[ 15%] [32mBuilding CXX object CMakeFiles/sim.dir/src/CBGA.cpp.o[0m
[ 23%] [32mBuilding CXX object CMakeFiles/sim.dir/src/sim.cpp.o[0m
[ 30%] [32mBuilding CXX object CMakeFiles/sim.dir/src/world.cpp.o[0m
[ 38%] [32mBuilding CXX object CMakeFiles/sim.dir/src/message.cpp.o[0m
[ 46%] [32mBuilding CXX object CMakeFiles/sim.dir/src/planners.cpp.o[0m
[ 53%] [32mBuilding CXX object CMakeFiles/sim.dir/src/robot.cpp.o[0m
[ 61%] [32mBuilding CXX object CMakeFiles/sim.dir/src/behavior_tree.cpp.o[0m
[ 69%] [32mBuilding CXX object CMakeFiles/sim.dir/src/parser.cpp.o[0m
[ 76%] [32mBuilding CXX object CMakeFiles/sim.dir/src/greedy.cpp.o[0m
In file included from [01m[K/home/emily/sa-mrbt_ws/src/simplified_marine_sim/include/world.hpp:8[m[K,
                 from [01m[K/home/emily/sa-mrbt_ws/src/simplified_marine_sim/src/greedy.cpp:6[m[K:
[01m[K/home/emily/sa-mrbt_ws/src/simplified_marine_sim/include/robot.hpp:180:10:[m[K [01;31m[Kerror: [m[Kâ€˜[01m[Kvoid Robot::updateSubtaskFailures()[m[Kâ€™ cannot be overloaded with â€˜[01m[Kvoid Robot::updateSubtaskFailures()[m[Kâ€™
  180 |     void [01;31m[KupdateSubtaskFailures[m[K(); // Traverse received messages and subdate subtask failures tracker, deferring to 1's (maining fails), except for self
      |          [01;31m[K^~~~~~~~~~~~~~~~~~~~~[m[K
[01m[K/home/emily/sa-mrbt_ws/src/simplified_marine_sim/include/robot.hpp:97:10:[m[K [01;36m[Knote: [m[Kprevious declaration â€˜[01m[Kvoid Robot::updateSubtaskFailures()[m[Kâ€™
   97 |     void [01;36m[KupdateSubtaskFailures[m[K();
      |          [01;36m[K^~~~~~~~~~~~~~~~~~~~~[m[K
In file included from [01m[K/home/emily/sa-mrbt_ws/src/simplified_marine_sim/include/world.hpp:8[m[K,
                 from [01m[K/home/emily/sa-mrbt_ws/src/simplified_marine_sim/src/planners.cpp:4[m[K:
[01m[K/home/emily/sa-mrbt_ws/src/simplified_marine_sim/include/robot.hpp:180:10:[m[K [01;31m[Kerror: [m[Kâ€˜[01m[Kvoid Robot::updateSubtaskFailures()[m[Kâ€™ cannot be overloaded with â€˜[01m[Kvoid Robot::updateSubtaskFailures()[m[Kâ€™
  180 |     void [01;31m[KupdateSubtaskFailures[m[K(); // Traverse received messages and subdate subtask failures tracker, deferring to 1's (maining fails), except for self
      |          [01;31m[K^~~~~~~~~~~~~~~~~~~~~[m[K
[01m[K/home/emily/sa-mrbt_ws/src/simplified_marine_sim/include/robot.hpp:97:10:[m[K [01;36m[Knote: [m[Kprevious declaration â€˜[01m[Kvoid Robot::updateSubtaskFailures()[m[Kâ€™
   97 |     void [01;36m[KupdateSubtaskFailures[m[K();
      |          [01;36m[K^~~~~~~~~~~~~~~~~~~~~[m[K
In file included from [01m[K/home/emily/sa-mrbt_ws/src/simplified_marine_sim/include/world.hpp:8[m[K,
                 from [01m[K/home/emily/sa-mrbt_ws/src/simplified_marine_sim/src/world.cpp:4[m[K:
[01m[K/home/emily/sa-mrbt_ws/src/simplified_marine_sim/include/robot.hpp:180:10:[m[K [01;31m[Kerror: [m[Kâ€˜[01m[Kvoid Robot::updateSubtaskFailures()[m[Kâ€™ cannot be overloaded with â€˜[01m[Kvoid Robot::updateSubtaskFailures()[m[Kâ€™
  180 |     void [01;31m[KupdateSubtaskFailures[m[K(); // Traverse received messages and subdate subtask failures tracker, deferring to 1's (maining fails), except for self
      |          [01;31m[K^~~~~~~~~~~~~~~~~~~~~[m[K
[01m[K/home/emily/sa-mrbt_ws/src/simplified_marine_sim/include/robot.hpp:97:10:[m[K [01;36m[Knote: [m[Kprevious declaration â€˜[01m[Kvoid Robot::updateSubtaskFailures()[m[Kâ€™
   97 |     void [01;36m[KupdateSubtaskFailures[m[K();
      |          [01;36m[K^~~~~~~~~~~~~~~~~~~~~[m[K
In file included from [01m[K/home/emily/sa-mrbt_ws/src/simplified_marine_sim/include/world.hpp:8[m[K,
                 from [01m[K/home/emily/sa-mrbt_ws/src/simplified_marine_sim/src/sim.cpp:8[m[K:
[01m[K/home/emily/sa-mrbt_ws/src/simplified_marine_sim/include/robot.hpp:180:10:[m[K [01;31m[Kerror: [m[Kâ€˜[01m[Kvoid Robot::updateSubtaskFailures()[m[Kâ€™ cannot be overloaded with â€˜[01m[Kvoid Robot::updateSubtaskFailures()[m[Kâ€™
  180 |     void [01;31m[KupdateSubtaskFailures[m[K(); // Traverse received messages and subdate subtask failures tracker, deferring to 1's (maining fails), except for self
      |          [01;31m[K^~~~~~~~~~~~~~~~~~~~~[m[K
[01m[K/home/emily/sa-mrbt_ws/src/simplified_marine_sim/include/robot.hpp:97:10:[m[K [01;36m[Knote: [m[Kprevious declaration â€˜[01m[Kvoid Robot::updateSubtaskFailures()[m[Kâ€™
   97 |     void [01;36m[KupdateSubtaskFailures[m[K();
      |          [01;36m[K^~~~~~~~~~~~~~~~~~~~~[m[K
In file included from [01m[K/home/emily/sa-mrbt_ws/src/simplified_marine_sim/include/world.hpp:8[m[K,
                 from [01m[K/home/emily/sa-mrbt_ws/src/simplified_marine_sim/include/behavior_tree.hpp:7[m[K,
                 from [01m[K/home/emily/sa-mrbt_ws/src/simplified_marine_sim/src/behavior_tree.cpp:1[m[K:
[01m[K/home/emily/sa-mrbt_ws/src/simplified_marine_sim/include/robot.hpp:180:10:[m[K [01;31m[Kerror: [m[Kâ€˜[01m[Kvoid Robot::updateSubtaskFailures()[m[Kâ€™ cannot be overloaded with â€˜[01m[Kvoid Robot::updateSubtaskFailures()[m[Kâ€™
  180 |     void [01;31m[KupdateSubtaskFailures[m[K(); // Traverse received messages and subdate subtask failures tracker, deferring to 1's (maining fails), except for self
      |          [01;31m[K^~~~~~~~~~~~~~~~~~~~~[m[K
[01m[K/home/emily/sa-mrbt_ws/src/simplified_marine_sim/include/robot.hpp:97:10:[m[K [01;36m[Knote: [m[Kprevious declaration â€˜[01m[Kvoid Robot::updateSubtaskFailures()[m[Kâ€™
   97 |     void [01;36m[KupdateSubtaskFailures[m[K();
      |          [01;36m[K^~~~~~~~~~~~~~~~~~~~~[m[K
In file included from [01m[K/home/emily/sa-mrbt_ws/src/simplified_marine_sim/include/world.hpp:8[m[K,
                 from [01m[K/home/emily/sa-mrbt_ws/src/simplified_marine_sim/src/CBGA.cpp:6[m[K:
[01m[K/home/emily/sa-mrbt_ws/src/simplified_marine_sim/include/robot.hpp:180:10:[m[K [01;31m[Kerror: [m[Kâ€˜[01m[Kvoid Robot::updateSubtaskFailures()[m[Kâ€™ cannot be overloaded with â€˜[01m[Kvoid Robot::updateSubtaskFailures()[m[Kâ€™
  180 |     void [01;31m[KupdateSubtaskFailures[m[K(); // Traverse received messages and subdate subtask failures tracker, deferring to 1's (maining fails), except for self
      |          [01;31m[K^~~~~~~~~~~~~~~~~~~~~[m[K
[01m[K/home/emily/sa-mrbt_ws/src/simplified_marine_sim/include/robot.hpp:97:10:[m[K [01;36m[Knote: [m[Kprevious declaration â€˜[01m[Kvoid Robot::updateSubtaskFailures()[m[Kâ€™
   97 |     void [01;36m[KupdateSubtaskFailures[m[K();
      |          [01;36m[K^~~~~~~~~~~~~~~~~~~~~[m[K
In file included from [01m[K/home/emily/sa-mrbt_ws/src/simplified_marine_sim/include/world.hpp:8[m[K,
                 from [01m[K/home/emily/sa-mrbt_ws/src/simplified_marine_sim/src/CBBA.cpp:6[m[K:
[01m[K/home/emily/sa-mrbt_ws/src/simplified_marine_sim/include/robot.hpp:180:10:[m[K [01;31m[Kerror: [m[Kâ€˜[01m[Kvoid Robot::updateSubtaskFailures()[m[Kâ€™ cannot be overloaded with â€˜[01m[Kvoid Robot::updateSubtaskFailures()[m[Kâ€™
  180 |     void [01;31m[KupdateSubtaskFailures[m[K(); // Traverse received messages and subdate subtask failures tracker, deferring to 1's (maining fails), except for self
      |          [01;31m[K^~~~~~~~~~~~~~~~~~~~~[m[K
[01m[K/home/emily/sa-mrbt_ws/src/simplified_marine_sim/include/robot.hpp:97:10:[m[K [01;36m[Knote: [m[Kprevious declaration â€˜[01m[Kvoid Robot::updateSubtaskFailures()[m[Kâ€™
   97 |     void [01;36m[KupdateSubtaskFailures[m[K();
      |          [01;36m[K^~~~~~~~~~~~~~~~~~~~~[m[K
In file included from [01m[K/home/emily/sa-mrbt_ws/src/simplified_marine_sim/include/world.hpp:8[m[K,
                 from [01m[K/home/emily/sa-mrbt_ws/src/simplified_marine_sim/include/message.hpp:6[m[K,
                 from [01m[K/home/emily/sa-mrbt_ws/src/simplified_marine_sim/src/message.cpp:2[m[K:
[01m[K/home/emily/sa-mrbt_ws/src/simplified_marine_sim/include/robot.hpp:180:10:[m[K [01;31m[Kerror: [m[Kâ€˜[01m[Kvoid Robot::updateSubtaskFailures()[m[Kâ€™ cannot be overloaded with â€˜[01m[Kvoid Robot::updateSubtaskFailures()[m[Kâ€™
  180 |     void [01;31m[KupdateSubtaskFailures[m[K(); // Traverse received messages and subdate subtask failures tracker, deferring to 1's (maining fails), except for self
      |          [01;31m[K^~~~~~~~~~~~~~~~~~~~~[m[K
[01m[K/home/emily/sa-mrbt_ws/src/simplified_marine_sim/include/robot.hpp:97:10:[m[K [01;36m[Knote: [m[Kprevious declaration â€˜[01m[Kvoid Robot::updateSubtaskFailures()[m[Kâ€™
   97 |     void [01;36m[KupdateSubtaskFailures[m[K();
      |          [01;36m[K^~~~~~~~~~~~~~~~~~~~~[m[K
In file included from [01m[K/home/emily/sa-mrbt_ws/src/simplified_marine_sim/include/utils.hpp:7[m[K,
                 from [01m[K/home/emily/sa-mrbt_ws/src/simplified_marine_sim/src/parser.cpp:7[m[K:
[01m[K/home/emily/sa-mrbt_ws/src/simplified_marine_sim/include/robot.hpp:180:10:[m[K [01;31m[Kerror: [m[Kâ€˜[01m[Kvoid Robot::updateSubtaskFailures()[m[Kâ€™ cannot be overloaded with â€˜[01m[Kvoid Robot::updateSubtaskFailures()[m[Kâ€™
  180 |     void [01;31m[KupdateSubtaskFailures[m[K(); // Traverse received messages and subdate subtask failures tracker, deferring to 1's (maining fails), except for self
      |          [01;31m[K^~~~~~~~~~~~~~~~~~~~~[m[K
[01m[K/home/emily/sa-mrbt_ws/src/simplified_marine_sim/include/robot.hpp:97:10:[m[K [01;36m[Knote: [m[Kprevious declaration â€˜[01m[Kvoid Robot::updateSubtaskFailures()[m[Kâ€™
   97 |     void [01;36m[KupdateSubtaskFailures[m[K();
      |          [01;36m[K^~~~~~~~~~~~~~~~~~~~~[m[K
In file included from [01m[K/home/emily/sa-mrbt_ws/src/simplified_marine_sim/include/world.hpp:8[m[K,
                 from [01m[K/home/emily/sa-mrbt_ws/src/simplified_marine_sim/src/robot.cpp:4[m[K:
[01m[K/home/emily/sa-mrbt_ws/src/simplified_marine_sim/include/robot.hpp:180:10:[m[K [01;31m[Kerror: [m[Kâ€˜[01m[Kvoid Robot::updateSubtaskFailures()[m[Kâ€™ cannot be overloaded with â€˜[01m[Kvoid Robot::updateSubtaskFailures()[m[Kâ€™
  180 |     void [01;31m[KupdateSubtaskFailures[m[K(); // Traverse received messages and subdate subtask failures tracker, deferring to 1's (maining fails), except for self
      |          [01;31m[K^~~~~~~~~~~~~~~~~~~~~[m[K
[01m[K/home/emily/sa-mrbt_ws/src/simplified_marine_sim/include/robot.hpp:97:10:[m[K [01;36m[Knote: [m[Kprevious declaration â€˜[01m[Kvoid Robot::updateSubtaskFailures()[m[Kâ€™
   97 |     void [01;36m[KupdateSubtaskFailures[m[K();
      |          [01;36m[K^~~~~~~~~~~~~~~~~~~~~[m[K
gmake[2]: *** [CMakeFiles/sim.dir/build.make:230: CMakeFiles/sim.dir/src/greedy.cpp.o] Error 1
gmake[2]: *** Waiting for unfinished jobs....
gmake[2]: *** [CMakeFiles/sim.dir/build.make:174: CMakeFiles/sim.dir/src/planners.cpp.o] Error 1
gmake[2]: *** [CMakeFiles/sim.dir/build.make:90: CMakeFiles/sim.dir/src/CBBA.cpp.o] Error 1
gmake[2]: *** [CMakeFiles/sim.dir/build.make:132: CMakeFiles/sim.dir/src/message.cpp.o] Error 1
gmake[2]: *** [CMakeFiles/sim.dir/build.make:104: CMakeFiles/sim.dir/src/CBGA.cpp.o] Error 1
gmake[2]: *** [CMakeFiles/sim.dir/build.make:202: CMakeFiles/sim.dir/src/behavior_tree.cpp.o] Error 1
gmake[2]: *** [CMakeFiles/sim.dir/build.make:160: CMakeFiles/sim.dir/src/world.cpp.o] Error 1
gmake[2]: *** [CMakeFiles/sim.dir/build.make:76: CMakeFiles/sim.dir/src/sim.cpp.o] Error 1
gmake[2]: *** [CMakeFiles/sim.dir/build.make:216: CMakeFiles/sim.dir/src/parser.cpp.o] Error 1
[01m[K/home/emily/sa-mrbt_ws/src/simplified_marine_sim/src/robot.cpp:[m[K In member function â€˜[01m[Kvoid Robot::updateSubtaskFailures()[m[Kâ€™:
[01m[K/home/emily/sa-mrbt_ws/src/simplified_marine_sim/src/robot.cpp:291:24:[m[K [01;31m[Kerror: [m[Kâ€˜[01m[Kstruct Msg[m[Kâ€™ has no member named â€˜[01m[Ksender_id[m[Kâ€™
  291 |         agent_id = msg.[01;31m[Ksender_id[m[K;
      |                        [01;31m[K^~~~~~~~~[m[K
[01m[K/home/emily/sa-mrbt_ws/src/simplified_marine_sim/src/robot.cpp:294:36:[m[K [01;31m[Kerror: [m[Kâ€˜[01m[Kall_subtasks_info[m[Kâ€™ was not declared in this scope
  294 |         for (const auto& subtask : [01;31m[Kall_subtasks_info[m[K) {
      |                                    [01;31m[K^~~~~~~~~~~~~~~~~[m[K
[01m[K/home/emily/sa-mrbt_ws/src/simplified_marine_sim/src/robot.cpp:295:53:[m[K [01;31m[Kerror: [m[Kâ€˜[01m[Kbegin[m[Kâ€™ was not declared in this scope
  295 |             for (int agent_id : world->getNumAgents([01;31m[K)[m[K) {
      |                                                     [01;31m[K^[m[K
[01m[K/home/emily/sa-mrbt_ws/src/simplified_marine_sim/src/robot.cpp:295:53:[m[K [01;36m[Knote: [m[Ksuggested alternatives:
In file included from [01m[K/home/emily/sa-mrbt_ws/install/behaviortree_cpp/include/behaviortree_cpp/contrib/json.hpp:170[m[K,
                 from [01m[K/home/emily/sa-mrbt_ws/install/behaviortree_cpp/include/behaviortree_cpp/blackboard.h:9[m[K,
                 from [01m[K/home/emily/sa-mrbt_ws/install/behaviortree_cpp/include/behaviortree_cpp/tree_node.h:22[m[K,
                 from [01m[K/home/emily/sa-mrbt_ws/install/behaviortree_cpp/include/behaviortree_cpp/leaf_node.h:17[m[K,
                 from [01m[K/home/emily/sa-mrbt_ws/install/behaviortree_cpp/include/behaviortree_cpp/action_node.h:22[m[K,
                 from [01m[K/home/emily/sa-mrbt_ws/install/behaviortree_cpp/include/behaviortree_cpp/actions/pop_from_queue.hpp:17[m[K,
                 from [01m[K/home/emily/sa-mrbt_ws/src/simplified_marine_sim/include/planners.hpp:8[m[K,
                 from [01m[K/home/emily/sa-mrbt_ws/src/simplified_marine_sim/src/robot.cpp:3[m[K:
[01m[K/usr/include/c++/11/valarray:1228:5:[m[K [01;36m[Knote: [m[K  â€˜[01m[Kstd::begin[m[Kâ€™
 1228 |     [01;36m[Kbegin[m[K(const valarray<_Tp>& __va) noexcept
      |     [01;36m[K^~~~~[m[K
In file included from [01m[K/usr/include/c++/11/filesystem:46[m[K,
                 from [01m[K/home/emily/sa-mrbt_ws/install/behaviortree_cpp/include/behaviortree_cpp/contrib/json.hpp:4643[m[K,
                 from [01m[K/home/emily/sa-mrbt_ws/install/behaviortree_cpp/include/behaviortree_cpp/blackboard.h:9[m[K,
                 from [01m[K/home/emily/sa-mrbt_ws/install/behaviortree_cpp/include/behaviortree_cpp/tree_node.h:22[m[K,
                 from [01m[K/home/emily/sa-mrbt_ws/install/behaviortree_cpp/include/behaviortree_cpp/leaf_node.h:17[m[K,
                 from [01m[K/home/emily/sa-mrbt_ws/install/behaviortree_cpp/include/behaviortree_cpp/action_node.h:22[m[K,
                 from [01m[K/home/emily/sa-mrbt_ws/install/behaviortree_cpp/include/behaviortree_cpp/actions/pop_from_queue.hpp:17[m[K,
                 from [01m[K/home/emily/sa-mrbt_ws/src/simplified_marine_sim/include/planners.hpp:8[m[K,
                 from [01m[K/home/emily/sa-mrbt_ws/src/simplified_marine_sim/src/robot.cpp:3[m[K:
[01m[K/usr/include/c++/11/bits/fs_dir.h:549:3:[m[K [01;36m[Knote: [m[K  â€˜[01m[Kstd::filesystem::__cxx11::begin[m[Kâ€™
  549 |   [01;36m[Kbegin[m[K(recursive_directory_iterator __iter) noexcept
      |   [01;36m[K^~~~~[m[K
[01m[K/home/emily/sa-mrbt_ws/src/simplified_marine_sim/src/robot.cpp:295:53:[m[K [01;31m[Kerror: [m[Kâ€˜[01m[Kend[m[Kâ€™ was not declared in this scope
  295 |             for (int agent_id : world->getNumAgents([01;31m[K)[m[K) {
      |                                                     [01;31m[K^[m[K
[01m[K/home/emily/sa-mrbt_ws/src/simplified_marine_sim/src/robot.cpp:295:53:[m[K [01;36m[Knote: [m[Ksuggested alternatives:
In file included from [01m[K/home/emily/sa-mrbt_ws/install/behaviortree_cpp/include/behaviortree_cpp/contrib/json.hpp:170[m[K,
                 from [01m[K/home/emily/sa-mrbt_ws/install/behaviortree_cpp/include/behaviortree_cpp/blackboard.h:9[m[K,
                 from [01m[K/home/emily/sa-mrbt_ws/install/behaviortree_cpp/include/behaviortree_cpp/tree_node.h:22[m[K,
                 from [01m[K/home/emily/sa-mrbt_ws/install/behaviortree_cpp/include/behaviortree_cpp/leaf_node.h:17[m[K,
                 from [01m[K/home/emily/sa-mrbt_ws/install/behaviortree_cpp/include/behaviortree_cpp/action_node.h:22[m[K,
                 from [01m[K/home/emily/sa-mrbt_ws/install/behaviortree_cpp/include/behaviortree_cpp/actions/pop_from_queue.hpp:17[m[K,
                 from [01m[K/home/emily/sa-mrbt_ws/src/simplified_marine_sim/include/planners.hpp:8[m[K,
                 from [01m[K/home/emily/sa-mrbt_ws/src/simplified_marine_sim/src/robot.cpp:3[m[K:
[01m[K/usr/include/c++/11/valarray:1255:5:[m[K [01;36m[Knote: [m[K  â€˜[01m[Kstd::end[m[Kâ€™
 1255 |     [01;36m[Kend[m[K(const valarray<_Tp>& __va) noexcept
      |     [01;36m[K^~~[m[K
In file included from [01m[K/usr/include/c++/11/filesystem:46[m[K,
                 from [01m[K/home/emily/sa-mrbt_ws/install/behaviortree_cpp/include/behaviortree_cpp/contrib/json.hpp:4643[m[K,
                 from [01m[K/home/emily/sa-mrbt_ws/install/behaviortree_cpp/include/behaviortree_cpp/blackboard.h:9[m[K,
                 from [01m[K/home/emily/sa-mrbt_ws/install/behaviortree_cpp/include/behaviortree_cpp/tree_node.h:22[m[K,
                 from [01m[K/home/emily/sa-mrbt_ws/install/behaviortree_cpp/include/behaviortree_cpp/leaf_node.h:17[m[K,
                 from [01m[K/home/emily/sa-mrbt_ws/install/behaviortree_cpp/include/behaviortree_cpp/action_node.h:22[m[K,
                 from [01m[K/home/emily/sa-mrbt_ws/install/behaviortree_cpp/include/behaviortree_cpp/actions/pop_from_queue.hpp:17[m[K,
                 from [01m[K/home/emily/sa-mrbt_ws/src/simplified_marine_sim/include/planners.hpp:8[m[K,
                 from [01m[K/home/emily/sa-mrbt_ws/src/simplified_marine_sim/src/robot.cpp:3[m[K:
[01m[K/usr/include/c++/11/bits/fs_dir.h:554:3:[m[K [01;36m[Knote: [m[K  â€˜[01m[Kstd::filesystem::__cxx11::end[m[Kâ€™
  554 |   [01;36m[Kend[m[K(recursive_directory_iterator) noexcept
      |   [01;36m[K^~~[m[K
gmake[2]: *** [CMakeFiles/sim.dir/build.make:188: CMakeFiles/sim.dir/src/robot.cpp.o] Error 1
gmake[1]: *** [CMakeFiles/Makefile2:137: CMakeFiles/sim.dir/all] Error 2
gmake: *** [Makefile:146: all] Error 2
