[0.006s] Invoking command in '/home/emily/sa-mrbt_ws/build/simulator': AMENT_PREFIX_PATH=/home/emily/sa-mrbt_ws/install/behaviortree_cpp:${AMENT_PREFIX_PATH} CMAKE_PREFIX_PATH=/home/emily/sa-mrbt_ws/install/behaviortree_cpp:/opt/ros/iron LD_LIBRARY_PATH=/home/emily/sa-mrbt_ws/install/behaviortree_cpp/lib:${LD_LIBRARY_PATH} PATH=/home/emily/sa-mrbt_ws/install/behaviortree_cpp/bin:${PATH} /usr/bin/cmake --build /home/emily/sa-mrbt_ws/build/simulator -- -j12 -l12
[0.036s] [35m[1mConsolidate compiler generated dependencies of target sim[0m
[0.058s] [  7%] [32mBuilding CXX object CMakeFiles/sim.dir/src/CBBA.cpp.o[0m
[0.059s] [ 15%] [32mBuilding CXX object CMakeFiles/sim.dir/src/CBGA.cpp.o[0m
[0.059s] [ 23%] [32mBuilding CXX object CMakeFiles/sim.dir/src/sim.cpp.o[0m
[0.060s] [ 30%] [32mBuilding CXX object CMakeFiles/sim.dir/src/world.cpp.o[0m
[0.060s] [ 38%] [32mBuilding CXX object CMakeFiles/sim.dir/src/message.cpp.o[0m
[0.062s] [ 46%] [32mBuilding CXX object CMakeFiles/sim.dir/src/planners.cpp.o[0m
[0.062s] [ 53%] [32mBuilding CXX object CMakeFiles/sim.dir/src/robot.cpp.o[0m
[0.063s] [ 61%] [32mBuilding CXX object CMakeFiles/sim.dir/src/behavior_tree.cpp.o[0m
[0.064s] [ 69%] [32mBuilding CXX object CMakeFiles/sim.dir/src/parser.cpp.o[0m
[0.064s] [ 76%] [32mBuilding CXX object CMakeFiles/sim.dir/src/greedy.cpp.o[0m
[2.174s] In file included from [01m[K/home/emily/sa-mrbt_ws/src/simplified_marine_sim/include/world.hpp:8[m[K,
[2.174s]                  from [01m[K/home/emily/sa-mrbt_ws/src/simplified_marine_sim/src/greedy.cpp:6[m[K:
[2.174s] [01m[K/home/emily/sa-mrbt_ws/src/simplified_marine_sim/include/robot.hpp:180:10:[m[K [01;31m[Kerror: [m[Kâ€˜[01m[Kvoid Robot::updateSubtaskFailures()[m[Kâ€™ cannot be overloaded with â€˜[01m[Kvoid Robot::updateSubtaskFailures()[m[Kâ€™
[2.174s]   180 |     void [01;31m[KupdateSubtaskFailures[m[K(); // Traverse received messages and subdate subtask failures tracker, deferring to 1's (maining fails), except for self
[2.174s]       |          [01;31m[K^~~~~~~~~~~~~~~~~~~~~[m[K
[2.174s] [01m[K/home/emily/sa-mrbt_ws/src/simplified_marine_sim/include/robot.hpp:97:10:[m[K [01;36m[Knote: [m[Kprevious declaration â€˜[01m[Kvoid Robot::updateSubtaskFailures()[m[Kâ€™
[2.174s]    97 |     void [01;36m[KupdateSubtaskFailures[m[K();
[2.174s]       |          [01;36m[K^~~~~~~~~~~~~~~~~~~~~[m[K
[2.245s] In file included from [01m[K/home/emily/sa-mrbt_ws/src/simplified_marine_sim/include/world.hpp:8[m[K,
[2.245s]                  from [01m[K/home/emily/sa-mrbt_ws/src/simplified_marine_sim/src/planners.cpp:4[m[K:
[2.245s] [01m[K/home/emily/sa-mrbt_ws/src/simplified_marine_sim/include/robot.hpp:180:10:[m[K [01;31m[Kerror: [m[Kâ€˜[01m[Kvoid Robot::updateSubtaskFailures()[m[Kâ€™ cannot be overloaded with â€˜[01m[Kvoid Robot::updateSubtaskFailures()[m[Kâ€™
[2.245s]   180 |     void [01;31m[KupdateSubtaskFailures[m[K(); // Traverse received messages and subdate subtask failures tracker, deferring to 1's (maining fails), except for self
[2.245s]       |          [01;31m[K^~~~~~~~~~~~~~~~~~~~~[m[K
[2.245s] [01m[K/home/emily/sa-mrbt_ws/src/simplified_marine_sim/include/robot.hpp:97:10:[m[K [01;36m[Knote: [m[Kprevious declaration â€˜[01m[Kvoid Robot::updateSubtaskFailures()[m[Kâ€™
[2.245s]    97 |     void [01;36m[KupdateSubtaskFailures[m[K();
[2.245s]       |          [01;36m[K^~~~~~~~~~~~~~~~~~~~~[m[K
[2.682s] In file included from [01m[K/home/emily/sa-mrbt_ws/src/simplified_marine_sim/include/world.hpp:8[m[K,
[2.682s]                  from [01m[K/home/emily/sa-mrbt_ws/src/simplified_marine_sim/src/world.cpp:4[m[K:
[2.682s] [01m[K/home/emily/sa-mrbt_ws/src/simplified_marine_sim/include/robot.hpp:180:10:[m[K [01;31m[Kerror: [m[Kâ€˜[01m[Kvoid Robot::updateSubtaskFailures()[m[Kâ€™ cannot be overloaded with â€˜[01m[Kvoid Robot::updateSubtaskFailures()[m[Kâ€™
[2.682s]   180 |     void [01;31m[KupdateSubtaskFailures[m[K(); // Traverse received messages and subdate subtask failures tracker, deferring to 1's (maining fails), except for self
[2.682s]       |          [01;31m[K^~~~~~~~~~~~~~~~~~~~~[m[K
[2.682s] [01m[K/home/emily/sa-mrbt_ws/src/simplified_marine_sim/include/robot.hpp:97:10:[m[K [01;36m[Knote: [m[Kprevious declaration â€˜[01m[Kvoid Robot::updateSubtaskFailures()[m[Kâ€™
[2.683s]    97 |     void [01;36m[KupdateSubtaskFailures[m[K();
[2.683s]       |          [01;36m[K^~~~~~~~~~~~~~~~~~~~~[m[K
[2.782s] In file included from [01m[K/home/emily/sa-mrbt_ws/src/simplified_marine_sim/include/world.hpp:8[m[K,
[2.782s]                  from [01m[K/home/emily/sa-mrbt_ws/src/simplified_marine_sim/src/sim.cpp:8[m[K:
[2.782s] [01m[K/home/emily/sa-mrbt_ws/src/simplified_marine_sim/include/robot.hpp:180:10:[m[K [01;31m[Kerror: [m[Kâ€˜[01m[Kvoid Robot::updateSubtaskFailures()[m[Kâ€™ cannot be overloaded with â€˜[01m[Kvoid Robot::updateSubtaskFailures()[m[Kâ€™
[2.782s]   180 |     void [01;31m[KupdateSubtaskFailures[m[K(); // Traverse received messages and subdate subtask failures tracker, deferring to 1's (maining fails), except for self
[2.783s]       |          [01;31m[K^~~~~~~~~~~~~~~~~~~~~[m[K
[2.783s] [01m[K/home/emily/sa-mrbt_ws/src/simplified_marine_sim/include/robot.hpp:97:10:[m[K [01;36m[Knote: [m[Kprevious declaration â€˜[01m[Kvoid Robot::updateSubtaskFailures()[m[Kâ€™
[2.783s]    97 |     void [01;36m[KupdateSubtaskFailures[m[K();
[2.783s]       |          [01;36m[K^~~~~~~~~~~~~~~~~~~~~[m[K
[2.879s] In file included from [01m[K/home/emily/sa-mrbt_ws/src/simplified_marine_sim/include/world.hpp:8[m[K,
[2.879s]                  from [01m[K/home/emily/sa-mrbt_ws/src/simplified_marine_sim/include/behavior_tree.hpp:7[m[K,
[2.879s]                  from [01m[K/home/emily/sa-mrbt_ws/src/simplified_marine_sim/src/behavior_tree.cpp:1[m[K:
[2.879s] [01m[K/home/emily/sa-mrbt_ws/src/simplified_marine_sim/include/robot.hpp:180:10:[m[K [01;31m[Kerror: [m[Kâ€˜[01m[Kvoid Robot::updateSubtaskFailures()[m[Kâ€™ cannot be overloaded with â€˜[01m[Kvoid Robot::updateSubtaskFailures()[m[Kâ€™
[2.879s]   180 |     void [01;31m[KupdateSubtaskFailures[m[K(); // Traverse received messages and subdate subtask failures tracker, deferring to 1's (maining fails), except for self
[2.879s]       |          [01;31m[K^~~~~~~~~~~~~~~~~~~~~[m[K
[2.879s] [01m[K/home/emily/sa-mrbt_ws/src/simplified_marine_sim/include/robot.hpp:97:10:[m[K [01;36m[Knote: [m[Kprevious declaration â€˜[01m[Kvoid Robot::updateSubtaskFailures()[m[Kâ€™
[2.879s]    97 |     void [01;36m[KupdateSubtaskFailures[m[K();
[2.880s]       |          [01;36m[K^~~~~~~~~~~~~~~~~~~~~[m[K
[3.004s] In file included from [01m[K/home/emily/sa-mrbt_ws/src/simplified_marine_sim/include/world.hpp:8[m[K,
[3.004s]                  from [01m[K/home/emily/sa-mrbt_ws/src/simplified_marine_sim/src/CBGA.cpp:6[m[K:
[3.004s] [01m[K/home/emily/sa-mrbt_ws/src/simplified_marine_sim/include/robot.hpp:180:10:[m[K [01;31m[Kerror: [m[Kâ€˜[01m[Kvoid Robot::updateSubtaskFailures()[m[Kâ€™ cannot be overloaded with â€˜[01m[Kvoid Robot::updateSubtaskFailures()[m[Kâ€™
[3.004s]   180 |     void [01;31m[KupdateSubtaskFailures[m[K(); // Traverse received messages and subdate subtask failures tracker, deferring to 1's (maining fails), except for self
[3.005s]       |          [01;31m[K^~~~~~~~~~~~~~~~~~~~~[m[K
[3.005s] [01m[K/home/emily/sa-mrbt_ws/src/simplified_marine_sim/include/robot.hpp:97:10:[m[K [01;36m[Knote: [m[Kprevious declaration â€˜[01m[Kvoid Robot::updateSubtaskFailures()[m[Kâ€™
[3.005s]    97 |     void [01;36m[KupdateSubtaskFailures[m[K();
[3.005s]       |          [01;36m[K^~~~~~~~~~~~~~~~~~~~~[m[K
[3.015s] In file included from [01m[K/home/emily/sa-mrbt_ws/src/simplified_marine_sim/include/world.hpp:8[m[K,
[3.015s]                  from [01m[K/home/emily/sa-mrbt_ws/src/simplified_marine_sim/src/CBBA.cpp:6[m[K:
[3.015s] [01m[K/home/emily/sa-mrbt_ws/src/simplified_marine_sim/include/robot.hpp:180:10:[m[K [01;31m[Kerror: [m[Kâ€˜[01m[Kvoid Robot::updateSubtaskFailures()[m[Kâ€™ cannot be overloaded with â€˜[01m[Kvoid Robot::updateSubtaskFailures()[m[Kâ€™
[3.015s]   180 |     void [01;31m[KupdateSubtaskFailures[m[K(); // Traverse received messages and subdate subtask failures tracker, deferring to 1's (maining fails), except for self
[3.015s]       |          [01;31m[K^~~~~~~~~~~~~~~~~~~~~[m[K
[3.015s] [01m[K/home/emily/sa-mrbt_ws/src/simplified_marine_sim/include/robot.hpp:97:10:[m[K [01;36m[Knote: [m[Kprevious declaration â€˜[01m[Kvoid Robot::updateSubtaskFailures()[m[Kâ€™
[3.016s]    97 |     void [01;36m[KupdateSubtaskFailures[m[K();
[3.016s]       |          [01;36m[K^~~~~~~~~~~~~~~~~~~~~[m[K
[3.036s] In file included from [01m[K/home/emily/sa-mrbt_ws/src/simplified_marine_sim/include/world.hpp:8[m[K,
[3.036s]                  from [01m[K/home/emily/sa-mrbt_ws/src/simplified_marine_sim/include/message.hpp:6[m[K,
[3.036s]                  from [01m[K/home/emily/sa-mrbt_ws/src/simplified_marine_sim/src/message.cpp:2[m[K:
[3.036s] [01m[K/home/emily/sa-mrbt_ws/src/simplified_marine_sim/include/robot.hpp:180:10:[m[K [01;31m[Kerror: [m[Kâ€˜[01m[Kvoid Robot::updateSubtaskFailures()[m[Kâ€™ cannot be overloaded with â€˜[01m[Kvoid Robot::updateSubtaskFailures()[m[Kâ€™
[3.036s]   180 |     void [01;31m[KupdateSubtaskFailures[m[K(); // Traverse received messages and subdate subtask failures tracker, deferring to 1's (maining fails), except for self
[3.036s]       |          [01;31m[K^~~~~~~~~~~~~~~~~~~~~[m[K
[3.036s] [01m[K/home/emily/sa-mrbt_ws/src/simplified_marine_sim/include/robot.hpp:97:10:[m[K [01;36m[Knote: [m[Kprevious declaration â€˜[01m[Kvoid Robot::updateSubtaskFailures()[m[Kâ€™
[3.036s]    97 |     void [01;36m[KupdateSubtaskFailures[m[K();
[3.037s]       |          [01;36m[K^~~~~~~~~~~~~~~~~~~~~[m[K
[3.112s] In file included from [01m[K/home/emily/sa-mrbt_ws/src/simplified_marine_sim/include/utils.hpp:7[m[K,
[3.112s]                  from [01m[K/home/emily/sa-mrbt_ws/src/simplified_marine_sim/src/parser.cpp:7[m[K:
[3.112s] [01m[K/home/emily/sa-mrbt_ws/src/simplified_marine_sim/include/robot.hpp:180:10:[m[K [01;31m[Kerror: [m[Kâ€˜[01m[Kvoid Robot::updateSubtaskFailures()[m[Kâ€™ cannot be overloaded with â€˜[01m[Kvoid Robot::updateSubtaskFailures()[m[Kâ€™
[3.112s]   180 |     void [01;31m[KupdateSubtaskFailures[m[K(); // Traverse received messages and subdate subtask failures tracker, deferring to 1's (maining fails), except for self
[3.113s]       |          [01;31m[K^~~~~~~~~~~~~~~~~~~~~[m[K
[3.113s] [01m[K/home/emily/sa-mrbt_ws/src/simplified_marine_sim/include/robot.hpp:97:10:[m[K [01;36m[Knote: [m[Kprevious declaration â€˜[01m[Kvoid Robot::updateSubtaskFailures()[m[Kâ€™
[3.113s]    97 |     void [01;36m[KupdateSubtaskFailures[m[K();
[3.113s]       |          [01;36m[K^~~~~~~~~~~~~~~~~~~~~[m[K
[3.142s] In file included from [01m[K/home/emily/sa-mrbt_ws/src/simplified_marine_sim/include/world.hpp:8[m[K,
[3.142s]                  from [01m[K/home/emily/sa-mrbt_ws/src/simplified_marine_sim/src/robot.cpp:4[m[K:
[3.142s] [01m[K/home/emily/sa-mrbt_ws/src/simplified_marine_sim/include/robot.hpp:180:10:[m[K [01;31m[Kerror: [m[Kâ€˜[01m[Kvoid Robot::updateSubtaskFailures()[m[Kâ€™ cannot be overloaded with â€˜[01m[Kvoid Robot::updateSubtaskFailures()[m[Kâ€™
[3.142s]   180 |     void [01;31m[KupdateSubtaskFailures[m[K(); // Traverse received messages and subdate subtask failures tracker, deferring to 1's (maining fails), except for self
[3.142s]       |          [01;31m[K^~~~~~~~~~~~~~~~~~~~~[m[K
[3.142s] [01m[K/home/emily/sa-mrbt_ws/src/simplified_marine_sim/include/robot.hpp:97:10:[m[K [01;36m[Knote: [m[Kprevious declaration â€˜[01m[Kvoid Robot::updateSubtaskFailures()[m[Kâ€™
[3.142s]    97 |     void [01;36m[KupdateSubtaskFailures[m[K();
[3.142s]       |          [01;36m[K^~~~~~~~~~~~~~~~~~~~~[m[K
[3.151s] gmake[2]: *** [CMakeFiles/sim.dir/build.make:230: CMakeFiles/sim.dir/src/greedy.cpp.o] Error 1
[3.151s] gmake[2]: *** Waiting for unfinished jobs....
[3.613s] gmake[2]: *** [CMakeFiles/sim.dir/build.make:174: CMakeFiles/sim.dir/src/planners.cpp.o] Error 1
[4.235s] gmake[2]: *** [CMakeFiles/sim.dir/build.make:90: CMakeFiles/sim.dir/src/CBBA.cpp.o] Error 1
[4.531s] gmake[2]: *** [CMakeFiles/sim.dir/build.make:132: CMakeFiles/sim.dir/src/message.cpp.o] Error 1
[4.531s] gmake[2]: *** [CMakeFiles/sim.dir/build.make:104: CMakeFiles/sim.dir/src/CBGA.cpp.o] Error 1
[4.597s] gmake[2]: *** [CMakeFiles/sim.dir/build.make:202: CMakeFiles/sim.dir/src/behavior_tree.cpp.o] Error 1
[4.598s] gmake[2]: *** [CMakeFiles/sim.dir/build.make:160: CMakeFiles/sim.dir/src/world.cpp.o] Error 1
[4.778s] gmake[2]: *** [CMakeFiles/sim.dir/build.make:76: CMakeFiles/sim.dir/src/sim.cpp.o] Error 1
[4.912s] gmake[2]: *** [CMakeFiles/sim.dir/build.make:216: CMakeFiles/sim.dir/src/parser.cpp.o] Error 1
[4.980s] [01m[K/home/emily/sa-mrbt_ws/src/simplified_marine_sim/src/robot.cpp:[m[K In member function â€˜[01m[Kvoid Robot::updateSubtaskFailures()[m[Kâ€™:
[4.980s] [01m[K/home/emily/sa-mrbt_ws/src/simplified_marine_sim/src/robot.cpp:291:24:[m[K [01;31m[Kerror: [m[Kâ€˜[01m[Kstruct Msg[m[Kâ€™ has no member named â€˜[01m[Ksender_id[m[Kâ€™
[4.980s]   291 |         agent_id = msg.[01;31m[Ksender_id[m[K;
[4.980s]       |                        [01;31m[K^~~~~~~~~[m[K
[4.989s] [01m[K/home/emily/sa-mrbt_ws/src/simplified_marine_sim/src/robot.cpp:294:36:[m[K [01;31m[Kerror: [m[Kâ€˜[01m[Kall_subtasks_info[m[Kâ€™ was not declared in this scope
[4.990s]   294 |         for (const auto& subtask : [01;31m[Kall_subtasks_info[m[K) {
[4.990s]       |                                    [01;31m[K^~~~~~~~~~~~~~~~~[m[K
[4.990s] [01m[K/home/emily/sa-mrbt_ws/src/simplified_marine_sim/src/robot.cpp:295:53:[m[K [01;31m[Kerror: [m[Kâ€˜[01m[Kbegin[m[Kâ€™ was not declared in this scope
[4.990s]   295 |             for (int agent_id : world->getNumAgents([01;31m[K)[m[K) {
[4.990s]       |                                                     [01;31m[K^[m[K
[4.991s] [01m[K/home/emily/sa-mrbt_ws/src/simplified_marine_sim/src/robot.cpp:295:53:[m[K [01;36m[Knote: [m[Ksuggested alternatives:
[4.991s] In file included from [01m[K/home/emily/sa-mrbt_ws/install/behaviortree_cpp/include/behaviortree_cpp/contrib/json.hpp:170[m[K,
[4.992s]                  from [01m[K/home/emily/sa-mrbt_ws/install/behaviortree_cpp/include/behaviortree_cpp/blackboard.h:9[m[K,
[4.992s]                  from [01m[K/home/emily/sa-mrbt_ws/install/behaviortree_cpp/include/behaviortree_cpp/tree_node.h:22[m[K,
[4.992s]                  from [01m[K/home/emily/sa-mrbt_ws/install/behaviortree_cpp/include/behaviortree_cpp/leaf_node.h:17[m[K,
[4.992s]                  from [01m[K/home/emily/sa-mrbt_ws/install/behaviortree_cpp/include/behaviortree_cpp/action_node.h:22[m[K,
[4.992s]                  from [01m[K/home/emily/sa-mrbt_ws/install/behaviortree_cpp/include/behaviortree_cpp/actions/pop_from_queue.hpp:17[m[K,
[4.992s]                  from [01m[K/home/emily/sa-mrbt_ws/src/simplified_marine_sim/include/planners.hpp:8[m[K,
[4.992s]                  from [01m[K/home/emily/sa-mrbt_ws/src/simplified_marine_sim/src/robot.cpp:3[m[K:
[4.992s] [01m[K/usr/include/c++/11/valarray:1228:5:[m[K [01;36m[Knote: [m[K  â€˜[01m[Kstd::begin[m[Kâ€™
[4.992s]  1228 |     [01;36m[Kbegin[m[K(const valarray<_Tp>& __va) noexcept
[4.992s]       |     [01;36m[K^~~~~[m[K
[4.992s] In file included from [01m[K/usr/include/c++/11/filesystem:46[m[K,
[4.992s]                  from [01m[K/home/emily/sa-mrbt_ws/install/behaviortree_cpp/include/behaviortree_cpp/contrib/json.hpp:4643[m[K,
[4.992s]                  from [01m[K/home/emily/sa-mrbt_ws/install/behaviortree_cpp/include/behaviortree_cpp/blackboard.h:9[m[K,
[4.992s]                  from [01m[K/home/emily/sa-mrbt_ws/install/behaviortree_cpp/include/behaviortree_cpp/tree_node.h:22[m[K,
[4.992s]                  from [01m[K/home/emily/sa-mrbt_ws/install/behaviortree_cpp/include/behaviortree_cpp/leaf_node.h:17[m[K,
[4.992s]                  from [01m[K/home/emily/sa-mrbt_ws/install/behaviortree_cpp/include/behaviortree_cpp/action_node.h:22[m[K,
[4.992s]                  from [01m[K/home/emily/sa-mrbt_ws/install/behaviortree_cpp/include/behaviortree_cpp/actions/pop_from_queue.hpp:17[m[K,
[4.993s]                  from [01m[K/home/emily/sa-mrbt_ws/src/simplified_marine_sim/include/planners.hpp:8[m[K,
[4.993s]                  from [01m[K/home/emily/sa-mrbt_ws/src/simplified_marine_sim/src/robot.cpp:3[m[K:
[4.993s] [01m[K/usr/include/c++/11/bits/fs_dir.h:549:3:[m[K [01;36m[Knote: [m[K  â€˜[01m[Kstd::filesystem::__cxx11::begin[m[Kâ€™
[4.993s]   549 |   [01;36m[Kbegin[m[K(recursive_directory_iterator __iter) noexcept
[4.993s]       |   [01;36m[K^~~~~[m[K
[4.993s] [01m[K/home/emily/sa-mrbt_ws/src/simplified_marine_sim/src/robot.cpp:295:53:[m[K [01;31m[Kerror: [m[Kâ€˜[01m[Kend[m[Kâ€™ was not declared in this scope
[4.993s]   295 |             for (int agent_id : world->getNumAgents([01;31m[K)[m[K) {
[4.993s]       |                                                     [01;31m[K^[m[K
[4.993s] [01m[K/home/emily/sa-mrbt_ws/src/simplified_marine_sim/src/robot.cpp:295:53:[m[K [01;36m[Knote: [m[Ksuggested alternatives:
[4.993s] In file included from [01m[K/home/emily/sa-mrbt_ws/install/behaviortree_cpp/include/behaviortree_cpp/contrib/json.hpp:170[m[K,
[4.993s]                  from [01m[K/home/emily/sa-mrbt_ws/install/behaviortree_cpp/include/behaviortree_cpp/blackboard.h:9[m[K,
[4.993s]                  from [01m[K/home/emily/sa-mrbt_ws/install/behaviortree_cpp/include/behaviortree_cpp/tree_node.h:22[m[K,
[4.993s]                  from [01m[K/home/emily/sa-mrbt_ws/install/behaviortree_cpp/include/behaviortree_cpp/leaf_node.h:17[m[K,
[4.993s]                  from [01m[K/home/emily/sa-mrbt_ws/install/behaviortree_cpp/include/behaviortree_cpp/action_node.h:22[m[K,
[4.993s]                  from [01m[K/home/emily/sa-mrbt_ws/install/behaviortree_cpp/include/behaviortree_cpp/actions/pop_from_queue.hpp:17[m[K,
[4.993s]                  from [01m[K/home/emily/sa-mrbt_ws/src/simplified_marine_sim/include/planners.hpp:8[m[K,
[4.993s]                  from [01m[K/home/emily/sa-mrbt_ws/src/simplified_marine_sim/src/robot.cpp:3[m[K:
[4.993s] [01m[K/usr/include/c++/11/valarray:1255:5:[m[K [01;36m[Knote: [m[K  â€˜[01m[Kstd::end[m[Kâ€™
[4.993s]  1255 |     [01;36m[Kend[m[K(const valarray<_Tp>& __va) noexcept
[4.993s]       |     [01;36m[K^~~[m[K
[4.993s] In file included from [01m[K/usr/include/c++/11/filesystem:46[m[K,
[4.993s]                  from [01m[K/home/emily/sa-mrbt_ws/install/behaviortree_cpp/include/behaviortree_cpp/contrib/json.hpp:4643[m[K,
[4.994s]                  from [01m[K/home/emily/sa-mrbt_ws/install/behaviortree_cpp/include/behaviortree_cpp/blackboard.h:9[m[K,
[4.994s]                  from [01m[K/home/emily/sa-mrbt_ws/install/behaviortree_cpp/include/behaviortree_cpp/tree_node.h:22[m[K,
[4.994s]                  from [01m[K/home/emily/sa-mrbt_ws/install/behaviortree_cpp/include/behaviortree_cpp/leaf_node.h:17[m[K,
[4.994s]                  from [01m[K/home/emily/sa-mrbt_ws/install/behaviortree_cpp/include/behaviortree_cpp/action_node.h:22[m[K,
[4.994s]                  from [01m[K/home/emily/sa-mrbt_ws/install/behaviortree_cpp/include/behaviortree_cpp/actions/pop_from_queue.hpp:17[m[K,
[4.994s]                  from [01m[K/home/emily/sa-mrbt_ws/src/simplified_marine_sim/include/planners.hpp:8[m[K,
[4.994s]                  from [01m[K/home/emily/sa-mrbt_ws/src/simplified_marine_sim/src/robot.cpp:3[m[K:
[4.994s] [01m[K/usr/include/c++/11/bits/fs_dir.h:554:3:[m[K [01;36m[Knote: [m[K  â€˜[01m[Kstd::filesystem::__cxx11::end[m[Kâ€™
[4.994s]   554 |   [01;36m[Kend[m[K(recursive_directory_iterator) noexcept
[4.994s]       |   [01;36m[K^~~[m[K
[6.194s] gmake[2]: *** [CMakeFiles/sim.dir/build.make:188: CMakeFiles/sim.dir/src/robot.cpp.o] Error 1
[6.194s] gmake[1]: *** [CMakeFiles/Makefile2:137: CMakeFiles/sim.dir/all] Error 2
[6.194s] gmake: *** [Makefile:146: all] Error 2
[6.196s] Invoked command in '/home/emily/sa-mrbt_ws/build/simulator' returned '2': AMENT_PREFIX_PATH=/home/emily/sa-mrbt_ws/install/behaviortree_cpp:${AMENT_PREFIX_PATH} CMAKE_PREFIX_PATH=/home/emily/sa-mrbt_ws/install/behaviortree_cpp:/opt/ros/iron LD_LIBRARY_PATH=/home/emily/sa-mrbt_ws/install/behaviortree_cpp/lib:${LD_LIBRARY_PATH} PATH=/home/emily/sa-mrbt_ws/install/behaviortree_cpp/bin:${PATH} /usr/bin/cmake --build /home/emily/sa-mrbt_ws/build/simulator -- -j12 -l12
