[01m[K/home/emily/sa-mrbt_ws/src/BehaviorTree.CPP/src/controls/counter_sequence.cpp:[m[K In member function â€˜[01m[Kvirtual BT::NodeStatus BT::CounterSequence::tick()[m[Kâ€™:
[01m[K/home/emily/sa-mrbt_ws/src/BehaviorTree.CPP/src/controls/counter_sequence.cpp:191:44:[m[K [01;31m[Kerror: [m[Kâ€˜[01m[Kself_subtask_failures[m[Kâ€™ was not declared in this scope; did you mean â€˜[01m[Kself_subtask_failures_[m[Kâ€™?
  191 |         setOutput("self_subtask_failures", [01;31m[Kself_subtask_failures[m[K);
      |                                            [01;31m[K^~~~~~~~~~~~~~~~~~~~~[m[K
      |                                            [32m[Kself_subtask_failures_[m[K
gmake[2]: *** [CMakeFiles/behaviortree_cpp.dir/build.make:482: CMakeFiles/behaviortree_cpp.dir/src/controls/counter_sequence.cpp.o] Error 1
gmake[1]: *** [CMakeFiles/Makefile2:340: CMakeFiles/behaviortree_cpp.dir/all] Error 2
gmake: *** [Makefile:146: all] Error 2
