[0.006s] Invoking command in '/home/emily/sa-mrbt_ws/build/simulator': CMAKE_PREFIX_PATH=/home/emily/sa-mrbt_ws/install/behaviortree_cpp:/home/emily/sa-mrbt_ws/install/simulator:/opt/ros/iron /usr/bin/cmake --build /home/emily/sa-mrbt_ws/build/simulator -- -j12 -l12
[0.040s] [35m[1mConsolidate compiler generated dependencies of target sim[0m
[0.063s] [  7%] [32mBuilding CXX object CMakeFiles/sim.dir/src/world.cpp.o[0m
[1.592s] [01m[K/home/emily/sa-mrbt_ws/src/simplified_marine_sim/src/world.cpp:[m[K In member function â€˜[01m[Kvoid World::logCurrentTeamTaskProgress()[m[Kâ€™:
[1.592s] [01m[K/home/emily/sa-mrbt_ws/src/simplified_marine_sim/src/world.cpp:112:31:[m[K [01;31m[Kerror: [m[Kno matching function for call to â€˜[01m[KlogUnorderedMap(std::unordered_map<int, int>&, World&)[m[Kâ€™
[1.592s]   112 |         [01;31m[Kutils::logUnorderedMap(robot->getTaskProgress(), *this)[m[K;
[1.592s]       |         [01;31m[K~~~~~~~~~~~~~~~~~~~~~~^~~~~~~~~~~~~~~~~~~~~~~~~~~~~~~~~[m[K
[1.592s] In file included from [01m[K/home/emily/sa-mrbt_ws/src/simplified_marine_sim/src/world.cpp:8[m[K:
[1.592s] [01m[K/home/emily/sa-mrbt_ws/src/simplified_marine_sim/include/utils.hpp:83:6:[m[K [01;36m[Knote: [m[Kcandidate: â€˜[01m[Ktemplate<class K, class V> void utils::logUnorderedMap(const std::unordered_map<K, V>&, Robot&)[m[Kâ€™
[1.592s]    83 | void [01;36m[KlogUnorderedMap[m[K(const std::unordered_map<K, V>& my_map, Robot& robot) {
[1.592s]       |      [01;36m[K^~~~~~~~~~~~~~~[m[K
[1.592s] [01m[K/home/emily/sa-mrbt_ws/src/simplified_marine_sim/include/utils.hpp:83:6:[m[K [01;36m[Knote: [m[K  template argument deduction/substitution failed:
[1.593s] [01m[K/home/emily/sa-mrbt_ws/src/simplified_marine_sim/src/world.cpp:112:58:[m[K [01;36m[Knote: [m[K  cannot convert â€˜[01m[K*(World*)this[m[Kâ€™ (type â€˜[01m[KWorld[m[Kâ€™) to type â€˜[01m[KRobot&[m[Kâ€™
[1.593s]   112 |         utils::logUnorderedMap(robot->getTaskProgress(), [01;36m[K*this[m[K);
[1.593s]       |                                                          [01;36m[K^~~~~[m[K
[2.534s] gmake[2]: *** [CMakeFiles/sim.dir/build.make:160: CMakeFiles/sim.dir/src/world.cpp.o] Error 1
[2.534s] gmake[1]: *** [CMakeFiles/Makefile2:137: CMakeFiles/sim.dir/all] Error 2
[2.534s] gmake: *** [Makefile:146: all] Error 2
[2.536s] Invoked command in '/home/emily/sa-mrbt_ws/build/simulator' returned '2': CMAKE_PREFIX_PATH=/home/emily/sa-mrbt_ws/install/behaviortree_cpp:/home/emily/sa-mrbt_ws/install/simulator:/opt/ros/iron /usr/bin/cmake --build /home/emily/sa-mrbt_ws/build/simulator -- -j12 -l12
