[0.007s] Invoking command in '/home/emily/sa-mrbt_ws/build/behaviortree_cpp': CMAKE_PREFIX_PATH=${CMAKE_PREFIX_PATH}:/opt/ros/iron /usr/bin/cmake --build /home/emily/sa-mrbt_ws/build/behaviortree_cpp -- -j12 -l12
[0.040s] [  3%] Built target lexy_file
[0.040s] [  3%] Built target minitrace
[0.040s] [  4%] Built target gtest_main
[0.040s] [  6%] Built target gtest
[0.071s] [  7%] [32mBuilding CXX object CMakeFiles/behaviortree_cpp.dir/src/controls/counter_sequence.cpp.o[0m
[1.129s] [01m[K/home/emily/sa-mrbt_ws/src/BehaviorTree.CPP/src/controls/counter_sequence.cpp:[m[K In member function â€˜[01m[Kvirtual BT::NodeStatus BT::CounterSequence::tick()[m[Kâ€™:
[1.129s] [01m[K/home/emily/sa-mrbt_ws/src/BehaviorTree.CPP/src/controls/counter_sequence.cpp:175:103:[m[K [01;31m[Kerror: [m[Kno match for â€˜[01m[Koperator[][m[Kâ€™ (operand types are â€˜[01m[Knonstd::expected_lite::expected<std::map<int, int>, std::__cxx11::basic_string<char> >[m[Kâ€™ and â€˜[01m[Kint[m[Kâ€™)
[1.129s]   175 |                                 if (failure_counts_[current_subtask_id_] >= subtask_failure_thresholds[01;31m[K[[m[Kcurrent_subtask_id_]) {
[1.129s]       |                                                                                                       [01;31m[K^[m[K
[1.129s] [01m[K/home/emily/sa-mrbt_ws/src/BehaviorTree.CPP/src/controls/counter_sequence.cpp:176:85:[m[K [01;35m[Kwarning: [m[Kvalue computed is not used [[01;35m[K]8;;https://gcc.gnu.org/onlinedocs/gcc/Warning-Options.html#index-Wunused-value-Wunused-value]8;;[m[K]
[1.129s]   176 |                                         self_subtask_failures_[current_subtask_id_] == true;
[1.774s] gmake[2]: *** [CMakeFiles/behaviortree_cpp.dir/build.make:482: CMakeFiles/behaviortree_cpp.dir/src/controls/counter_sequence.cpp.o] Error 1
[1.774s] gmake[1]: *** [CMakeFiles/Makefile2:340: CMakeFiles/behaviortree_cpp.dir/all] Error 2
[1.774s] gmake: *** [Makefile:146: all] Error 2
[1.776s] Invoked command in '/home/emily/sa-mrbt_ws/build/behaviortree_cpp' returned '2': CMAKE_PREFIX_PATH=${CMAKE_PREFIX_PATH}:/opt/ros/iron /usr/bin/cmake --build /home/emily/sa-mrbt_ws/build/behaviortree_cpp -- -j12 -l12
