[0.006s] Invoking command in '/home/emily/sa-mrbt_ws/build/simulator': CMAKE_PREFIX_PATH=/home/emily/sa-mrbt_ws/install/behaviortree_cpp:/home/emily/sa-mrbt_ws/install/simulator:/opt/ros/iron /usr/bin/cmake --build /home/emily/sa-mrbt_ws/build/simulator -- -j12 -l12
[0.037s] [35m[1mConsolidate compiler generated dependencies of target sim[0m
[0.060s] [  7%] [32mBuilding CXX object CMakeFiles/sim.dir/src/CBGA.cpp.o[0m
[0.061s] [ 15%] [32mBuilding CXX object CMakeFiles/sim.dir/src/behavior_tree.cpp.o[0m
[1.676s] [01m[K/home/emily/sa-mrbt_ws/src/simplified_marine_sim/src/CBGA.cpp:[m[K In function â€˜[01m[Kstd::pair<int, double> getMinExistingWinningBid(std::vector<double, std::allocator<double> >, int)[m[Kâ€™:
[1.676s] [01m[K/home/emily/sa-mrbt_ws/src/simplified_marine_sim/src/CBGA.cpp:1221:48:[m[K [01;31m[Kerror: [m[Kâ€˜[01m[Kwinning_bid_ij[m[Kâ€™ was not declared in this scope; did you mean â€˜[01m[Kwinning_bids_ij[m[Kâ€™?
[1.676s]  1221 |                 min_existing_winning_bid_ijn = [01;31m[Kwinning_bid_ij[m[K[agent_idx_n];
[1.677s]       |                                                [01;31m[K^~~~~~~~~~~~~~[m[K
[1.677s]       |                                                [32m[Kwinning_bids_ij[m[K
[1.685s] [01m[K/home/emily/sa-mrbt_ws/src/simplified_marine_sim/src/CBGA.cpp:[m[K In member function â€˜[01m[Kvoid CBGA::resolveConflicts(bool)[m[Kâ€™:
[1.685s] [01m[K/home/emily/sa-mrbt_ws/src/simplified_marine_sim/src/CBGA.cpp:1339:103:[m[K [01;31m[Kerror: [m[Kâ€˜[01m[Ktask_group_max_size[m[Kâ€™ was not declared in this scope
[1.685s]  1339 | full_wrt_current_robot_type = isGroupEffectivelyFull(task_sub_group_assignments, [01;31m[Ktask_group_max_size[m[K, current_robot_type);
[1.686s]       |                                                                                  [01;31m[K^~~~~~~~~~~~~~~~~~~[m[K
[1.686s] 
[1.691s] [01m[K/home/emily/sa-mrbt_ws/src/simplified_marine_sim/src/CBGA.cpp:1339:124:[m[K [01;31m[Kerror: [m[Kâ€˜[01m[Kcurrent_robot_type[m[Kâ€™ was not declared in this scope; did you mean â€˜[01m[Kfull_wrt_current_robot_type[m[Kâ€™?
[1.691s]  1339 | t_type = isGroupEffectivelyFull(task_sub_group_assignments, task_group_max_size, [01;31m[Kcurrent_robot_type[m[K);
[1.691s]       |                                                                                  [01;31m[K^~~~~~~~~~~~~~~~~~[m[K
[1.691s]       |                                                                                  [32m[Kfull_wrt_current_robot_type[m[K
[2.507s] gmake[2]: *** [CMakeFiles/sim.dir/build.make:104: CMakeFiles/sim.dir/src/CBGA.cpp.o] Error 1
[2.507s] gmake[2]: *** Waiting for unfinished jobs....
[3.589s] gmake[1]: *** [CMakeFiles/Makefile2:137: CMakeFiles/sim.dir/all] Error 2
[3.589s] gmake: *** [Makefile:146: all] Error 2
[3.591s] Invoked command in '/home/emily/sa-mrbt_ws/build/simulator' returned '2': CMAKE_PREFIX_PATH=/home/emily/sa-mrbt_ws/install/behaviortree_cpp:/home/emily/sa-mrbt_ws/install/simulator:/opt/ros/iron /usr/bin/cmake --build /home/emily/sa-mrbt_ws/build/simulator -- -j12 -l12
