[0.006s] Invoking command in '/home/emily/sa-mrbt_ws/build/simulator': AMENT_PREFIX_PATH=/home/emily/sa-mrbt_ws/install/behaviortree_cpp:${AMENT_PREFIX_PATH} CMAKE_PREFIX_PATH=/home/emily/sa-mrbt_ws/install/behaviortree_cpp:/opt/ros/iron LD_LIBRARY_PATH=/home/emily/sa-mrbt_ws/install/behaviortree_cpp/lib:${LD_LIBRARY_PATH} PATH=/home/emily/sa-mrbt_ws/install/behaviortree_cpp/bin:${PATH} /usr/bin/cmake --build /home/emily/sa-mrbt_ws/build/simulator -- -j12 -l12
[0.037s] [35m[1mConsolidate compiler generated dependencies of target sim[0m
[0.060s] [  7%] [32mBuilding CXX object CMakeFiles/sim.dir/src/world.cpp.o[0m
[0.061s] [ 15%] [32mBuilding CXX object CMakeFiles/sim.dir/src/robot.cpp.o[0m
[1.776s] [01m[K/home/emily/sa-mrbt_ws/src/simplified_marine_sim/src/world.cpp:267:35:[m[K [01;31m[Kerror: [m[Kno declaration matches â€˜[01m[Kstd::unordered_map<int, TaskInfo> World::initAllSubTasksInfo()[m[Kâ€™
[1.776s]   267 | std::unordered_map<int, TaskInfo> [01;31m[KWorld[m[K::initAllSubTasksInfo() {
[1.776s]       |                                   [01;31m[K^~~~~[m[K
[1.776s] [01m[K/home/emily/sa-mrbt_ws/src/simplified_marine_sim/src/world.cpp:267:35:[m[K [01;36m[Knote: [m[Kno functions named â€˜[01m[Kstd::unordered_map<int, TaskInfo> World::initAllSubTasksInfo()[m[Kâ€™
[1.776s] In file included from [01m[K/home/emily/sa-mrbt_ws/src/simplified_marine_sim/src/world.cpp:4[m[K:
[1.776s] [01m[K/home/emily/sa-mrbt_ws/src/simplified_marine_sim/include/world.hpp:20:7:[m[K [01;36m[Knote: [m[Kâ€˜[01m[Kclass World[m[Kâ€™ defined here
[1.776s]    20 | class [01;36m[KWorld[m[K {
[1.776s]       |       [01;36m[K^~~~~[m[K
[2.709s] [01m[K/home/emily/sa-mrbt_ws/src/simplified_marine_sim/src/world.cpp:[m[K In member function â€˜[01m[Kint World::getPrerequisiteFailureThreshold(std::string)[m[Kâ€™:
[2.709s] [01m[K/home/emily/sa-mrbt_ws/src/simplified_marine_sim/src/world.cpp:942:1:[m[K [01;35m[Kwarning: [m[Kcontrol reaches end of non-void function [[01;35m[K]8;;https://gcc.gnu.org/onlinedocs/gcc/Warning-Options.html#index-Wreturn-type-Wreturn-type]8;;[m[K]
[2.709s]   942 | [01;35m[K}[m[K
[2.710s]       | [01;35m[K^[m[K
[2.731s] gmake[2]: *** [CMakeFiles/sim.dir/build.make:160: CMakeFiles/sim.dir/src/world.cpp.o] Error 1
[2.731s] gmake[2]: *** Waiting for unfinished jobs....
[3.328s] [01m[K/home/emily/sa-mrbt_ws/src/simplified_marine_sim/src/robot.cpp:[m[K In member function â€˜[01m[Kstd::unordered_map<int, std::unordered_map<int, bool> > Robot::initSubtaskFailures()[m[Kâ€™:
[3.328s] [01m[K/home/emily/sa-mrbt_ws/src/simplified_marine_sim/src/robot.cpp:263:58:[m[K [01;31m[Kerror: [m[Kâ€˜[01m[Kclass World[m[Kâ€™ has no member named â€˜[01m[KgetAllSubtasksInfo[m[Kâ€™; did you mean â€˜[01m[KgetAllSubasksInfo[m[Kâ€™?
[3.328s]   263 |     for (const auto& [subtask_id, subtask_info] : world->[01;31m[KgetAllSubtasksInfo[m[K()) {
[3.328s]       |                                                          [01;31m[K^~~~~~~~~~~~~~~~~~[m[K
[3.328s]       |                                                          [32m[KgetAllSubasksInfo[m[K
[3.328s] [01m[K/home/emily/sa-mrbt_ws/src/simplified_marine_sim/src/robot.cpp:[m[K At global scope:
[3.328s] [01m[K/home/emily/sa-mrbt_ws/src/simplified_marine_sim/src/robot.cpp:274:6:[m[K [01;31m[Kerror: [m[Kno declaration matches â€˜[01m[Kvoid Robot::setSubtaskFailure(int, int, bool)[m[Kâ€™
[3.328s]   274 | void [01;31m[KRobot[m[K::setSubtaskFailure(int subtask_id, int agent_id, bool failed) {
[3.329s]       |      [01;31m[K^~~~~[m[K
[3.329s] In file included from [01m[K/home/emily/sa-mrbt_ws/src/simplified_marine_sim/include/world.hpp:8[m[K,
[3.329s]                  from [01m[K/home/emily/sa-mrbt_ws/src/simplified_marine_sim/src/robot.cpp:4[m[K:
[3.329s] [01m[K/home/emily/sa-mrbt_ws/src/simplified_marine_sim/include/robot.hpp:96:10:[m[K [01;36m[Knote: [m[Kcandidate is: â€˜[01m[Kbool Robot::setSubtaskFailure(int, int, bool)[m[Kâ€™
[3.329s]    96 |     bool [01;36m[KsetSubtaskFailure[m[K(int subtask_id, int agent_id, bool failed);
[3.329s]       |          [01;36m[K^~~~~~~~~~~~~~~~~[m[K
[3.329s] In file included from [01m[K/home/emily/sa-mrbt_ws/src/simplified_marine_sim/include/world.hpp:8[m[K,
[3.329s]                  from [01m[K/home/emily/sa-mrbt_ws/src/simplified_marine_sim/src/robot.cpp:4[m[K:
[3.329s] [01m[K/home/emily/sa-mrbt_ws/src/simplified_marine_sim/include/robot.hpp:19:7:[m[K [01;36m[Knote: [m[Kâ€˜[01m[Kclass Robot[m[Kâ€™ defined here
[3.329s]    19 | class [01;36m[KRobot[m[K {
[3.329s]       |       [01;36m[K^~~~~[m[K
[4.538s] gmake[2]: *** [CMakeFiles/sim.dir/build.make:188: CMakeFiles/sim.dir/src/robot.cpp.o] Error 1
[4.538s] gmake[1]: *** [CMakeFiles/Makefile2:137: CMakeFiles/sim.dir/all] Error 2
[4.538s] gmake: *** [Makefile:146: all] Error 2
[4.540s] Invoked command in '/home/emily/sa-mrbt_ws/build/simulator' returned '2': AMENT_PREFIX_PATH=/home/emily/sa-mrbt_ws/install/behaviortree_cpp:${AMENT_PREFIX_PATH} CMAKE_PREFIX_PATH=/home/emily/sa-mrbt_ws/install/behaviortree_cpp:/opt/ros/iron LD_LIBRARY_PATH=/home/emily/sa-mrbt_ws/install/behaviortree_cpp/lib:${LD_LIBRARY_PATH} PATH=/home/emily/sa-mrbt_ws/install/behaviortree_cpp/bin:${PATH} /usr/bin/cmake --build /home/emily/sa-mrbt_ws/build/simulator -- -j12 -l12
