[0.006s] Invoking command in '/home/emily/sa-mrbt_ws/build/simulator': AMENT_PREFIX_PATH=/home/emily/sa-mrbt_ws/install/behaviortree_cpp:${AMENT_PREFIX_PATH} CMAKE_PREFIX_PATH=/home/emily/sa-mrbt_ws/install/behaviortree_cpp:/opt/ros/iron LD_LIBRARY_PATH=/home/emily/sa-mrbt_ws/install/behaviortree_cpp/lib:${LD_LIBRARY_PATH} PATH=/home/emily/sa-mrbt_ws/install/behaviortree_cpp/bin:${PATH} /usr/bin/cmake --build /home/emily/sa-mrbt_ws/build/simulator -- -j12 -l12
[0.040s] [35m[1mConsolidate compiler generated dependencies of target sim[0m
[0.062s] [  7%] [32mBuilding CXX object CMakeFiles/sim.dir/src/world.cpp.o[0m
[0.063s] [ 15%] [32mBuilding CXX object CMakeFiles/sim.dir/src/robot.cpp.o[0m
[1.669s] [01m[K/home/emily/sa-mrbt_ws/src/simplified_marine_sim/src/world.cpp:[m[K In constructor â€˜[01m[KWorld::World(int, int, Distance*, SensorModel*, JSONParser*, double)[m[Kâ€™:
[1.669s] [01m[K/home/emily/sa-mrbt_ws/src/simplified_marine_sim/src/world.cpp:40:9:[m[K [01;31m[Kerror: [m[Kâ€˜[01m[Kagent_ids[m[Kâ€™ was not declared in this scope; did you mean â€˜[01m[Kagent_types[m[Kâ€™?
[1.669s]    40 |         [01;31m[Kagent_ids[m[K = getAgentIDs();
[1.669s]       |         [01;31m[K^~~~~~~~~[m[K
[1.669s]       |         [32m[Kagent_types[m[K
[1.673s] [01m[K/home/emily/sa-mrbt_ws/src/simplified_marine_sim/src/world.cpp:40:21:[m[K [01;31m[Kerror: [m[Kâ€˜[01m[KgetAgentIDs[m[Kâ€™ was not declared in this scope; did you mean â€˜[01m[KgetAgentInfo[m[Kâ€™?
[1.673s]    40 |         agent_ids = [01;31m[KgetAgentIDs[m[K();
[1.673s]       |                     [01;31m[K^~~~~~~~~~~[m[K
[1.673s]       |                     [32m[KgetAgentInfo[m[K
[1.678s] [01m[K/home/emily/sa-mrbt_ws/src/simplified_marine_sim/src/world.cpp:41:9:[m[K [01;31m[Kerror: [m[Kâ€˜[01m[Ksubtask_ids[m[Kâ€™ was not declared in this scope
[1.678s]    41 |         [01;31m[Ksubtask_ids[m[K = getSubtaskIDs();
[1.678s]       |         [01;31m[K^~~~~~~~~~~[m[K
[1.683s] [01m[K/home/emily/sa-mrbt_ws/src/simplified_marine_sim/src/world.cpp:41:23:[m[K [01;31m[Kerror: [m[Kâ€˜[01m[KgetSubtaskIDs[m[Kâ€™ was not declared in this scope; did you mean â€˜[01m[KgetSubTaskInfo[m[Kâ€™?
[1.683s]    41 |         subtask_ids = [01;31m[KgetSubtaskIDs[m[K();
[1.683s]       |                       [01;31m[K^~~~~~~~~~~~~[m[K
[1.683s]       |                       [32m[KgetSubTaskInfo[m[K
[1.689s] [01m[K/home/emily/sa-mrbt_ws/src/simplified_marine_sim/src/world.cpp:[m[K In function â€˜[01m[Kstd::vector<int> getAgentIDs()[m[Kâ€™:
[1.689s] [01m[K/home/emily/sa-mrbt_ws/src/simplified_marine_sim/src/world.cpp:81:38:[m[K [01;31m[Kerror: [m[Kâ€˜[01m[Kall_agents_info[m[Kâ€™ was not declared in this scope
[1.689s]    81 |     for (const auto& [robot_id, _] : [01;31m[Kall_agents_info[m[K) {
[1.689s]       |                                      [01;31m[K^~~~~~~~~~~~~~~[m[K
[2.741s] gmake[2]: *** [CMakeFiles/sim.dir/build.make:160: CMakeFiles/sim.dir/src/world.cpp.o] Error 1
[2.741s] gmake[2]: *** Waiting for unfinished jobs....
[3.250s] [01m[K/home/emily/sa-mrbt_ws/src/simplified_marine_sim/src/robot.cpp:[m[K In member function â€˜[01m[Kvoid Robot::updateSubtaskFailures()[m[Kâ€™:
[3.250s] [01m[K/home/emily/sa-mrbt_ws/src/simplified_marine_sim/src/robot.cpp:294:36:[m[K [01;31m[Kerror: [m[Kâ€˜[01m[Kall_subtasks_info[m[Kâ€™ was not declared in this scope
[3.250s]   294 |         for (const auto& subtask : [01;31m[Kall_subtasks_info[m[K) {
[3.250s]       |                                    [01;31m[K^~~~~~~~~~~~~~~~~[m[K
[3.250s] [01m[K/home/emily/sa-mrbt_ws/src/simplified_marine_sim/src/robot.cpp:295:53:[m[K [01;31m[Kerror: [m[Kâ€˜[01m[Kbegin[m[Kâ€™ was not declared in this scope
[3.250s]   295 |             for (int agent_id : world->getNumAgents([01;31m[K)[m[K) {
[3.251s]       |                                                     [01;31m[K^[m[K
[3.251s] [01m[K/home/emily/sa-mrbt_ws/src/simplified_marine_sim/src/robot.cpp:295:53:[m[K [01;36m[Knote: [m[Ksuggested alternatives:
[3.251s] In file included from [01m[K/home/emily/sa-mrbt_ws/install/behaviortree_cpp/include/behaviortree_cpp/contrib/json.hpp:170[m[K,
[3.251s]                  from [01m[K/home/emily/sa-mrbt_ws/install/behaviortree_cpp/include/behaviortree_cpp/blackboard.h:9[m[K,
[3.251s]                  from [01m[K/home/emily/sa-mrbt_ws/install/behaviortree_cpp/include/behaviortree_cpp/tree_node.h:22[m[K,
[3.251s]                  from [01m[K/home/emily/sa-mrbt_ws/install/behaviortree_cpp/include/behaviortree_cpp/leaf_node.h:17[m[K,
[3.251s]                  from [01m[K/home/emily/sa-mrbt_ws/install/behaviortree_cpp/include/behaviortree_cpp/action_node.h:22[m[K,
[3.251s]                  from [01m[K/home/emily/sa-mrbt_ws/install/behaviortree_cpp/include/behaviortree_cpp/actions/pop_from_queue.hpp:17[m[K,
[3.251s]                  from [01m[K/home/emily/sa-mrbt_ws/src/simplified_marine_sim/include/planners.hpp:8[m[K,
[3.251s]                  from [01m[K/home/emily/sa-mrbt_ws/src/simplified_marine_sim/src/robot.cpp:3[m[K:
[3.251s] [01m[K/usr/include/c++/11/valarray:1228:5:[m[K [01;36m[Knote: [m[K  â€˜[01m[Kstd::begin[m[Kâ€™
[3.251s]  1228 |     [01;36m[Kbegin[m[K(const valarray<_Tp>& __va) noexcept
[3.252s]       |     [01;36m[K^~~~~[m[K
[3.252s] In file included from [01m[K/usr/include/c++/11/filesystem:46[m[K,
[3.252s]                  from [01m[K/home/emily/sa-mrbt_ws/install/behaviortree_cpp/include/behaviortree_cpp/contrib/json.hpp:4643[m[K,
[3.252s]                  from [01m[K/home/emily/sa-mrbt_ws/install/behaviortree_cpp/include/behaviortree_cpp/blackboard.h:9[m[K,
[3.252s]                  from [01m[K/home/emily/sa-mrbt_ws/install/behaviortree_cpp/include/behaviortree_cpp/tree_node.h:22[m[K,
[3.252s]                  from [01m[K/home/emily/sa-mrbt_ws/install/behaviortree_cpp/include/behaviortree_cpp/leaf_node.h:17[m[K,
[3.252s]                  from [01m[K/home/emily/sa-mrbt_ws/install/behaviortree_cpp/include/behaviortree_cpp/action_node.h:22[m[K,
[3.252s]                  from [01m[K/home/emily/sa-mrbt_ws/install/behaviortree_cpp/include/behaviortree_cpp/actions/pop_from_queue.hpp:17[m[K,
[3.252s]                  from [01m[K/home/emily/sa-mrbt_ws/src/simplified_marine_sim/include/planners.hpp:8[m[K,
[3.252s]                  from [01m[K/home/emily/sa-mrbt_ws/src/simplified_marine_sim/src/robot.cpp:3[m[K:
[3.252s] [01m[K/usr/include/c++/11/bits/fs_dir.h:549:3:[m[K [01;36m[Knote: [m[K  â€˜[01m[Kstd::filesystem::__cxx11::begin[m[Kâ€™
[3.252s]   549 |   [01;36m[Kbegin[m[K(recursive_directory_iterator __iter) noexcept
[3.252s]       |   [01;36m[K^~~~~[m[K
[3.252s] [01m[K/home/emily/sa-mrbt_ws/src/simplified_marine_sim/src/robot.cpp:295:53:[m[K [01;31m[Kerror: [m[Kâ€˜[01m[Kend[m[Kâ€™ was not declared in this scope
[3.252s]   295 |             for (int agent_id : world->getNumAgents([01;31m[K)[m[K) {
[3.252s]       |                                                     [01;31m[K^[m[K
[3.252s] [01m[K/home/emily/sa-mrbt_ws/src/simplified_marine_sim/src/robot.cpp:295:53:[m[K [01;36m[Knote: [m[Ksuggested alternatives:
[3.252s] In file included from [01m[K/home/emily/sa-mrbt_ws/install/behaviortree_cpp/include/behaviortree_cpp/contrib/json.hpp:170[m[K,
[3.252s]                  from [01m[K/home/emily/sa-mrbt_ws/install/behaviortree_cpp/include/behaviortree_cpp/blackboard.h:9[m[K,
[3.252s]                  from [01m[K/home/emily/sa-mrbt_ws/install/behaviortree_cpp/include/behaviortree_cpp/tree_node.h:22[m[K,
[3.252s]                  from [01m[K/home/emily/sa-mrbt_ws/install/behaviortree_cpp/include/behaviortree_cpp/leaf_node.h:17[m[K,
[3.252s]                  from [01m[K/home/emily/sa-mrbt_ws/install/behaviortree_cpp/include/behaviortree_cpp/action_node.h:22[m[K,
[3.253s]                  from [01m[K/home/emily/sa-mrbt_ws/install/behaviortree_cpp/include/behaviortree_cpp/actions/pop_from_queue.hpp:17[m[K,
[3.253s]                  from [01m[K/home/emily/sa-mrbt_ws/src/simplified_marine_sim/include/planners.hpp:8[m[K,
[3.253s]                  from [01m[K/home/emily/sa-mrbt_ws/src/simplified_marine_sim/src/robot.cpp:3[m[K:
[3.253s] [01m[K/usr/include/c++/11/valarray:1255:5:[m[K [01;36m[Knote: [m[K  â€˜[01m[Kstd::end[m[Kâ€™
[3.253s]  1255 |     [01;36m[Kend[m[K(const valarray<_Tp>& __va) noexcept
[3.253s]       |     [01;36m[K^~~[m[K
[3.253s] In file included from [01m[K/usr/include/c++/11/filesystem:46[m[K,
[3.253s]                  from [01m[K/home/emily/sa-mrbt_ws/install/behaviortree_cpp/include/behaviortree_cpp/contrib/json.hpp:4643[m[K,
[3.253s]                  from [01m[K/home/emily/sa-mrbt_ws/install/behaviortree_cpp/include/behaviortree_cpp/blackboard.h:9[m[K,
[3.253s]                  from [01m[K/home/emily/sa-mrbt_ws/install/behaviortree_cpp/include/behaviortree_cpp/tree_node.h:22[m[K,
[3.253s]                  from [01m[K/home/emily/sa-mrbt_ws/install/behaviortree_cpp/include/behaviortree_cpp/leaf_node.h:17[m[K,
[3.253s]                  from [01m[K/home/emily/sa-mrbt_ws/install/behaviortree_cpp/include/behaviortree_cpp/action_node.h:22[m[K,
[3.253s]                  from [01m[K/home/emily/sa-mrbt_ws/install/behaviortree_cpp/include/behaviortree_cpp/actions/pop_from_queue.hpp:17[m[K,
[3.253s]                  from [01m[K/home/emily/sa-mrbt_ws/src/simplified_marine_sim/include/planners.hpp:8[m[K,
[3.253s]                  from [01m[K/home/emily/sa-mrbt_ws/src/simplified_marine_sim/src/robot.cpp:3[m[K:
[3.253s] [01m[K/usr/include/c++/11/bits/fs_dir.h:554:3:[m[K [01;36m[Knote: [m[K  â€˜[01m[Kstd::filesystem::__cxx11::end[m[Kâ€™
[3.253s]   554 |   [01;36m[Kend[m[K(recursive_directory_iterator) noexcept
[3.253s]       |   [01;36m[K^~~[m[K
[4.417s] gmake[2]: *** [CMakeFiles/sim.dir/build.make:188: CMakeFiles/sim.dir/src/robot.cpp.o] Error 1
[4.417s] gmake[1]: *** [CMakeFiles/Makefile2:137: CMakeFiles/sim.dir/all] Error 2
[4.417s] gmake: *** [Makefile:146: all] Error 2
[4.419s] Invoked command in '/home/emily/sa-mrbt_ws/build/simulator' returned '2': AMENT_PREFIX_PATH=/home/emily/sa-mrbt_ws/install/behaviortree_cpp:${AMENT_PREFIX_PATH} CMAKE_PREFIX_PATH=/home/emily/sa-mrbt_ws/install/behaviortree_cpp:/opt/ros/iron LD_LIBRARY_PATH=/home/emily/sa-mrbt_ws/install/behaviortree_cpp/lib:${LD_LIBRARY_PATH} PATH=/home/emily/sa-mrbt_ws/install/behaviortree_cpp/bin:${PATH} /usr/bin/cmake --build /home/emily/sa-mrbt_ws/build/simulator -- -j12 -l12
