[01m[K/home/emily/sa-mrbt_ws/src/simplified_marine_sim/src/behavior_tree.cpp:[m[K In member function â€˜[01m[Kvirtual BT::NodeStatus HandleFailures::onRunning()[m[Kâ€™:
[01m[K/home/emily/sa-mrbt_ws/src/simplified_marine_sim/src/behavior_tree.cpp:1368:78:[m[K [01;31m[Kerror: [m[Kconversion from â€˜[01m[KBT::Expected<int>[m[Kâ€™ {aka â€˜[01m[Knonstd::expected_lite::expected<int, std::__cxx11::basic_string<char> >[m[Kâ€™} to non-scalar type â€˜[01m[Kstd::unordered_map<int, bool>[m[Kâ€™ requested
 1368 |         std::unordered_map<int,bool> current_subtask_failures = [01;31m[KgetInput<int>("self_subtask_failures")[m[K;
      |                                                                 [01;31m[K~~~~~~~~~~~~~^~~~~~~~~~~~~~~~~~~~~~~~~[m[K
[01m[K/home/emily/sa-mrbt_ws/src/simplified_marine_sim/src/behavior_tree.cpp:1371:9:[m[K [01;31m[Kerror: [m[Kexpected â€˜[01m[K,[m[Kâ€™ or â€˜[01m[K;[m[Kâ€™ before â€˜[01m[Kbool[m[Kâ€™
 1371 |         [01;31m[Kbool[m[K task_is_main = scope_and_threshold_info.first;
      |         [01;31m[K^~~~[m[K
[01m[K/home/emily/sa-mrbt_ws/src/simplified_marine_sim/src/behavior_tree.cpp:1375:35:[m[K [01;31m[Kerror: [m[Kâ€˜[01m[Ktask_is_main[m[Kâ€™ was not declared in this scope
 1375 |         setOutput("task_is_main", [01;31m[Ktask_is_main[m[K);
      |                                   [01;31m[K^~~~~~~~~~~~[m[K
gmake[2]: *** [CMakeFiles/sim.dir/build.make:202: CMakeFiles/sim.dir/src/behavior_tree.cpp.o] Error 1
gmake[2]: *** Waiting for unfinished jobs....
gmake[1]: *** [CMakeFiles/Makefile2:137: CMakeFiles/sim.dir/all] Error 2
gmake: *** [Makefile:146: all] Error 2
