[0.006s] Invoking command in '/home/emily/sa-mrbt_ws/build/simulator': AMENT_PREFIX_PATH=/home/emily/sa-mrbt_ws/install/behaviortree_cpp:${AMENT_PREFIX_PATH} CMAKE_PREFIX_PATH=/home/emily/sa-mrbt_ws/install/behaviortree_cpp:/opt/ros/iron LD_LIBRARY_PATH=/home/emily/sa-mrbt_ws/install/behaviortree_cpp/lib:${LD_LIBRARY_PATH} PATH=/home/emily/sa-mrbt_ws/install/behaviortree_cpp/bin:${PATH} /usr/bin/cmake --build /home/emily/sa-mrbt_ws/build/simulator -- -j12 -l12
[0.038s] [35m[1mConsolidate compiler generated dependencies of target sim[0m
[0.060s] [  7%] [32mBuilding CXX object CMakeFiles/sim.dir/src/robot.cpp.o[0m
[3.110s] [01m[K/home/emily/sa-mrbt_ws/src/simplified_marine_sim/src/robot.cpp:[m[K In member function â€˜[01m[Kstd::pair<std::pair<int, bool>, std::unordered_map<int, int> > Robot::HandleFailures(std::unordered_map<int, bool>)[m[Kâ€™:
[3.110s] [01m[K/home/emily/sa-mrbt_ws/src/simplified_marine_sim/src/robot.cpp:1700:38:[m[K [01;31m[Kerror: [m[Kcannot convert â€˜[01m[Kstd::pair<int, bool>[m[Kâ€™ to â€˜[01m[Kbool[m[Kâ€™ in assignment
[3.110s]  1700 |     scope_and_threshold_info.first = [01;31m[Kcurrent_task_id_scope[m[K;
[3.110s]       |                                      [01;31m[K^~~~~~~~~~~~~~~~~~~~~[m[K
[3.110s]       |                                      [01;31m[K|[m[K
[3.110s]       |                                      [01;31m[Kstd::pair<int, bool>[m[K
[3.110s] [01m[K/home/emily/sa-mrbt_ws/src/simplified_marine_sim/src/robot.cpp:1702:12:[m[K [01;31m[Kerror: [m[Kcould not convert â€˜[01m[Kscope_and_threshold_info[m[Kâ€™ from â€˜[01m[Kpair<[01;32m[Kbool[m[K,[...]>[m[Kâ€™ to â€˜[01m[Kpair<[01;32m[Kstd::pair<int, bool>[m[K,[...]>[m[Kâ€™
[3.111s]  1702 |     return [01;31m[Kscope_and_threshold_info[m[K;
[3.111s]       |            [01;31m[K^~~~~~~~~~~~~~~~~~~~~~~~[m[K
[3.111s]       |            [01;31m[K|[m[K
[3.111s]       |            [01;31m[Kpair<bool,[...]>[m[K
[4.276s] gmake[2]: *** [CMakeFiles/sim.dir/build.make:188: CMakeFiles/sim.dir/src/robot.cpp.o] Error 1
[4.276s] gmake[1]: *** [CMakeFiles/Makefile2:137: CMakeFiles/sim.dir/all] Error 2
[4.276s] gmake: *** [Makefile:146: all] Error 2
[4.279s] Invoked command in '/home/emily/sa-mrbt_ws/build/simulator' returned '2': AMENT_PREFIX_PATH=/home/emily/sa-mrbt_ws/install/behaviortree_cpp:${AMENT_PREFIX_PATH} CMAKE_PREFIX_PATH=/home/emily/sa-mrbt_ws/install/behaviortree_cpp:/opt/ros/iron LD_LIBRARY_PATH=/home/emily/sa-mrbt_ws/install/behaviortree_cpp/lib:${LD_LIBRARY_PATH} PATH=/home/emily/sa-mrbt_ws/install/behaviortree_cpp/bin:${PATH} /usr/bin/cmake --build /home/emily/sa-mrbt_ws/build/simulator -- -j12 -l12
