[01m[K/home/emily/sa-mrbt_ws/src/simplified_marine_sim/src/world.cpp:[m[K In member function â€˜[01m[Kvoid World::injectRandomFaults()[m[Kâ€™:
[01m[K/home/emily/sa-mrbt_ws/src/simplified_marine_sim/src/world.cpp:1320:73:[m[K [01;31m[Kerror: [m[Kâ€˜[01m[Knum_faults1[m[Kâ€™ was not declared in this scope; did you mean â€˜[01m[Knum_faults[m[Kâ€™?
 1320 |     std::string d = "Given num actions, num_faults1: " + std::to_string([01;31m[Knum_faults1[m[K);
      |                                                                         [01;31m[K^~~~~~~~~~~[m[K
      |                                                                         [32m[Knum_faults[m[K
gmake[2]: *** [CMakeFiles/sim.dir/build.make:160: CMakeFiles/sim.dir/src/world.cpp.o] Error 1
gmake[1]: *** [CMakeFiles/Makefile2:137: CMakeFiles/sim.dir/all] Error 2
gmake: *** [Makefile:146: all] Error 2
