[  7%] [32mBuilding CXX object CMakeFiles/sim.dir/src/world.cpp.o[0m
[01m[K/home/emily/sa-mrbt_ws/src/simplified_marine_sim/src/world.cpp:[m[K In member function â€˜[01m[Kstd::vector<int> World::getRobotCapabilities(Robot*)[m[Kâ€™:
[01m[K/home/emily/sa-mrbt_ws/src/simplified_marine_sim/src/world.cpp:293:23:[m[K [01;31m[Kerror: [m[Kno matching function for call to â€˜[01m[Klog1DVector(std::vector<int>&)[m[Kâ€™
  293 |     [01;31m[Kutils::log1DVector(robot_capabilities_by_type)[m[K;
      |     [01;31m[K~~~~~~~~~~~~~~~~~~^~~~~~~~~~~~~~~~~~~~~~~~~~~~[m[K
In file included from [01m[K/home/emily/sa-mrbt_ws/src/simplified_marine_sim/src/world.cpp:8[m[K:
[01m[K/home/emily/sa-mrbt_ws/src/simplified_marine_sim/include/utils.hpp:86:6:[m[K [01;36m[Knote: [m[Kcandidate: â€˜[01m[Ktemplate<class T> void utils::log1DVector(const std::vector<_Tp>&, Robot&)[m[Kâ€™
   86 | void [01;36m[Klog1DVector[m[K(const std::vector<T>& vec, Robot& robot) {
      |      [01;36m[K^~~~~~~~~~~[m[K
[01m[K/home/emily/sa-mrbt_ws/src/simplified_marine_sim/include/utils.hpp:86:6:[m[K [01;36m[Knote: [m[K  template argument deduction/substitution failed:
[01m[K/home/emily/sa-mrbt_ws/src/simplified_marine_sim/src/world.cpp:293:23:[m[K [01;36m[Knote: [m[K  candidate expects 2 arguments, 1 provided
  293 |     [01;36m[Kutils::log1DVector(robot_capabilities_by_type)[m[K;
      |     [01;36m[K~~~~~~~~~~~~~~~~~~^~~~~~~~~~~~~~~~~~~~~~~~~~~~[m[K
gmake[2]: *** [CMakeFiles/sim.dir/build.make:160: CMakeFiles/sim.dir/src/world.cpp.o] Error 1
gmake[1]: *** [CMakeFiles/Makefile2:137: CMakeFiles/sim.dir/all] Error 2
gmake: *** [Makefile:146: all] Error 2
