[0.006s] Invoking command in '/home/emily/sa-mrbt_ws/build/simulator': CMAKE_PREFIX_PATH=/home/emily/sa-mrbt_ws/install/behaviortree_cpp:/home/emily/sa-mrbt_ws/install/simulator:/opt/ros/iron /usr/bin/cmake --build /home/emily/sa-mrbt_ws/build/simulator -- -j12 -l12
[0.037s] [35m[1mConsolidate compiler generated dependencies of target sim[0m
[0.060s] [  7%] [32mBuilding CXX object CMakeFiles/sim.dir/src/world.cpp.o[0m
[1.652s] [01m[K/home/emily/sa-mrbt_ws/src/simplified_marine_sim/src/world.cpp:[m[K In member function â€˜[01m[Kstd::unordered_map<int, TaskInfo> World::initAllSubTasksInfo()[m[Kâ€™:
[1.653s] [01m[K/home/emily/sa-mrbt_ws/src/simplified_marine_sim/src/world.cpp:284:13:[m[K [01;31m[Kerror: [m[Kâ€˜[01m[Kprerequisite_failures[m[Kâ€™ was not declared in this scope; did you mean â€˜[01m[Kprerequisute_failures[m[Kâ€™?
[1.653s]   284 |             [01;31m[Kprerequisite_failures[m[K, // int
[1.653s]       |             [01;31m[K^~~~~~~~~~~~~~~~~~~~~[m[K
[1.653s]       |             [32m[Kprerequisute_failures[m[K
[2.559s] gmake[2]: *** [CMakeFiles/sim.dir/build.make:160: CMakeFiles/sim.dir/src/world.cpp.o] Error 1
[2.560s] gmake[1]: *** [CMakeFiles/Makefile2:137: CMakeFiles/sim.dir/all] Error 2
[2.560s] gmake: *** [Makefile:146: all] Error 2
[2.561s] Invoked command in '/home/emily/sa-mrbt_ws/build/simulator' returned '2': CMAKE_PREFIX_PATH=/home/emily/sa-mrbt_ws/install/behaviortree_cpp:/home/emily/sa-mrbt_ws/install/simulator:/opt/ros/iron /usr/bin/cmake --build /home/emily/sa-mrbt_ws/build/simulator -- -j12 -l12
