[35m[1mConsolidate compiler generated dependencies of target sim[0m
[  7%] [32mBuilding CXX object CMakeFiles/sim.dir/src/behavior_tree.cpp.o[0m
[01m[K/home/emily/sa-mrbt_ws/src/simplified_marine_sim/src/behavior_tree.cpp:[m[K In member function â€˜[01m[Kvirtual BT::NodeStatus HandleFailures::onRunning()[m[Kâ€™:
[01m[K/home/emily/sa-mrbt_ws/src/simplified_marine_sim/src/behavior_tree.cpp:1372:13:[m[K [01;31m[Kerror: [m[Kâ€˜[01m[Kcurrent_subtask_failures[m[Kâ€™ was not declared in this scope
 1372 |             [01;31m[Kcurrent_subtask_failures[m[K = input.value();
      |             [01;31m[K^~~~~~~~~~~~~~~~~~~~~~~~[m[K
[01m[K/home/emily/sa-mrbt_ws/src/simplified_marine_sim/src/behavior_tree.cpp:1375:13:[m[K [01;31m[Kerror: [m[Kâ€˜[01m[Kcurrent_subtask_failures[m[Kâ€™ was not declared in this scope
 1375 |             [01;31m[Kcurrent_subtask_failures[m[K = std::unordered_map<int,bool>();
      |             [01;31m[K^~~~~~~~~~~~~~~~~~~~~~~~[m[K
[01m[K/home/emily/sa-mrbt_ws/src/simplified_marine_sim/src/behavior_tree.cpp:1379:117:[m[K [01;31m[Kerror: [m[Kâ€˜[01m[Kcurrent_subtask_failures[m[Kâ€™ was not declared in this scope
 1379 |         std::pair<std::pair<int,bool>,std::unordered_map<int,int>> scope_and_threshold_info = _robot.HandleFailures([01;31m[Kcurrent_subtask_failures[m[K);
      |                                                                                                                     [01;31m[K^~~~~~~~~~~~~~~~~~~~~~~~[m[K
gmake[2]: *** [CMakeFiles/sim.dir/build.make:202: CMakeFiles/sim.dir/src/behavior_tree.cpp.o] Error 1
gmake[1]: *** [CMakeFiles/Makefile2:137: CMakeFiles/sim.dir/all] Error 2
gmake: *** [Makefile:146: all] Error 2
