[0.007s] Invoking command in '/home/emily/sa-mrbt_ws/build/simulator': CMAKE_PREFIX_PATH=/home/emily/sa-mrbt_ws/install/behaviortree_cpp:/home/emily/sa-mrbt_ws/install/simulator:/opt/ros/iron /usr/bin/cmake --build /home/emily/sa-mrbt_ws/build/simulator -- -j12 -l12
[0.037s] [35m[1mConsolidate compiler generated dependencies of target sim[0m
[0.060s] [  7%] [32mBuilding CXX object CMakeFiles/sim.dir/src/behavior_tree.cpp.o[0m
[1.711s] [01m[K/home/emily/sa-mrbt_ws/src/simplified_marine_sim/src/behavior_tree.cpp:[m[K In member function â€˜[01m[Kvirtual BT::NodeStatus HandleFailures::onRunning()[m[Kâ€™:
[1.711s] [01m[K/home/emily/sa-mrbt_ws/src/simplified_marine_sim/src/behavior_tree.cpp:1372:13:[m[K [01;31m[Kerror: [m[Kâ€˜[01m[Kcurrent_subtask_failures[m[Kâ€™ was not declared in this scope
[1.711s]  1372 |             [01;31m[Kcurrent_subtask_failures[m[K = input.value();
[1.712s]       |             [01;31m[K^~~~~~~~~~~~~~~~~~~~~~~~[m[K
[1.717s] [01m[K/home/emily/sa-mrbt_ws/src/simplified_marine_sim/src/behavior_tree.cpp:1375:13:[m[K [01;31m[Kerror: [m[Kâ€˜[01m[Kcurrent_subtask_failures[m[Kâ€™ was not declared in this scope
[1.717s]  1375 |             [01;31m[Kcurrent_subtask_failures[m[K = std::unordered_map<int,bool>();
[1.717s]       |             [01;31m[K^~~~~~~~~~~~~~~~~~~~~~~~[m[K
[1.727s] [01m[K/home/emily/sa-mrbt_ws/src/simplified_marine_sim/src/behavior_tree.cpp:1379:117:[m[K [01;31m[Kerror: [m[Kâ€˜[01m[Kcurrent_subtask_failures[m[Kâ€™ was not declared in this scope
[1.727s]  1379 |         std::pair<std::pair<int,bool>,std::unordered_map<int,int>> scope_and_threshold_info = _robot.HandleFailures([01;31m[Kcurrent_subtask_failures[m[K);
[1.727s]       |                                                                                                                     [01;31m[K^~~~~~~~~~~~~~~~~~~~~~~~[m[K
[2.935s] gmake[2]: *** [CMakeFiles/sim.dir/build.make:202: CMakeFiles/sim.dir/src/behavior_tree.cpp.o] Error 1
[2.935s] gmake[1]: *** [CMakeFiles/Makefile2:137: CMakeFiles/sim.dir/all] Error 2
[2.935s] gmake: *** [Makefile:146: all] Error 2
[2.936s] Invoked command in '/home/emily/sa-mrbt_ws/build/simulator' returned '2': CMAKE_PREFIX_PATH=/home/emily/sa-mrbt_ws/install/behaviortree_cpp:/home/emily/sa-mrbt_ws/install/simulator:/opt/ros/iron /usr/bin/cmake --build /home/emily/sa-mrbt_ws/build/simulator -- -j12 -l12
