[01m[K/home/emily/sa-mrbt_ws/src/simplified_marine_sim/src/planners.cpp:[m[K In constructor â€˜[01m[KPlanner::Planner(int, World*, Robot*)[m[Kâ€™:
[01m[K/home/emily/sa-mrbt_ws/src/simplified_marine_sim/src/planners.cpp:9:159:[m[K [01;31m[Kerror: [m[Kâ€˜[01m[Kr[m[Kâ€™ was not declared in this scope
    9 | Planner::Planner(int step_size, World* w, Robot* robot) : step_size(step_size), current_plan(std::make_shared<BT::ProtectedQueue<Pose2D>>()), world(w), robot([01;31m[Kr[m[K)
      |                                                                                                                                                               [01;31m[K^[m[K
gmake[2]: *** [CMakeFiles/sim.dir/build.make:174: CMakeFiles/sim.dir/src/planners.cpp.o] Error 1
gmake[2]: *** Waiting for unfinished jobs....
gmake[1]: *** [CMakeFiles/Makefile2:137: CMakeFiles/sim.dir/all] Error 2
gmake: *** [Makefile:146: all] Error 2
