[  7%] [32mBuilding CXX object CMakeFiles/sim.dir/src/robot.cpp.o[0m
[01m[K/home/emily/sa-mrbt_ws/src/simplified_marine_sim/src/robot.cpp:[m[K In member function â€˜[01m[Kvoid Robot::saveNewFoundObstacle(std::vector<cv::Point_<int> >)[m[Kâ€™:
[01m[K/home/emily/sa-mrbt_ws/src/simplified_marine_sim/src/robot.cpp:703:12:[m[K [01;31m[Kerror: [m[Kâ€˜[01m[KlogMapOf2DVectors[m[Kâ€™ is not a member of â€˜[01m[Kutils[m[Kâ€™; did you mean â€˜[01m[KlogMapOfVectors[m[Kâ€™?
  703 |     utils::[01;31m[KlogMapOf2DVectors[m[K(discovered_obstacles, *this);
      |            [01;31m[K^~~~~~~~~~~~~~~~~[m[K
      |            [32m[KlogMapOfVectors[m[K
gmake[2]: *** [CMakeFiles/sim.dir/build.make:188: CMakeFiles/sim.dir/src/robot.cpp.o] Error 1
gmake[1]: *** [CMakeFiles/Makefile2:137: CMakeFiles/sim.dir/all] Error 2
gmake: *** [Makefile:146: all] Error 2
