[0.007s] Invoking command in '/home/emily/sa-mrbt_ws/build/simulator': CMAKE_PREFIX_PATH=/home/emily/sa-mrbt_ws/install/behaviortree_cpp:/home/emily/sa-mrbt_ws/install/simulator:/opt/ros/iron /usr/bin/cmake --build /home/emily/sa-mrbt_ws/build/simulator -- -j12 -l12
[0.036s] [35m[1mConsolidate compiler generated dependencies of target sim[0m
[0.059s] [  7%] [32mBuilding CXX object CMakeFiles/sim.dir/src/CBGA.cpp.o[0m
[1.596s] [01m[K/home/emily/sa-mrbt_ws/src/simplified_marine_sim/src/CBGA.cpp:[m[K In member function â€˜[01m[Kvoid CBGA::resolveConflicts(bool)[m[Kâ€™:
[1.596s] [01m[K/home/emily/sa-mrbt_ws/src/simplified_marine_sim/src/CBGA.cpp:1150:67:[m[K [01;31m[Kerror: [m[Kâ€˜[01m[Kwinner_ij[m[Kâ€™ was not declared in this scope
[1.596s]  1150 |     std::string winner_bid_print = "winner_ij: " + std::to_string([01;31m[Kwinner_ij[m[K)
[1.596s]       |                                                                   [01;31m[K^~~~~~~~~[m[K
[1.600s] [01m[K/home/emily/sa-mrbt_ws/src/simplified_marine_sim/src/CBGA.cpp:1151:68:[m[K [01;31m[Kerror: [m[Kâ€˜[01m[Kwinner_kj[m[Kâ€™ was not declared in this scope
[1.600s]  1151 |                                 + "\nwinner_kj: " + std::to_string([01;31m[Kwinner_kj[m[K)
[1.600s]       |                                                                    [01;31m[K^~~~~~~~~[m[K
[1.604s] [01m[K/home/emily/sa-mrbt_ws/src/simplified_marine_sim/src/CBGA.cpp:1152:73:[m[K [01;31m[Kerror: [m[Kâ€˜[01m[Kwinning_bid_ij[m[Kâ€™ was not declared in this scope
[1.604s]  1152 |                                 + "\nwinning_bid_ij: " + std::to_string([01;31m[Kwinning_bid_ij[m[K)
[1.604s]       |                                                                         [01;31m[K^~~~~~~~~~~~~~[m[K
[1.609s] [01m[K/home/emily/sa-mrbt_ws/src/simplified_marine_sim/src/CBGA.cpp:1153:71:[m[K [01;31m[Kerror: [m[Kâ€˜[01m[Kwinning_bid_kj[m[Kâ€™ was not declared in this scope
[1.609s]  1153 |                                 + "winning_bid_kj: " + std::to_string([01;31m[Kwinning_bid_kj[m[K);
[1.609s]       |                                                                       [01;31m[K^~~~~~~~~~~~~~[m[K
[2.385s] gmake[2]: *** [CMakeFiles/sim.dir/build.make:104: CMakeFiles/sim.dir/src/CBGA.cpp.o] Error 1
[2.385s] gmake[1]: *** [CMakeFiles/Makefile2:137: CMakeFiles/sim.dir/all] Error 2
[2.385s] gmake: *** [Makefile:146: all] Error 2
[2.387s] Invoked command in '/home/emily/sa-mrbt_ws/build/simulator' returned '2': CMAKE_PREFIX_PATH=/home/emily/sa-mrbt_ws/install/behaviortree_cpp:/home/emily/sa-mrbt_ws/install/simulator:/opt/ros/iron /usr/bin/cmake --build /home/emily/sa-mrbt_ws/build/simulator -- -j12 -l12
