[01m[K/home/emily/sa-mrbt_ws/src/simplified_marine_sim/src/behavior_tree.cpp:[m[K In member function â€˜[01m[Kvirtual BT::NodeStatus Communicate::onRunning()[m[Kâ€™:
[01m[K/home/emily/sa-mrbt_ws/src/simplified_marine_sim/src/behavior_tree.cpp:150:59:[m[K [01;31m[Kerror: [m[Kâ€˜[01m[Krobot_id[m[Kâ€™ was not declared in this scope
  150 |         std::string debug_msg = "Robot " + std::to_string([01;31m[Krobot_id[m[K) + " accessing tracker at address: " + std::to_string((uintptr_t)&world_msg_tracker);
      |                                                           [01;31m[K^~~~~~~~[m[K
[01m[K/home/emily/sa-mrbt_ws/src/simplified_marine_sim/src/behavior_tree.cpp:151:9:[m[K [01;31m[Kerror: [m[Kâ€˜[01m[Kworld[m[Kâ€™ was not declared in this scope; did you mean â€˜[01m[KWorld[m[Kâ€™?
  151 |         [01;31m[Kworld[m[K.log_info(debug_msg);
      |         [01;31m[K^~~~~[m[K
      |         [32m[KWorld[m[K
gmake[2]: *** [CMakeFiles/sim.dir/build.make:202: CMakeFiles/sim.dir/src/behavior_tree.cpp.o] Error 1
gmake[1]: *** [CMakeFiles/Makefile2:137: CMakeFiles/sim.dir/all] Error 2
gmake: *** [Makefile:146: all] Error 2
