[0.006s] Invoking command in '/home/emily/sa-mrbt_ws/build/simulator': CMAKE_PREFIX_PATH=/home/emily/sa-mrbt_ws/install/behaviortree_cpp:/home/emily/sa-mrbt_ws/install/simulator:/opt/ros/iron /usr/bin/cmake --build /home/emily/sa-mrbt_ws/build/simulator -- -j12 -l12
[0.037s] [35m[1mConsolidate compiler generated dependencies of target sim[0m
[0.060s] [  7%] [32mBuilding CXX object CMakeFiles/sim.dir/src/sim.cpp.o[0m
[0.062s] [ 15%] [32mBuilding CXX object CMakeFiles/sim.dir/src/world.cpp.o[0m
[1.776s] [01m[K/home/emily/sa-mrbt_ws/src/simplified_marine_sim/src/world.cpp:[m[K In member function â€˜[01m[Kvoid World::updateCumulativeDistance()[m[Kâ€™:
[1.776s] [01m[K/home/emily/sa-mrbt_ws/src/simplified_marine_sim/src/world.cpp:756:5:[m[K [01;31m[Kerror: [m[Kâ€˜[01m[Kcumulative_distance[m[Kâ€™ was not declared in this scope; did you mean â€˜[01m[Knew_cumulative_distance[m[Kâ€™?
[1.776s]   756 |     [01;31m[Kcumulative_distance[m[K = new_cumulative_distance;
[1.777s]       |     [01;31m[K^~~~~~~~~~~~~~~~~~~[m[K
[1.777s]       |     [32m[Knew_cumulative_distance[m[K
[1.916s] [01m[K/home/emily/sa-mrbt_ws/src/simplified_marine_sim/src/sim.cpp:[m[K In function â€˜[01m[Kint main(int, char**)[m[Kâ€™:
[1.916s] [01m[K/home/emily/sa-mrbt_ws/src/simplified_marine_sim/src/sim.cpp:484:23:[m[K [01;31m[Kerror: [m[Kredeclaration of â€˜[01m[Kstd::ofstream file[m[Kâ€™
[1.916s]   484 |         std::ofstream [01;31m[Kfile[m[K(filename2);  // overwrites existing file
[1.917s]       |                       [01;31m[K^~~~[m[K
[1.917s] [01m[K/home/emily/sa-mrbt_ws/src/simplified_marine_sim/src/sim.cpp:478:23:[m[K [01;36m[Knote: [m[Kâ€˜[01m[Kstd::ofstream file[m[Kâ€™ previously declared here
[1.917s]   478 |         std::ofstream [01;36m[Kfile[m[K(filename);  // overwrites existing file
[1.917s]       |                       [01;36m[K^~~~[m[K
[1.919s] [01m[K/home/emily/sa-mrbt_ws/src/simplified_marine_sim/src/sim.cpp:485:9:[m[K [01;31m[Kerror: [m[Kâ€˜[01m[Kfile2[m[Kâ€™ was not declared in this scope; did you mean â€˜[01m[Kfile[m[Kâ€™?
[1.919s]   485 |         [01;31m[Kfile2[m[K << "time,distance\n";  // write header
[1.919s]       |         [01;31m[K^~~~~[m[K
[1.919s]       |         [32m[Kfile[m[K
[2.729s] gmake[2]: *** [CMakeFiles/sim.dir/build.make:160: CMakeFiles/sim.dir/src/world.cpp.o] Error 1
[2.729s] gmake[2]: *** Waiting for unfinished jobs....
[3.374s] gmake[2]: *** [CMakeFiles/sim.dir/build.make:76: CMakeFiles/sim.dir/src/sim.cpp.o] Error 1
[3.374s] gmake[1]: *** [CMakeFiles/Makefile2:137: CMakeFiles/sim.dir/all] Error 2
[3.375s] gmake: *** [Makefile:146: all] Error 2
[3.376s] Invoked command in '/home/emily/sa-mrbt_ws/build/simulator' returned '2': CMAKE_PREFIX_PATH=/home/emily/sa-mrbt_ws/install/behaviortree_cpp:/home/emily/sa-mrbt_ws/install/simulator:/opt/ros/iron /usr/bin/cmake --build /home/emily/sa-mrbt_ws/build/simulator -- -j12 -l12
