[0.006s] Invoking command in '/home/emily/sa-mrbt_ws/build/simulator': AMENT_PREFIX_PATH=/home/emily/sa-mrbt_ws/install/behaviortree_cpp:${AMENT_PREFIX_PATH} CMAKE_PREFIX_PATH=/home/emily/sa-mrbt_ws/install/behaviortree_cpp:/opt/ros/iron LD_LIBRARY_PATH=/home/emily/sa-mrbt_ws/install/behaviortree_cpp/lib:${LD_LIBRARY_PATH} PATH=/home/emily/sa-mrbt_ws/install/behaviortree_cpp/bin:${PATH} /usr/bin/cmake --build /home/emily/sa-mrbt_ws/build/simulator -- -j12 -l12
[0.038s] [35m[1mConsolidate compiler generated dependencies of target sim[0m
[0.061s] [  7%] [32mBuilding CXX object CMakeFiles/sim.dir/src/world.cpp.o[0m
[0.061s] [ 15%] [32mBuilding CXX object CMakeFiles/sim.dir/src/robot.cpp.o[0m
[1.756s] [01m[K/home/emily/sa-mrbt_ws/src/simplified_marine_sim/src/world.cpp:[m[K In member function â€˜[01m[Kint World::getPrerequisiteFailureThreshold(std::string)[m[Kâ€™:
[1.756s] [01m[K/home/emily/sa-mrbt_ws/src/simplified_marine_sim/src/world.cpp:934:34:[m[K [01;31m[Kerror: [m[Kbinding reference of type â€˜[01m[KTaskInfo&[m[Kâ€™ to â€˜[01m[Kconst TaskInfo[m[Kâ€™ discards qualifiers
[1.756s]   934 |         TaskInfo& subtask = [01;31m[Kpair.second[m[K;
[1.756s]       |                             [01;31m[K~~~~~^~~~~~[m[K
[1.756s] [01m[K/home/emily/sa-mrbt_ws/src/simplified_marine_sim/src/world.cpp:937:28:[m[K [01;31m[Kerror: [m[Kâ€˜[01m[Kstruct TaskInfo[m[Kâ€™ has no member named â€˜[01m[Kprerequisite_failures[m[Kâ€™; did you mean â€˜[01m[Kprerequisute_failures[m[Kâ€™?
[1.756s]   937 |             return subtask.[01;31m[Kprerequisite_failures[m[K;
[1.756s]       |                            [01;31m[K^~~~~~~~~~~~~~~~~~~~~[m[K
[1.756s]       |                            [32m[Kprerequisute_failures[m[K
[1.761s] [01m[K/home/emily/sa-mrbt_ws/src/simplified_marine_sim/src/world.cpp:941:12:[m[K [01;31m[Kerror: [m[Kâ€˜[01m[Kfailure_threshold[m[Kâ€™ was not declared in this scope
[1.762s]   941 |     return [01;31m[Kfailure_threshold[m[K;
[1.762s]       |            [01;31m[K^~~~~~~~~~~~~~~~~[m[K
[2.711s] gmake[2]: *** [CMakeFiles/sim.dir/build.make:160: CMakeFiles/sim.dir/src/world.cpp.o] Error 1
[2.711s] gmake[2]: *** Waiting for unfinished jobs....
[3.248s] [01m[K/home/emily/sa-mrbt_ws/src/simplified_marine_sim/src/robot.cpp:[m[K In member function â€˜[01m[Kstd::unordered_map<int, std::unordered_map<int, bool> > Robot::initSubtaskFailures()[m[Kâ€™:
[3.248s] [01m[K/home/emily/sa-mrbt_ws/src/simplified_marine_sim/src/robot.cpp:263:58:[m[K [01;31m[Kerror: [m[Kâ€˜[01m[Kstd::unordered_map<int, TaskInfo> World::all_subtasks_info[m[Kâ€™ is protected within this context
[3.248s]   263 |     for (const auto& [subtask_id, subtask_info] : world->[01;31m[Kall_subtasks_info[m[K) {
[3.248s]       |                                                          [01;31m[K^~~~~~~~~~~~~~~~~[m[K
[3.248s] In file included from [01m[K/home/emily/sa-mrbt_ws/src/simplified_marine_sim/src/robot.cpp:4[m[K:
[3.248s] [01m[K/home/emily/sa-mrbt_ws/src/simplified_marine_sim/include/world.hpp:41:38:[m[K [01;36m[Knote: [m[Kdeclared protected here
[3.248s]    41 |     std::unordered_map<int,TaskInfo> [01;36m[Kall_subtasks_info[m[K; // not initially available for assignment, each one triggered to be available by a certain fault
[3.248s]       |                                      [01;36m[K^~~~~~~~~~~~~~~~~[m[K
[3.249s] [01m[K/home/emily/sa-mrbt_ws/src/simplified_marine_sim/src/robot.cpp:[m[K At global scope:
[3.249s] [01m[K/home/emily/sa-mrbt_ws/src/simplified_marine_sim/src/robot.cpp:274:6:[m[K [01;31m[Kerror: [m[Kno declaration matches â€˜[01m[Kvoid Robot::setSubtaskFailure(int, int, bool)[m[Kâ€™
[3.249s]   274 | void [01;31m[KRobot[m[K::setSubtaskFailure(int subtask_id, int agent_id, bool failed) {
[3.249s]       |      [01;31m[K^~~~~[m[K
[3.249s] In file included from [01m[K/home/emily/sa-mrbt_ws/src/simplified_marine_sim/include/world.hpp:8[m[K,
[3.249s]                  from [01m[K/home/emily/sa-mrbt_ws/src/simplified_marine_sim/src/robot.cpp:4[m[K:
[3.249s] [01m[K/home/emily/sa-mrbt_ws/src/simplified_marine_sim/include/robot.hpp:96:10:[m[K [01;36m[Knote: [m[Kcandidate is: â€˜[01m[Kbool Robot::setSubtaskFailure(int, int, bool)[m[Kâ€™
[3.249s]    96 |     bool [01;36m[KsetSubtaskFailure[m[K(int subtask_id, int agent_id, bool failed);
[3.249s]       |          [01;36m[K^~~~~~~~~~~~~~~~~[m[K
[3.249s] In file included from [01m[K/home/emily/sa-mrbt_ws/src/simplified_marine_sim/include/world.hpp:8[m[K,
[3.249s]                  from [01m[K/home/emily/sa-mrbt_ws/src/simplified_marine_sim/src/robot.cpp:4[m[K:
[3.249s] [01m[K/home/emily/sa-mrbt_ws/src/simplified_marine_sim/include/robot.hpp:19:7:[m[K [01;36m[Knote: [m[Kâ€˜[01m[Kclass Robot[m[Kâ€™ defined here
[3.249s]    19 | class [01;36m[KRobot[m[K {
[3.249s]       |       [01;36m[K^~~~~[m[K
[4.448s] gmake[2]: *** [CMakeFiles/sim.dir/build.make:188: CMakeFiles/sim.dir/src/robot.cpp.o] Error 1
[4.448s] gmake[1]: *** [CMakeFiles/Makefile2:137: CMakeFiles/sim.dir/all] Error 2
[4.448s] gmake: *** [Makefile:146: all] Error 2
[4.450s] Invoked command in '/home/emily/sa-mrbt_ws/build/simulator' returned '2': AMENT_PREFIX_PATH=/home/emily/sa-mrbt_ws/install/behaviortree_cpp:${AMENT_PREFIX_PATH} CMAKE_PREFIX_PATH=/home/emily/sa-mrbt_ws/install/behaviortree_cpp:/opt/ros/iron LD_LIBRARY_PATH=/home/emily/sa-mrbt_ws/install/behaviortree_cpp/lib:${LD_LIBRARY_PATH} PATH=/home/emily/sa-mrbt_ws/install/behaviortree_cpp/bin:${PATH} /usr/bin/cmake --build /home/emily/sa-mrbt_ws/build/simulator -- -j12 -l12
