[01m[K/home/emily/sa-mrbt_ws/src/simplified_marine_sim/src/CBGA.cpp:[m[K In member function â€˜[01m[Kvoid CBGA::resolveConflicts(bool)[m[Kâ€™:
[01m[K/home/emily/sa-mrbt_ws/src/simplified_marine_sim/src/CBGA.cpp:1431:15:[m[K [01;31m[Kerror: [m[Kâ€˜[01m[Ktask_id[m[Kâ€™ was not declared in this scope
 1431 |         reset([01;31m[Ktask_id[m[K, winning_bids_matrix_i);
      |               [01;31m[K^~~~~~~[m[K
gmake[2]: *** [CMakeFiles/sim.dir/build.make:104: CMakeFiles/sim.dir/src/CBGA.cpp.o] Error 1
gmake[1]: *** [CMakeFiles/Makefile2:137: CMakeFiles/sim.dir/all] Error 2
gmake: *** [Makefile:146: all] Error 2
