[01m[K/home/emily/sa-mrbt_ws/src/simplified_marine_sim/src/behavior_tree.cpp:1444:1:[m[K [01;31m[Kerror: [m[Kâ€˜[01m[KTest_Subtask_1[m[Kâ€™ does not name a type; did you mean â€˜[01m[KSubtask_1[m[Kâ€™?
 1444 | [01;31m[KTest_Subtask_1[m[K::Test_Subtask_1(const std::string& name, const NodeConfig& config,
      | [01;31m[K^~~~~~~~~~~~~~[m[K
      | [32m[KSubtask_1[m[K
gmake[2]: *** [CMakeFiles/sim.dir/build.make:202: CMakeFiles/sim.dir/src/behavior_tree.cpp.o] Error 1
gmake[2]: *** Waiting for unfinished jobs....
gmake[1]: *** [CMakeFiles/Makefile2:137: CMakeFiles/sim.dir/all] Error 2
gmake: *** [Makefile:146: all] Error 2
