[0.006s] Invoking command in '/home/emily/sa-mrbt_ws/build/simulator': CMAKE_PREFIX_PATH=/home/emily/sa-mrbt_ws/install/behaviortree_cpp:/home/emily/sa-mrbt_ws/install/simulator:/opt/ros/iron /usr/bin/cmake --build /home/emily/sa-mrbt_ws/build/simulator -- -j12 -l12
[0.039s] [35m[1mConsolidate compiler generated dependencies of target sim[0m
[0.062s] [  7%] [32mBuilding CXX object CMakeFiles/sim.dir/src/sim.cpp.o[0m
[0.063s] [ 15%] [32mBuilding CXX object CMakeFiles/sim.dir/src/behavior_tree.cpp.o[0m
[1.807s] [01m[K/home/emily/sa-mrbt_ws/src/simplified_marine_sim/src/behavior_tree.cpp:1444:1:[m[K [01;31m[Kerror: [m[Kâ€˜[01m[KTest_Subtask_1[m[Kâ€™ does not name a type; did you mean â€˜[01m[KSubtask_1[m[Kâ€™?
[1.808s]  1444 | [01;31m[KTest_Subtask_1[m[K::Test_Subtask_1(const std::string& name, const NodeConfig& config,
[1.808s]       | [01;31m[K^~~~~~~~~~~~~~[m[K
[1.808s]       | [32m[KSubtask_1[m[K
[3.098s] gmake[2]: *** [CMakeFiles/sim.dir/build.make:202: CMakeFiles/sim.dir/src/behavior_tree.cpp.o] Error 1
[3.098s] gmake[2]: *** Waiting for unfinished jobs....
[4.675s] gmake[1]: *** [CMakeFiles/Makefile2:137: CMakeFiles/sim.dir/all] Error 2
[4.675s] gmake: *** [Makefile:146: all] Error 2
[4.677s] Invoked command in '/home/emily/sa-mrbt_ws/build/simulator' returned '2': CMAKE_PREFIX_PATH=/home/emily/sa-mrbt_ws/install/behaviortree_cpp:/home/emily/sa-mrbt_ws/install/simulator:/opt/ros/iron /usr/bin/cmake --build /home/emily/sa-mrbt_ws/build/simulator -- -j12 -l12
