[35m[1mConsolidate compiler generated dependencies of target sim[0m
[  7%] [32mBuilding CXX object CMakeFiles/sim.dir/src/sim.cpp.o[0m
[01m[K/home/emily/sa-mrbt_ws/src/simplified_marine_sim/src/sim.cpp:[m[K In function â€˜[01m[Kint main(int, char**)[m[Kâ€™:
[01m[K/home/emily/sa-mrbt_ws/src/simplified_marine_sim/src/sim.cpp:627:23:[m[K [01;31m[Kerror: [m[Kredeclaration of â€˜[01m[Kstd::ofstream file[m[Kâ€™
  627 |         std::ofstream [01;31m[Kfile[m[K(filename2);  // overwrites existing file
      |                       [01;31m[K^~~~[m[K
[01m[K/home/emily/sa-mrbt_ws/src/simplified_marine_sim/src/sim.cpp:622:23:[m[K [01;36m[Knote: [m[Kâ€˜[01m[Kstd::ofstream file[m[Kâ€™ previously declared here
  622 |         std::ofstream [01;36m[Kfile[m[K(filename);  // overwrites existing file
      |                       [01;36m[K^~~~[m[K
[01m[K/home/emily/sa-mrbt_ws/src/simplified_marine_sim/src/sim.cpp:627:28:[m[K [01;31m[Kerror: [m[Kâ€˜[01m[Kfilename2[m[Kâ€™ was not declared in this scope; did you mean â€˜[01m[Kfilename3[m[Kâ€™?
  627 |         std::ofstream file([01;31m[Kfilename2[m[K);  // overwrites existing file
      |                            [01;31m[K^~~~~~~~~[m[K
      |                            [32m[Kfilename3[m[K
[01m[K/home/emily/sa-mrbt_ws/src/simplified_marine_sim/src/sim.cpp:632:21:[m[K [01;31m[Kerror: [m[Kredeclaration of â€˜[01m[Kstd::string filename3[m[Kâ€™
  632 |         std::string [01;31m[Kfilename3[m[K = "distance_data.csv";
      |                     [01;31m[K^~~~~~~~~[m[K
[01m[K/home/emily/sa-mrbt_ws/src/simplified_marine_sim/src/sim.cpp:626:21:[m[K [01;36m[Knote: [m[Kâ€˜[01m[Kstd::string filename3[m[Kâ€™ previously declared here
  626 |         std::string [01;36m[Kfilename3[m[K = "discounted_reward_data.csv";
      |                     [01;36m[K^~~~~~~~~[m[K
gmake[2]: *** [CMakeFiles/sim.dir/build.make:76: CMakeFiles/sim.dir/src/sim.cpp.o] Error 1
gmake[1]: *** [CMakeFiles/Makefile2:137: CMakeFiles/sim.dir/all] Error 2
gmake: *** [Makefile:146: all] Error 2
