[0.006s] Invoking command in '/home/emily/sa-mrbt_ws/build/simulator': CMAKE_PREFIX_PATH=/home/emily/sa-mrbt_ws/install/behaviortree_cpp:/home/emily/sa-mrbt_ws/install/simulator:/opt/ros/iron /usr/bin/cmake --build /home/emily/sa-mrbt_ws/build/simulator -- -j12 -l12
[0.037s] [35m[1mConsolidate compiler generated dependencies of target sim[0m
[0.059s] [  7%] [32mBuilding CXX object CMakeFiles/sim.dir/src/world.cpp.o[0m
[0.060s] [ 15%] [32mBuilding CXX object CMakeFiles/sim.dir/src/behavior_tree.cpp.o[0m
[1.870s] [01m[K/home/emily/sa-mrbt_ws/src/simplified_marine_sim/src/behavior_tree.cpp:[m[K In member function â€˜[01m[Kvirtual BT::NodeStatus Subtask_1::onStart()[m[Kâ€™:
[1.870s] [01m[K/home/emily/sa-mrbt_ws/src/simplified_marine_sim/src/behavior_tree.cpp:1543:29:[m[K [01;31m[Kerror: [m[Kexpected â€˜[01m[K;[m[Kâ€™ before â€˜[01m[K_waypoints[m[Kâ€™
[1.870s]  1543 |         _world.log_info(bla)
[1.870s]       |                             [01;31m[K^[m[K
[1.870s]       |                             [32m[K;[m[K
[1.870s] ......
[1.870s]  1546 |         [32m[K_waypoints[m[K = _shortest_path_planner.plan(current_pose, goal_pose,
[1.870s]       |         [32m[K~~~~~~~~~~[m[K           
[1.876s] [01m[K/home/emily/sa-mrbt_ws/src/simplified_marine_sim/src/behavior_tree.cpp:1549:13:[m[K [01;31m[Kerror: [m[Kâ€˜[01m[K_waypoints[m[Kâ€™ was not declared in this scope
[1.876s]  1549 |         if ([01;31m[K_waypoints[m[K.empty()) {
[1.876s]       |             [01;31m[K^~~~~~~~~~[m[K
[1.886s] [01m[K/home/emily/sa-mrbt_ws/src/simplified_marine_sim/src/behavior_tree.cpp:1554:9:[m[K [01;31m[Kerror: [m[Kâ€˜[01m[K_current_waypoint_index[m[Kâ€™ was not declared in this scope
[1.886s]  1554 |         [01;31m[K_current_waypoint_index[m[K = 0;
[1.886s]       |         [01;31m[K^~~~~~~~~~~~~~~~~~~~~~~[m[K
[1.892s] [01m[K/home/emily/sa-mrbt_ws/src/simplified_marine_sim/src/behavior_tree.cpp:1555:46:[m[K [01;31m[Kerror: [m[Kâ€˜[01m[K_waypoints[m[Kâ€™ was not declared in this scope
[1.892s]  1555 |         std::cout << "Planned path with " << [01;31m[K_waypoints[m[K.size() << " waypoints" << std::endl;
[1.892s]       |                                              [01;31m[K^~~~~~~~~~[m[K
[3.188s] gmake[2]: *** [CMakeFiles/sim.dir/build.make:202: CMakeFiles/sim.dir/src/behavior_tree.cpp.o] Error 1
[3.188s] gmake[2]: *** Waiting for unfinished jobs....
[4.433s] gmake[1]: *** [CMakeFiles/Makefile2:137: CMakeFiles/sim.dir/all] Error 2
[4.433s] gmake: *** [Makefile:146: all] Error 2
[4.434s] Invoked command in '/home/emily/sa-mrbt_ws/build/simulator' returned '2': CMAKE_PREFIX_PATH=/home/emily/sa-mrbt_ws/install/behaviortree_cpp:/home/emily/sa-mrbt_ws/install/simulator:/opt/ros/iron /usr/bin/cmake --build /home/emily/sa-mrbt_ws/build/simulator -- -j12 -l12
