[0.006s] Invoking command in '/home/emily/sa-mrbt_ws/build/simulator': CMAKE_PREFIX_PATH=/home/emily/sa-mrbt_ws/install/behaviortree_cpp:/home/emily/sa-mrbt_ws/install/simulator:/opt/ros/iron /usr/bin/cmake --build /home/emily/sa-mrbt_ws/build/simulator -- -j12 -l12
[0.037s] [35m[1mConsolidate compiler generated dependencies of target sim[0m
[0.062s] [  7%] [32mBuilding CXX object CMakeFiles/sim.dir/src/CBGA.cpp.o[0m
[0.062s] [ 15%] [32mBuilding CXX object CMakeFiles/sim.dir/src/sim.cpp.o[0m
[0.062s] [ 23%] [32mBuilding CXX object CMakeFiles/sim.dir/src/message.cpp.o[0m
[0.063s] [ 30%] [32mBuilding CXX object CMakeFiles/sim.dir/src/CBBA.cpp.o[0m
[0.063s] [ 38%] [32mBuilding CXX object CMakeFiles/sim.dir/src/world.cpp.o[0m
[0.065s] [ 46%] [32mBuilding CXX object CMakeFiles/sim.dir/src/planners.cpp.o[0m
[0.066s] [ 53%] [32mBuilding CXX object CMakeFiles/sim.dir/src/robot.cpp.o[0m
[0.067s] [ 61%] [32mBuilding CXX object CMakeFiles/sim.dir/src/behavior_tree.cpp.o[0m
[0.067s] [ 69%] [32mBuilding CXX object CMakeFiles/sim.dir/src/parser.cpp.o[0m
[0.067s] [ 76%] [32mBuilding CXX object CMakeFiles/sim.dir/src/greedy.cpp.o[0m
[5.467s] [01m[K/home/emily/sa-mrbt_ws/src/simplified_marine_sim/src/robot.cpp:[m[K In member function â€˜[01m[Kvoid Robot::countConvergedIterations(bool)[m[Kâ€™:
[5.467s] [01m[K/home/emily/sa-mrbt_ws/src/simplified_marine_sim/src/robot.cpp:677:46:[m[K [01;31m[Kerror: [m[Kno matching function for call to â€˜[01m[KRobot::foundBeliefUpdate(bool&)[m[Kâ€™
[5.467s]   677 |     bool found_difference = [01;31m[KfoundBeliefUpdate(do_cbga)[m[K;
[5.467s]       |                             [01;31m[K~~~~~~~~~~~~~~~~~^~~~~~~~~[m[K
[5.467s] In file included from [01m[K/home/emily/sa-mrbt_ws/src/simplified_marine_sim/include/world.hpp:8[m[K,
[5.467s]                  from [01m[K/home/emily/sa-mrbt_ws/src/simplified_marine_sim/src/robot.cpp:4[m[K:
[5.468s] [01m[K/home/emily/sa-mrbt_ws/src/simplified_marine_sim/include/robot.hpp:134:10:[m[K [01;36m[Knote: [m[Kcandidate: â€˜[01m[Kbool Robot::foundBeliefUpdate()[m[Kâ€™
[5.468s]   134 |     bool [01;36m[KfoundBeliefUpdate[m[K();
[5.468s]       |          [01;36m[K^~~~~~~~~~~~~~~~~[m[K
[5.468s] [01m[K/home/emily/sa-mrbt_ws/src/simplified_marine_sim/include/robot.hpp:134:10:[m[K [01;36m[Knote: [m[K  candidate expects 0 arguments, 1 provided
[5.468s] [01m[K/home/emily/sa-mrbt_ws/src/simplified_marine_sim/src/robot.cpp:[m[K At global scope:
[5.468s] [01m[K/home/emily/sa-mrbt_ws/src/simplified_marine_sim/src/robot.cpp:705:6:[m[K [01;31m[Kerror: [m[Kno declaration matches â€˜[01m[Kbool Robot::foundBeliefUpdate(bool)[m[Kâ€™
[5.468s]   705 | bool [01;31m[KRobot[m[K::foundBeliefUpdate(bool do_cbga) {
[5.468s]       |      [01;31m[K^~~~~[m[K
[5.468s] In file included from [01m[K/home/emily/sa-mrbt_ws/src/simplified_marine_sim/include/world.hpp:8[m[K,
[5.468s]                  from [01m[K/home/emily/sa-mrbt_ws/src/simplified_marine_sim/src/robot.cpp:4[m[K:
[5.468s] [01m[K/home/emily/sa-mrbt_ws/src/simplified_marine_sim/include/robot.hpp:134:10:[m[K [01;36m[Knote: [m[Kcandidate is: â€˜[01m[Kbool Robot::foundBeliefUpdate()[m[Kâ€™
[5.468s]   134 |     bool [01;36m[KfoundBeliefUpdate[m[K();
[5.468s]       |          [01;36m[K^~~~~~~~~~~~~~~~~[m[K
[5.468s] In file included from [01m[K/home/emily/sa-mrbt_ws/src/simplified_marine_sim/include/world.hpp:8[m[K,
[5.469s]                  from [01m[K/home/emily/sa-mrbt_ws/src/simplified_marine_sim/src/robot.cpp:4[m[K:
[5.469s] [01m[K/home/emily/sa-mrbt_ws/src/simplified_marine_sim/include/robot.hpp:19:7:[m[K [01;36m[Knote: [m[Kâ€˜[01m[Kclass Robot[m[Kâ€™ defined here
[5.469s]    19 | class [01;36m[KRobot[m[K {
[5.469s]       |       [01;36m[K^~~~~[m[K
[6.700s] gmake[2]: *** [CMakeFiles/sim.dir/build.make:188: CMakeFiles/sim.dir/src/robot.cpp.o] Error 1
[6.700s] gmake[1]: *** [CMakeFiles/Makefile2:137: CMakeFiles/sim.dir/all] Error 2
[6.700s] gmake: *** [Makefile:146: all] Error 2
[6.702s] Invoked command in '/home/emily/sa-mrbt_ws/build/simulator' returned '2': CMAKE_PREFIX_PATH=/home/emily/sa-mrbt_ws/install/behaviortree_cpp:/home/emily/sa-mrbt_ws/install/simulator:/opt/ros/iron /usr/bin/cmake --build /home/emily/sa-mrbt_ws/build/simulator -- -j12 -l12
