[01m[K/home/emily/sa-mrbt_ws/src/simplified_marine_sim/src/robot.cpp:[m[K In member function â€˜[01m[Kvoid Robot::receiveMessages()[m[Kâ€™:
[01m[K/home/emily/sa-mrbt_ws/src/simplified_marine_sim/src/robot.cpp:295:44:[m[K [01;31m[Kerror: [m[Krequest for member â€˜[01m[KgetWorldMutex[m[Kâ€™ in â€˜[01m[K((Robot*)this)->Robot::world[m[Kâ€™, which is of pointer type â€˜[01m[KWorld*[m[Kâ€™ (maybe you meant to use â€˜[01m[K->[m[Kâ€™ ?)
  295 |     std::lock_guard<std::mutex> lock(world.[01;31m[KgetWorldMutex[m[K());
      |                                            [01;31m[K^~~~~~~~~~~~~[m[K
[01m[K/home/emily/sa-mrbt_ws/src/simplified_marine_sim/src/robot.cpp:298:47:[m[K [01;31m[Kerror: [m[Kredeclaration of â€˜[01m[Kstd::unordered_map<int, std::vector<Msg> >& world_msg_tracker[m[Kâ€™
  298 |     std::unordered_map<int,std::vector<Msg>>& [01;31m[Kworld_msg_tracker[m[K = world.getMessageTrackerUnsafe();// testing this with mutex added
      |                                               [01;31m[K^~~~~~~~~~~~~~~~~[m[K
[01m[K/home/emily/sa-mrbt_ws/src/simplified_marine_sim/src/robot.cpp:297:48:[m[K [01;36m[Knote: [m[Kâ€˜[01m[Kstd::unordered_map<int, std::vector<Msg> >& world_msg_tracker[m[Kâ€™ previously declared here
  297 |     std::unordered_map<int, std::vector<Msg>>& [01;36m[Kworld_msg_tracker[m[K = world->getMessageTracker(); // can't be used with mutex in this function
      |                                                [01;36m[K^~~~~~~~~~~~~~~~~[m[K
[01m[K/home/emily/sa-mrbt_ws/src/simplified_marine_sim/src/robot.cpp:298:73:[m[K [01;31m[Kerror: [m[Krequest for member â€˜[01m[KgetMessageTrackerUnsafe[m[Kâ€™ in â€˜[01m[K((Robot*)this)->Robot::world[m[Kâ€™, which is of pointer type â€˜[01m[KWorld*[m[Kâ€™ (maybe you meant to use â€˜[01m[K->[m[Kâ€™ ?)
  298 |     std::unordered_map<int,std::vector<Msg>>& world_msg_tracker = world.[01;31m[KgetMessageTrackerUnsafe[m[K();// testing this with mutex added
      |                                                                         [01;31m[K^~~~~~~~~~~~~~~~~~~~~~~[m[K
gmake[2]: *** [CMakeFiles/sim.dir/build.make:188: CMakeFiles/sim.dir/src/robot.cpp.o] Error 1
gmake[1]: *** [CMakeFiles/Makefile2:137: CMakeFiles/sim.dir/all] Error 2
gmake: *** [Makefile:146: all] Error 2
