[0.007s] Invoking command in '/home/emily/sa-mrbt_ws/build/simulator': CMAKE_PREFIX_PATH=/home/emily/sa-mrbt_ws/install/behaviortree_cpp:/home/emily/sa-mrbt_ws/install/simulator:/opt/ros/iron /usr/bin/cmake --build /home/emily/sa-mrbt_ws/build/simulator -- -j12 -l12
[0.038s] [35m[1mConsolidate compiler generated dependencies of target sim[0m
[0.062s] [  7%] [32mBuilding CXX object CMakeFiles/sim.dir/src/robot.cpp.o[0m
[3.116s] [01m[K/home/emily/sa-mrbt_ws/src/simplified_marine_sim/src/robot.cpp:[m[K In member function â€˜[01m[Kstd::pair<std::pair<int, bool>, std::map<int, int> > Robot::HandleFailures(std::unordered_map<int, bool>)[m[Kâ€™:
[3.116s] [01m[K/home/emily/sa-mrbt_ws/src/simplified_marine_sim/src/robot.cpp:1749:11:[m[K [01;31m[Kerror: [m[Kâ€˜[01m[Klog1DVector[m[Kâ€™ was not declared in this scope; did you mean â€˜[01m[Kutils::log1DVector[m[Kâ€™?
[3.116s]  1749 |     utils:[01;31m[Klog1DVector[m[K(doable_subtask_ids, *this);
[3.116s]       |           [01;31m[K^~~~~~~~~~~[m[K
[3.116s]       |           [32m[Kutils::log1DVector[m[K
[3.117s] In file included from [01m[K/home/emily/sa-mrbt_ws/src/simplified_marine_sim/src/robot.cpp:10[m[K:
[3.117s] [01m[K/home/emily/sa-mrbt_ws/src/simplified_marine_sim/include/utils.hpp:176:6:[m[K [01;36m[Knote: [m[Kâ€˜[01m[Kutils::log1DVector[m[Kâ€™ declared here
[3.117s]   176 | void [01;36m[Klog1DVector[m[K(const std::vector<T>& vec, Robot& robot) {
[3.117s]       |      [01;36m[K^~~~~~~~~~~[m[K
[3.119s] [01m[K/home/emily/sa-mrbt_ws/src/simplified_marine_sim/src/robot.cpp:1789:5:[m[K [01;31m[Kerror: [m[Kduplicate label â€˜[01m[Kutils[m[Kâ€™
[3.119s]  1789 |     [01;31m[Kutils[m[K:log1DVector(doable_subtask_ids, *this);
[3.119s]       |     [01;31m[K^~~~~[m[K
[4.678s] gmake[2]: *** [CMakeFiles/sim.dir/build.make:188: CMakeFiles/sim.dir/src/robot.cpp.o] Error 1
[4.679s] gmake[1]: *** [CMakeFiles/Makefile2:137: CMakeFiles/sim.dir/all] Error 2
[4.679s] gmake: *** [Makefile:146: all] Error 2
[4.681s] Invoked command in '/home/emily/sa-mrbt_ws/build/simulator' returned '2': CMAKE_PREFIX_PATH=/home/emily/sa-mrbt_ws/install/behaviortree_cpp:/home/emily/sa-mrbt_ws/install/simulator:/opt/ros/iron /usr/bin/cmake --build /home/emily/sa-mrbt_ws/build/simulator -- -j12 -l12
