[35m[1mConsolidate compiler generated dependencies of target sim[0m
[  7%] [32mBuilding CXX object CMakeFiles/sim.dir/src/behavior_tree.cpp.o[0m
[01m[K/home/emily/sa-mrbt_ws/src/simplified_marine_sim/src/behavior_tree.cpp:[m[K In member function â€˜[01m[Kvirtual BT::NodeStatus CheckConvergence::tick()[m[Kâ€™:
[01m[K/home/emily/sa-mrbt_ws/src/simplified_marine_sim/src/behavior_tree.cpp:460:35:[m[K [01;31m[Kerror: [m[Kno matching function for call to â€˜[01m[KlogUnorderedMap(std::unordered_map<int, int>&)[m[Kâ€™
  460 |             [01;31m[Kutils::logUnorderedMap(_robot.getTaskProgress())[m[K;
      |             [01;31m[K~~~~~~~~~~~~~~~~~~~~~~^~~~~~~~~~~~~~~~~~~~~~~~~~[m[K
In file included from [01m[K/home/emily/sa-mrbt_ws/src/simplified_marine_sim/src/behavior_tree.cpp:13[m[K:
[01m[K/home/emily/sa-mrbt_ws/src/simplified_marine_sim/include/utils.hpp:83:6:[m[K [01;36m[Knote: [m[Kcandidate: â€˜[01m[Ktemplate<class K, class V> void utils::logUnorderedMap(const std::unordered_map<K, V>&, Robot&)[m[Kâ€™
   83 | void [01;36m[KlogUnorderedMap[m[K(const std::unordered_map<K, V>& my_map, Robot& robot) {
      |      [01;36m[K^~~~~~~~~~~~~~~[m[K
[01m[K/home/emily/sa-mrbt_ws/src/simplified_marine_sim/include/utils.hpp:83:6:[m[K [01;36m[Knote: [m[K  template argument deduction/substitution failed:
[01m[K/home/emily/sa-mrbt_ws/src/simplified_marine_sim/src/behavior_tree.cpp:460:35:[m[K [01;36m[Knote: [m[K  candidate expects 2 arguments, 1 provided
  460 |             [01;36m[Kutils::logUnorderedMap(_robot.getTaskProgress())[m[K;
      |             [01;36m[K~~~~~~~~~~~~~~~~~~~~~~^~~~~~~~~~~~~~~~~~~~~~~~~~[m[K
gmake[2]: *** [CMakeFiles/sim.dir/build.make:202: CMakeFiles/sim.dir/src/behavior_tree.cpp.o] Error 1
gmake[1]: *** [CMakeFiles/Makefile2:137: CMakeFiles/sim.dir/all] Error 2
gmake: *** [Makefile:146: all] Error 2
